<?xml version="1.0" encoding="UTF-8"?>
<testsuite name="pe.edu.galaxy.training.ms.negocio.gestion.alquiler.MsNegocioGestionMsNegocioGestionAlquilerApplicationTests" tests="1" skipped="0" failures="0" errors="0" timestamp="2025-10-23T22:05:53.043Z" hostname="DESKTOP-OMMB4PA" time="0.348">
  <properties/>
  <testcase name="contextLoads()" classname="pe.edu.galaxy.training.ms.negocio.gestion.alquiler.MsNegocioGestionMsNegocioGestionAlquilerApplicationTests" time="0.348"/>
  <system-out><![CDATA[17:05:44.561 [Test worker] INFO org.springframework.test.context.support.AnnotationConfigContextLoaderUtils -- Could not detect default configuration classes for test class [pe.edu.galaxy.training.ms.negocio.gestion.alquiler.MsNegocioGestionMsNegocioGestionAlquilerApplicationTests]: MsNegocioGestionMsNegocioGestionAlquilerApplicationTests does not declare any static, non-private, non-final, nested classes annotated with @Configuration.
17:05:44.713 [Test worker] INFO org.springframework.boot.test.context.SpringBootTestContextBootstrapper -- Found @SpringBootConfiguration pe.edu.galaxy.training.ms.negocio.gestion.alquiler.MsNegocioGestionAlquilerApplication for test class pe.edu.galaxy.training.ms.negocio.gestion.alquiler.MsNegocioGestionMsNegocioGestionAlquilerApplicationTests

  .   ____          _            __ _ _
 /\\ / ___'_ __ _ _(_)_ __  __ _ \ \ \ \
( ( )\___ | '_ | '_| | '_ \/ _` | \ \ \ \
 \\/  ___)| |_)| | | | | || (_| |  ) ) ) )
  '  |____| .__|_| |_|_| |_\__, | / / / /
 =========|_|==============|___/=/_/_/_/

 :: Spring Boot ::                (v3.5.6)

2025-10-23T17:05:45.890-05:00 DEBUG 31772 --- [ms-negocio-gestion-alquileres] [kground-preinit] org.jboss.logging                        : Logging Provider: org.jboss.logging.Slf4jLoggerProvider found via system property
2025-10-23T17:05:45.900-05:00 DEBUG 31772 --- [ms-negocio-gestion-alquileres] [kground-preinit] o.h.v.i.xml.config.ValidationXmlParser   : Trying to load META-INF/validation.xml for XML based Validator configuration.
2025-10-23T17:05:45.901-05:00 DEBUG 31772 --- [ms-negocio-gestion-alquileres] [kground-preinit] o.h.v.i.xml.config.ResourceLoaderHelper  : Trying to load META-INF/validation.xml via TCCL
2025-10-23T17:05:45.901-05:00 DEBUG 31772 --- [ms-negocio-gestion-alquileres] [kground-preinit] o.h.v.i.xml.config.ResourceLoaderHelper  : Trying to load META-INF/validation.xml via Hibernate Validator's class loader
2025-10-23T17:05:45.902-05:00 DEBUG 31772 --- [ms-negocio-gestion-alquileres] [kground-preinit] o.h.v.i.xml.config.ValidationXmlParser   : No META-INF/validation.xml found. Using annotation based configuration only.
2025-10-23T17:05:45.908-05:00 DEBUG 31772 --- [ms-negocio-gestion-alquileres] [kground-preinit] o.h.v.i.e.resolver.TraversableResolvers  : Found jakarta.persistence.Persistence on classpath containing 'getPersistenceUtil'. Assuming JPA 2 environment. Trying to instantiate JPA aware TraversableResolver
2025-10-23T17:05:45.909-05:00 DEBUG 31772 --- [ms-negocio-gestion-alquileres] [kground-preinit] o.h.v.i.e.resolver.TraversableResolvers  : Instantiated JPA aware TraversableResolver of type org.hibernate.validator.internal.engine.resolver.JPATraversableResolver.
2025-10-23T17:05:45.926-05:00  INFO 31772 --- [ms-negocio-gestion-alquileres] [    Test worker] MsNegocioGestionAlquilerApplicationTests : Starting MsNegocioGestionMsNegocioGestionAlquilerApplicationTests using Java 21.0.4 with PID 31772 (started by Ale in C:\Users\Ale\Desktop\Galaxy\PROYECTO-CURS-000437\Microservices\ms-negocio-gestion-alquiler)
2025-10-23T17:05:45.927-05:00 DEBUG 31772 --- [ms-negocio-gestion-alquileres] [    Test worker] MsNegocioGestionAlquilerApplicationTests : Running with Spring Boot v3.5.6, Spring v6.2.11
2025-10-23T17:05:45.928-05:00  INFO 31772 --- [ms-negocio-gestion-alquileres] [    Test worker] MsNegocioGestionAlquilerApplicationTests : No active profile set, falling back to 1 default profile: "default"
2025-10-23T17:05:45.930-05:00 DEBUG 31772 --- [ms-negocio-gestion-alquileres] [    Test worker] o.s.boot.SpringApplication               : Loading source class pe.edu.galaxy.training.ms.negocio.gestion.alquiler.MsNegocioGestionAlquilerApplication
2025-10-23T17:05:45.946-05:00 DEBUG 31772 --- [ms-negocio-gestion-alquileres] [kground-preinit] .h.v.m.ResourceBundleMessageInterpolator : Loaded expression factory via original TCCL
2025-10-23T17:05:45.968-05:00  INFO 31772 --- [ms-negocio-gestion-alquileres] [    Test worker] o.s.c.c.c.ConfigServerConfigDataLoader   : Fetching config from server at : http://localhost:8888
2025-10-23T17:05:45.968-05:00  INFO 31772 --- [ms-negocio-gestion-alquileres] [    Test worker] o.s.c.c.c.ConfigServerConfigDataLoader   : Located environment: name=ms-negocio-gestion-alquiler, profiles=[default], label=null, version=null, state=null
2025-10-23T17:05:45.968-05:00 DEBUG 31772 --- [ms-negocio-gestion-alquileres] [    Test worker] o.s.c.c.c.ConfigServerConfigDataLoader   : Environment ms-negocio-gestion-alquiler has 1 property sources with 21 properties.
2025-10-23T17:05:45.968-05:00  INFO 31772 --- [ms-negocio-gestion-alquileres] [    Test worker] o.s.c.c.c.ConfigServerConfigDataLoader   : Fetching config from server at : http://localhost:8888
2025-10-23T17:05:45.968-05:00  INFO 31772 --- [ms-negocio-gestion-alquileres] [    Test worker] o.s.c.c.c.ConfigServerConfigDataLoader   : Located environment: name=ms-negocio-gestion-alquileres, profiles=[default], label=null, version=null, state=null
2025-10-23T17:05:45.968-05:00 DEBUG 31772 --- [ms-negocio-gestion-alquileres] [    Test worker] o.s.c.c.c.ConfigServerConfigDataLoader   : Environment ms-negocio-gestion-alquileres has 0 property sources with 0 properties.
2025-10-23T17:05:45.970-05:00 DEBUG 31772 --- [ms-negocio-gestion-alquileres] [    Test worker] o.s.w.c.s.GenericWebApplicationContext   : Refreshing org.springframework.web.context.support.GenericWebApplicationContext@77bc2e16
2025-10-23T17:05:45.993-05:00 DEBUG 31772 --- [ms-negocio-gestion-alquileres] [    Test worker] o.s.b.f.s.DefaultListableBeanFactory     : Creating shared instance of singleton bean 'org.springframework.context.annotation.internalConfigurationAnnotationProcessor'
2025-10-23T17:05:46.011-05:00 DEBUG 31772 --- [ms-negocio-gestion-alquileres] [    Test worker] o.s.b.f.s.DefaultListableBeanFactory     : Creating shared instance of singleton bean 'org.springframework.boot.autoconfigure.internalCachingMetadataReaderFactory'
2025-10-23T17:05:46.062-05:00 DEBUG 31772 --- [ms-negocio-gestion-alquileres] [kground-preinit] .i.e.ValidatorFactoryConfigurationHelper : HV000252: Using org.hibernate.validator.internal.engine.DefaultPropertyNodeNameProvider as property node name provider.
2025-10-23T17:05:46.063-05:00 DEBUG 31772 --- [ms-negocio-gestion-alquileres] [    Test worker] o.s.c.a.ClassPathBeanDefinitionScanner   : Identified candidate component class: file [C:\Users\Ale\Desktop\Galaxy\PROYECTO-CURS-000437\Microservices\ms-negocio-gestion-alquiler\build\classes\java\main\pe\edu\galaxy\training\ms\negocio\gestion\alquiler\controller\AlquilerController.class]
2025-10-23T17:05:46.073-05:00 DEBUG 31772 --- [ms-negocio-gestion-alquileres] [kground-preinit] .i.e.ValidatorFactoryConfigurationHelper : HV000234: Using org.hibernate.validator.messageinterpolation.ResourceBundleMessageInterpolator as ValidatorFactory-scoped message interpolator.
2025-10-23T17:05:46.074-05:00 DEBUG 31772 --- [ms-negocio-gestion-alquileres] [kground-preinit] .i.e.ValidatorFactoryConfigurationHelper : HV000234: Using org.hibernate.validator.internal.engine.resolver.JPATraversableResolver as ValidatorFactory-scoped traversable resolver.
2025-10-23T17:05:46.074-05:00 DEBUG 31772 --- [ms-negocio-gestion-alquileres] [kground-preinit] .i.e.ValidatorFactoryConfigurationHelper : HV000234: Using org.hibernate.validator.internal.util.ExecutableParameterNameProvider as ValidatorFactory-scoped parameter name provider.
2025-10-23T17:05:46.074-05:00 DEBUG 31772 --- [ms-negocio-gestion-alquileres] [kground-preinit] .i.e.ValidatorFactoryConfigurationHelper : HV000234: Using org.hibernate.validator.internal.engine.DefaultClockProvider as ValidatorFactory-scoped clock provider.
2025-10-23T17:05:46.074-05:00 DEBUG 31772 --- [ms-negocio-gestion-alquileres] [kground-preinit] .i.e.ValidatorFactoryConfigurationHelper : HV000234: Using org.hibernate.validator.internal.engine.scripting.DefaultScriptEvaluatorFactory as ValidatorFactory-scoped script evaluator factory.
2025-10-23T17:05:46.092-05:00 DEBUG 31772 --- [ms-negocio-gestion-alquileres] [    Test worker] o.s.c.a.ClassPathBeanDefinitionScanner   : Identified candidate component class: file [C:\Users\Ale\Desktop\Galaxy\PROYECTO-CURS-000437\Microservices\ms-negocio-gestion-alquiler\build\classes\java\main\pe\edu\galaxy\training\ms\negocio\gestion\alquiler\mapper\AlquilerDetalleMapperImpl.class]
2025-10-23T17:05:46.094-05:00 DEBUG 31772 --- [ms-negocio-gestion-alquileres] [    Test worker] o.s.c.a.ClassPathBeanDefinitionScanner   : Ignored because not a concrete top-level class: file [C:\Users\Ale\Desktop\Galaxy\PROYECTO-CURS-000437\Microservices\ms-negocio-gestion-alquiler\build\classes\java\main\pe\edu\galaxy\training\ms\negocio\gestion\alquiler\repository\AlquilerCabeceraRepository.class]
2025-10-23T17:05:46.095-05:00 DEBUG 31772 --- [ms-negocio-gestion-alquileres] [    Test worker] o.s.c.a.ClassPathBeanDefinitionScanner   : Ignored because not a concrete top-level class: file [C:\Users\Ale\Desktop\Galaxy\PROYECTO-CURS-000437\Microservices\ms-negocio-gestion-alquiler\build\classes\java\main\pe\edu\galaxy\training\ms\negocio\gestion\alquiler\repository\AlquilerDetalleRepository.class]
2025-10-23T17:05:46.097-05:00 DEBUG 31772 --- [ms-negocio-gestion-alquileres] [    Test worker] o.s.c.a.ClassPathBeanDefinitionScanner   : Identified candidate component class: file [C:\Users\Ale\Desktop\Galaxy\PROYECTO-CURS-000437\Microservices\ms-negocio-gestion-alquiler\build\classes\java\main\pe\edu\galaxy\training\ms\negocio\gestion\alquiler\service\client\restclient\ClienteServiceImpl.class]
2025-10-23T17:05:46.099-05:00 DEBUG 31772 --- [ms-negocio-gestion-alquileres] [    Test worker] o.s.c.a.ClassPathBeanDefinitionScanner   : Identified candidate component class: file [C:\Users\Ale\Desktop\Galaxy\PROYECTO-CURS-000437\Microservices\ms-negocio-gestion-alquiler\build\classes\java\main\pe\edu\galaxy\training\ms\negocio\gestion\alquiler\service\client\restclient\VehiculoServiceImpl.class]
2025-10-23T17:05:46.100-05:00 DEBUG 31772 --- [ms-negocio-gestion-alquileres] [    Test worker] o.s.c.a.ClassPathBeanDefinitionScanner   : Identified candidate component class: file [C:\Users\Ale\Desktop\Galaxy\PROYECTO-CURS-000437\Microservices\ms-negocio-gestion-alquiler\build\classes\java\main\pe\edu\galaxy\training\ms\negocio\gestion\alquiler\service\impl\AlquilerServiceImpl.class]
2025-10-23T17:05:47.406-05:00  INFO 31772 --- [ms-negocio-gestion-alquileres] [    Test worker] .s.d.r.c.RepositoryConfigurationDelegate : Bootstrapping Spring Data JPA repositories in DEFAULT mode.
2025-10-23T17:05:47.409-05:00 DEBUG 31772 --- [ms-negocio-gestion-alquileres] [    Test worker] o.s.b.f.s.DefaultListableBeanFactory     : Creating shared instance of singleton bean 'org.springframework.boot.autoconfigure.AutoConfigurationPackages'
2025-10-23T17:05:47.423-05:00 DEBUG 31772 --- [ms-negocio-gestion-alquileres] [    Test worker] o.s.b.a.AutoConfigurationPackages        : @EnableAutoConfiguration was declared on a class in the package 'pe.edu.galaxy.training.ms.negocio.gestion.alquiler'. Automatic @Repository and @Entity scanning is enabled.
2025-10-23T17:05:47.428-05:00 DEBUG 31772 --- [ms-negocio-gestion-alquileres] [    Test worker] .s.d.r.c.RepositoryConfigurationDelegate : Scanning for JPA repositories in packages pe.edu.galaxy.training.ms.negocio.gestion.alquiler.
2025-10-23T17:05:47.439-05:00 DEBUG 31772 --- [ms-negocio-gestion-alquileres] [    Test worker] o.s.d.r.c.RepositoryComponentProvider    : Identified candidate component class: file [C:\Users\Ale\Desktop\Galaxy\PROYECTO-CURS-000437\Microservices\ms-negocio-gestion-alquiler\build\classes\java\main\pe\edu\galaxy\training\ms\negocio\gestion\alquiler\repository\AlquilerCabeceraRepository.class]
2025-10-23T17:05:47.439-05:00 DEBUG 31772 --- [ms-negocio-gestion-alquileres] [    Test worker] o.s.d.r.c.RepositoryComponentProvider    : Identified candidate component class: file [C:\Users\Ale\Desktop\Galaxy\PROYECTO-CURS-000437\Microservices\ms-negocio-gestion-alquiler\build\classes\java\main\pe\edu\galaxy\training\ms\negocio\gestion\alquiler\repository\AlquilerDetalleRepository.class]
2025-10-23T17:05:47.552-05:00 DEBUG 31772 --- [ms-negocio-gestion-alquileres] [    Test worker] ssPathScanningCandidateComponentProvider : Identified candidate component class: file [C:\Users\Ale\Desktop\Galaxy\PROYECTO-CURS-000437\Microservices\ms-negocio-gestion-alquiler\build\classes\java\main\pe\edu\galaxy\training\ms\negocio\gestion\alquiler\mapper\AlquilerDetalleMapperImpl.class]
2025-10-23T17:05:47.552-05:00 DEBUG 31772 --- [ms-negocio-gestion-alquileres] [    Test worker] ssPathScanningCandidateComponentProvider : Identified candidate component class: file [C:\Users\Ale\Desktop\Galaxy\PROYECTO-CURS-000437\Microservices\ms-negocio-gestion-alquiler\build\classes\java\main\pe\edu\galaxy\training\ms\negocio\gestion\alquiler\service\client\restclient\ClienteServiceImpl.class]
2025-10-23T17:05:47.552-05:00 DEBUG 31772 --- [ms-negocio-gestion-alquileres] [    Test worker] ssPathScanningCandidateComponentProvider : Identified candidate component class: file [C:\Users\Ale\Desktop\Galaxy\PROYECTO-CURS-000437\Microservices\ms-negocio-gestion-alquiler\build\classes\java\main\pe\edu\galaxy\training\ms\negocio\gestion\alquiler\service\client\restclient\VehiculoServiceImpl.class]
2025-10-23T17:05:47.552-05:00 DEBUG 31772 --- [ms-negocio-gestion-alquileres] [    Test worker] ssPathScanningCandidateComponentProvider : Identified candidate component class: file [C:\Users\Ale\Desktop\Galaxy\PROYECTO-CURS-000437\Microservices\ms-negocio-gestion-alquiler\build\classes\java\main\pe\edu\galaxy\training\ms\negocio\gestion\alquiler\service\impl\AlquilerServiceImpl.class]
2025-10-23T17:05:47.564-05:00  INFO 31772 --- [ms-negocio-gestion-alquileres] [    Test worker] .s.d.r.c.RepositoryConfigurationDelegate : Finished Spring Data repository scanning in 136 ms. Found 2 JPA repository interfaces.
2025-10-23T17:05:47.800-05:00 DEBUG 31772 --- [ms-negocio-gestion-alquileres] [    Test worker] o.s.b.f.s.DefaultListableBeanFactory     : Creating shared instance of singleton bean 'refreshScope'
2025-10-23T17:05:47.810-05:00 DEBUG 31772 --- [ms-negocio-gestion-alquileres] [    Test worker] o.s.b.f.s.DefaultListableBeanFactory     : Creating shared instance of singleton bean 'org.springframework.cloud.autoconfigure.RefreshAutoConfiguration$RefreshScopeBeanDefinitionEnhancer'
2025-10-23T17:05:47.810-05:00 DEBUG 31772 --- [ms-negocio-gestion-alquileres] [    Test worker] o.s.cloud.context.scope.GenericScope     : Generating bean factory id from names: [additionalModelsConverter, alquilerCabeceraRepository, alquilerController, alquilerDetalleMapperImpl, alquilerDetalleRepository, alquilerServiceImpl, applicationAvailability, applicationFactory, applicationTaskExecutor, applicationTaskExecutorAsyncConfigurer, availabilityProbesHealthEndpointGroupsPostProcessor, basicErrorController, beanNameHandlerMapping, beanNameViewResolver, beansEndpoint, blockingLoadBalancerClient, bootstrapExecutorAliasPostProcessor, cachesEndpoint, cachesEndpointWebExtension, caffeineWarnLogger, characterEncodingFilter, classLoaderMetrics, clientConfigServerHealthIndicator, clientHttpConnector, clientHttpConnectorBuilder, clientHttpConnectorSettings, clientHttpRequestFactoryBuilder, clientHttpRequestFactorySettings, clienteServiceImpl, compositeCompatibilityVerifier, compositeDiscoveryClient, conditionsReportEndpoint, configClientHealthProperties, configDataContextRefresher, configurationPropertiesBeans, configurationPropertiesRebinder, configurationPropertiesReportEndpoint, configurationPropertiesReportEndpointWebExtension, controllerEndpointDiscoverer, controllerEndpointHandlerMapping, controllerExposeExcludePropertyEndpointFilter, conventionErrorViewResolver, data-jpa.repository-aot-processor#0, dataRestDelegatingMethodParameterCustomizer, dataSource, dataSourcePoolMetadataMeterBinder, dataSourceScriptDatabaseInitializer, dbHealthContributor, de.codecentric.boot.admin.client.config.SpringBootAdminClientAutoConfiguration, de.codecentric.boot.admin.client.config.SpringBootAdminClientAutoConfiguration$BlockingRegistrationClientConfig, de.codecentric.boot.admin.client.config.SpringBootAdminClientAutoConfiguration$RestClientRegistrationClientConfig, de.codecentric.boot.admin.client.config.SpringBootAdminClientAutoConfiguration$ServletConfiguration, de.codecentric.boot.admin.client.config.SpringNativeClientAutoConfiguration, default.org.springframework.cloud.loadbalancer.config.BlockingLoadBalancerClientAutoConfiguration.LoadBalancerClientSpecification, default.org.springframework.cloud.loadbalancer.config.LoadBalancerAutoConfiguration.LoadBalancerClientSpecification, default.org.springframework.cloud.netflix.eureka.loadbalancer.LoadBalancerEurekaAutoConfiguration.LoadBalancerClientSpecification, defaultEurekaClientHttpRequestFactorySupplier, defaultLoadBalancerCacheManager, defaultMeterObservationHandler, defaultServletHandlerMapping, defaultValidator, defaultViewResolver, defaultsBindHandlerAdvisor, deferringLoadBalancerInterceptor, discoveryClient, discoveryClientHealthIndicator, discoveryCompositeHealthContributor, diskSpaceHealthIndicator, diskSpaceMetrics, dispatcherServlet, dispatcherServletMappingDescriptionProvider, dispatcherServletRegistration, dumpEndpoint, eagerJpaMetamodelCacheCleanup, eagerTaskExecutorMetrics, emBeanDefinitionRegistrarPostProcessor, endpointCachingOperationInvokerAdvisor, endpointMediaTypes, endpointObjectMapper, endpointObjectMapperWebMvcConfigurer, endpointOperationParameterMapper, entityManagerFactory, entityManagerFactoryBuilder, environmentEndpoint, environmentEndpointWebExtension, environmentManager, error, errorAttributes, errorPageCustomizer, errorPageRegistrarBeanPostProcessor, eureka.client.rest-template-timeout-org.springframework.cloud.netflix.eureka.RestTemplateTimeoutProperties, eureka.client.restclient.timeout-org.springframework.cloud.netflix.eureka.RestClientTimeoutProperties, eurekaApplicationInfoManager, eurekaAutoServiceRegistration, eurekaClient, eurekaClientConfigBean, eurekaFeature, eurekaHealthIndicator, eurekaInstanceConfigBean, eurekaLoadBalancerProperties, eurekaRegistration, eurekaServiceRegistry, featuresEndpoint, fileDescriptorMetrics, fileSupportConverter, fileWatcher, filterMappingDescriptionProvider, flashMapManager, formContentFilter, globalOpenApiCustomizer, gson, gsonBuilder, handlerExceptionResolver, handlerFunctionAdapter, healthContributorRegistry, healthEndpoint, healthEndpointGroupMembershipValidator, healthEndpointGroups, healthEndpointGroupsBeanPostProcessor, healthEndpointWebExtension, healthEndpointWebMvcHandlerMapping, healthHttpCodeStatusMapper, healthStatusAggregator, hikariDataSourceMeterBinder, hikariPoolDataSourceMetadataProvider, httpMessageConvertersRestClientCustomizer, httpRequestHandlerAdapter, indexPageTransformer, inetUtils, inetUtilsProperties, infoEndpoint, initExtraSchemas, jacksonGeoModule, jacksonObjectMapper, jacksonObjectMapperBuilder, jdbcClient, jdbcConnectionDetails, jdbcConnectionDetailsHikariBeanPostProcessor, jdbcTemplate, jpa.AlquilerCabeceraRepository.fragments#0, jpa.AlquilerDetalleRepository.fragments#0, jpa.named-queries#0, jpa.named-queries#1, jpaContext, jpaMappingContext, jpaSharedEM_entityManagerFactory, jpaVendorAdapter, jsonComponentModule, jsonMixinModule, jsonMixinModuleEntries, jvmCompilationMetrics, jvmGcMetrics, jvmHeapPressureMetrics, jvmInfoMetrics, jvmMemoryMetrics, jvmThreadMetrics, lbRestClientPostProcessor, lbRestTemplateBuilderPostProcessor, lifecycleProcessor, livenessStateHealthIndicator, loadBalancedRestTemplateInitializerDeprecated, loadBalancerChildContextInitializer, loadBalancerClientFactory, loadBalancerClientsDefaultsMappingsProvider, loadBalancerEagerContextInitializer, loadBalancerInterceptor, loadBalancerRequestFactory, loadBalancerServiceInstanceCookieTransformer, localSpringDocParameterNameDiscoverer, localeCharsetMappingsCustomizer, localeResolver, logbackMetrics, loggersEndpoint, loggingRebinder, management.endpoint.configprops-org.springframework.boot.actuate.autoconfigure.context.properties.ConfigurationPropertiesReportEndpointProperties, management.endpoint.env-org.springframework.boot.actuate.autoconfigure.env.EnvironmentEndpointProperties, management.endpoint.health-org.springframework.boot.actuate.autoconfigure.health.HealthEndpointProperties, management.endpoint.logfile-org.springframework.boot.actuate.autoconfigure.logging.LogFileWebEndpointProperties, management.endpoint.sbom-org.springframework.boot.actuate.sbom.SbomProperties, management.endpoints.web-org.springframework.boot.actuate.autoconfigure.endpoint.web.WebEndpointProperties, management.endpoints.web.cors-org.springframework.boot.actuate.autoconfigure.endpoint.web.CorsEndpointProperties, management.health.db-org.springframework.boot.actuate.autoconfigure.jdbc.DataSourceHealthIndicatorProperties, management.health.diskspace-org.springframework.boot.actuate.autoconfigure.system.DiskSpaceHealthIndicatorProperties, management.health.ssl-org.springframework.boot.actuate.autoconfigure.ssl.SslHealthIndicatorProperties, management.info-org.springframework.boot.actuate.autoconfigure.info.InfoContributorProperties, management.metrics-org.springframework.boot.actuate.autoconfigure.metrics.MetricsProperties, management.observations-org.springframework.boot.actuate.autoconfigure.observation.ObservationProperties, management.server-org.springframework.boot.actuate.autoconfigure.web.server.ManagementServerProperties, management.simple.metrics.export-org.springframework.boot.actuate.autoconfigure.metrics.export.simple.SimpleProperties, managementServletContext, mappingJackson2HttpMessageConverter, mappingsEndpoint, messageConverters, meterRegistryCloser, meterRegistryPostProcessor, methodValidationPostProcessor, metricsEndpoint, metricsHttpClientUriTagFilter, metricsHttpServerUriTagFilter, metricsObservationHandlerGrouping, metricsRepositoryMethodInvocationListener, metricsRepositoryMethodInvocationListenerBeanPostProcessor, micrometerClock, modelConverterRegistrar, msNegocioGestionAlquilerApplication, multipartConfigElement, multipartResolver, mvcContentNegotiationManager, mvcConversionService, mvcHandlerMappingIntrospector, mvcPathMatcher, mvcPatternParser, mvcResourceUrlProvider, mvcUriComponentsContributor, mvcUrlPathHelper, mvcValidator, mvcViewResolver, namedParameterJdbcTemplate, oas31ModelConverter, observabilitySchedulingConfigurer, observationRegistry, observationRegistryPostProcessor, observationRestClientCustomizer, observationRestTemplateCustomizer, offsetResolver, openAPIBuilder, openApiResource, openEntityManagerInViewInterceptor, openEntityManagerInViewInterceptorConfigurer, operationBuilder, org.springdoc.core.configuration.SpringDocConfiguration, org.springdoc.core.configuration.SpringDocConfiguration$OpenApiResourceAdvice, org.springdoc.core.configuration.SpringDocConfiguration$QuerydslProvider, org.springdoc.core.configuration.SpringDocConfiguration$SpringDocSpringDataWebPropertiesProvider, org.springdoc.core.configuration.SpringDocConfiguration$SpringDocWebFluxSupportConfiguration, org.springdoc.core.configuration.SpringDocConfiguration$WebConversionServiceConfiguration, org.springdoc.core.configuration.SpringDocPageableConfiguration, org.springdoc.core.configuration.SpringDocSortConfiguration, org.springdoc.core.properties.SpringDocConfigProperties, org.springdoc.core.properties.SwaggerUiConfigProperties, org.springdoc.core.properties.SwaggerUiOAuthProperties, org.springdoc.webmvc.core.configuration.SpringDocWebMvcConfiguration, org.springdoc.webmvc.core.configuration.SpringDocWebMvcConfiguration$SpringDocWebMvcActuatorConfiguration, org.springdoc.webmvc.core.configuration.SpringDocWebMvcConfiguration$SpringDocWebMvcRouterConfiguration, org.springdoc.webmvc.ui.SwaggerConfig, org.springframework.aop.config.internalAutoProxyCreator, org.springframework.boot.actuate.autoconfigure.audit.AuditEventsEndpointAutoConfiguration, org.springframework.boot.actuate.autoconfigure.availability.AvailabilityHealthContributorAutoConfiguration, org.springframework.boot.actuate.autoconfigure.availability.AvailabilityProbesAutoConfiguration, org.springframework.boot.actuate.autoconfigure.beans.BeansEndpointAutoConfiguration, org.springframework.boot.actuate.autoconfigure.cache.CachesEndpointAutoConfiguration, org.springframework.boot.actuate.autoconfigure.condition.ConditionsReportEndpointAutoConfiguration, org.springframework.boot.actuate.autoconfigure.context.properties.ConfigurationPropertiesReportEndpointAutoConfiguration, org.springframework.boot.actuate.autoconfigure.endpoint.EndpointAutoConfiguration, org.springframework.boot.actuate.autoconfigure.endpoint.jackson.JacksonEndpointAutoConfiguration, org.springframework.boot.actuate.autoconfigure.endpoint.web.ServletEndpointManagementContextConfiguration, org.springframework.boot.actuate.autoconfigure.endpoint.web.ServletEndpointManagementContextConfiguration$WebMvcServletEndpointManagementContextConfiguration, org.springframework.boot.actuate.autoconfigure.endpoint.web.WebEndpointAutoConfiguration, org.springframework.boot.actuate.autoconfigure.endpoint.web.WebEndpointAutoConfiguration$WebEndpointServletConfiguration, org.springframework.boot.actuate.autoconfigure.endpoint.web.servlet.WebMvcEndpointManagementContextConfiguration, org.springframework.boot.actuate.autoconfigure.env.EnvironmentEndpointAutoConfiguration, org.springframework.boot.actuate.autoconfigure.health.HealthContributorAutoConfiguration, org.springframework.boot.actuate.autoconfigure.health.HealthEndpointAutoConfiguration, org.springframework.boot.actuate.autoconfigure.health.HealthEndpointConfiguration, org.springframework.boot.actuate.autoconfigure.health.HealthEndpointWebExtensionConfiguration, org.springframework.boot.actuate.autoconfigure.health.HealthEndpointWebExtensionConfiguration$MvcAdditionalHealthEndpointPathsConfiguration, org.springframework.boot.actuate.autoconfigure.health.ReactiveHealthEndpointConfiguration, org.springframework.boot.actuate.autoconfigure.info.InfoContributorAutoConfiguration, org.springframework.boot.actuate.autoconfigure.info.InfoEndpointAutoConfiguration, org.springframework.boot.actuate.autoconfigure.jdbc.DataSourceHealthContributorAutoConfiguration, org.springframework.boot.actuate.autoconfigure.logging.LogFileWebEndpointAutoConfiguration, org.springframework.boot.actuate.autoconfigure.logging.LoggersEndpointAutoConfiguration, org.springframework.boot.actuate.autoconfigure.management.ThreadDumpEndpointAutoConfiguration, org.springframework.boot.actuate.autoconfigure.metrics.CompositeMeterRegistryAutoConfiguration, org.springframework.boot.actuate.autoconfigure.metrics.JvmMetricsAutoConfiguration, org.springframework.boot.actuate.autoconfigure.metrics.LogbackMetricsAutoConfiguration, org.springframework.boot.actuate.autoconfigure.metrics.MetricsAutoConfiguration, org.springframework.boot.actuate.autoconfigure.metrics.MetricsEndpointAutoConfiguration, org.springframework.boot.actuate.autoconfigure.metrics.SystemMetricsAutoConfiguration, org.springframework.boot.actuate.autoconfigure.metrics.data.RepositoryMetricsAutoConfiguration, org.springframework.boot.actuate.autoconfigure.metrics.export.simple.SimpleMetricsExportAutoConfiguration, org.springframework.boot.actuate.autoconfigure.metrics.integration.IntegrationMetricsAutoConfiguration, org.springframework.boot.actuate.autoconfigure.metrics.jdbc.DataSourcePoolMetricsAutoConfiguration, org.springframework.boot.actuate.autoconfigure.metrics.jdbc.DataSourcePoolMetricsAutoConfiguration$DataSourcePoolMetadataMetricsConfiguration, org.springframework.boot.actuate.autoconfigure.metrics.jdbc.DataSourcePoolMetricsAutoConfiguration$HikariDataSourceMetricsConfiguration, org.springframework.boot.actuate.autoconfigure.metrics.startup.StartupTimeMetricsListenerAutoConfiguration, org.springframework.boot.actuate.autoconfigure.metrics.task.TaskExecutorMetricsAutoConfiguration, org.springframework.boot.actuate.autoconfigure.metrics.web.tomcat.TomcatMetricsAutoConfiguration, org.springframework.boot.actuate.autoconfigure.observation.ObservationAutoConfiguration, org.springframework.boot.actuate.autoconfigure.observation.ObservationAutoConfiguration$MeterObservationHandlerConfiguration, org.springframework.boot.actuate.autoconfigure.observation.ObservationAutoConfiguration$MeterObservationHandlerConfiguration$OnlyMetricsMeterObservationHandlerConfiguration, org.springframework.boot.actuate.autoconfigure.observation.ObservationAutoConfiguration$OnlyMetricsConfiguration, org.springframework.boot.actuate.autoconfigure.observation.web.client.HttpClientObservationsAutoConfiguration, org.springframework.boot.actuate.autoconfigure.observation.web.client.HttpClientObservationsAutoConfiguration$MeterFilterConfiguration, org.springframework.boot.actuate.autoconfigure.observation.web.client.RestClientObservationConfiguration, org.springframework.boot.actuate.autoconfigure.observation.web.client.RestTemplateObservationConfiguration, org.springframework.boot.actuate.autoconfigure.observation.web.servlet.WebMvcObservationAutoConfiguration, org.springframework.boot.actuate.autoconfigure.observation.web.servlet.WebMvcObservationAutoConfiguration$MeterFilterConfiguration, org.springframework.boot.actuate.autoconfigure.sbom.SbomEndpointAutoConfiguration, org.springframework.boot.actuate.autoconfigure.scheduling.ScheduledTasksEndpointAutoConfiguration, org.springframework.boot.actuate.autoconfigure.scheduling.ScheduledTasksObservabilityAutoConfiguration, org.springframework.boot.actuate.autoconfigure.ssl.SslHealthContributorAutoConfiguration, org.springframework.boot.actuate.autoconfigure.ssl.SslObservabilityAutoConfiguration, org.springframework.boot.actuate.autoconfigure.system.DiskSpaceHealthContributorAutoConfiguration, org.springframework.boot.actuate.autoconfigure.web.exchanges.HttpExchangesEndpointAutoConfiguration, org.springframework.boot.actuate.autoconfigure.web.mappings.MappingsEndpointAutoConfiguration, org.springframework.boot.actuate.autoconfigure.web.mappings.MappingsEndpointAutoConfiguration$ServletWebConfiguration, org.springframework.boot.actuate.autoconfigure.web.mappings.MappingsEndpointAutoConfiguration$ServletWebConfiguration$SpringMvcConfiguration, org.springframework.boot.actuate.autoconfigure.web.server.ManagementContextAutoConfiguration, org.springframework.boot.actuate.autoconfigure.web.server.ManagementContextAutoConfiguration$SameManagementContextConfiguration, org.springframework.boot.actuate.autoconfigure.web.server.ManagementContextAutoConfiguration$SameManagementContextConfiguration$EnableSameManagementContextConfiguration, org.springframework.boot.actuate.autoconfigure.web.servlet.ServletManagementContextAutoConfiguration, org.springframework.boot.autoconfigure.AutoConfigurationPackages, org.springframework.boot.autoconfigure.aop.AopAutoConfiguration, org.springframework.boot.autoconfigure.aop.AopAutoConfiguration$AspectJAutoProxyingConfiguration, org.springframework.boot.autoconfigure.aop.AopAutoConfiguration$AspectJAutoProxyingConfiguration$CglibAutoProxyConfiguration, org.springframework.boot.autoconfigure.availability.ApplicationAvailabilityAutoConfiguration, org.springframework.boot.autoconfigure.context.ConfigurationPropertiesAutoConfiguration, org.springframework.boot.autoconfigure.context.LifecycleAutoConfiguration, org.springframework.boot.autoconfigure.context.PropertyPlaceholderAutoConfiguration, org.springframework.boot.autoconfigure.dao.PersistenceExceptionTranslationAutoConfiguration, org.springframework.boot.autoconfigure.data.jpa.JpaRepositoriesAutoConfiguration, org.springframework.boot.autoconfigure.data.web.SpringDataWebAutoConfiguration, org.springframework.boot.autoconfigure.gson.GsonAutoConfiguration, org.springframework.boot.autoconfigure.http.GsonHttpMessageConvertersConfiguration, org.springframework.boot.autoconfigure.http.HttpMessageConvertersAutoConfiguration, org.springframework.boot.autoconfigure.http.HttpMessageConvertersAutoConfiguration$StringHttpMessageConverterConfiguration, org.springframework.boot.autoconfigure.http.JacksonHttpMessageConvertersConfiguration, org.springframework.boot.autoconfigure.http.JacksonHttpMessageConvertersConfiguration$MappingJackson2HttpMessageConverterConfiguration, org.springframework.boot.autoconfigure.http.client.HttpClientAutoConfiguration, org.springframework.boot.autoconfigure.http.client.reactive.ClientHttpConnectorAutoConfiguration, org.springframework.boot.autoconfigure.info.ProjectInfoAutoConfiguration, org.springframework.boot.autoconfigure.internalCachingMetadataReaderFactory, org.springframework.boot.autoconfigure.jackson.JacksonAutoConfiguration, org.springframework.boot.autoconfigure.jackson.JacksonAutoConfiguration$Jackson2ObjectMapperBuilderCustomizerConfiguration, org.springframework.boot.autoconfigure.jackson.JacksonAutoConfiguration$JacksonMixinConfiguration, org.springframework.boot.autoconfigure.jackson.JacksonAutoConfiguration$JacksonObjectMapperBuilderConfiguration, org.springframework.boot.autoconfigure.jackson.JacksonAutoConfiguration$JacksonObjectMapperConfiguration, org.springframework.boot.autoconfigure.jackson.JacksonAutoConfiguration$ParameterNamesModuleConfiguration, org.springframework.boot.autoconfigure.jdbc.DataSourceAutoConfiguration, org.springframework.boot.autoconfigure.jdbc.DataSourceAutoConfiguration$PooledDataSourceConfiguration, org.springframework.boot.autoconfigure.jdbc.DataSourceConfiguration$Hikari, org.springframework.boot.autoconfigure.jdbc.DataSourceTransactionManagerAutoConfiguration, org.springframework.boot.autoconfigure.jdbc.DataSourceTransactionManagerAutoConfiguration$JdbcTransactionManagerConfiguration, org.springframework.boot.autoconfigure.jdbc.JdbcClientAutoConfiguration, org.springframework.boot.autoconfigure.jdbc.JdbcTemplateAutoConfiguration, org.springframework.boot.autoconfigure.jdbc.JdbcTemplateConfiguration, org.springframework.boot.autoconfigure.jdbc.NamedParameterJdbcTemplateConfiguration, org.springframework.boot.autoconfigure.jdbc.metadata.DataSourcePoolMetadataProvidersConfiguration, org.springframework.boot.autoconfigure.jdbc.metadata.DataSourcePoolMetadataProvidersConfiguration$HikariPoolDataSourceMetadataProviderConfiguration, org.springframework.boot.autoconfigure.orm.jpa.HibernateJpaAutoConfiguration, org.springframework.boot.autoconfigure.orm.jpa.HibernateJpaConfiguration, org.springframework.boot.autoconfigure.orm.jpa.JpaBaseConfiguration$JpaWebConfiguration, org.springframework.boot.autoconfigure.orm.jpa.JpaBaseConfiguration$PersistenceManagedTypesConfiguration, org.springframework.boot.autoconfigure.reactor.ReactorAutoConfiguration, org.springframework.boot.autoconfigure.sql.init.DataSourceInitializationConfiguration, org.springframework.boot.autoconfigure.sql.init.SqlInitializationAutoConfiguration, org.springframework.boot.autoconfigure.ssl.SslAutoConfiguration, org.springframework.boot.autoconfigure.task.TaskExecutionAutoConfiguration, org.springframework.boot.autoconfigure.task.TaskExecutorConfigurations$AsyncConfigurerConfiguration, org.springframework.boot.autoconfigure.task.TaskExecutorConfigurations$BootstrapExecutorConfiguration, org.springframework.boot.autoconfigure.task.TaskExecutorConfigurations$SimpleAsyncTaskExecutorBuilderConfiguration, org.springframework.boot.autoconfigure.task.TaskExecutorConfigurations$TaskExecutorConfiguration, org.springframework.boot.autoconfigure.task.TaskExecutorConfigurations$ThreadPoolTaskExecutorBuilderConfiguration, org.springframework.boot.autoconfigure.task.TaskSchedulingAutoConfiguration, org.springframework.boot.autoconfigure.task.TaskSchedulingConfigurations$SimpleAsyncTaskSchedulerBuilderConfiguration, org.springframework.boot.autoconfigure.task.TaskSchedulingConfigurations$ThreadPoolTaskSchedulerBuilderConfiguration, org.springframework.boot.autoconfigure.transaction.TransactionAutoConfiguration, org.springframework.boot.autoconfigure.transaction.TransactionAutoConfiguration$EnableTransactionManagementConfiguration, org.springframework.boot.autoconfigure.transaction.TransactionAutoConfiguration$EnableTransactionManagementConfiguration$CglibAutoProxyConfiguration, org.springframework.boot.autoconfigure.transaction.TransactionAutoConfiguration$TransactionTemplateConfiguration, org.springframework.boot.autoconfigure.transaction.TransactionManagerCustomizationAutoConfiguration, org.springframework.boot.autoconfigure.transaction.jta.JtaAutoConfiguration, org.springframework.boot.autoconfigure.validation.ValidationAutoConfiguration, org.springframework.boot.autoconfigure.web.client.RestClientAutoConfiguration, org.springframework.boot.autoconfigure.web.client.RestTemplateAutoConfiguration, org.springframework.boot.autoconfigure.web.servlet.DispatcherServletAutoConfiguration, org.springframework.boot.autoconfigure.web.servlet.DispatcherServletAutoConfiguration$DispatcherServletConfiguration, org.springframework.boot.autoconfigure.web.servlet.DispatcherServletAutoConfiguration$DispatcherServletRegistrationConfiguration, org.springframework.boot.autoconfigure.web.servlet.HttpEncodingAutoConfiguration, org.springframework.boot.autoconfigure.web.servlet.MultipartAutoConfiguration, org.springframework.boot.autoconfigure.web.servlet.ServletWebServerFactoryAutoConfiguration, org.springframework.boot.autoconfigure.web.servlet.ServletWebServerFactoryConfiguration$EmbeddedTomcat, org.springframework.boot.autoconfigure.web.servlet.WebMvcAutoConfiguration, org.springframework.boot.autoconfigure.web.servlet.WebMvcAutoConfiguration$EnableWebMvcConfiguration, org.springframework.boot.autoconfigure.web.servlet.WebMvcAutoConfiguration$ResourceChainCustomizerConfiguration, org.springframework.boot.autoconfigure.web.servlet.WebMvcAutoConfiguration$WebMvcAutoConfigurationAdapter, org.springframework.boot.autoconfigure.web.servlet.error.ErrorMvcAutoConfiguration, org.springframework.boot.autoconfigure.web.servlet.error.ErrorMvcAutoConfiguration$DefaultErrorViewResolverConfiguration, org.springframework.boot.autoconfigure.web.servlet.error.ErrorMvcAutoConfiguration$WhitelabelErrorViewConfiguration, org.springframework.boot.autoconfigure.websocket.servlet.WebSocketServletAutoConfiguration, org.springframework.boot.autoconfigure.websocket.servlet.WebSocketServletAutoConfiguration$TomcatWebSocketConfiguration, org.springframework.boot.context.internalConfigurationPropertiesBinder, org.springframework.boot.context.properties.BoundConfigurationProperties, org.springframework.boot.context.properties.ConfigurationPropertiesBindingPostProcessor, org.springframework.boot.context.properties.EnableConfigurationPropertiesRegistrar.methodValidationExcludeFilter, org.springframework.boot.sql.init.dependency.DatabaseInitializationDependencyConfigurer$DependsOnDatabaseInitializationPostProcessor, org.springframework.boot.test.mock.mockito.MockitoPostProcessor, org.springframework.boot.test.mock.mockito.MockitoPostProcessor$SpyPostProcessor, org.springframework.cloud.autoconfigure.ConfigurationPropertiesRebinderAutoConfiguration, org.springframework.cloud.autoconfigure.LifecycleMvcEndpointAutoConfiguration, org.springframework.cloud.autoconfigure.PauseResumeEndpointsConfiguration, org.springframework.cloud.autoconfigure.RefreshAutoConfiguration, org.springframework.cloud.autoconfigure.RefreshAutoConfiguration$RefreshScopeBeanDefinitionEnhancer, org.springframework.cloud.autoconfigure.RefreshEndpointAutoConfiguration, org.springframework.cloud.autoconfigure.RefreshEndpointAutoConfiguration$RefreshEndpointConfiguration, org.springframework.cloud.autoconfigure.RestartEndpointWithoutIntegrationConfiguration, org.springframework.cloud.client.CommonsClientAutoConfiguration, org.springframework.cloud.client.CommonsClientAutoConfiguration$ActuatorConfiguration, org.springframework.cloud.client.CommonsClientAutoConfiguration$DiscoveryLoadBalancerConfiguration, org.springframework.cloud.client.ReactiveCommonsClientAutoConfiguration, org.springframework.cloud.client.discovery.composite.CompositeDiscoveryClientAutoConfiguration, org.springframework.cloud.client.discovery.simple.SimpleDiscoveryClientAutoConfiguration, org.springframework.cloud.client.loadbalancer.LoadBalancerAutoConfiguration, org.springframework.cloud.client.loadbalancer.LoadBalancerAutoConfiguration$DeferringLoadBalancerInterceptorConfig, org.springframework.cloud.client.loadbalancer.LoadBalancerAutoConfiguration$LoadBalancerInterceptorConfig, org.springframework.cloud.client.loadbalancer.LoadBalancerDefaultMappingsProviderAutoConfiguration, org.springframework.cloud.client.serviceregistry.AutoServiceRegistrationAutoConfiguration, org.springframework.cloud.client.serviceregistry.AutoServiceRegistrationConfiguration, org.springframework.cloud.client.serviceregistry.ServiceRegistryAutoConfiguration, org.springframework.cloud.client.serviceregistry.ServiceRegistryAutoConfiguration$ServiceRegistryEndpointConfiguration, org.springframework.cloud.commons.config.CommonsConfigAutoConfiguration, org.springframework.cloud.commons.security.ResourceServerTokenRelayAutoConfiguration, org.springframework.cloud.commons.security.ResourceServerTokenRelayAutoConfiguration$ResourceServerTokenRelayRegistrationAutoConfiguration, org.springframework.cloud.commons.util.UtilAutoConfiguration, org.springframework.cloud.config.client.ConfigClientAutoConfiguration, org.springframework.cloud.config.client.ConfigClientAutoConfiguration$ConfigServerHealthIndicatorConfiguration, org.springframework.cloud.configuration.CompatibilityVerifierAutoConfiguration, org.springframework.cloud.loadbalancer.config.BlockingLoadBalancerClientAutoConfiguration, org.springframework.cloud.loadbalancer.config.LoadBalancerAutoConfiguration, org.springframework.cloud.loadbalancer.config.LoadBalancerCacheAutoConfiguration, org.springframework.cloud.loadbalancer.config.LoadBalancerCacheAutoConfiguration$DefaultLoadBalancerCacheManagerConfiguration, org.springframework.cloud.loadbalancer.config.LoadBalancerCacheAutoConfiguration$LoadBalancerCacheManagerWarnConfiguration, org.springframework.cloud.netflix.eureka.EurekaClientAutoConfiguration, org.springframework.cloud.netflix.eureka.EurekaClientAutoConfiguration$EurekaHealthIndicatorConfiguration, org.springframework.cloud.netflix.eureka.EurekaClientAutoConfiguration$RefreshableEurekaClientConfiguration, org.springframework.cloud.netflix.eureka.EurekaDiscoveryClientConfiguration, org.springframework.cloud.netflix.eureka.EurekaDiscoveryClientConfiguration$EurekaClientConfigurationRefresher, org.springframework.cloud.netflix.eureka.config.DiscoveryClientOptionalArgsConfiguration, org.springframework.cloud.netflix.eureka.config.DiscoveryClientOptionalArgsConfiguration$RestTemplateConfiguration, org.springframework.cloud.netflix.eureka.loadbalancer.LoadBalancerEurekaAutoConfiguration, org.springframework.context.annotation.internalAutowiredAnnotationProcessor, org.springframework.context.annotation.internalCommonAnnotationProcessor, org.springframework.context.annotation.internalConfigurationAnnotationProcessor, org.springframework.context.annotation.internalPersistenceAnnotationProcessor, org.springframework.context.event.internalEventListenerFactory, org.springframework.context.event.internalEventListenerProcessor, org.springframework.data.jpa.repository.support.JpaEvaluationContextExtension, org.springframework.data.jpa.util.JpaMetamodelCacheCleanup, org.springframework.data.web.config.ProjectingArgumentResolverRegistrar, org.springframework.data.web.config.SpringDataJacksonConfiguration, org.springframework.data.web.config.SpringDataWebConfiguration, org.springframework.test.context.support.internalDynamicPropertyRegistrarBeanInitializer, org.springframework.transaction.annotation.ProxyTransactionManagementConfiguration, org.springframework.transaction.config.internalTransactionAdvisor, org.springframework.transaction.config.internalTransactionalEventListenerFactory, pageModule, pageOpenAPIConverter, pageableCustomizer, pageableOpenAPIConverter, pageableResolver, parameterBuilder, parameterNamesModule, parameterObjectNamingStrategyCustomizer, pathMappedEndpoints, persistenceExceptionTranslationPostProcessor, persistenceManagedTypes, pingHealthContributor, platformTransactionManagerCustomizers, polymorphicModelConverter, preserveErrorControllerTargetClassPostProcessor, processorMetrics, projectingArgumentResolverBeanPostProcessor, propertiesEndpointAccessResolver, propertiesMeterFilter, propertiesObservationFilter, propertyResolverUtils, propertySourcesPlaceholderConfigurer, queryDslQuerydslPredicateOperationCustomizer, reactiveHealthContributorRegistry, reactorAutoConfigurationLazyInitializationExcludeFilter, readinessStateHealthIndicator, refreshEndpoint, refreshEventListener, refreshScope, refreshScopeHealthIndicator, refreshScopeLifecycle, registrationClient, registrationListener, registrator, repositoryTagsProvider, requestBodyBuilder, requestBuilder, requestContextFilter, requestMappingHandlerAdapter, requestMappingHandlerMapping, resourceHandlerMapping, resourceHandlerRegistrationCustomizer, responseBuilder, responseSupportConverter, restClientBuilder, restClientBuilderConfigurer, restClientSsl, restTemplateBuilder, restTemplateBuilderConfigurer, restTemplateCustomizer, restTemplateDiscoveryClientOptionalArgs, restTemplateTransportClientFactories, routerFunctionMapping, routerFunctionProvider, sbomEndpoint, sbomEndpointWebExtension, scheduledTasksEndpoint, schemaPropertyDeprecatingConverter, scopedTarget.eurekaApplicationInfoManager, scopedTarget.eurekaClient, scopedTarget.eurekaRegistration, securityParser, server-org.springframework.boot.autoconfigure.web.ServerProperties, serviceManagementMetadataProvider, serviceRegistryEndpoint, servletEndpointDiscoverer, servletEndpointRegistrar, servletExposeExcludePropertyEndpointFilter, servletMappingDescriptionProvider, servletWebChildContextFactory, servletWebServerFactoryCustomizer, simpleAsyncTaskExecutorBuilder, simpleAsyncTaskSchedulerBuilder, simpleConfig, simpleControllerHandlerAdapter, simpleDiscoveryClient, simpleDiscoveryProperties, simpleMeterRegistry, sleuthPresentVerifier, sortCustomizer, sortOpenAPIConverter, sortResolver, spring.boot.admin.client-de.codecentric.boot.admin.client.config.ClientProperties, spring.boot.admin.client.instance-de.codecentric.boot.admin.client.config.InstanceProperties, spring.cloud.compatibility-verifier-org.springframework.cloud.configuration.CompatibilityVerifierProperties, spring.cloud.discovery.client.health-indicator-org.springframework.cloud.client.discovery.health.DiscoveryClientHealthIndicatorProperties, spring.cloud.loadbalancer-org.springframework.cloud.client.loadbalancer.LoadBalancerClientsProperties, spring.cloud.loadbalancer.cache-org.springframework.cloud.loadbalancer.cache.LoadBalancerCacheProperties, spring.cloud.loadbalancer.eager-load-org.springframework.cloud.client.loadbalancer.LoadBalancerEagerLoadProperties, spring.cloud.refresh-org.springframework.cloud.autoconfigure.RefreshAutoConfiguration$RefreshProperties, spring.cloud.service-registry.auto-registration-org.springframework.cloud.client.serviceregistry.AutoServiceRegistrationProperties, spring.data.web-org.springframework.boot.autoconfigure.data.web.SpringDataWebProperties, spring.datasource-org.springframework.boot.autoconfigure.jdbc.DataSourceProperties, spring.gson-org.springframework.boot.autoconfigure.gson.GsonProperties, spring.http.client-org.springframework.boot.autoconfigure.http.client.HttpClientProperties, spring.http.reactiveclient-org.springframework.boot.autoconfigure.http.client.reactive.HttpReactiveClientProperties, spring.info-org.springframework.boot.autoconfigure.info.ProjectInfoProperties, spring.jackson-org.springframework.boot.autoconfigure.jackson.JacksonProperties, spring.jdbc-org.springframework.boot.autoconfigure.jdbc.JdbcProperties, spring.jpa-org.springframework.boot.autoconfigure.orm.jpa.JpaProperties, spring.jpa.hibernate-org.springframework.boot.autoconfigure.orm.jpa.HibernateProperties, spring.lifecycle-org.springframework.boot.autoconfigure.context.LifecycleProperties, spring.mvc-org.springframework.boot.autoconfigure.web.servlet.WebMvcProperties, spring.reactor-org.springframework.boot.autoconfigure.reactor.ReactorProperties, spring.servlet.multipart-org.springframework.boot.autoconfigure.web.servlet.MultipartProperties, spring.sql.init-org.springframework.boot.autoconfigure.sql.init.SqlInitializationProperties, spring.ssl-org.springframework.boot.autoconfigure.ssl.SslProperties, spring.task.execution-org.springframework.boot.autoconfigure.task.TaskExecutionProperties, spring.task.scheduling-org.springframework.boot.autoconfigure.task.TaskSchedulingProperties, spring.transaction-org.springframework.boot.autoconfigure.transaction.TransactionProperties, spring.web-org.springframework.boot.autoconfigure.web.WebProperties, springBootVersionVerifier, springCloudCommonsFeatures, springDataWebPropertiesProvider, springDataWebSettings, springDocCustomizers, springDocProviders, springWebProvider, springdocObjectMapperProvider, sslBundleRegistry, sslHealthIndicator, sslInfo, sslMeterBinder, sslPropertiesSslBundleRegistrar, standardGsonBuilderCustomizer, standardJacksonObjectMapperBuilderCustomizer, startupDateMetadataContributor, startupTimeMetrics, stringHttpMessageConverter, swaggerConfigResource, swaggerResourceResolver, swaggerWebMvcConfigurer, swaggerWelcome, themeResolver, threadPoolTaskExecutorBuilder, threadPoolTaskSchedulerBuilder, tlsProperties, tomcatMetricsBinder, tomcatServletWebServerFactory, tomcatServletWebServerFactoryCustomizer, transactionAttributeSource, transactionExecutionListeners, transactionInterceptor, transactionManager, transactionTemplate, uptimeMetrics, vehiculoServiceImpl, viewControllerHandlerMapping, viewNameTranslator, viewResolver, webAccessPropertiesOperationFilter, webConversionServiceProvider, webEndpointDiscoverer, webEndpointPathMapper, webEndpointServletHandlerMapping, webExposeExcludePropertyEndpointFilter, webFluxSupportConverter, webMvcObservationFilter, webServerFactoryCustomizerBeanPostProcessor, websocketServletWebServerCustomizer, welcomePageHandlerMapping, welcomePageNotAcceptableHandlerMapping, xForwarderHeadersTransformer, zoneConfig]
2025-10-23T17:05:47.824-05:00  INFO 31772 --- [ms-negocio-gestion-alquileres] [    Test worker] o.s.cloud.context.scope.GenericScope     : BeanFactory id=ad296b55-6291-3e0a-86ea-c038e8160414
2025-10-23T17:05:47.825-05:00 DEBUG 31772 --- [ms-negocio-gestion-alquileres] [    Test worker] o.s.b.f.s.DefaultListableBeanFactory     : Creating shared instance of singleton bean 'propertySourcesPlaceholderConfigurer'
2025-10-23T17:05:47.838-05:00 DEBUG 31772 --- [ms-negocio-gestion-alquileres] [    Test worker] o.s.b.f.s.DefaultListableBeanFactory     : Creating shared instance of singleton bean 'org.springframework.boot.test.mock.mockito.MockitoPostProcessor'
2025-10-23T17:05:47.839-05:00 DEBUG 31772 --- [ms-negocio-gestion-alquileres] [    Test worker] o.s.b.f.s.DefaultListableBeanFactory     : Creating shared instance of singleton bean 'emBeanDefinitionRegistrarPostProcessor'
2025-10-23T17:05:47.839-05:00 DEBUG 31772 --- [ms-negocio-gestion-alquileres] [    Test worker] o.s.b.f.s.DefaultListableBeanFactory     : Creating shared instance of singleton bean 'org.springframework.boot.sql.init.dependency.DatabaseInitializationDependencyConfigurer$DependsOnDatabaseInitializationPostProcessor'
2025-10-23T17:05:47.933-05:00 DEBUG 31772 --- [ms-negocio-gestion-alquileres] [    Test worker] o.s.b.f.s.DefaultListableBeanFactory     : Creating shared instance of singleton bean 'org.springframework.context.event.internalEventListenerProcessor'
2025-10-23T17:05:47.938-05:00 DEBUG 31772 --- [ms-negocio-gestion-alquileres] [    Test worker] o.s.b.f.s.DefaultListableBeanFactory     : Creating shared instance of singleton bean 'bootstrapExecutorAliasPostProcessor'
2025-10-23T17:05:47.939-05:00 DEBUG 31772 --- [ms-negocio-gestion-alquileres] [    Test worker] o.s.b.f.s.DefaultListableBeanFactory     : Creating shared instance of singleton bean 'preserveErrorControllerTargetClassPostProcessor'
2025-10-23T17:05:47.941-05:00 DEBUG 31772 --- [ms-negocio-gestion-alquileres] [    Test worker] o.s.b.f.s.DefaultListableBeanFactory     : Creating shared instance of singleton bean 'org.springframework.context.event.internalEventListenerFactory'
2025-10-23T17:05:47.941-05:00 DEBUG 31772 --- [ms-negocio-gestion-alquileres] [    Test worker] o.s.b.f.s.DefaultListableBeanFactory     : Creating shared instance of singleton bean 'org.springframework.transaction.config.internalTransactionalEventListenerFactory'
2025-10-23T17:05:47.949-05:00 DEBUG 31772 --- [ms-negocio-gestion-alquileres] [    Test worker] o.s.b.f.s.DefaultListableBeanFactory     : Creating shared instance of singleton bean 'org.springframework.boot.test.mock.mockito.MockitoPostProcessor$SpyPostProcessor'
2025-10-23T17:05:47.951-05:00 DEBUG 31772 --- [ms-negocio-gestion-alquileres] [    Test worker] o.s.b.f.s.DefaultListableBeanFactory     : Creating shared instance of singleton bean 'org.springframework.context.annotation.internalAutowiredAnnotationProcessor'
2025-10-23T17:05:47.953-05:00 DEBUG 31772 --- [ms-negocio-gestion-alquileres] [    Test worker] o.s.b.f.s.DefaultListableBeanFactory     : Creating shared instance of singleton bean 'org.springframework.context.annotation.internalCommonAnnotationProcessor'
2025-10-23T17:05:47.955-05:00 DEBUG 31772 --- [ms-negocio-gestion-alquileres] [    Test worker] o.s.b.f.s.DefaultListableBeanFactory     : Creating shared instance of singleton bean 'org.springframework.context.annotation.internalPersistenceAnnotationProcessor'
2025-10-23T17:05:47.955-05:00 DEBUG 31772 --- [ms-negocio-gestion-alquileres] [    Test worker] o.s.b.f.s.DefaultListableBeanFactory     : Creating shared instance of singleton bean 'org.springframework.boot.context.properties.ConfigurationPropertiesBindingPostProcessor'
2025-10-23T17:05:47.955-05:00 DEBUG 31772 --- [ms-negocio-gestion-alquileres] [    Test worker] o.s.b.f.s.DefaultListableBeanFactory     : Creating shared instance of singleton bean 'org.springframework.boot.context.internalConfigurationPropertiesBinder'
2025-10-23T17:05:47.969-05:00 DEBUG 31772 --- [ms-negocio-gestion-alquileres] [    Test worker] o.s.b.f.s.DefaultListableBeanFactory     : Creating shared instance of singleton bean 'jdbcConnectionDetailsHikariBeanPostProcessor'
2025-10-23T17:05:47.976-05:00 DEBUG 31772 --- [ms-negocio-gestion-alquileres] [    Test worker] o.s.b.f.s.DefaultListableBeanFactory     : Creating shared instance of singleton bean 'methodValidationPostProcessor'
2025-10-23T17:05:47.976-05:00 DEBUG 31772 --- [ms-negocio-gestion-alquileres] [    Test worker] o.s.b.f.s.DefaultListableBeanFactory     : Autowiring by type from bean name 'methodValidationPostProcessor' via factory method to bean named 'environment'
2025-10-23T17:05:48.007-05:00 DEBUG 31772 --- [ms-negocio-gestion-alquileres] [    Test worker] o.s.b.f.s.DefaultListableBeanFactory     : Creating shared instance of singleton bean 'org.springframework.boot.context.properties.EnableConfigurationPropertiesRegistrar.methodValidationExcludeFilter'
2025-10-23T17:05:48.041-05:00 DEBUG 31772 --- [ms-negocio-gestion-alquileres] [    Test worker] o.s.b.f.s.DefaultListableBeanFactory     : Creating shared instance of singleton bean 'org.springframework.aop.config.internalAutoProxyCreator'
2025-10-23T17:05:48.062-05:00 DEBUG 31772 --- [ms-negocio-gestion-alquileres] [    Test worker] o.s.b.f.s.DefaultListableBeanFactory     : Creating shared instance of singleton bean 'persistenceExceptionTranslationPostProcessor'
2025-10-23T17:05:48.064-05:00 DEBUG 31772 --- [ms-negocio-gestion-alquileres] [    Test worker] o.s.b.f.s.DefaultListableBeanFactory     : Autowiring by type from bean name 'persistenceExceptionTranslationPostProcessor' via factory method to bean named 'environment'
2025-10-23T17:05:48.065-05:00 DEBUG 31772 --- [ms-negocio-gestion-alquileres] [    Test worker] o.s.b.f.s.DefaultListableBeanFactory     : Creating shared instance of singleton bean 'webServerFactoryCustomizerBeanPostProcessor'
2025-10-23T17:05:48.065-05:00 DEBUG 31772 --- [ms-negocio-gestion-alquileres] [    Test worker] o.s.b.f.s.DefaultListableBeanFactory     : Creating shared instance of singleton bean 'errorPageRegistrarBeanPostProcessor'
2025-10-23T17:05:48.065-05:00 DEBUG 31772 --- [ms-negocio-gestion-alquileres] [    Test worker] o.s.b.f.s.DefaultListableBeanFactory     : Creating shared instance of singleton bean 'healthEndpointGroupsBeanPostProcessor'
2025-10-23T17:05:48.069-05:00 DEBUG 31772 --- [ms-negocio-gestion-alquileres] [    Test worker] o.s.b.f.s.DefaultListableBeanFactory     : Creating shared instance of singleton bean 'org.springframework.transaction.config.internalTransactionAdvisor'
2025-10-23T17:05:48.069-05:00 DEBUG 31772 --- [ms-negocio-gestion-alquileres] [    Test worker] o.s.b.f.s.DefaultListableBeanFactory     : Creating shared instance of singleton bean 'org.springframework.transaction.annotation.ProxyTransactionManagementConfiguration'
2025-10-23T17:05:48.079-05:00 DEBUG 31772 --- [ms-negocio-gestion-alquileres] [    Test worker] o.s.b.f.s.DefaultListableBeanFactory     : Creating shared instance of singleton bean 'transactionAttributeSource'
2025-10-23T17:05:48.089-05:00 DEBUG 31772 --- [ms-negocio-gestion-alquileres] [    Test worker] o.s.b.f.s.DefaultListableBeanFactory     : Creating shared instance of singleton bean 'transactionInterceptor'
2025-10-23T17:05:48.089-05:00 DEBUG 31772 --- [ms-negocio-gestion-alquileres] [    Test worker] o.s.b.f.s.DefaultListableBeanFactory     : Autowiring by type from bean name 'transactionInterceptor' via factory method to bean named 'transactionAttributeSource'
2025-10-23T17:05:48.099-05:00 DEBUG 31772 --- [ms-negocio-gestion-alquileres] [    Test worker] o.s.b.f.s.DefaultListableBeanFactory     : Autowiring by type from bean name 'org.springframework.transaction.config.internalTransactionAdvisor' via factory method to bean named 'transactionAttributeSource'
2025-10-23T17:05:48.099-05:00 DEBUG 31772 --- [ms-negocio-gestion-alquileres] [    Test worker] o.s.b.f.s.DefaultListableBeanFactory     : Autowiring by type from bean name 'org.springframework.transaction.config.internalTransactionAdvisor' via factory method to bean named 'transactionInterceptor'
2025-10-23T17:05:48.111-05:00 DEBUG 31772 --- [ms-negocio-gestion-alquileres] [    Test worker] o.s.b.f.s.DefaultListableBeanFactory     : Creating shared instance of singleton bean 'meterRegistryPostProcessor'
2025-10-23T17:05:48.111-05:00 DEBUG 31772 --- [ms-negocio-gestion-alquileres] [    Test worker] o.s.b.f.s.DefaultListableBeanFactory     : Autowiring by type from bean name 'meterRegistryPostProcessor' via factory method to bean named 'org.springframework.web.context.support.GenericWebApplicationContext@77bc2e16'
2025-10-23T17:05:48.111-05:00 DEBUG 31772 --- [ms-negocio-gestion-alquileres] [    Test worker] o.s.b.f.s.DefaultListableBeanFactory     : Creating shared instance of singleton bean 'metricsRepositoryMethodInvocationListenerBeanPostProcessor'
2025-10-23T17:05:48.120-05:00 DEBUG 31772 --- [ms-negocio-gestion-alquileres] [    Test worker] o.s.b.f.s.DefaultListableBeanFactory     : Creating shared instance of singleton bean 'observationRegistryPostProcessor'
2025-10-23T17:05:48.120-05:00 DEBUG 31772 --- [ms-negocio-gestion-alquileres] [    Test worker] o.s.b.f.s.DefaultListableBeanFactory     : Creating shared instance of singleton bean 'projectingArgumentResolverBeanPostProcessor'
2025-10-23T17:05:48.142-05:00 DEBUG 31772 --- [ms-negocio-gestion-alquileres] [    Test worker] o.s.b.f.s.DefaultListableBeanFactory     : Creating shared instance of singleton bean 'configurationPropertiesBeans'
2025-10-23T17:05:48.142-05:00 DEBUG 31772 --- [ms-negocio-gestion-alquileres] [    Test worker] o.s.b.f.s.DefaultListableBeanFactory     : Creating shared instance of singleton bean 'lbRestClientPostProcessor'
2025-10-23T17:05:48.142-05:00 DEBUG 31772 --- [ms-negocio-gestion-alquileres] [    Test worker] o.s.b.f.s.DefaultListableBeanFactory     : Autowiring by type from bean name 'lbRestClientPostProcessor' via factory method to bean named 'org.springframework.web.context.support.GenericWebApplicationContext@77bc2e16'
2025-10-23T17:05:48.142-05:00 DEBUG 31772 --- [ms-negocio-gestion-alquileres] [    Test worker] o.s.b.f.s.DefaultListableBeanFactory     : Creating shared instance of singleton bean 'lbRestTemplateBuilderPostProcessor'
2025-10-23T17:05:48.152-05:00 DEBUG 31772 --- [ms-negocio-gestion-alquileres] [    Test worker] o.s.b.f.s.DefaultListableBeanFactory     : Autowiring by type from bean name 'lbRestTemplateBuilderPostProcessor' via factory method to bean named 'org.springframework.web.context.support.GenericWebApplicationContext@77bc2e16'
2025-10-23T17:05:48.154-05:00 DEBUG 31772 --- [ms-negocio-gestion-alquileres] [    Test worker] o.s.u.c.s.UiApplicationContextUtils      : Unable to locate ThemeSource with name 'themeSource': using default [org.springframework.ui.context.support.ResourceBundleThemeSource@b2d8dcd]
2025-10-23T17:05:48.158-05:00 DEBUG 31772 --- [ms-negocio-gestion-alquileres] [    Test worker] o.s.b.f.s.DefaultListableBeanFactory     : Creating shared instance of singleton bean 'applicationTaskExecutor'
2025-10-23T17:05:48.158-05:00 DEBUG 31772 --- [ms-negocio-gestion-alquileres] [    Test worker] o.s.b.f.s.DefaultListableBeanFactory     : Creating shared instance of singleton bean 'org.springframework.boot.autoconfigure.task.TaskExecutorConfigurations$TaskExecutorConfiguration'
2025-10-23T17:05:48.160-05:00 DEBUG 31772 --- [ms-negocio-gestion-alquileres] [    Test worker] o.s.b.f.s.DefaultListableBeanFactory     : Creating shared instance of singleton bean 'threadPoolTaskExecutorBuilder'
2025-10-23T17:05:48.160-05:00 DEBUG 31772 --- [ms-negocio-gestion-alquileres] [    Test worker] o.s.b.f.s.DefaultListableBeanFactory     : Creating shared instance of singleton bean 'org.springframework.boot.autoconfigure.task.TaskExecutorConfigurations$ThreadPoolTaskExecutorBuilderConfiguration'
2025-10-23T17:05:48.162-05:00 DEBUG 31772 --- [ms-negocio-gestion-alquileres] [    Test worker] o.s.b.f.s.DefaultListableBeanFactory     : Creating shared instance of singleton bean 'spring.task.execution-org.springframework.boot.autoconfigure.task.TaskExecutionProperties'
2025-10-23T17:05:48.164-05:00 DEBUG 31772 --- [ms-negocio-gestion-alquileres] [    Test worker] o.s.b.f.s.DefaultListableBeanFactory     : Creating shared instance of singleton bean 'org.springframework.boot.context.properties.BoundConfigurationProperties'
2025-10-23T17:05:48.167-05:00 DEBUG 31772 --- [ms-negocio-gestion-alquileres] [    Test worker] o.s.b.f.s.DefaultListableBeanFactory     : Creating shared instance of singleton bean 'defaultsBindHandlerAdvisor'
2025-10-23T17:05:48.167-05:00 DEBUG 31772 --- [ms-negocio-gestion-alquileres] [    Test worker] o.s.b.f.s.DefaultListableBeanFactory     : Creating shared instance of singleton bean 'org.springframework.cloud.commons.config.CommonsConfigAutoConfiguration'
2025-10-23T17:05:48.169-05:00 DEBUG 31772 --- [ms-negocio-gestion-alquileres] [    Test worker] o.s.b.f.s.DefaultListableBeanFactory     : Creating shared instance of singleton bean 'loadBalancerClientsDefaultsMappingsProvider'
2025-10-23T17:05:48.169-05:00 DEBUG 31772 --- [ms-negocio-gestion-alquileres] [    Test worker] o.s.b.f.s.DefaultListableBeanFactory     : Creating shared instance of singleton bean 'org.springframework.cloud.client.loadbalancer.LoadBalancerDefaultMappingsProviderAutoConfiguration'
2025-10-23T17:05:48.171-05:00 DEBUG 31772 --- [ms-negocio-gestion-alquileres] [    Test worker] o.s.b.f.s.DefaultListableBeanFactory     : Autowiring by type from bean name 'defaultsBindHandlerAdvisor' via factory method to bean named 'loadBalancerClientsDefaultsMappingsProvider'
2025-10-23T17:05:48.180-05:00 DEBUG 31772 --- [ms-negocio-gestion-alquileres] [    Test worker] o.s.b.f.s.DefaultListableBeanFactory     : Autowiring by type from bean name 'threadPoolTaskExecutorBuilder' via factory method to bean named 'spring.task.execution-org.springframework.boot.autoconfigure.task.TaskExecutionProperties'
2025-10-23T17:05:48.184-05:00 DEBUG 31772 --- [ms-negocio-gestion-alquileres] [    Test worker] o.s.b.f.s.DefaultListableBeanFactory     : Autowiring by type from bean name 'applicationTaskExecutor' via factory method to bean named 'threadPoolTaskExecutorBuilder'
2025-10-23T17:05:48.195-05:00 DEBUG 31772 --- [ms-negocio-gestion-alquileres] [    Test worker] o.s.s.concurrent.ThreadPoolTaskExecutor  : Initializing ExecutorService 'applicationTaskExecutor'
2025-10-23T17:05:48.200-05:00 DEBUG 31772 --- [ms-negocio-gestion-alquileres] [    Test worker] o.s.b.f.s.DefaultListableBeanFactory     : Creating shared instance of singleton bean 'org.springframework.test.context.support.internalDynamicPropertyRegistrarBeanInitializer'
2025-10-23T17:05:48.203-05:00 DEBUG 31772 --- [ms-negocio-gestion-alquileres] [    Test worker] o.s.b.f.s.DefaultListableBeanFactory     : Creating shared instance of singleton bean 'dataSourceScriptDatabaseInitializer'
2025-10-23T17:05:48.203-05:00 DEBUG 31772 --- [ms-negocio-gestion-alquileres] [    Test worker] o.s.b.f.s.DefaultListableBeanFactory     : Creating shared instance of singleton bean 'org.springframework.boot.autoconfigure.sql.init.DataSourceInitializationConfiguration'
2025-10-23T17:05:48.205-05:00 DEBUG 31772 --- [ms-negocio-gestion-alquileres] [    Test worker] o.s.b.f.s.DefaultListableBeanFactory     : Creating shared instance of singleton bean 'dataSource'
2025-10-23T17:05:48.205-05:00 DEBUG 31772 --- [ms-negocio-gestion-alquileres] [    Test worker] o.s.b.f.s.DefaultListableBeanFactory     : Creating shared instance of singleton bean 'org.springframework.boot.autoconfigure.jdbc.DataSourceConfiguration$Hikari'
2025-10-23T17:05:48.206-05:00 DEBUG 31772 --- [ms-negocio-gestion-alquileres] [    Test worker] o.s.b.f.s.DefaultListableBeanFactory     : Creating shared instance of singleton bean 'spring.datasource-org.springframework.boot.autoconfigure.jdbc.DataSourceProperties'
2025-10-23T17:05:48.214-05:00 DEBUG 31772 --- [ms-negocio-gestion-alquileres] [    Test worker] o.s.b.f.s.DefaultListableBeanFactory     : Creating shared instance of singleton bean 'jdbcConnectionDetails'
2025-10-23T17:05:48.215-05:00 DEBUG 31772 --- [ms-negocio-gestion-alquileres] [    Test worker] o.s.b.f.s.DefaultListableBeanFactory     : Creating shared instance of singleton bean 'org.springframework.boot.autoconfigure.jdbc.DataSourceAutoConfiguration$PooledDataSourceConfiguration'
2025-10-23T17:05:48.217-05:00 DEBUG 31772 --- [ms-negocio-gestion-alquileres] [    Test worker] o.s.b.f.s.DefaultListableBeanFactory     : Autowiring by type from bean name 'jdbcConnectionDetails' via factory method to bean named 'spring.datasource-org.springframework.boot.autoconfigure.jdbc.DataSourceProperties'
2025-10-23T17:05:48.219-05:00 DEBUG 31772 --- [ms-negocio-gestion-alquileres] [    Test worker] o.s.b.f.s.DefaultListableBeanFactory     : Autowiring by type from bean name 'dataSource' via factory method to bean named 'spring.datasource-org.springframework.boot.autoconfigure.jdbc.DataSourceProperties'
2025-10-23T17:05:48.219-05:00 DEBUG 31772 --- [ms-negocio-gestion-alquileres] [    Test worker] o.s.b.f.s.DefaultListableBeanFactory     : Autowiring by type from bean name 'dataSource' via factory method to bean named 'jdbcConnectionDetails'
2025-10-23T17:05:48.219-05:00 DEBUG 31772 --- [ms-negocio-gestion-alquileres] [    Test worker] o.s.b.f.s.DefaultListableBeanFactory     : Autowiring by type from bean name 'dataSource' via factory method to bean named 'environment'
2025-10-23T17:05:48.224-05:00 DEBUG 31772 --- [ms-negocio-gestion-alquileres] [    Test worker] com.zaxxer.hikari.HikariConfig           : Class org.postgresql.Driver found in Thread context class loader jdk.internal.loader.ClassLoaders$AppClassLoader@70dea4e
2025-10-23T17:05:48.251-05:00 DEBUG 31772 --- [ms-negocio-gestion-alquileres] [    Test worker] o.s.b.f.s.DefaultListableBeanFactory     : Creating shared instance of singleton bean 'spring.sql.init-org.springframework.boot.autoconfigure.sql.init.SqlInitializationProperties'
2025-10-23T17:05:48.255-05:00 DEBUG 31772 --- [ms-negocio-gestion-alquileres] [    Test worker] o.s.b.f.s.DefaultListableBeanFactory     : Autowiring by type from bean name 'dataSourceScriptDatabaseInitializer' via factory method to bean named 'dataSource'
2025-10-23T17:05:48.255-05:00 DEBUG 31772 --- [ms-negocio-gestion-alquileres] [    Test worker] o.s.b.f.s.DefaultListableBeanFactory     : Autowiring by type from bean name 'dataSourceScriptDatabaseInitializer' via factory method to bean named 'spring.sql.init-org.springframework.boot.autoconfigure.sql.init.SqlInitializationProperties'
2025-10-23T17:05:48.265-05:00 DEBUG 31772 --- [ms-negocio-gestion-alquileres] [    Test worker] o.s.b.f.s.DefaultListableBeanFactory     : Creating shared instance of singleton bean 'entityManagerFactory'
2025-10-23T17:05:48.266-05:00 DEBUG 31772 --- [ms-negocio-gestion-alquileres] [    Test worker] o.s.b.f.s.DefaultListableBeanFactory     : Creating shared instance of singleton bean 'org.springframework.boot.autoconfigure.orm.jpa.HibernateJpaConfiguration'
2025-10-23T17:05:48.268-05:00 DEBUG 31772 --- [ms-negocio-gestion-alquileres] [    Test worker] o.s.b.f.s.DefaultListableBeanFactory     : Creating shared instance of singleton bean 'spring.jpa-org.springframework.boot.autoconfigure.orm.jpa.JpaProperties'
2025-10-23T17:05:48.274-05:00 DEBUG 31772 --- [ms-negocio-gestion-alquileres] [    Test worker] o.s.b.f.s.DefaultListableBeanFactory     : Creating shared instance of singleton bean 'spring.jpa.hibernate-org.springframework.boot.autoconfigure.orm.jpa.HibernateProperties'
2025-10-23T17:05:48.276-05:00 DEBUG 31772 --- [ms-negocio-gestion-alquileres] [    Test worker] o.s.b.f.s.DefaultListableBeanFactory     : Autowiring by type from bean name 'org.springframework.boot.autoconfigure.orm.jpa.HibernateJpaConfiguration' via constructor to bean named 'dataSource'
2025-10-23T17:05:48.276-05:00 DEBUG 31772 --- [ms-negocio-gestion-alquileres] [    Test worker] o.s.b.f.s.DefaultListableBeanFactory     : Autowiring by type from bean name 'org.springframework.boot.autoconfigure.orm.jpa.HibernateJpaConfiguration' via constructor to bean named 'spring.jpa-org.springframework.boot.autoconfigure.orm.jpa.JpaProperties'
2025-10-23T17:05:48.277-05:00 DEBUG 31772 --- [ms-negocio-gestion-alquileres] [    Test worker] o.s.b.f.s.DefaultListableBeanFactory     : Autowiring by type from bean name 'org.springframework.boot.autoconfigure.orm.jpa.HibernateJpaConfiguration' via constructor to bean named 'org.springframework.beans.factory.support.DefaultListableBeanFactory@5b47731f'
2025-10-23T17:05:48.278-05:00 DEBUG 31772 --- [ms-negocio-gestion-alquileres] [    Test worker] o.s.b.f.s.DefaultListableBeanFactory     : Autowiring by type from bean name 'org.springframework.boot.autoconfigure.orm.jpa.HibernateJpaConfiguration' via constructor to bean named 'spring.jpa.hibernate-org.springframework.boot.autoconfigure.orm.jpa.HibernateProperties'
2025-10-23T17:05:48.286-05:00 DEBUG 31772 --- [ms-negocio-gestion-alquileres] [    Test worker] o.s.b.f.s.DefaultListableBeanFactory     : Creating shared instance of singleton bean 'hikariPoolDataSourceMetadataProvider'
2025-10-23T17:05:48.286-05:00 DEBUG 31772 --- [ms-negocio-gestion-alquileres] [    Test worker] o.s.b.f.s.DefaultListableBeanFactory     : Creating shared instance of singleton bean 'org.springframework.boot.autoconfigure.jdbc.metadata.DataSourcePoolMetadataProvidersConfiguration$HikariPoolDataSourceMetadataProviderConfiguration'
2025-10-23T17:05:48.292-05:00 DEBUG 31772 --- [ms-negocio-gestion-alquileres] [    Test worker] o.s.b.f.s.DefaultListableBeanFactory     : Creating shared instance of singleton bean 'entityManagerFactoryBuilder'
2025-10-23T17:05:48.292-05:00 DEBUG 31772 --- [ms-negocio-gestion-alquileres] [    Test worker] o.s.b.f.s.DefaultListableBeanFactory     : Creating shared instance of singleton bean 'jpaVendorAdapter'
2025-10-23T17:05:48.321-05:00 DEBUG 31772 --- [ms-negocio-gestion-alquileres] [    Test worker] o.s.b.f.s.DefaultListableBeanFactory     : Autowiring by type from bean name 'entityManagerFactoryBuilder' via factory method to bean named 'jpaVendorAdapter'
2025-10-23T17:05:48.328-05:00 DEBUG 31772 --- [ms-negocio-gestion-alquileres] [    Test worker] o.s.b.f.s.DefaultListableBeanFactory     : Creating shared instance of singleton bean 'persistenceManagedTypes'
2025-10-23T17:05:48.331-05:00 DEBUG 31772 --- [ms-negocio-gestion-alquileres] [    Test worker] o.s.b.f.s.DefaultListableBeanFactory     : Autowiring by type from bean name 'persistenceManagedTypes' via factory method to bean named 'org.springframework.beans.factory.support.DefaultListableBeanFactory@5b47731f'
2025-10-23T17:05:48.332-05:00 DEBUG 31772 --- [ms-negocio-gestion-alquileres] [    Test worker] o.s.b.f.s.DefaultListableBeanFactory     : Autowiring by type from bean name 'persistenceManagedTypes' via factory method to bean named 'org.springframework.web.context.support.GenericWebApplicationContext@77bc2e16'
2025-10-23T17:05:48.347-05:00 DEBUG 31772 --- [ms-negocio-gestion-alquileres] [    Test worker] o.s.b.f.s.DefaultListableBeanFactory     : Autowiring by type from bean name 'entityManagerFactory' via factory method to bean named 'entityManagerFactoryBuilder'
2025-10-23T17:05:48.348-05:00 DEBUG 31772 --- [ms-negocio-gestion-alquileres] [    Test worker] o.s.b.f.s.DefaultListableBeanFactory     : Autowiring by type from bean name 'entityManagerFactory' via factory method to bean named 'persistenceManagedTypes'
2025-10-23T17:05:48.400-05:00 DEBUG 31772 --- [ms-negocio-gestion-alquileres] [    Test worker] j.LocalContainerEntityManagerFactoryBean : Building JPA container EntityManagerFactory for persistence unit 'default'
2025-10-23T17:05:48.492-05:00 DEBUG 31772 --- [ms-negocio-gestion-alquileres] [    Test worker] o.hibernate.jpa.internal.util.LogHelper  : PersistenceUnitInfo [
	name: default
	persistence provider classname: null
	classloader: jdk.internal.loader.ClassLoaders$AppClassLoader@70dea4e
	excludeUnlistedClasses: true
	JTA datasource: null
	Non JTA datasource: HikariDataSource (null)
	Transaction type: RESOURCE_LOCAL
	PU root URL: file:/C:/Users/Ale/Desktop/Galaxy/PROYECTO-CURS-000437/Microservices/ms-negocio-gestion-alquiler/build/classes/java/test/
	Shared Cache Mode: UNSPECIFIED
	Validation Mode: AUTO
	Jar files URLs []
	Managed classes names [
		pe.edu.galaxy.training.ms.negocio.gestion.alquiler.entity.AlquilerCabeceraEntity
		pe.edu.galaxy.training.ms.negocio.gestion.alquiler.entity.AlquilerDetalleEntity
		pe.edu.galaxy.training.ms.negocio.gestion.alquiler.entity.AlquilerEstadoEntity
		pe.edu.galaxy.training.ms.negocio.gestion.alquiler.entity.base.BaseEntity]
	Mapping files names []
	Properties []
2025-10-23T17:05:48.503-05:00 DEBUG 31772 --- [ms-negocio-gestion-alquileres] [    Test worker] o.h.i.internal.IntegratorServiceImpl     : Adding Integrator [org.hibernate.boot.beanvalidation.BeanValidationIntegrator].
2025-10-23T17:05:48.503-05:00 DEBUG 31772 --- [ms-negocio-gestion-alquileres] [    Test worker] o.h.i.internal.IntegratorServiceImpl     : Adding Integrator [org.hibernate.cache.internal.CollectionCacheInvalidator].
2025-10-23T17:05:48.589-05:00  INFO 31772 --- [ms-negocio-gestion-alquileres] [    Test worker] org.hibernate.Version                    : HHH000412: Hibernate ORM core version 6.6.29.Final
2025-10-23T17:05:48.591-05:00 DEBUG 31772 --- [ms-negocio-gestion-alquileres] [    Test worker] org.hibernate.cfg.Environment            : HHH000206: 'hibernate.properties' not found
2025-10-23T17:05:48.627-05:00 DEBUG 31772 --- [ms-negocio-gestion-alquileres] [    Test worker] org.hibernate.orm.idgen.factory          : Registering IdentifierGenerator strategy [uuid2] -> [org.hibernate.id.UUIDGenerator]
2025-10-23T17:05:48.637-05:00 DEBUG 31772 --- [ms-negocio-gestion-alquileres] [    Test worker] org.hibernate.orm.idgen.factory          : Registering IdentifierGenerator strategy [guid] -> [org.hibernate.id.GUIDGenerator]
2025-10-23T17:05:48.637-05:00 DEBUG 31772 --- [ms-negocio-gestion-alquileres] [    Test worker] org.hibernate.orm.idgen.factory          : Registering IdentifierGenerator strategy [uuid] -> [org.hibernate.id.UUIDHexGenerator]
2025-10-23T17:05:48.637-05:00 DEBUG 31772 --- [ms-negocio-gestion-alquileres] [    Test worker] org.hibernate.orm.idgen.factory          : Registering IdentifierGenerator strategy [uuid.hex] -> [org.hibernate.id.UUIDHexGenerator]
2025-10-23T17:05:48.637-05:00 DEBUG 31772 --- [ms-negocio-gestion-alquileres] [    Test worker] org.hibernate.orm.idgen.factory          : Registering IdentifierGenerator strategy [assigned] -> [org.hibernate.id.Assigned]
2025-10-23T17:05:48.637-05:00 DEBUG 31772 --- [ms-negocio-gestion-alquileres] [    Test worker] org.hibernate.orm.idgen.factory          : Registering IdentifierGenerator strategy [identity] -> [org.hibernate.id.IdentityGenerator]
2025-10-23T17:05:48.637-05:00 DEBUG 31772 --- [ms-negocio-gestion-alquileres] [    Test worker] org.hibernate.orm.idgen.factory          : Registering IdentifierGenerator strategy [select] -> [org.hibernate.id.SelectGenerator]
2025-10-23T17:05:48.640-05:00 DEBUG 31772 --- [ms-negocio-gestion-alquileres] [    Test worker] org.hibernate.orm.idgen.factory          : Registering IdentifierGenerator strategy [sequence] -> [org.hibernate.id.enhanced.SequenceStyleGenerator]
2025-10-23T17:05:48.640-05:00 DEBUG 31772 --- [ms-negocio-gestion-alquileres] [    Test worker] org.hibernate.orm.idgen.factory          : Registering IdentifierGenerator strategy [increment] -> [org.hibernate.id.IncrementGenerator]
2025-10-23T17:05:48.640-05:00 DEBUG 31772 --- [ms-negocio-gestion-alquileres] [    Test worker] org.hibernate.orm.idgen.factory          : Registering IdentifierGenerator strategy [foreign] -> [org.hibernate.id.ForeignGenerator]
2025-10-23T17:05:48.640-05:00 DEBUG 31772 --- [ms-negocio-gestion-alquileres] [    Test worker] org.hibernate.orm.idgen.factory          : Registering IdentifierGenerator strategy [enhanced-sequence] -> [org.hibernate.id.enhanced.SequenceStyleGenerator]
2025-10-23T17:05:48.640-05:00 DEBUG 31772 --- [ms-negocio-gestion-alquileres] [    Test worker] org.hibernate.orm.idgen.factory          : Registering IdentifierGenerator strategy [enhanced-table] -> [org.hibernate.id.enhanced.TableGenerator]
2025-10-23T17:05:48.650-05:00 DEBUG 31772 --- [ms-negocio-gestion-alquileres] [    Test worker] o.h.c.internal.RegionFactoryInitiator    : Cannot default RegionFactory based on registered strategies as `[]` RegionFactory strategies were registered
2025-10-23T17:05:48.650-05:00  INFO 31772 --- [ms-negocio-gestion-alquileres] [    Test worker] o.h.c.internal.RegionFactoryInitiator    : HHH000026: Second-level cache disabled
2025-10-23T17:05:48.752-05:00 DEBUG 31772 --- [ms-negocio-gestion-alquileres] [    Test worker] org.hibernate.type.BasicTypeRegistry     : Adding type registration boolean -> org.hibernate.type.BasicTypeReference@24f2608b
2025-10-23T17:05:48.752-05:00 DEBUG 31772 --- [ms-negocio-gestion-alquileres] [    Test worker] org.hibernate.type.BasicTypeRegistry     : Adding type registration boolean -> org.hibernate.type.BasicTypeReference@24f2608b
2025-10-23T17:05:48.752-05:00 DEBUG 31772 --- [ms-negocio-gestion-alquileres] [    Test worker] org.hibernate.type.BasicTypeRegistry     : Adding type registration java.lang.Boolean -> org.hibernate.type.BasicTypeReference@24f2608b
2025-10-23T17:05:48.752-05:00 DEBUG 31772 --- [ms-negocio-gestion-alquileres] [    Test worker] org.hibernate.type.BasicTypeRegistry     : Adding type registration numeric_boolean -> org.hibernate.type.BasicTypeReference@12a9e864
2025-10-23T17:05:48.752-05:00 DEBUG 31772 --- [ms-negocio-gestion-alquileres] [    Test worker] org.hibernate.type.BasicTypeRegistry     : Adding type registration org.hibernate.type.NumericBooleanConverter -> org.hibernate.type.BasicTypeReference@12a9e864
2025-10-23T17:05:48.752-05:00 DEBUG 31772 --- [ms-negocio-gestion-alquileres] [    Test worker] org.hibernate.type.BasicTypeRegistry     : Adding type registration true_false -> org.hibernate.type.BasicTypeReference@462f8fe9
2025-10-23T17:05:48.752-05:00 DEBUG 31772 --- [ms-negocio-gestion-alquileres] [    Test worker] org.hibernate.type.BasicTypeRegistry     : Adding type registration org.hibernate.type.TrueFalseConverter -> org.hibernate.type.BasicTypeReference@462f8fe9
2025-10-23T17:05:48.752-05:00 DEBUG 31772 --- [ms-negocio-gestion-alquileres] [    Test worker] org.hibernate.type.BasicTypeRegistry     : Adding type registration yes_no -> org.hibernate.type.BasicTypeReference@3c6fc4cd
2025-10-23T17:05:48.752-05:00 DEBUG 31772 --- [ms-negocio-gestion-alquileres] [    Test worker] org.hibernate.type.BasicTypeRegistry     : Adding type registration org.hibernate.type.YesNoConverter -> org.hibernate.type.BasicTypeReference@3c6fc4cd
2025-10-23T17:05:48.752-05:00 DEBUG 31772 --- [ms-negocio-gestion-alquileres] [    Test worker] org.hibernate.type.BasicTypeRegistry     : Adding type registration byte -> org.hibernate.type.BasicTypeReference@b2e1df3
2025-10-23T17:05:48.752-05:00 DEBUG 31772 --- [ms-negocio-gestion-alquileres] [    Test worker] org.hibernate.type.BasicTypeRegistry     : Adding type registration byte -> org.hibernate.type.BasicTypeReference@b2e1df3
2025-10-23T17:05:48.752-05:00 DEBUG 31772 --- [ms-negocio-gestion-alquileres] [    Test worker] org.hibernate.type.BasicTypeRegistry     : Adding type registration java.lang.Byte -> org.hibernate.type.BasicTypeReference@b2e1df3
2025-10-23T17:05:48.752-05:00 DEBUG 31772 --- [ms-negocio-gestion-alquileres] [    Test worker] org.hibernate.type.BasicTypeRegistry     : Adding type registration binary -> org.hibernate.type.BasicTypeReference@56193e3a
2025-10-23T17:05:48.752-05:00 DEBUG 31772 --- [ms-negocio-gestion-alquileres] [    Test worker] org.hibernate.type.BasicTypeRegistry     : Adding type registration byte[] -> org.hibernate.type.BasicTypeReference@56193e3a
2025-10-23T17:05:48.752-05:00 DEBUG 31772 --- [ms-negocio-gestion-alquileres] [    Test worker] org.hibernate.type.BasicTypeRegistry     : Adding type registration [B -> org.hibernate.type.BasicTypeReference@56193e3a
2025-10-23T17:05:48.752-05:00 DEBUG 31772 --- [ms-negocio-gestion-alquileres] [    Test worker] org.hibernate.type.BasicTypeRegistry     : Adding type registration binary_wrapper -> org.hibernate.type.BasicTypeReference@6cf3b3d7
2025-10-23T17:05:48.752-05:00 DEBUG 31772 --- [ms-negocio-gestion-alquileres] [    Test worker] org.hibernate.type.BasicTypeRegistry     : Adding type registration wrapper-binary -> org.hibernate.type.BasicTypeReference@6cf3b3d7
2025-10-23T17:05:48.752-05:00 DEBUG 31772 --- [ms-negocio-gestion-alquileres] [    Test worker] org.hibernate.type.BasicTypeRegistry     : Adding type registration image -> org.hibernate.type.BasicTypeReference@2e785b28
2025-10-23T17:05:48.752-05:00 DEBUG 31772 --- [ms-negocio-gestion-alquileres] [    Test worker] org.hibernate.type.BasicTypeRegistry     : Adding type registration blob -> org.hibernate.type.BasicTypeReference@55c20a91
2025-10-23T17:05:48.752-05:00 DEBUG 31772 --- [ms-negocio-gestion-alquileres] [    Test worker] org.hibernate.type.BasicTypeRegistry     : Adding type registration java.sql.Blob -> org.hibernate.type.BasicTypeReference@55c20a91
2025-10-23T17:05:48.752-05:00 DEBUG 31772 --- [ms-negocio-gestion-alquileres] [    Test worker] org.hibernate.type.BasicTypeRegistry     : Adding type registration materialized_blob -> org.hibernate.type.BasicTypeReference@4a3516fd
2025-10-23T17:05:48.752-05:00 DEBUG 31772 --- [ms-negocio-gestion-alquileres] [    Test worker] org.hibernate.type.BasicTypeRegistry     : Adding type registration materialized_blob_wrapper -> org.hibernate.type.BasicTypeReference@3ba96967
2025-10-23T17:05:48.752-05:00 DEBUG 31772 --- [ms-negocio-gestion-alquileres] [    Test worker] org.hibernate.type.BasicTypeRegistry     : Adding type registration short -> org.hibernate.type.BasicTypeReference@5764d421
2025-10-23T17:05:48.752-05:00 DEBUG 31772 --- [ms-negocio-gestion-alquileres] [    Test worker] org.hibernate.type.BasicTypeRegistry     : Adding type registration short -> org.hibernate.type.BasicTypeReference@5764d421
2025-10-23T17:05:48.752-05:00 DEBUG 31772 --- [ms-negocio-gestion-alquileres] [    Test worker] org.hibernate.type.BasicTypeRegistry     : Adding type registration java.lang.Short -> org.hibernate.type.BasicTypeReference@5764d421
2025-10-23T17:05:48.752-05:00 DEBUG 31772 --- [ms-negocio-gestion-alquileres] [    Test worker] org.hibernate.type.BasicTypeRegistry     : Adding type registration integer -> org.hibernate.type.BasicTypeReference@1237cade
2025-10-23T17:05:48.752-05:00 DEBUG 31772 --- [ms-negocio-gestion-alquileres] [    Test worker] org.hibernate.type.BasicTypeRegistry     : Adding type registration int -> org.hibernate.type.BasicTypeReference@1237cade
2025-10-23T17:05:48.752-05:00 DEBUG 31772 --- [ms-negocio-gestion-alquileres] [    Test worker] org.hibernate.type.BasicTypeRegistry     : Adding type registration java.lang.Integer -> org.hibernate.type.BasicTypeReference@1237cade
2025-10-23T17:05:48.752-05:00 DEBUG 31772 --- [ms-negocio-gestion-alquileres] [    Test worker] org.hibernate.type.BasicTypeRegistry     : Adding type registration long -> org.hibernate.type.BasicTypeReference@70d7a49b
2025-10-23T17:05:48.752-05:00 DEBUG 31772 --- [ms-negocio-gestion-alquileres] [    Test worker] org.hibernate.type.BasicTypeRegistry     : Adding type registration long -> org.hibernate.type.BasicTypeReference@70d7a49b
2025-10-23T17:05:48.752-05:00 DEBUG 31772 --- [ms-negocio-gestion-alquileres] [    Test worker] org.hibernate.type.BasicTypeRegistry     : Adding type registration java.lang.Long -> org.hibernate.type.BasicTypeReference@70d7a49b
2025-10-23T17:05:48.752-05:00 DEBUG 31772 --- [ms-negocio-gestion-alquileres] [    Test worker] org.hibernate.type.BasicTypeRegistry     : Adding type registration float -> org.hibernate.type.BasicTypeReference@4509b7
2025-10-23T17:05:48.752-05:00 DEBUG 31772 --- [ms-negocio-gestion-alquileres] [    Test worker] org.hibernate.type.BasicTypeRegistry     : Adding type registration float -> org.hibernate.type.BasicTypeReference@4509b7
2025-10-23T17:05:48.752-05:00 DEBUG 31772 --- [ms-negocio-gestion-alquileres] [    Test worker] org.hibernate.type.BasicTypeRegistry     : Adding type registration java.lang.Float -> org.hibernate.type.BasicTypeReference@4509b7
2025-10-23T17:05:48.752-05:00 DEBUG 31772 --- [ms-negocio-gestion-alquileres] [    Test worker] org.hibernate.type.BasicTypeRegistry     : Adding type registration double -> org.hibernate.type.BasicTypeReference@71f10042
2025-10-23T17:05:48.752-05:00 DEBUG 31772 --- [ms-negocio-gestion-alquileres] [    Test worker] org.hibernate.type.BasicTypeRegistry     : Adding type registration double -> org.hibernate.type.BasicTypeReference@71f10042
2025-10-23T17:05:48.752-05:00 DEBUG 31772 --- [ms-negocio-gestion-alquileres] [    Test worker] org.hibernate.type.BasicTypeRegistry     : Adding type registration java.lang.Double -> org.hibernate.type.BasicTypeReference@71f10042
2025-10-23T17:05:48.752-05:00 DEBUG 31772 --- [ms-negocio-gestion-alquileres] [    Test worker] org.hibernate.type.BasicTypeRegistry     : Adding type registration big_integer -> org.hibernate.type.BasicTypeReference@5dbc4598
2025-10-23T17:05:48.752-05:00 DEBUG 31772 --- [ms-negocio-gestion-alquileres] [    Test worker] org.hibernate.type.BasicTypeRegistry     : Adding type registration java.math.BigInteger -> org.hibernate.type.BasicTypeReference@5dbc4598
2025-10-23T17:05:48.752-05:00 DEBUG 31772 --- [ms-negocio-gestion-alquileres] [    Test worker] org.hibernate.type.BasicTypeRegistry     : Adding type registration big_decimal -> org.hibernate.type.BasicTypeReference@1002d1c8
2025-10-23T17:05:48.752-05:00 DEBUG 31772 --- [ms-negocio-gestion-alquileres] [    Test worker] org.hibernate.type.BasicTypeRegistry     : Adding type registration java.math.BigDecimal -> org.hibernate.type.BasicTypeReference@1002d1c8
2025-10-23T17:05:48.752-05:00 DEBUG 31772 --- [ms-negocio-gestion-alquileres] [    Test worker] org.hibernate.type.BasicTypeRegistry     : Adding type registration character -> org.hibernate.type.BasicTypeReference@38a27ace
2025-10-23T17:05:48.752-05:00 DEBUG 31772 --- [ms-negocio-gestion-alquileres] [    Test worker] org.hibernate.type.BasicTypeRegistry     : Adding type registration char -> org.hibernate.type.BasicTypeReference@38a27ace
2025-10-23T17:05:48.752-05:00 DEBUG 31772 --- [ms-negocio-gestion-alquileres] [    Test worker] org.hibernate.type.BasicTypeRegistry     : Adding type registration java.lang.Character -> org.hibernate.type.BasicTypeReference@38a27ace
2025-10-23T17:05:48.752-05:00 DEBUG 31772 --- [ms-negocio-gestion-alquileres] [    Test worker] org.hibernate.type.BasicTypeRegistry     : Adding type registration character_nchar -> org.hibernate.type.BasicTypeReference@41289e88
2025-10-23T17:05:48.752-05:00 DEBUG 31772 --- [ms-negocio-gestion-alquileres] [    Test worker] org.hibernate.type.BasicTypeRegistry     : Adding type registration string -> org.hibernate.type.BasicTypeReference@7e8783b0
2025-10-23T17:05:48.752-05:00 DEBUG 31772 --- [ms-negocio-gestion-alquileres] [    Test worker] org.hibernate.type.BasicTypeRegistry     : Adding type registration java.lang.String -> org.hibernate.type.BasicTypeReference@7e8783b0
2025-10-23T17:05:48.752-05:00 DEBUG 31772 --- [ms-negocio-gestion-alquileres] [    Test worker] org.hibernate.type.BasicTypeRegistry     : Adding type registration nstring -> org.hibernate.type.BasicTypeReference@788d9139
2025-10-23T17:05:48.752-05:00 DEBUG 31772 --- [ms-negocio-gestion-alquileres] [    Test worker] org.hibernate.type.BasicTypeRegistry     : Adding type registration characters -> org.hibernate.type.BasicTypeReference@53d2f0ec
2025-10-23T17:05:48.752-05:00 DEBUG 31772 --- [ms-negocio-gestion-alquileres] [    Test worker] org.hibernate.type.BasicTypeRegistry     : Adding type registration char[] -> org.hibernate.type.BasicTypeReference@53d2f0ec
2025-10-23T17:05:48.752-05:00 DEBUG 31772 --- [ms-negocio-gestion-alquileres] [    Test worker] org.hibernate.type.BasicTypeRegistry     : Adding type registration [C -> org.hibernate.type.BasicTypeReference@53d2f0ec
2025-10-23T17:05:48.752-05:00 DEBUG 31772 --- [ms-negocio-gestion-alquileres] [    Test worker] org.hibernate.type.BasicTypeRegistry     : Adding type registration wrapper-characters -> org.hibernate.type.BasicTypeReference@560be8c0
2025-10-23T17:05:48.752-05:00 DEBUG 31772 --- [ms-negocio-gestion-alquileres] [    Test worker] org.hibernate.type.BasicTypeRegistry     : Adding type registration text -> org.hibernate.type.BasicTypeReference@14d36bb2
2025-10-23T17:05:48.752-05:00 DEBUG 31772 --- [ms-negocio-gestion-alquileres] [    Test worker] org.hibernate.type.BasicTypeRegistry     : Adding type registration ntext -> org.hibernate.type.BasicTypeReference@432448
2025-10-23T17:05:48.752-05:00 DEBUG 31772 --- [ms-negocio-gestion-alquileres] [    Test worker] org.hibernate.type.BasicTypeRegistry     : Adding type registration clob -> org.hibernate.type.BasicTypeReference@4452e13c
2025-10-23T17:05:48.752-05:00 DEBUG 31772 --- [ms-negocio-gestion-alquileres] [    Test worker] org.hibernate.type.BasicTypeRegistry     : Adding type registration java.sql.Clob -> org.hibernate.type.BasicTypeReference@4452e13c
2025-10-23T17:05:48.752-05:00 DEBUG 31772 --- [ms-negocio-gestion-alquileres] [    Test worker] org.hibernate.type.BasicTypeRegistry     : Adding type registration nclob -> org.hibernate.type.BasicTypeReference@4d964c9e
2025-10-23T17:05:48.761-05:00 DEBUG 31772 --- [ms-negocio-gestion-alquileres] [    Test worker] org.hibernate.type.BasicTypeRegistry     : Adding type registration java.sql.NClob -> org.hibernate.type.BasicTypeReference@4d964c9e
2025-10-23T17:05:48.761-05:00 DEBUG 31772 --- [ms-negocio-gestion-alquileres] [    Test worker] org.hibernate.type.BasicTypeRegistry     : Adding type registration materialized_clob -> org.hibernate.type.BasicTypeReference@42172065
2025-10-23T17:05:48.761-05:00 DEBUG 31772 --- [ms-negocio-gestion-alquileres] [    Test worker] org.hibernate.type.BasicTypeRegistry     : Adding type registration materialized_clob_char_array -> org.hibernate.type.BasicTypeReference@5b6f3d0b
2025-10-23T17:05:48.761-05:00 DEBUG 31772 --- [ms-negocio-gestion-alquileres] [    Test worker] org.hibernate.type.BasicTypeRegistry     : Adding type registration materialized_clob_character_array -> org.hibernate.type.BasicTypeReference@8e77c5b
2025-10-23T17:05:48.761-05:00 DEBUG 31772 --- [ms-negocio-gestion-alquileres] [    Test worker] org.hibernate.type.BasicTypeRegistry     : Adding type registration materialized_nclob -> org.hibernate.type.BasicTypeReference@776a3365
2025-10-23T17:05:48.761-05:00 DEBUG 31772 --- [ms-negocio-gestion-alquileres] [    Test worker] org.hibernate.type.BasicTypeRegistry     : Adding type registration materialized_nclob_character_array -> org.hibernate.type.BasicTypeReference@c0521e5
2025-10-23T17:05:48.761-05:00 DEBUG 31772 --- [ms-negocio-gestion-alquileres] [    Test worker] org.hibernate.type.BasicTypeRegistry     : Adding type registration materialized_nclob_char_array -> org.hibernate.type.BasicTypeReference@2e20c20b
2025-10-23T17:05:48.761-05:00 DEBUG 31772 --- [ms-negocio-gestion-alquileres] [    Test worker] org.hibernate.type.BasicTypeRegistry     : Adding type registration Duration -> org.hibernate.type.BasicTypeReference@1d167630
2025-10-23T17:05:48.761-05:00 DEBUG 31772 --- [ms-negocio-gestion-alquileres] [    Test worker] org.hibernate.type.BasicTypeRegistry     : Adding type registration java.time.Duration -> org.hibernate.type.BasicTypeReference@1d167630
2025-10-23T17:05:48.761-05:00 DEBUG 31772 --- [ms-negocio-gestion-alquileres] [    Test worker] org.hibernate.type.BasicTypeRegistry     : Adding type registration LocalDateTime -> org.hibernate.type.BasicTypeReference@3bc18fec
2025-10-23T17:05:48.761-05:00 DEBUG 31772 --- [ms-negocio-gestion-alquileres] [    Test worker] org.hibernate.type.BasicTypeRegistry     : Adding type registration java.time.LocalDateTime -> org.hibernate.type.BasicTypeReference@3bc18fec
2025-10-23T17:05:48.761-05:00 DEBUG 31772 --- [ms-negocio-gestion-alquileres] [    Test worker] org.hibernate.type.BasicTypeRegistry     : Adding type registration LocalDate -> org.hibernate.type.BasicTypeReference@1eee9b78
2025-10-23T17:05:48.761-05:00 DEBUG 31772 --- [ms-negocio-gestion-alquileres] [    Test worker] org.hibernate.type.BasicTypeRegistry     : Adding type registration java.time.LocalDate -> org.hibernate.type.BasicTypeReference@1eee9b78
2025-10-23T17:05:48.761-05:00 DEBUG 31772 --- [ms-negocio-gestion-alquileres] [    Test worker] org.hibernate.type.BasicTypeRegistry     : Adding type registration LocalTime -> org.hibernate.type.BasicTypeReference@36762234
2025-10-23T17:05:48.761-05:00 DEBUG 31772 --- [ms-negocio-gestion-alquileres] [    Test worker] org.hibernate.type.BasicTypeRegistry     : Adding type registration java.time.LocalTime -> org.hibernate.type.BasicTypeReference@36762234
2025-10-23T17:05:48.761-05:00 DEBUG 31772 --- [ms-negocio-gestion-alquileres] [    Test worker] org.hibernate.type.BasicTypeRegistry     : Adding type registration OffsetDateTime -> org.hibernate.type.BasicTypeReference@18ff753c
2025-10-23T17:05:48.761-05:00 DEBUG 31772 --- [ms-negocio-gestion-alquileres] [    Test worker] org.hibernate.type.BasicTypeRegistry     : Adding type registration java.time.OffsetDateTime -> org.hibernate.type.BasicTypeReference@18ff753c
2025-10-23T17:05:48.761-05:00 DEBUG 31772 --- [ms-negocio-gestion-alquileres] [    Test worker] org.hibernate.type.BasicTypeRegistry     : Adding type registration OffsetDateTimeWithTimezone -> org.hibernate.type.BasicTypeReference@2ff62720
2025-10-23T17:05:48.761-05:00 DEBUG 31772 --- [ms-negocio-gestion-alquileres] [    Test worker] org.hibernate.type.BasicTypeRegistry     : Adding type registration OffsetDateTimeWithoutTimezone -> org.hibernate.type.BasicTypeReference@45295cfd
2025-10-23T17:05:48.761-05:00 DEBUG 31772 --- [ms-negocio-gestion-alquileres] [    Test worker] org.hibernate.type.BasicTypeRegistry     : Adding type registration OffsetTime -> org.hibernate.type.BasicTypeReference@42c9b1ee
2025-10-23T17:05:48.761-05:00 DEBUG 31772 --- [ms-negocio-gestion-alquileres] [    Test worker] org.hibernate.type.BasicTypeRegistry     : Adding type registration java.time.OffsetTime -> org.hibernate.type.BasicTypeReference@42c9b1ee
2025-10-23T17:05:48.761-05:00 DEBUG 31772 --- [ms-negocio-gestion-alquileres] [    Test worker] org.hibernate.type.BasicTypeRegistry     : Adding type registration OffsetTimeUtc -> org.hibernate.type.BasicTypeReference@217c6a1e
2025-10-23T17:05:48.761-05:00 DEBUG 31772 --- [ms-negocio-gestion-alquileres] [    Test worker] org.hibernate.type.BasicTypeRegistry     : Adding type registration OffsetTimeWithTimezone -> org.hibernate.type.BasicTypeReference@3fad8636
2025-10-23T17:05:48.761-05:00 DEBUG 31772 --- [ms-negocio-gestion-alquileres] [    Test worker] org.hibernate.type.BasicTypeRegistry     : Adding type registration OffsetTimeWithoutTimezone -> org.hibernate.type.BasicTypeReference@306cfb8a
2025-10-23T17:05:48.761-05:00 DEBUG 31772 --- [ms-negocio-gestion-alquileres] [    Test worker] org.hibernate.type.BasicTypeRegistry     : Adding type registration ZonedDateTime -> org.hibernate.type.BasicTypeReference@3fa57aa8
2025-10-23T17:05:48.761-05:00 DEBUG 31772 --- [ms-negocio-gestion-alquileres] [    Test worker] org.hibernate.type.BasicTypeRegistry     : Adding type registration java.time.ZonedDateTime -> org.hibernate.type.BasicTypeReference@3fa57aa8
2025-10-23T17:05:48.761-05:00 DEBUG 31772 --- [ms-negocio-gestion-alquileres] [    Test worker] org.hibernate.type.BasicTypeRegistry     : Adding type registration ZonedDateTimeWithTimezone -> org.hibernate.type.BasicTypeReference@7d4bdbd8
2025-10-23T17:05:48.761-05:00 DEBUG 31772 --- [ms-negocio-gestion-alquileres] [    Test worker] org.hibernate.type.BasicTypeRegistry     : Adding type registration ZonedDateTimeWithoutTimezone -> org.hibernate.type.BasicTypeReference@2e847e71
2025-10-23T17:05:48.761-05:00 DEBUG 31772 --- [ms-negocio-gestion-alquileres] [    Test worker] org.hibernate.type.BasicTypeRegistry     : Adding type registration date -> org.hibernate.type.BasicTypeReference@79636080
2025-10-23T17:05:48.761-05:00 DEBUG 31772 --- [ms-negocio-gestion-alquileres] [    Test worker] org.hibernate.type.BasicTypeRegistry     : Adding type registration java.sql.Date -> org.hibernate.type.BasicTypeReference@79636080
2025-10-23T17:05:48.761-05:00 DEBUG 31772 --- [ms-negocio-gestion-alquileres] [    Test worker] org.hibernate.type.BasicTypeRegistry     : Adding type registration time -> org.hibernate.type.BasicTypeReference@6d87253e
2025-10-23T17:05:48.761-05:00 DEBUG 31772 --- [ms-negocio-gestion-alquileres] [    Test worker] org.hibernate.type.BasicTypeRegistry     : Adding type registration java.sql.Time -> org.hibernate.type.BasicTypeReference@6d87253e
2025-10-23T17:05:48.761-05:00 DEBUG 31772 --- [ms-negocio-gestion-alquileres] [    Test worker] org.hibernate.type.BasicTypeRegistry     : Adding type registration timestamp -> org.hibernate.type.BasicTypeReference@4e31b64d
2025-10-23T17:05:48.761-05:00 DEBUG 31772 --- [ms-negocio-gestion-alquileres] [    Test worker] org.hibernate.type.BasicTypeRegistry     : Adding type registration java.sql.Timestamp -> org.hibernate.type.BasicTypeReference@4e31b64d
2025-10-23T17:05:48.761-05:00 DEBUG 31772 --- [ms-negocio-gestion-alquileres] [    Test worker] org.hibernate.type.BasicTypeRegistry     : Adding type registration java.util.Date -> org.hibernate.type.BasicTypeReference@4e31b64d
2025-10-23T17:05:48.761-05:00 DEBUG 31772 --- [ms-negocio-gestion-alquileres] [    Test worker] org.hibernate.type.BasicTypeRegistry     : Adding type registration calendar -> org.hibernate.type.BasicTypeReference@434b2e0c
2025-10-23T17:05:48.761-05:00 DEBUG 31772 --- [ms-negocio-gestion-alquileres] [    Test worker] org.hibernate.type.BasicTypeRegistry     : Adding type registration java.util.Calendar -> org.hibernate.type.BasicTypeReference@434b2e0c
2025-10-23T17:05:48.761-05:00 DEBUG 31772 --- [ms-negocio-gestion-alquileres] [    Test worker] org.hibernate.type.BasicTypeRegistry     : Adding type registration java.util.GregorianCalendar -> org.hibernate.type.BasicTypeReference@434b2e0c
2025-10-23T17:05:48.761-05:00 DEBUG 31772 --- [ms-negocio-gestion-alquileres] [    Test worker] org.hibernate.type.BasicTypeRegistry     : Adding type registration calendar_date -> org.hibernate.type.BasicTypeReference@75345e47
2025-10-23T17:05:48.761-05:00 DEBUG 31772 --- [ms-negocio-gestion-alquileres] [    Test worker] org.hibernate.type.BasicTypeRegistry     : Adding type registration calendar_time -> org.hibernate.type.BasicTypeReference@36f40d72
2025-10-23T17:05:48.761-05:00 DEBUG 31772 --- [ms-negocio-gestion-alquileres] [    Test worker] org.hibernate.type.BasicTypeRegistry     : Adding type registration instant -> org.hibernate.type.BasicTypeReference@2c557eee
2025-10-23T17:05:48.761-05:00 DEBUG 31772 --- [ms-negocio-gestion-alquileres] [    Test worker] org.hibernate.type.BasicTypeRegistry     : Adding type registration java.time.Instant -> org.hibernate.type.BasicTypeReference@2c557eee
2025-10-23T17:05:48.761-05:00 DEBUG 31772 --- [ms-negocio-gestion-alquileres] [    Test worker] org.hibernate.type.BasicTypeRegistry     : Adding type registration uuid -> org.hibernate.type.BasicTypeReference@7c47b0f8
2025-10-23T17:05:48.761-05:00 DEBUG 31772 --- [ms-negocio-gestion-alquileres] [    Test worker] org.hibernate.type.BasicTypeRegistry     : Adding type registration java.util.UUID -> org.hibernate.type.BasicTypeReference@7c47b0f8
2025-10-23T17:05:48.761-05:00 DEBUG 31772 --- [ms-negocio-gestion-alquileres] [    Test worker] org.hibernate.type.BasicTypeRegistry     : Adding type registration pg-uuid -> org.hibernate.type.BasicTypeReference@7c47b0f8
2025-10-23T17:05:48.761-05:00 DEBUG 31772 --- [ms-negocio-gestion-alquileres] [    Test worker] org.hibernate.type.BasicTypeRegistry     : Adding type registration uuid-binary -> org.hibernate.type.BasicTypeReference@2b561f51
2025-10-23T17:05:48.761-05:00 DEBUG 31772 --- [ms-negocio-gestion-alquileres] [    Test worker] org.hibernate.type.BasicTypeRegistry     : Adding type registration uuid-char -> org.hibernate.type.BasicTypeReference@3d5f08d4
2025-10-23T17:05:48.761-05:00 DEBUG 31772 --- [ms-negocio-gestion-alquileres] [    Test worker] org.hibernate.type.BasicTypeRegistry     : Adding type registration class -> org.hibernate.type.BasicTypeReference@3afaa39f
2025-10-23T17:05:48.761-05:00 DEBUG 31772 --- [ms-negocio-gestion-alquileres] [    Test worker] org.hibernate.type.BasicTypeRegistry     : Adding type registration java.lang.Class -> org.hibernate.type.BasicTypeReference@3afaa39f
2025-10-23T17:05:48.761-05:00 DEBUG 31772 --- [ms-negocio-gestion-alquileres] [    Test worker] org.hibernate.type.BasicTypeRegistry     : Adding type registration currency -> org.hibernate.type.BasicTypeReference@7b7b1448
2025-10-23T17:05:48.761-05:00 DEBUG 31772 --- [ms-negocio-gestion-alquileres] [    Test worker] org.hibernate.type.BasicTypeRegistry     : Adding type registration Currency -> org.hibernate.type.BasicTypeReference@7b7b1448
2025-10-23T17:05:48.761-05:00 DEBUG 31772 --- [ms-negocio-gestion-alquileres] [    Test worker] org.hibernate.type.BasicTypeRegistry     : Adding type registration java.util.Currency -> org.hibernate.type.BasicTypeReference@7b7b1448
2025-10-23T17:05:48.761-05:00 DEBUG 31772 --- [ms-negocio-gestion-alquileres] [    Test worker] org.hibernate.type.BasicTypeRegistry     : Adding type registration locale -> org.hibernate.type.BasicTypeReference@60cc20e1
2025-10-23T17:05:48.761-05:00 DEBUG 31772 --- [ms-negocio-gestion-alquileres] [    Test worker] org.hibernate.type.BasicTypeRegistry     : Adding type registration java.util.Locale -> org.hibernate.type.BasicTypeReference@60cc20e1
2025-10-23T17:05:48.761-05:00 DEBUG 31772 --- [ms-negocio-gestion-alquileres] [    Test worker] org.hibernate.type.BasicTypeRegistry     : Adding type registration serializable -> org.hibernate.type.BasicTypeReference@25109d84
2025-10-23T17:05:48.761-05:00 DEBUG 31772 --- [ms-negocio-gestion-alquileres] [    Test worker] org.hibernate.type.BasicTypeRegistry     : Adding type registration java.io.Serializable -> org.hibernate.type.BasicTypeReference@25109d84
2025-10-23T17:05:48.761-05:00 DEBUG 31772 --- [ms-negocio-gestion-alquileres] [    Test worker] org.hibernate.type.BasicTypeRegistry     : Adding type registration timezone -> org.hibernate.type.BasicTypeReference@4a1934e2
2025-10-23T17:05:48.761-05:00 DEBUG 31772 --- [ms-negocio-gestion-alquileres] [    Test worker] org.hibernate.type.BasicTypeRegistry     : Adding type registration java.util.TimeZone -> org.hibernate.type.BasicTypeReference@4a1934e2
2025-10-23T17:05:48.761-05:00 DEBUG 31772 --- [ms-negocio-gestion-alquileres] [    Test worker] org.hibernate.type.BasicTypeRegistry     : Adding type registration ZoneOffset -> org.hibernate.type.BasicTypeReference@6963b0bd
2025-10-23T17:05:48.761-05:00 DEBUG 31772 --- [ms-negocio-gestion-alquileres] [    Test worker] org.hibernate.type.BasicTypeRegistry     : Adding type registration java.time.ZoneOffset -> org.hibernate.type.BasicTypeReference@6963b0bd
2025-10-23T17:05:48.761-05:00 DEBUG 31772 --- [ms-negocio-gestion-alquileres] [    Test worker] org.hibernate.type.BasicTypeRegistry     : Adding type registration url -> org.hibernate.type.BasicTypeReference@68a94e58
2025-10-23T17:05:48.761-05:00 DEBUG 31772 --- [ms-negocio-gestion-alquileres] [    Test worker] org.hibernate.type.BasicTypeRegistry     : Adding type registration java.net.URL -> org.hibernate.type.BasicTypeReference@68a94e58
2025-10-23T17:05:48.761-05:00 DEBUG 31772 --- [ms-negocio-gestion-alquileres] [    Test worker] org.hibernate.type.BasicTypeRegistry     : Adding type registration vector -> org.hibernate.type.BasicTypeReference@49741274
2025-10-23T17:05:48.761-05:00 DEBUG 31772 --- [ms-negocio-gestion-alquileres] [    Test worker] org.hibernate.type.BasicTypeRegistry     : Adding type registration float_vector -> org.hibernate.type.BasicTypeReference@4a49919c
2025-10-23T17:05:48.761-05:00 DEBUG 31772 --- [ms-negocio-gestion-alquileres] [    Test worker] org.hibernate.type.BasicTypeRegistry     : Adding type registration double_vector -> org.hibernate.type.BasicTypeReference@3e5b2630
2025-10-23T17:05:48.761-05:00 DEBUG 31772 --- [ms-negocio-gestion-alquileres] [    Test worker] org.hibernate.type.BasicTypeRegistry     : Adding type registration byte_vector -> org.hibernate.type.BasicTypeReference@1c22642d
2025-10-23T17:05:48.761-05:00 DEBUG 31772 --- [ms-negocio-gestion-alquileres] [    Test worker] org.hibernate.type.BasicTypeRegistry     : Adding type registration row_version -> org.hibernate.type.BasicTypeReference@75ac326f
2025-10-23T17:05:48.768-05:00 DEBUG 31772 --- [ms-negocio-gestion-alquileres] [    Test worker] org.hibernate.type.BasicTypeRegistry     : Adding type registration object -> org.hibernate.type.JavaObjectType@3c271988
2025-10-23T17:05:48.768-05:00 DEBUG 31772 --- [ms-negocio-gestion-alquileres] [    Test worker] org.hibernate.type.BasicTypeRegistry     : Adding type registration java.lang.Object -> org.hibernate.type.JavaObjectType@3c271988
2025-10-23T17:05:48.771-05:00 DEBUG 31772 --- [ms-negocio-gestion-alquileres] [    Test worker] org.hibernate.type.BasicTypeRegistry     : Adding type registration null -> org.hibernate.type.NullType@3945886e
2025-10-23T17:05:48.771-05:00 DEBUG 31772 --- [ms-negocio-gestion-alquileres] [    Test worker] org.hibernate.type.BasicTypeRegistry     : Adding type registration imm_date -> org.hibernate.type.BasicTypeReference@12765ebd
2025-10-23T17:05:48.771-05:00 DEBUG 31772 --- [ms-negocio-gestion-alquileres] [    Test worker] org.hibernate.type.BasicTypeRegistry     : Adding type registration imm_time -> org.hibernate.type.BasicTypeReference@1dac0784
2025-10-23T17:05:48.771-05:00 DEBUG 31772 --- [ms-negocio-gestion-alquileres] [    Test worker] org.hibernate.type.BasicTypeRegistry     : Adding type registration imm_timestamp -> org.hibernate.type.BasicTypeReference@3703a400
2025-10-23T17:05:48.771-05:00 DEBUG 31772 --- [ms-negocio-gestion-alquileres] [    Test worker] org.hibernate.type.BasicTypeRegistry     : Adding type registration imm_calendar -> org.hibernate.type.BasicTypeReference@22105c76
2025-10-23T17:05:48.771-05:00 DEBUG 31772 --- [ms-negocio-gestion-alquileres] [    Test worker] org.hibernate.type.BasicTypeRegistry     : Adding type registration imm_calendar_date -> org.hibernate.type.BasicTypeReference@2336d3f
2025-10-23T17:05:48.771-05:00 DEBUG 31772 --- [ms-negocio-gestion-alquileres] [    Test worker] org.hibernate.type.BasicTypeRegistry     : Adding type registration imm_calendar_time -> org.hibernate.type.BasicTypeReference@7f5ecada
2025-10-23T17:05:48.771-05:00 DEBUG 31772 --- [ms-negocio-gestion-alquileres] [    Test worker] org.hibernate.type.BasicTypeRegistry     : Adding type registration imm_binary -> org.hibernate.type.BasicTypeReference@55574295
2025-10-23T17:05:48.771-05:00 DEBUG 31772 --- [ms-negocio-gestion-alquileres] [    Test worker] org.hibernate.type.BasicTypeRegistry     : Adding type registration imm_serializable -> org.hibernate.type.BasicTypeReference@750457a5
2025-10-23T17:05:48.771-05:00 DEBUG 31772 --- [ms-negocio-gestion-alquileres] [    Test worker] o.h.boot.internal.BootstrapContextImpl   : Injecting JPA temp ClassLoader [org.springframework.instrument.classloading.SimpleThrowawayClassLoader@2de96eba] into BootstrapContext; was [null]
2025-10-23T17:05:48.771-05:00 DEBUG 31772 --- [ms-negocio-gestion-alquileres] [    Test worker] o.h.boot.internal.ClassLoaderAccessImpl  : ClassLoaderAccessImpl#injectTempClassLoader(org.springframework.instrument.classloading.SimpleThrowawayClassLoader@2de96eba) [was null]
2025-10-23T17:05:48.771-05:00 DEBUG 31772 --- [ms-negocio-gestion-alquileres] [    Test worker] o.h.boot.internal.BootstrapContextImpl   : Injecting ScanEnvironment [org.hibernate.jpa.boot.internal.StandardJpaScanEnvironmentImpl@3cae4518] into BootstrapContext; was [null]
2025-10-23T17:05:48.771-05:00 DEBUG 31772 --- [ms-negocio-gestion-alquileres] [    Test worker] o.h.boot.internal.BootstrapContextImpl   : Injecting ScanOptions [org.hibernate.boot.archive.scan.internal.StandardScanOptions@5a654e05] into BootstrapContext; was [org.hibernate.boot.archive.scan.internal.StandardScanOptions@121dac1a]
2025-10-23T17:05:48.784-05:00 DEBUG 31772 --- [ms-negocio-gestion-alquileres] [    Test worker] o.h.j.b.i.PersistenceUnitInfoDescriptor  : Pushing class transformers for PU named 'default' on loading classloader jdk.internal.loader.ClassLoaders$AppClassLoader@70dea4e
2025-10-23T17:05:48.950-05:00  INFO 31772 --- [ms-negocio-gestion-alquileres] [    Test worker] o.s.o.j.p.SpringPersistenceUnitInfo      : No LoadTimeWeaver setup: ignoring JPA class transformer
2025-10-23T17:05:48.950-05:00 DEBUG 31772 --- [ms-negocio-gestion-alquileres] [    Test worker] o.h.boot.internal.BootstrapContextImpl   : Injecting JPA temp ClassLoader [null] into BootstrapContext; was [org.springframework.instrument.classloading.SimpleThrowawayClassLoader@2de96eba]
2025-10-23T17:05:48.950-05:00 DEBUG 31772 --- [ms-negocio-gestion-alquileres] [    Test worker] o.h.boot.internal.ClassLoaderAccessImpl  : ClassLoaderAccessImpl#injectTempClassLoader(null) [was org.springframework.instrument.classloading.SimpleThrowawayClassLoader@2de96eba]
2025-10-23T17:05:48.977-05:00 DEBUG 31772 --- [ms-negocio-gestion-alquileres] [    Test worker] com.zaxxer.hikari.HikariConfig           : HikariPool-1 - configuration:
2025-10-23T17:05:48.980-05:00 DEBUG 31772 --- [ms-negocio-gestion-alquileres] [    Test worker] com.zaxxer.hikari.HikariConfig           : allowPoolSuspension.............false
2025-10-23T17:05:48.980-05:00 DEBUG 31772 --- [ms-negocio-gestion-alquileres] [    Test worker] com.zaxxer.hikari.HikariConfig           : autoCommit......................true
2025-10-23T17:05:48.981-05:00 DEBUG 31772 --- [ms-negocio-gestion-alquileres] [    Test worker] com.zaxxer.hikari.HikariConfig           : catalog.........................none
2025-10-23T17:05:48.981-05:00 DEBUG 31772 --- [ms-negocio-gestion-alquileres] [    Test worker] com.zaxxer.hikari.HikariConfig           : connectionInitSql...............none
2025-10-23T17:05:48.981-05:00 DEBUG 31772 --- [ms-negocio-gestion-alquileres] [    Test worker] com.zaxxer.hikari.HikariConfig           : connectionTestQuery.............none
2025-10-23T17:05:48.982-05:00 DEBUG 31772 --- [ms-negocio-gestion-alquileres] [    Test worker] com.zaxxer.hikari.HikariConfig           : connectionTimeout...............30000
2025-10-23T17:05:48.982-05:00 DEBUG 31772 --- [ms-negocio-gestion-alquileres] [    Test worker] com.zaxxer.hikari.HikariConfig           : credentials.....................com.zaxxer.hikari.util.Credentials@632d1b1b
2025-10-23T17:05:48.982-05:00 DEBUG 31772 --- [ms-negocio-gestion-alquileres] [    Test worker] com.zaxxer.hikari.HikariConfig           : dataSource......................none
2025-10-23T17:05:48.982-05:00 DEBUG 31772 --- [ms-negocio-gestion-alquileres] [    Test worker] com.zaxxer.hikari.HikariConfig           : dataSourceClassName.............none
2025-10-23T17:05:48.982-05:00 DEBUG 31772 --- [ms-negocio-gestion-alquileres] [    Test worker] com.zaxxer.hikari.HikariConfig           : dataSourceJNDI..................none
2025-10-23T17:05:48.983-05:00 DEBUG 31772 --- [ms-negocio-gestion-alquileres] [    Test worker] com.zaxxer.hikari.HikariConfig           : dataSourceProperties............{password=<masked>}
2025-10-23T17:05:48.983-05:00 DEBUG 31772 --- [ms-negocio-gestion-alquileres] [    Test worker] com.zaxxer.hikari.HikariConfig           : driverClassName................."org.postgresql.Driver"
2025-10-23T17:05:48.983-05:00 DEBUG 31772 --- [ms-negocio-gestion-alquileres] [    Test worker] com.zaxxer.hikari.HikariConfig           : exceptionOverride...............none
2025-10-23T17:05:48.983-05:00 DEBUG 31772 --- [ms-negocio-gestion-alquileres] [    Test worker] com.zaxxer.hikari.HikariConfig           : exceptionOverrideClassName......none
2025-10-23T17:05:48.983-05:00 DEBUG 31772 --- [ms-negocio-gestion-alquileres] [    Test worker] com.zaxxer.hikari.HikariConfig           : healthCheckProperties...........{}
2025-10-23T17:05:48.983-05:00 DEBUG 31772 --- [ms-negocio-gestion-alquileres] [    Test worker] com.zaxxer.hikari.HikariConfig           : healthCheckRegistry.............none
2025-10-23T17:05:48.984-05:00 DEBUG 31772 --- [ms-negocio-gestion-alquileres] [    Test worker] com.zaxxer.hikari.HikariConfig           : idleTimeout.....................600000
2025-10-23T17:05:48.984-05:00 DEBUG 31772 --- [ms-negocio-gestion-alquileres] [    Test worker] com.zaxxer.hikari.HikariConfig           : initializationFailTimeout.......1
2025-10-23T17:05:48.984-05:00 DEBUG 31772 --- [ms-negocio-gestion-alquileres] [    Test worker] com.zaxxer.hikari.HikariConfig           : isolateInternalQueries..........false
2025-10-23T17:05:48.984-05:00 DEBUG 31772 --- [ms-negocio-gestion-alquileres] [    Test worker] com.zaxxer.hikari.HikariConfig           : jdbcUrl.........................jdbc:postgresql://localhost:5433/alquiler_db
2025-10-23T17:05:48.984-05:00 DEBUG 31772 --- [ms-negocio-gestion-alquileres] [    Test worker] com.zaxxer.hikari.HikariConfig           : keepaliveTime...................120000
2025-10-23T17:05:48.984-05:00 DEBUG 31772 --- [ms-negocio-gestion-alquileres] [    Test worker] com.zaxxer.hikari.HikariConfig           : leakDetectionThreshold..........0
2025-10-23T17:05:48.984-05:00 DEBUG 31772 --- [ms-negocio-gestion-alquileres] [    Test worker] com.zaxxer.hikari.HikariConfig           : maxLifetime.....................1800000
2025-10-23T17:05:48.984-05:00 DEBUG 31772 --- [ms-negocio-gestion-alquileres] [    Test worker] com.zaxxer.hikari.HikariConfig           : maximumPoolSize.................10
2025-10-23T17:05:48.984-05:00 DEBUG 31772 --- [ms-negocio-gestion-alquileres] [    Test worker] com.zaxxer.hikari.HikariConfig           : metricRegistry..................none
2025-10-23T17:05:48.984-05:00 DEBUG 31772 --- [ms-negocio-gestion-alquileres] [    Test worker] com.zaxxer.hikari.HikariConfig           : metricsTrackerFactory...........none
2025-10-23T17:05:48.984-05:00 DEBUG 31772 --- [ms-negocio-gestion-alquileres] [    Test worker] com.zaxxer.hikari.HikariConfig           : minimumIdle.....................10
2025-10-23T17:05:48.985-05:00 DEBUG 31772 --- [ms-negocio-gestion-alquileres] [    Test worker] com.zaxxer.hikari.HikariConfig           : password........................<masked>
2025-10-23T17:05:48.985-05:00 DEBUG 31772 --- [ms-negocio-gestion-alquileres] [    Test worker] com.zaxxer.hikari.HikariConfig           : poolName........................"HikariPool-1"
2025-10-23T17:05:48.985-05:00 DEBUG 31772 --- [ms-negocio-gestion-alquileres] [    Test worker] com.zaxxer.hikari.HikariConfig           : readOnly........................false
2025-10-23T17:05:48.985-05:00 DEBUG 31772 --- [ms-negocio-gestion-alquileres] [    Test worker] com.zaxxer.hikari.HikariConfig           : registerMbeans..................false
2025-10-23T17:05:48.985-05:00 DEBUG 31772 --- [ms-negocio-gestion-alquileres] [    Test worker] com.zaxxer.hikari.HikariConfig           : scheduledExecutor...............none
2025-10-23T17:05:48.985-05:00 DEBUG 31772 --- [ms-negocio-gestion-alquileres] [    Test worker] com.zaxxer.hikari.HikariConfig           : schema..........................none
2025-10-23T17:05:48.985-05:00 DEBUG 31772 --- [ms-negocio-gestion-alquileres] [    Test worker] com.zaxxer.hikari.HikariConfig           : threadFactory...................internal
2025-10-23T17:05:48.985-05:00 DEBUG 31772 --- [ms-negocio-gestion-alquileres] [    Test worker] com.zaxxer.hikari.HikariConfig           : transactionIsolation............default
2025-10-23T17:05:48.985-05:00 DEBUG 31772 --- [ms-negocio-gestion-alquileres] [    Test worker] com.zaxxer.hikari.HikariConfig           : username........................"db_ms_alquiler"
2025-10-23T17:05:48.985-05:00 DEBUG 31772 --- [ms-negocio-gestion-alquileres] [    Test worker] com.zaxxer.hikari.HikariConfig           : validationTimeout...............5000
2025-10-23T17:05:48.986-05:00  INFO 31772 --- [ms-negocio-gestion-alquileres] [    Test worker] com.zaxxer.hikari.HikariDataSource       : HikariPool-1 - Starting...
2025-10-23T17:05:48.996-05:00 DEBUG 31772 --- [ms-negocio-gestion-alquileres] [    Test worker] com.zaxxer.hikari.pool.PoolBase          : HikariPool-1 - Attempting to create/setup new connection (6d48cd80-bbb2-4dc7-a400-2fd708d423e4)
2025-10-23T17:05:48.998-05:00 DEBUG 31772 --- [ms-negocio-gestion-alquileres] [    Test worker] org.postgresql.Driver                    : Loading driver configuration via classloader jdk.internal.loader.ClassLoaders$AppClassLoader@70dea4e
2025-10-23T17:05:48.999-05:00 DEBUG 31772 --- [ms-negocio-gestion-alquileres] [    Test worker] org.postgresql.Driver                    : Connecting with URL: jdbc:postgresql://localhost:5433/alquiler_db
2025-10-23T17:05:49.006-05:00 DEBUG 31772 --- [ms-negocio-gestion-alquileres] [    Test worker] org.postgresql.jdbc.PgConnection         : PostgreSQL JDBC Driver 42.7.7
2025-10-23T17:05:49.008-05:00 DEBUG 31772 --- [ms-negocio-gestion-alquileres] [    Test worker] org.postgresql.jdbc.PgConnection         :   setDefaultFetchSize = 0
2025-10-23T17:05:49.008-05:00 DEBUG 31772 --- [ms-negocio-gestion-alquileres] [    Test worker] org.postgresql.jdbc.PgConnection         :   setPrepareThreshold = 5
2025-10-23T17:05:49.013-05:00 DEBUG 31772 --- [ms-negocio-gestion-alquileres] [    Test worker] o.p.core.v3.ConnectionFactoryImpl        : Trying to establish a protocol version 3 connection to localhost:5433
2025-10-23T17:05:49.027-05:00 DEBUG 31772 --- [ms-negocio-gestion-alquileres] [    Test worker] o.p.core.v3.ConnectionFactoryImpl        : Receive Buffer Size is 65,536
2025-10-23T17:05:49.027-05:00 DEBUG 31772 --- [ms-negocio-gestion-alquileres] [    Test worker] o.p.core.v3.ConnectionFactoryImpl        : Send Buffer Size is 65,536
2025-10-23T17:05:49.138-05:00 DEBUG 31772 --- [ms-negocio-gestion-alquileres] [    Test worker] com.zaxxer.hikari.pool.PoolBase          : HikariPool-1 - Established new connection (6d48cd80-bbb2-4dc7-a400-2fd708d423e4)
2025-10-23T17:05:49.142-05:00  INFO 31772 --- [ms-negocio-gestion-alquileres] [    Test worker] com.zaxxer.hikari.pool.HikariPool        : HikariPool-1 - Added connection org.postgresql.jdbc.PgConnection@7f839ec5
2025-10-23T17:05:49.144-05:00  INFO 31772 --- [ms-negocio-gestion-alquileres] [    Test worker] com.zaxxer.hikari.HikariDataSource       : HikariPool-1 - Start completed.
2025-10-23T17:05:49.144-05:00 DEBUG 31772 --- [ms-negocio-gestion-alquileres] [    Test worker] o.h.e.j.e.i.JdbcEnvironmentInitiator     : Database ->
	   name : PostgreSQL
	version : 15.14 (Debian 15.14-1.pgdg13+1)
	  major : 15
	  minor : 14
2025-10-23T17:05:49.144-05:00 DEBUG 31772 --- [ms-negocio-gestion-alquileres] [    Test worker] o.h.e.j.e.i.JdbcEnvironmentInitiator     : Driver ->
	   name : PostgreSQL JDBC Driver
	version : 42.7.7
	  major : 42
	  minor : 7
2025-10-23T17:05:49.144-05:00 DEBUG 31772 --- [ms-negocio-gestion-alquileres] [    Test worker] o.h.e.j.e.i.JdbcEnvironmentInitiator     : JDBC version : 4.2
2025-10-23T17:05:49.173-05:00  WARN 31772 --- [ms-negocio-gestion-alquileres] [    Test worker] org.hibernate.orm.deprecation            : HHH90000025: PostgreSQLDialect does not need to be specified explicitly using 'hibernate.dialect' (remove the property setting and it will be selected by default)
2025-10-23T17:05:49.173-05:00 DEBUG 31772 --- [ms-negocio-gestion-alquileres] [    Test worker] org.hibernate.orm.dialect                : HHH035001: Using dialect: org.hibernate.dialect.PostgreSQLDialect, version: 15.14
2025-10-23T17:05:49.173-05:00 DEBUG 31772 --- [ms-negocio-gestion-alquileres] [    Test worker] o.h.e.j.env.spi.IdentifierHelperBuilder  : JDBC driver metadata reported database stores quoted identifiers in neither upper, lower nor mixed case
2025-10-23T17:05:49.186-05:00 DEBUG 31772 --- [ms-negocio-gestion-alquileres] [    Test worker] org.hibernate.orm.jdbc.lob               : HHH10010004: Disabling contextual LOB creation as Dialect reported it is not supported
2025-10-23T17:05:49.194-05:00  INFO 31772 --- [ms-negocio-gestion-alquileres] [    Test worker] org.hibernate.orm.connections.pooling    : HHH10001005: Database info:
	Database JDBC URL [Connecting through datasource 'HikariDataSource (HikariPool-1)']
	Database driver: undefined/unknown
	Database version: 15.14
	Autocommit mode: undefined/unknown
	Isolation level: undefined/unknown
	Minimum pool size: undefined/unknown
	Maximum pool size: undefined/unknown
2025-10-23T17:05:49.203-05:00 DEBUG 31772 --- [ms-negocio-gestion-alquileres] [    Test worker] o.h.t.d.sql.spi.DdlTypeRegistry          : addDescriptor(2003, org.hibernate.type.descriptor.sql.internal.ArrayDdlTypeImpl@3a5b1af7) replaced previous registration(org.hibernate.type.descriptor.sql.internal.ArrayDdlTypeImpl@4932d580)
2025-10-23T17:05:49.204-05:00 DEBUG 31772 --- [ms-negocio-gestion-alquileres] [    Test worker] o.h.t.d.sql.spi.DdlTypeRegistry          : addDescriptor(6, org.hibernate.type.descriptor.sql.internal.CapacityDependentDdlType@7603cfc2) replaced previous registration(org.hibernate.type.descriptor.sql.internal.DdlTypeImpl@60256d1b)
2025-10-23T17:05:49.206-05:00 DEBUG 31772 --- [ms-negocio-gestion-alquileres] [    Test worker] o.h.t.d.jdbc.spi.JdbcTypeRegistry        : addDescriptor(2004, BlobTypeDescriptor(BLOB_BINDING)) replaced previous registration(BlobTypeDescriptor(DEFAULT))
2025-10-23T17:05:49.206-05:00 DEBUG 31772 --- [ms-negocio-gestion-alquileres] [    Test worker] o.h.t.d.jdbc.spi.JdbcTypeRegistry        : addDescriptor(2005, ClobTypeDescriptor(CLOB_BINDING)) replaced previous registration(ClobTypeDescriptor(DEFAULT))
2025-10-23T17:05:49.213-05:00 DEBUG 31772 --- [ms-negocio-gestion-alquileres] [    Test worker] org.hibernate.type.BasicTypeRegistry     : Adding type registration JAVA_OBJECT -> org.hibernate.type.JavaObjectType@69c6e5
2025-10-23T17:05:49.213-05:00 DEBUG 31772 --- [ms-negocio-gestion-alquileres] [    Test worker] org.hibernate.type.BasicTypeRegistry     : Adding type registration java.lang.Object -> org.hibernate.type.JavaObjectType@69c6e5
2025-10-23T17:05:49.213-05:00 DEBUG 31772 --- [ms-negocio-gestion-alquileres] [    Test worker] org.hibernate.type.BasicTypeRegistry     : Type registration key [java.lang.Object] overrode previous entry : `org.hibernate.type.JavaObjectType@3c271988`
2025-10-23T17:05:49.217-05:00 DEBUG 31772 --- [ms-negocio-gestion-alquileres] [    Test worker] org.hibernate.type.BasicTypeRegistry     : Adding type registration org.hibernate.type.DurationType -> basicType@1(java.time.Duration,3015)
2025-10-23T17:05:49.217-05:00 DEBUG 31772 --- [ms-negocio-gestion-alquileres] [    Test worker] org.hibernate.type.BasicTypeRegistry     : Adding type registration Duration -> basicType@1(java.time.Duration,3015)
2025-10-23T17:05:49.217-05:00 DEBUG 31772 --- [ms-negocio-gestion-alquileres] [    Test worker] org.hibernate.type.BasicTypeRegistry     : Adding type registration java.time.Duration -> basicType@1(java.time.Duration,3015)
2025-10-23T17:05:49.221-05:00 DEBUG 31772 --- [ms-negocio-gestion-alquileres] [    Test worker] org.hibernate.type.BasicTypeRegistry     : Adding type registration org.hibernate.type.OffsetDateTimeType -> basicType@2(java.time.OffsetDateTime,3003)
2025-10-23T17:05:49.221-05:00 DEBUG 31772 --- [ms-negocio-gestion-alquileres] [    Test worker] org.hibernate.type.BasicTypeRegistry     : Adding type registration OffsetDateTime -> basicType@2(java.time.OffsetDateTime,3003)
2025-10-23T17:05:49.221-05:00 DEBUG 31772 --- [ms-negocio-gestion-alquileres] [    Test worker] org.hibernate.type.BasicTypeRegistry     : Adding type registration java.time.OffsetDateTime -> basicType@2(java.time.OffsetDateTime,3003)
2025-10-23T17:05:49.221-05:00 DEBUG 31772 --- [ms-negocio-gestion-alquileres] [    Test worker] org.hibernate.type.BasicTypeRegistry     : Adding type registration org.hibernate.type.ZonedDateTimeType -> basicType@3(java.time.ZonedDateTime,3003)
2025-10-23T17:05:49.221-05:00 DEBUG 31772 --- [ms-negocio-gestion-alquileres] [    Test worker] org.hibernate.type.BasicTypeRegistry     : Adding type registration ZonedDateTime -> basicType@3(java.time.ZonedDateTime,3003)
2025-10-23T17:05:49.221-05:00 DEBUG 31772 --- [ms-negocio-gestion-alquileres] [    Test worker] org.hibernate.type.BasicTypeRegistry     : Adding type registration java.time.ZonedDateTime -> basicType@3(java.time.ZonedDateTime,3003)
2025-10-23T17:05:49.222-05:00 DEBUG 31772 --- [ms-negocio-gestion-alquileres] [    Test worker] org.hibernate.type.BasicTypeRegistry     : Adding type registration org.hibernate.type.OffsetTimeType -> basicType@4(java.time.OffsetTime,3007)
2025-10-23T17:05:49.222-05:00 DEBUG 31772 --- [ms-negocio-gestion-alquileres] [    Test worker] org.hibernate.type.BasicTypeRegistry     : Adding type registration OffsetTime -> basicType@4(java.time.OffsetTime,3007)
2025-10-23T17:05:49.222-05:00 DEBUG 31772 --- [ms-negocio-gestion-alquileres] [    Test worker] org.hibernate.type.BasicTypeRegistry     : Adding type registration java.time.OffsetTime -> basicType@4(java.time.OffsetTime,3007)
2025-10-23T17:05:49.223-05:00 DEBUG 31772 --- [ms-negocio-gestion-alquileres] [    Test worker] o.h.type.spi.TypeConfiguration$Scope     : Scoping TypeConfiguration [org.hibernate.type.spi.TypeConfiguration@60739eca] to MetadataBuildingContext [org.hibernate.boot.internal.MetadataBuildingContextRootImpl@9ba167e]
2025-10-23T17:05:49.248-05:00 DEBUG 31772 --- [ms-negocio-gestion-alquileres] [l-1:housekeeper] com.zaxxer.hikari.pool.HikariPool        : HikariPool-1 - Pool stats (total=1/10, idle=1/10, active=0, waiting=0)
2025-10-23T17:05:49.249-05:00 DEBUG 31772 --- [ms-negocio-gestion-alquileres] [onnection-adder] com.zaxxer.hikari.pool.PoolBase          : HikariPool-1 - Attempting to create/setup new connection (2accfb19-d8a2-40e1-96f6-26f9504e2458)
2025-10-23T17:05:49.250-05:00 DEBUG 31772 --- [ms-negocio-gestion-alquileres] [onnection-adder] org.postgresql.Driver                    : Connecting with URL: jdbc:postgresql://localhost:5433/alquiler_db
2025-10-23T17:05:49.250-05:00 DEBUG 31772 --- [ms-negocio-gestion-alquileres] [onnection-adder] org.postgresql.jdbc.PgConnection         : PostgreSQL JDBC Driver 42.7.7
2025-10-23T17:05:49.250-05:00 DEBUG 31772 --- [ms-negocio-gestion-alquileres] [onnection-adder] org.postgresql.jdbc.PgConnection         :   setDefaultFetchSize = 0
2025-10-23T17:05:49.251-05:00 DEBUG 31772 --- [ms-negocio-gestion-alquileres] [onnection-adder] org.postgresql.jdbc.PgConnection         :   setPrepareThreshold = 5
2025-10-23T17:05:49.251-05:00 DEBUG 31772 --- [ms-negocio-gestion-alquileres] [onnection-adder] o.p.core.v3.ConnectionFactoryImpl        : Trying to establish a protocol version 3 connection to localhost:5433
2025-10-23T17:05:49.252-05:00 DEBUG 31772 --- [ms-negocio-gestion-alquileres] [onnection-adder] o.p.core.v3.ConnectionFactoryImpl        : Receive Buffer Size is 65,536
2025-10-23T17:05:49.252-05:00 DEBUG 31772 --- [ms-negocio-gestion-alquileres] [onnection-adder] o.p.core.v3.ConnectionFactoryImpl        : Send Buffer Size is 65,536
2025-10-23T17:05:49.264-05:00 DEBUG 31772 --- [ms-negocio-gestion-alquileres] [    Test worker] o.h.boot.model.relational.Namespace      : Created database namespace [logicalName=Name{catalog=null, schema=null}, physicalName=Name{catalog=null, schema=null}]
2025-10-23T17:05:49.274-05:00 DEBUG 31772 --- [ms-negocio-gestion-alquileres] [onnection-adder] com.zaxxer.hikari.pool.PoolBase          : HikariPool-1 - Established new connection (2accfb19-d8a2-40e1-96f6-26f9504e2458)
2025-10-23T17:05:49.275-05:00 DEBUG 31772 --- [ms-negocio-gestion-alquileres] [onnection-adder] com.zaxxer.hikari.pool.HikariPool        : HikariPool-1 - Added connection org.postgresql.jdbc.PgConnection@49a88183
2025-10-23T17:05:49.276-05:00 DEBUG 31772 --- [ms-negocio-gestion-alquileres] [    Test worker] .a.AnnotationMetadataSourceProcessorImpl : Skipping explicit MappedSuperclass pe.edu.galaxy.training.ms.negocio.gestion.alquiler.entity.base.BaseEntity, the class will be discovered analyzing the implementing class
2025-10-23T17:05:49.319-05:00 DEBUG 31772 --- [ms-negocio-gestion-alquileres] [onnection-adder] com.zaxxer.hikari.pool.HikariPool        : HikariPool-1 - After adding stats (total=2/10, idle=2/10, active=0, waiting=0)
2025-10-23T17:05:49.319-05:00 DEBUG 31772 --- [ms-negocio-gestion-alquileres] [onnection-adder] com.zaxxer.hikari.pool.PoolBase          : HikariPool-1 - Attempting to create/setup new connection (78d29dc5-03cb-46c2-b6d6-fd64e50b479f)
2025-10-23T17:05:49.319-05:00 DEBUG 31772 --- [ms-negocio-gestion-alquileres] [onnection-adder] org.postgresql.Driver                    : Connecting with URL: jdbc:postgresql://localhost:5433/alquiler_db
2025-10-23T17:05:49.319-05:00 DEBUG 31772 --- [ms-negocio-gestion-alquileres] [onnection-adder] org.postgresql.jdbc.PgConnection         : PostgreSQL JDBC Driver 42.7.7
2025-10-23T17:05:49.319-05:00 DEBUG 31772 --- [ms-negocio-gestion-alquileres] [onnection-adder] org.postgresql.jdbc.PgConnection         :   setDefaultFetchSize = 0
2025-10-23T17:05:49.319-05:00 DEBUG 31772 --- [ms-negocio-gestion-alquileres] [onnection-adder] org.postgresql.jdbc.PgConnection         :   setPrepareThreshold = 5
2025-10-23T17:05:49.319-05:00 DEBUG 31772 --- [ms-negocio-gestion-alquileres] [onnection-adder] o.p.core.v3.ConnectionFactoryImpl        : Trying to establish a protocol version 3 connection to localhost:5433
2025-10-23T17:05:49.321-05:00 DEBUG 31772 --- [ms-negocio-gestion-alquileres] [    Test worker] o.h.boot.model.internal.EntityBinder     : Binding entity from annotated class: pe.edu.galaxy.training.ms.negocio.gestion.alquiler.entity.AlquilerCabeceraEntity
2025-10-23T17:05:49.321-05:00 DEBUG 31772 --- [ms-negocio-gestion-alquileres] [onnection-adder] o.p.core.v3.ConnectionFactoryImpl        : Receive Buffer Size is 65,536
2025-10-23T17:05:49.321-05:00 DEBUG 31772 --- [ms-negocio-gestion-alquileres] [onnection-adder] o.p.core.v3.ConnectionFactoryImpl        : Send Buffer Size is 65,536
2025-10-23T17:05:49.330-05:00 DEBUG 31772 --- [ms-negocio-gestion-alquileres] [    Test worker] o.h.boot.model.internal.EntityBinder     : Import with entity name AlquilerCabeceraEntity
2025-10-23T17:05:49.331-05:00 DEBUG 31772 --- [ms-negocio-gestion-alquileres] [onnection-adder] com.zaxxer.hikari.pool.PoolBase          : HikariPool-1 - Established new connection (78d29dc5-03cb-46c2-b6d6-fd64e50b479f)
2025-10-23T17:05:49.331-05:00 DEBUG 31772 --- [ms-negocio-gestion-alquileres] [onnection-adder] com.zaxxer.hikari.pool.HikariPool        : HikariPool-1 - Added connection org.postgresql.jdbc.PgConnection@476f66c6
2025-10-23T17:05:49.337-05:00 DEBUG 31772 --- [ms-negocio-gestion-alquileres] [    Test worker] o.h.boot.model.internal.EntityBinder     : Bind entity pe.edu.galaxy.training.ms.negocio.gestion.alquiler.entity.AlquilerCabeceraEntity on table alquiler_cabecera
2025-10-23T17:05:49.348-05:00 DEBUG 31772 --- [ms-negocio-gestion-alquileres] [    Test worker] o.h.boot.model.internal.AnnotatedColumn  : Binding column: AnnotatedDiscriminatorColumn(column='DTYPE')
2025-10-23T17:05:49.369-05:00 DEBUG 31772 --- [ms-negocio-gestion-alquileres] [onnection-adder] com.zaxxer.hikari.pool.HikariPool        : HikariPool-1 - After adding stats (total=3/10, idle=3/10, active=0, waiting=0)
2025-10-23T17:05:49.369-05:00 DEBUG 31772 --- [ms-negocio-gestion-alquileres] [onnection-adder] com.zaxxer.hikari.pool.PoolBase          : HikariPool-1 - Attempting to create/setup new connection (b0986b2a-9b40-4b50-b614-8852be33c256)
2025-10-23T17:05:49.369-05:00 DEBUG 31772 --- [ms-negocio-gestion-alquileres] [onnection-adder] org.postgresql.Driver                    : Connecting with URL: jdbc:postgresql://localhost:5433/alquiler_db
2025-10-23T17:05:49.369-05:00 DEBUG 31772 --- [ms-negocio-gestion-alquileres] [onnection-adder] org.postgresql.jdbc.PgConnection         : PostgreSQL JDBC Driver 42.7.7
2025-10-23T17:05:49.369-05:00 DEBUG 31772 --- [ms-negocio-gestion-alquileres] [onnection-adder] org.postgresql.jdbc.PgConnection         :   setDefaultFetchSize = 0
2025-10-23T17:05:49.369-05:00 DEBUG 31772 --- [ms-negocio-gestion-alquileres] [onnection-adder] org.postgresql.jdbc.PgConnection         :   setPrepareThreshold = 5
2025-10-23T17:05:49.369-05:00 DEBUG 31772 --- [ms-negocio-gestion-alquileres] [onnection-adder] o.p.core.v3.ConnectionFactoryImpl        : Trying to establish a protocol version 3 connection to localhost:5433
2025-10-23T17:05:49.371-05:00 DEBUG 31772 --- [ms-negocio-gestion-alquileres] [onnection-adder] o.p.core.v3.ConnectionFactoryImpl        : Receive Buffer Size is 65,536
2025-10-23T17:05:49.371-05:00 DEBUG 31772 --- [ms-negocio-gestion-alquileres] [onnection-adder] o.p.core.v3.ConnectionFactoryImpl        : Send Buffer Size is 65,536
2025-10-23T17:05:49.377-05:00 DEBUG 31772 --- [ms-negocio-gestion-alquileres] [    Test worker] o.h.boot.model.internal.AnnotatedColumn  : Binding column: AnnotatedColumn(column='id_alquiler')
2025-10-23T17:05:49.379-05:00 DEBUG 31772 --- [ms-negocio-gestion-alquileres] [    Test worker] o.h.boot.internal.ClassLoaderAccessImpl  : Not known whether passed class name [pe.edu.galaxy.training.ms.negocio.gestion.alquiler.entity.AlquilerCabeceraEntity] is safe
2025-10-23T17:05:49.379-05:00 DEBUG 31772 --- [ms-negocio-gestion-alquileres] [    Test worker] o.h.boot.internal.ClassLoaderAccessImpl  : No temp ClassLoader provided; using live ClassLoader for loading potentially unsafe class : pe.edu.galaxy.training.ms.negocio.gestion.alquiler.entity.AlquilerCabeceraEntity
2025-10-23T17:05:49.382-05:00 DEBUG 31772 --- [ms-negocio-gestion-alquileres] [    Test worker] o.h.boot.model.internal.PropertyBinder   : MetadataSourceProcessor property idAlquiler with lazy=false
2025-10-23T17:05:49.382-05:00 DEBUG 31772 --- [ms-negocio-gestion-alquileres] [onnection-adder] com.zaxxer.hikari.pool.PoolBase          : HikariPool-1 - Established new connection (b0986b2a-9b40-4b50-b614-8852be33c256)
2025-10-23T17:05:49.383-05:00 DEBUG 31772 --- [ms-negocio-gestion-alquileres] [onnection-adder] com.zaxxer.hikari.pool.HikariPool        : HikariPool-1 - Added connection org.postgresql.jdbc.PgConnection@4350eaf3
2025-10-23T17:05:49.386-05:00 DEBUG 31772 --- [ms-negocio-gestion-alquileres] [    Test worker] o.h.b.m.internal.AbstractPropertyHolder  : Attempting to locate auto-apply AttributeConverter for property [pe.edu.galaxy.training.ms.negocio.gestion.alquiler.entity.AlquilerCabeceraEntity:idAlquiler]
2025-10-23T17:05:49.391-05:00 DEBUG 31772 --- [ms-negocio-gestion-alquileres] [    Test worker] o.h.b.model.internal.BasicValueBinder    : building BasicValue for idAlquiler
2025-10-23T17:05:49.395-05:00 DEBUG 31772 --- [ms-negocio-gestion-alquileres] [    Test worker] org.hibernate.mapping.BasicValue         : Skipping column re-registration: alquiler_cabecera.id_alquiler
2025-10-23T17:05:49.396-05:00 DEBUG 31772 --- [ms-negocio-gestion-alquileres] [    Test worker] o.h.boot.model.internal.PropertyBinder   : Building property idAlquiler
2025-10-23T17:05:49.400-05:00 DEBUG 31772 --- [ms-negocio-gestion-alquileres] [    Test worker] o.h.boot.model.internal.BinderHelper     : #makeIdGenerator(BasicValue([Column(id_alquiler)]), idAlquiler, identity, , ...)
2025-10-23T17:05:49.400-05:00 DEBUG 31772 --- [ms-negocio-gestion-alquileres] [    Test worker] o.h.boot.model.internal.AnnotatedColumn  : Binding column: AnnotatedColumn(column='aud_actualizacion_fecha')
2025-10-23T17:05:49.401-05:00 DEBUG 31772 --- [ms-negocio-gestion-alquileres] [    Test worker] o.h.boot.model.internal.PropertyBinder   : MetadataSourceProcessor property audActualizacionFecha with lazy=false
2025-10-23T17:05:49.401-05:00 DEBUG 31772 --- [ms-negocio-gestion-alquileres] [    Test worker] o.h.b.m.internal.AbstractPropertyHolder  : Attempting to locate auto-apply AttributeConverter for property [pe.edu.galaxy.training.ms.negocio.gestion.alquiler.entity.AlquilerCabeceraEntity:audActualizacionFecha]
2025-10-23T17:05:49.401-05:00 DEBUG 31772 --- [ms-negocio-gestion-alquileres] [    Test worker] o.h.b.model.internal.BasicValueBinder    : building BasicValue for audActualizacionFecha
2025-10-23T17:05:49.401-05:00 DEBUG 31772 --- [ms-negocio-gestion-alquileres] [    Test worker] org.hibernate.mapping.BasicValue         : Skipping column re-registration: alquiler_cabecera.aud_actualizacion_fecha
2025-10-23T17:05:49.401-05:00 DEBUG 31772 --- [ms-negocio-gestion-alquileres] [    Test worker] o.h.boot.model.internal.PropertyBinder   : Building property audActualizacionFecha
2025-10-23T17:05:49.401-05:00 DEBUG 31772 --- [ms-negocio-gestion-alquileres] [    Test worker] o.h.boot.model.internal.AnnotatedColumn  : Binding column: AnnotatedColumn(column='aud_actualizacion_id_usuario')
2025-10-23T17:05:49.402-05:00 DEBUG 31772 --- [ms-negocio-gestion-alquileres] [    Test worker] o.h.boot.model.internal.PropertyBinder   : MetadataSourceProcessor property audActualizacionIdUsuario with lazy=false
2025-10-23T17:05:49.402-05:00 DEBUG 31772 --- [ms-negocio-gestion-alquileres] [    Test worker] o.h.b.m.internal.AbstractPropertyHolder  : Attempting to locate auto-apply AttributeConverter for property [pe.edu.galaxy.training.ms.negocio.gestion.alquiler.entity.AlquilerCabeceraEntity:audActualizacionIdUsuario]
2025-10-23T17:05:49.402-05:00 DEBUG 31772 --- [ms-negocio-gestion-alquileres] [    Test worker] o.h.b.model.internal.BasicValueBinder    : building BasicValue for audActualizacionIdUsuario
2025-10-23T17:05:49.402-05:00 DEBUG 31772 --- [ms-negocio-gestion-alquileres] [    Test worker] org.hibernate.mapping.BasicValue         : Skipping column re-registration: alquiler_cabecera.aud_actualizacion_id_usuario
2025-10-23T17:05:49.402-05:00 DEBUG 31772 --- [ms-negocio-gestion-alquileres] [    Test worker] o.h.boot.model.internal.PropertyBinder   : Building property audActualizacionIdUsuario
2025-10-23T17:05:49.403-05:00 DEBUG 31772 --- [ms-negocio-gestion-alquileres] [    Test worker] o.h.boot.model.internal.AnnotatedColumn  : Binding column: AnnotatedColumn(column='aud_registro_fecha')
2025-10-23T17:05:49.403-05:00 DEBUG 31772 --- [ms-negocio-gestion-alquileres] [    Test worker] o.h.boot.model.internal.PropertyBinder   : MetadataSourceProcessor property audRegistroFecha with lazy=false
2025-10-23T17:05:49.403-05:00 DEBUG 31772 --- [ms-negocio-gestion-alquileres] [    Test worker] o.h.b.m.internal.AbstractPropertyHolder  : Attempting to locate auto-apply AttributeConverter for property [pe.edu.galaxy.training.ms.negocio.gestion.alquiler.entity.AlquilerCabeceraEntity:audRegistroFecha]
2025-10-23T17:05:49.403-05:00 DEBUG 31772 --- [ms-negocio-gestion-alquileres] [    Test worker] o.h.b.model.internal.BasicValueBinder    : building BasicValue for audRegistroFecha
2025-10-23T17:05:49.403-05:00 DEBUG 31772 --- [ms-negocio-gestion-alquileres] [    Test worker] org.hibernate.mapping.BasicValue         : Skipping column re-registration: alquiler_cabecera.aud_registro_fecha
2025-10-23T17:05:49.403-05:00 DEBUG 31772 --- [ms-negocio-gestion-alquileres] [    Test worker] o.h.boot.model.internal.PropertyBinder   : Building property audRegistroFecha
2025-10-23T17:05:49.403-05:00 DEBUG 31772 --- [ms-negocio-gestion-alquileres] [    Test worker] o.h.boot.model.internal.AnnotatedColumn  : Binding column: AnnotatedColumn(column='aud_registro_id_usuario')
2025-10-23T17:05:49.403-05:00 DEBUG 31772 --- [ms-negocio-gestion-alquileres] [    Test worker] o.h.boot.model.internal.PropertyBinder   : MetadataSourceProcessor property audRegistroIdUsuario with lazy=false
2025-10-23T17:05:49.403-05:00 DEBUG 31772 --- [ms-negocio-gestion-alquileres] [    Test worker] o.h.b.m.internal.AbstractPropertyHolder  : Attempting to locate auto-apply AttributeConverter for property [pe.edu.galaxy.training.ms.negocio.gestion.alquiler.entity.AlquilerCabeceraEntity:audRegistroIdUsuario]
2025-10-23T17:05:49.403-05:00 DEBUG 31772 --- [ms-negocio-gestion-alquileres] [    Test worker] o.h.b.model.internal.BasicValueBinder    : building BasicValue for audRegistroIdUsuario
2025-10-23T17:05:49.403-05:00 DEBUG 31772 --- [ms-negocio-gestion-alquileres] [    Test worker] org.hibernate.mapping.BasicValue         : Skipping column re-registration: alquiler_cabecera.aud_registro_id_usuario
2025-10-23T17:05:49.403-05:00 DEBUG 31772 --- [ms-negocio-gestion-alquileres] [    Test worker] o.h.boot.model.internal.PropertyBinder   : Building property audRegistroIdUsuario
2025-10-23T17:05:49.403-05:00 DEBUG 31772 --- [ms-negocio-gestion-alquileres] [    Test worker] o.h.boot.model.internal.AnnotatedColumn  : Binding column: AnnotatedColumn(column='estado')
2025-10-23T17:05:49.404-05:00 DEBUG 31772 --- [ms-negocio-gestion-alquileres] [    Test worker] o.h.boot.model.internal.PropertyBinder   : MetadataSourceProcessor property estado with lazy=false
2025-10-23T17:05:49.404-05:00 DEBUG 31772 --- [ms-negocio-gestion-alquileres] [    Test worker] o.h.b.m.internal.AbstractPropertyHolder  : Attempting to locate auto-apply AttributeConverter for property [pe.edu.galaxy.training.ms.negocio.gestion.alquiler.entity.AlquilerCabeceraEntity:estado]
2025-10-23T17:05:49.404-05:00 DEBUG 31772 --- [ms-negocio-gestion-alquileres] [    Test worker] o.h.b.model.internal.BasicValueBinder    : building BasicValue for estado
2025-10-23T17:05:49.404-05:00 DEBUG 31772 --- [ms-negocio-gestion-alquileres] [    Test worker] org.hibernate.mapping.BasicValue         : Skipping column re-registration: alquiler_cabecera.estado
2025-10-23T17:05:49.404-05:00 DEBUG 31772 --- [ms-negocio-gestion-alquileres] [    Test worker] o.h.boot.model.internal.PropertyBinder   : Building property estado
2025-10-23T17:05:49.405-05:00 DEBUG 31772 --- [ms-negocio-gestion-alquileres] [    Test worker] o.h.boot.model.internal.AnnotatedColumn  : Binding column: AnnotatedJoinColumn(column='id_alquiler_estado')
2025-10-23T17:05:49.407-05:00 DEBUG 31772 --- [ms-negocio-gestion-alquileres] [    Test worker] o.h.boot.model.internal.AnnotatedColumn  : Binding column: AnnotatedColumn()
2025-10-23T17:05:49.411-05:00 DEBUG 31772 --- [ms-negocio-gestion-alquileres] [    Test worker] o.h.boot.model.internal.PropertyBinder   : Building property estadoAlquiler
2025-10-23T17:05:49.412-05:00 DEBUG 31772 --- [ms-negocio-gestion-alquileres] [    Test worker] o.h.boot.model.internal.AnnotatedColumn  : Binding column: AnnotatedColumn(column='fecha_fin')
2025-10-23T17:05:49.412-05:00 DEBUG 31772 --- [ms-negocio-gestion-alquileres] [    Test worker] o.h.boot.model.internal.PropertyBinder   : MetadataSourceProcessor property fechaFin with lazy=false
2025-10-23T17:05:49.412-05:00 DEBUG 31772 --- [ms-negocio-gestion-alquileres] [    Test worker] o.h.b.m.internal.AbstractPropertyHolder  : Attempting to locate auto-apply AttributeConverter for property [pe.edu.galaxy.training.ms.negocio.gestion.alquiler.entity.AlquilerCabeceraEntity:fechaFin]
2025-10-23T17:05:49.412-05:00 DEBUG 31772 --- [ms-negocio-gestion-alquileres] [    Test worker] o.h.b.model.internal.BasicValueBinder    : building BasicValue for fechaFin
2025-10-23T17:05:49.412-05:00 DEBUG 31772 --- [ms-negocio-gestion-alquileres] [    Test worker] org.hibernate.mapping.BasicValue         : Skipping column re-registration: alquiler_cabecera.fecha_fin
2025-10-23T17:05:49.412-05:00 DEBUG 31772 --- [ms-negocio-gestion-alquileres] [    Test worker] o.h.boot.model.internal.PropertyBinder   : Building property fechaFin
2025-10-23T17:05:49.412-05:00 DEBUG 31772 --- [ms-negocio-gestion-alquileres] [    Test worker] o.h.boot.model.internal.AnnotatedColumn  : Binding column: AnnotatedColumn(column='fecha_inicio')
2025-10-23T17:05:49.412-05:00 DEBUG 31772 --- [ms-negocio-gestion-alquileres] [    Test worker] o.h.boot.model.internal.PropertyBinder   : MetadataSourceProcessor property fechaInicio with lazy=false
2025-10-23T17:05:49.412-05:00 DEBUG 31772 --- [ms-negocio-gestion-alquileres] [    Test worker] o.h.b.m.internal.AbstractPropertyHolder  : Attempting to locate auto-apply AttributeConverter for property [pe.edu.galaxy.training.ms.negocio.gestion.alquiler.entity.AlquilerCabeceraEntity:fechaInicio]
2025-10-23T17:05:49.412-05:00 DEBUG 31772 --- [ms-negocio-gestion-alquileres] [    Test worker] o.h.b.model.internal.BasicValueBinder    : building BasicValue for fechaInicio
2025-10-23T17:05:49.412-05:00 DEBUG 31772 --- [ms-negocio-gestion-alquileres] [    Test worker] org.hibernate.mapping.BasicValue         : Skipping column re-registration: alquiler_cabecera.fecha_inicio
2025-10-23T17:05:49.412-05:00 DEBUG 31772 --- [ms-negocio-gestion-alquileres] [    Test worker] o.h.boot.model.internal.PropertyBinder   : Building property fechaInicio
2025-10-23T17:05:49.413-05:00 DEBUG 31772 --- [ms-negocio-gestion-alquileres] [    Test worker] o.h.boot.model.internal.AnnotatedColumn  : Binding column: AnnotatedColumn(column='fecha_registro')
2025-10-23T17:05:49.413-05:00 DEBUG 31772 --- [ms-negocio-gestion-alquileres] [    Test worker] o.h.boot.model.internal.PropertyBinder   : MetadataSourceProcessor property fechaRegistro with lazy=false
2025-10-23T17:05:49.413-05:00 DEBUG 31772 --- [ms-negocio-gestion-alquileres] [    Test worker] o.h.b.m.internal.AbstractPropertyHolder  : Attempting to locate auto-apply AttributeConverter for property [pe.edu.galaxy.training.ms.negocio.gestion.alquiler.entity.AlquilerCabeceraEntity:fechaRegistro]
2025-10-23T17:05:49.413-05:00 DEBUG 31772 --- [ms-negocio-gestion-alquileres] [    Test worker] o.h.b.model.internal.BasicValueBinder    : building BasicValue for fechaRegistro
2025-10-23T17:05:49.413-05:00 DEBUG 31772 --- [ms-negocio-gestion-alquileres] [    Test worker] org.hibernate.mapping.BasicValue         : Skipping column re-registration: alquiler_cabecera.fecha_registro
2025-10-23T17:05:49.413-05:00 DEBUG 31772 --- [ms-negocio-gestion-alquileres] [    Test worker] o.h.boot.model.internal.PropertyBinder   : Building property fechaRegistro
2025-10-23T17:05:49.413-05:00 DEBUG 31772 --- [ms-negocio-gestion-alquileres] [    Test worker] o.h.boot.model.internal.AnnotatedColumn  : Binding column: AnnotatedColumn(column='id_cliente')
2025-10-23T17:05:49.413-05:00 DEBUG 31772 --- [ms-negocio-gestion-alquileres] [    Test worker] o.h.boot.model.internal.PropertyBinder   : MetadataSourceProcessor property idCliente with lazy=false
2025-10-23T17:05:49.413-05:00 DEBUG 31772 --- [ms-negocio-gestion-alquileres] [    Test worker] o.h.b.m.internal.AbstractPropertyHolder  : Attempting to locate auto-apply AttributeConverter for property [pe.edu.galaxy.training.ms.negocio.gestion.alquiler.entity.AlquilerCabeceraEntity:idCliente]
2025-10-23T17:05:49.413-05:00 DEBUG 31772 --- [ms-negocio-gestion-alquileres] [    Test worker] o.h.b.model.internal.BasicValueBinder    : building BasicValue for idCliente
2025-10-23T17:05:49.413-05:00 DEBUG 31772 --- [ms-negocio-gestion-alquileres] [    Test worker] org.hibernate.mapping.BasicValue         : Skipping column re-registration: alquiler_cabecera.id_cliente
2025-10-23T17:05:49.413-05:00 DEBUG 31772 --- [ms-negocio-gestion-alquileres] [    Test worker] o.h.boot.model.internal.PropertyBinder   : Building property idCliente
2025-10-23T17:05:49.413-05:00 DEBUG 31772 --- [ms-negocio-gestion-alquileres] [    Test worker] o.h.boot.model.internal.AnnotatedColumn  : Binding column: AnnotatedColumn(column='igv')
2025-10-23T17:05:49.413-05:00 DEBUG 31772 --- [ms-negocio-gestion-alquileres] [    Test worker] o.h.boot.model.internal.PropertyBinder   : MetadataSourceProcessor property igv with lazy=false
2025-10-23T17:05:49.413-05:00 DEBUG 31772 --- [ms-negocio-gestion-alquileres] [    Test worker] o.h.b.m.internal.AbstractPropertyHolder  : Attempting to locate auto-apply AttributeConverter for property [pe.edu.galaxy.training.ms.negocio.gestion.alquiler.entity.AlquilerCabeceraEntity:igv]
2025-10-23T17:05:49.413-05:00 DEBUG 31772 --- [ms-negocio-gestion-alquileres] [    Test worker] o.h.b.model.internal.BasicValueBinder    : building BasicValue for igv
2025-10-23T17:05:49.413-05:00 DEBUG 31772 --- [ms-negocio-gestion-alquileres] [    Test worker] org.hibernate.mapping.BasicValue         : Skipping column re-registration: alquiler_cabecera.igv
2025-10-23T17:05:49.413-05:00 DEBUG 31772 --- [ms-negocio-gestion-alquileres] [    Test worker] o.h.boot.model.internal.PropertyBinder   : Building property igv
2025-10-23T17:05:49.414-05:00 DEBUG 31772 --- [ms-negocio-gestion-alquileres] [    Test worker] o.h.boot.model.internal.AnnotatedColumn  : Binding column: AnnotatedJoinColumn()
2025-10-23T17:05:49.414-05:00 DEBUG 31772 --- [ms-negocio-gestion-alquileres] [    Test worker] o.h.boot.model.internal.AnnotatedColumn  : Binding column: AnnotatedColumn()
2025-10-23T17:05:49.420-05:00 DEBUG 31772 --- [ms-negocio-gestion-alquileres] [onnection-adder] com.zaxxer.hikari.pool.HikariPool        : HikariPool-1 - After adding stats (total=4/10, idle=4/10, active=0, waiting=0)
2025-10-23T17:05:49.420-05:00 DEBUG 31772 --- [ms-negocio-gestion-alquileres] [onnection-adder] com.zaxxer.hikari.pool.PoolBase          : HikariPool-1 - Attempting to create/setup new connection (273f0234-583a-4028-aae7-e819de2c944e)
2025-10-23T17:05:49.420-05:00 DEBUG 31772 --- [ms-negocio-gestion-alquileres] [onnection-adder] org.postgresql.Driver                    : Connecting with URL: jdbc:postgresql://localhost:5433/alquiler_db
2025-10-23T17:05:49.421-05:00 DEBUG 31772 --- [ms-negocio-gestion-alquileres] [onnection-adder] org.postgresql.jdbc.PgConnection         : PostgreSQL JDBC Driver 42.7.7
2025-10-23T17:05:49.421-05:00 DEBUG 31772 --- [ms-negocio-gestion-alquileres] [onnection-adder] org.postgresql.jdbc.PgConnection         :   setDefaultFetchSize = 0
2025-10-23T17:05:49.421-05:00 DEBUG 31772 --- [ms-negocio-gestion-alquileres] [onnection-adder] org.postgresql.jdbc.PgConnection         :   setPrepareThreshold = 5
2025-10-23T17:05:49.421-05:00 DEBUG 31772 --- [ms-negocio-gestion-alquileres] [onnection-adder] o.p.core.v3.ConnectionFactoryImpl        : Trying to establish a protocol version 3 connection to localhost:5433
2025-10-23T17:05:49.422-05:00 DEBUG 31772 --- [ms-negocio-gestion-alquileres] [onnection-adder] o.p.core.v3.ConnectionFactoryImpl        : Receive Buffer Size is 65,536
2025-10-23T17:05:49.422-05:00 DEBUG 31772 --- [ms-negocio-gestion-alquileres] [onnection-adder] o.p.core.v3.ConnectionFactoryImpl        : Send Buffer Size is 65,536
2025-10-23T17:05:49.429-05:00 DEBUG 31772 --- [ms-negocio-gestion-alquileres] [    Test worker] o.h.boot.model.internal.AnnotatedColumn  : Binding column: IndexColumn(column='listAlquilerDetalle_ORDER')
2025-10-23T17:05:49.431-05:00 DEBUG 31772 --- [ms-negocio-gestion-alquileres] [    Test worker] o.h.boot.model.internal.AnnotatedColumn  : Binding column: AnnotatedColumn()
2025-10-23T17:05:49.432-05:00 DEBUG 31772 --- [ms-negocio-gestion-alquileres] [    Test worker] o.h.boot.model.internal.AnnotatedColumn  : Binding column: AnnotatedColumn(column='listAlquilerDetalle_KEY')
2025-10-23T17:05:49.432-05:00 DEBUG 31772 --- [ms-negocio-gestion-alquileres] [onnection-adder] com.zaxxer.hikari.pool.PoolBase          : HikariPool-1 - Established new connection (273f0234-583a-4028-aae7-e819de2c944e)
2025-10-23T17:05:49.432-05:00 DEBUG 31772 --- [ms-negocio-gestion-alquileres] [onnection-adder] com.zaxxer.hikari.pool.HikariPool        : HikariPool-1 - Added connection org.postgresql.jdbc.PgConnection@6526cfd
2025-10-23T17:05:49.433-05:00 DEBUG 31772 --- [ms-negocio-gestion-alquileres] [    Test worker] o.h.boot.model.internal.AnnotatedColumn  : Binding column: AnnotatedJoinColumn(column='listAlquilerDetalle_KEY')
2025-10-23T17:05:49.433-05:00 DEBUG 31772 --- [ms-negocio-gestion-alquileres] [    Test worker] o.h.boot.model.internal.AnnotatedColumn  : Binding column: AnnotatedJoinColumn()
2025-10-23T17:05:49.433-05:00 DEBUG 31772 --- [ms-negocio-gestion-alquileres] [    Test worker] o.h.boot.model.internal.AnnotatedColumn  : Binding column: AnnotatedJoinColumn()
2025-10-23T17:05:49.436-05:00 DEBUG 31772 --- [ms-negocio-gestion-alquileres] [    Test worker] o.h.b.model.internal.CollectionBinder    : Collection role: pe.edu.galaxy.training.ms.negocio.gestion.alquiler.entity.AlquilerCabeceraEntity.listAlquilerDetalle
2025-10-23T17:05:49.437-05:00 DEBUG 31772 --- [ms-negocio-gestion-alquileres] [    Test worker] o.h.boot.model.internal.PropertyBinder   : Building property listAlquilerDetalle
2025-10-23T17:05:49.438-05:00 DEBUG 31772 --- [ms-negocio-gestion-alquileres] [    Test worker] o.h.boot.model.internal.AnnotatedColumn  : Binding column: AnnotatedColumn(column='sub_total')
2025-10-23T17:05:49.438-05:00 DEBUG 31772 --- [ms-negocio-gestion-alquileres] [    Test worker] o.h.boot.model.internal.PropertyBinder   : MetadataSourceProcessor property subTotal with lazy=false
2025-10-23T17:05:49.438-05:00 DEBUG 31772 --- [ms-negocio-gestion-alquileres] [    Test worker] o.h.b.m.internal.AbstractPropertyHolder  : Attempting to locate auto-apply AttributeConverter for property [pe.edu.galaxy.training.ms.negocio.gestion.alquiler.entity.AlquilerCabeceraEntity:subTotal]
2025-10-23T17:05:49.438-05:00 DEBUG 31772 --- [ms-negocio-gestion-alquileres] [    Test worker] o.h.b.model.internal.BasicValueBinder    : building BasicValue for subTotal
2025-10-23T17:05:49.438-05:00 DEBUG 31772 --- [ms-negocio-gestion-alquileres] [    Test worker] org.hibernate.mapping.BasicValue         : Skipping column re-registration: alquiler_cabecera.sub_total
2025-10-23T17:05:49.438-05:00 DEBUG 31772 --- [ms-negocio-gestion-alquileres] [    Test worker] o.h.boot.model.internal.PropertyBinder   : Building property subTotal
2025-10-23T17:05:49.438-05:00 DEBUG 31772 --- [ms-negocio-gestion-alquileres] [    Test worker] o.h.boot.model.internal.AnnotatedColumn  : Binding column: AnnotatedColumn(column='total')
2025-10-23T17:05:49.438-05:00 DEBUG 31772 --- [ms-negocio-gestion-alquileres] [    Test worker] o.h.boot.model.internal.PropertyBinder   : MetadataSourceProcessor property total with lazy=false
2025-10-23T17:05:49.438-05:00 DEBUG 31772 --- [ms-negocio-gestion-alquileres] [    Test worker] o.h.b.m.internal.AbstractPropertyHolder  : Attempting to locate auto-apply AttributeConverter for property [pe.edu.galaxy.training.ms.negocio.gestion.alquiler.entity.AlquilerCabeceraEntity:total]
2025-10-23T17:05:49.438-05:00 DEBUG 31772 --- [ms-negocio-gestion-alquileres] [    Test worker] o.h.b.model.internal.BasicValueBinder    : building BasicValue for total
2025-10-23T17:05:49.438-05:00 DEBUG 31772 --- [ms-negocio-gestion-alquileres] [    Test worker] org.hibernate.mapping.BasicValue         : Skipping column re-registration: alquiler_cabecera.total
2025-10-23T17:05:49.438-05:00 DEBUG 31772 --- [ms-negocio-gestion-alquileres] [    Test worker] o.h.boot.model.internal.PropertyBinder   : Building property total
2025-10-23T17:05:49.440-05:00 DEBUG 31772 --- [ms-negocio-gestion-alquileres] [    Test worker] o.h.b.r.c.i.ClassLoaderServiceImpl       : HHH000194: Package not found or no package-info.java: pe.edu.galaxy.training.ms.negocio.gestion.alquiler.entity
2025-10-23T17:05:49.445-05:00 DEBUG 31772 --- [ms-negocio-gestion-alquileres] [    Test worker] e.i.CallbackDefinitionResolverLegacyImpl : Adding touchForUpdate as PreUpdate callback for entity pe.edu.galaxy.training.ms.negocio.gestion.alquiler.entity.AlquilerCabeceraEntity
2025-10-23T17:05:49.446-05:00 DEBUG 31772 --- [ms-negocio-gestion-alquileres] [    Test worker] e.i.CallbackDefinitionResolverLegacyImpl : Adding prePersist as PrePersist callback for entity pe.edu.galaxy.training.ms.negocio.gestion.alquiler.entity.AlquilerCabeceraEntity
2025-10-23T17:05:49.446-05:00 DEBUG 31772 --- [ms-negocio-gestion-alquileres] [    Test worker] e.i.CallbackDefinitionResolverLegacyImpl : Adding touchForCreate as PrePersist callback for entity pe.edu.galaxy.training.ms.negocio.gestion.alquiler.entity.AlquilerCabeceraEntity
2025-10-23T17:05:49.447-05:00 DEBUG 31772 --- [ms-negocio-gestion-alquileres] [    Test worker] o.h.boot.model.internal.EntityBinder     : Binding entity from annotated class: pe.edu.galaxy.training.ms.negocio.gestion.alquiler.entity.AlquilerDetalleEntity
2025-10-23T17:05:49.447-05:00 DEBUG 31772 --- [ms-negocio-gestion-alquileres] [    Test worker] o.h.boot.model.internal.EntityBinder     : Import with entity name AlquilerDetalleEntity
2025-10-23T17:05:49.447-05:00 DEBUG 31772 --- [ms-negocio-gestion-alquileres] [    Test worker] o.h.boot.model.internal.EntityBinder     : Bind entity pe.edu.galaxy.training.ms.negocio.gestion.alquiler.entity.AlquilerDetalleEntity on table alquiler_detalle
2025-10-23T17:05:49.448-05:00 DEBUG 31772 --- [ms-negocio-gestion-alquileres] [    Test worker] o.h.boot.model.internal.AnnotatedColumn  : Binding column: AnnotatedDiscriminatorColumn(column='DTYPE')
2025-10-23T17:05:49.449-05:00 DEBUG 31772 --- [ms-negocio-gestion-alquileres] [    Test worker] o.h.boot.model.internal.AnnotatedColumn  : Binding column: AnnotatedColumn(column='id_alquiler_detalle')
2025-10-23T17:05:49.449-05:00 DEBUG 31772 --- [ms-negocio-gestion-alquileres] [    Test worker] o.h.boot.internal.ClassLoaderAccessImpl  : Not known whether passed class name [pe.edu.galaxy.training.ms.negocio.gestion.alquiler.entity.AlquilerDetalleEntity] is safe
2025-10-23T17:05:49.449-05:00 DEBUG 31772 --- [ms-negocio-gestion-alquileres] [    Test worker] o.h.boot.internal.ClassLoaderAccessImpl  : No temp ClassLoader provided; using live ClassLoader for loading potentially unsafe class : pe.edu.galaxy.training.ms.negocio.gestion.alquiler.entity.AlquilerDetalleEntity
2025-10-23T17:05:49.449-05:00 DEBUG 31772 --- [ms-negocio-gestion-alquileres] [    Test worker] o.h.boot.model.internal.PropertyBinder   : MetadataSourceProcessor property idAlquilerDetalle with lazy=false
2025-10-23T17:05:49.449-05:00 DEBUG 31772 --- [ms-negocio-gestion-alquileres] [    Test worker] o.h.b.m.internal.AbstractPropertyHolder  : Attempting to locate auto-apply AttributeConverter for property [pe.edu.galaxy.training.ms.negocio.gestion.alquiler.entity.AlquilerDetalleEntity:idAlquilerDetalle]
2025-10-23T17:05:49.449-05:00 DEBUG 31772 --- [ms-negocio-gestion-alquileres] [    Test worker] o.h.b.model.internal.BasicValueBinder    : building BasicValue for idAlquilerDetalle
2025-10-23T17:05:49.449-05:00 DEBUG 31772 --- [ms-negocio-gestion-alquileres] [    Test worker] org.hibernate.mapping.BasicValue         : Skipping column re-registration: alquiler_detalle.id_alquiler_detalle
2025-10-23T17:05:49.449-05:00 DEBUG 31772 --- [ms-negocio-gestion-alquileres] [    Test worker] o.h.boot.model.internal.PropertyBinder   : Building property idAlquilerDetalle
2025-10-23T17:05:49.449-05:00 DEBUG 31772 --- [ms-negocio-gestion-alquileres] [    Test worker] o.h.boot.model.internal.BinderHelper     : #makeIdGenerator(BasicValue([Column(id_alquiler_detalle)]), idAlquilerDetalle, identity, , ...)
2025-10-23T17:05:49.450-05:00 DEBUG 31772 --- [ms-negocio-gestion-alquileres] [    Test worker] o.h.boot.model.internal.AnnotatedColumn  : Binding column: AnnotatedColumn(column='aud_actualizacion_fecha')
2025-10-23T17:05:49.450-05:00 DEBUG 31772 --- [ms-negocio-gestion-alquileres] [    Test worker] o.h.boot.model.internal.PropertyBinder   : MetadataSourceProcessor property audActualizacionFecha with lazy=false
2025-10-23T17:05:49.450-05:00 DEBUG 31772 --- [ms-negocio-gestion-alquileres] [    Test worker] o.h.b.m.internal.AbstractPropertyHolder  : Attempting to locate auto-apply AttributeConverter for property [pe.edu.galaxy.training.ms.negocio.gestion.alquiler.entity.AlquilerDetalleEntity:audActualizacionFecha]
2025-10-23T17:05:49.450-05:00 DEBUG 31772 --- [ms-negocio-gestion-alquileres] [    Test worker] o.h.b.model.internal.BasicValueBinder    : building BasicValue for audActualizacionFecha
2025-10-23T17:05:49.450-05:00 DEBUG 31772 --- [ms-negocio-gestion-alquileres] [    Test worker] org.hibernate.mapping.BasicValue         : Skipping column re-registration: alquiler_detalle.aud_actualizacion_fecha
2025-10-23T17:05:49.450-05:00 DEBUG 31772 --- [ms-negocio-gestion-alquileres] [    Test worker] o.h.boot.model.internal.PropertyBinder   : Building property audActualizacionFecha
2025-10-23T17:05:49.450-05:00 DEBUG 31772 --- [ms-negocio-gestion-alquileres] [    Test worker] o.h.boot.model.internal.AnnotatedColumn  : Binding column: AnnotatedColumn(column='aud_actualizacion_id_usuario')
2025-10-23T17:05:49.450-05:00 DEBUG 31772 --- [ms-negocio-gestion-alquileres] [    Test worker] o.h.boot.model.internal.PropertyBinder   : MetadataSourceProcessor property audActualizacionIdUsuario with lazy=false
2025-10-23T17:05:49.450-05:00 DEBUG 31772 --- [ms-negocio-gestion-alquileres] [    Test worker] o.h.b.m.internal.AbstractPropertyHolder  : Attempting to locate auto-apply AttributeConverter for property [pe.edu.galaxy.training.ms.negocio.gestion.alquiler.entity.AlquilerDetalleEntity:audActualizacionIdUsuario]
2025-10-23T17:05:49.450-05:00 DEBUG 31772 --- [ms-negocio-gestion-alquileres] [    Test worker] o.h.b.model.internal.BasicValueBinder    : building BasicValue for audActualizacionIdUsuario
2025-10-23T17:05:49.450-05:00 DEBUG 31772 --- [ms-negocio-gestion-alquileres] [    Test worker] org.hibernate.mapping.BasicValue         : Skipping column re-registration: alquiler_detalle.aud_actualizacion_id_usuario
2025-10-23T17:05:49.450-05:00 DEBUG 31772 --- [ms-negocio-gestion-alquileres] [    Test worker] o.h.boot.model.internal.PropertyBinder   : Building property audActualizacionIdUsuario
2025-10-23T17:05:49.451-05:00 DEBUG 31772 --- [ms-negocio-gestion-alquileres] [    Test worker] o.h.boot.model.internal.AnnotatedColumn  : Binding column: AnnotatedColumn(column='aud_registro_fecha')
2025-10-23T17:05:49.451-05:00 DEBUG 31772 --- [ms-negocio-gestion-alquileres] [    Test worker] o.h.boot.model.internal.PropertyBinder   : MetadataSourceProcessor property audRegistroFecha with lazy=false
2025-10-23T17:05:49.451-05:00 DEBUG 31772 --- [ms-negocio-gestion-alquileres] [    Test worker] o.h.b.m.internal.AbstractPropertyHolder  : Attempting to locate auto-apply AttributeConverter for property [pe.edu.galaxy.training.ms.negocio.gestion.alquiler.entity.AlquilerDetalleEntity:audRegistroFecha]
2025-10-23T17:05:49.451-05:00 DEBUG 31772 --- [ms-negocio-gestion-alquileres] [    Test worker] o.h.b.model.internal.BasicValueBinder    : building BasicValue for audRegistroFecha
2025-10-23T17:05:49.451-05:00 DEBUG 31772 --- [ms-negocio-gestion-alquileres] [    Test worker] org.hibernate.mapping.BasicValue         : Skipping column re-registration: alquiler_detalle.aud_registro_fecha
2025-10-23T17:05:49.451-05:00 DEBUG 31772 --- [ms-negocio-gestion-alquileres] [    Test worker] o.h.boot.model.internal.PropertyBinder   : Building property audRegistroFecha
2025-10-23T17:05:49.451-05:00 DEBUG 31772 --- [ms-negocio-gestion-alquileres] [    Test worker] o.h.boot.model.internal.AnnotatedColumn  : Binding column: AnnotatedColumn(column='aud_registro_id_usuario')
2025-10-23T17:05:49.451-05:00 DEBUG 31772 --- [ms-negocio-gestion-alquileres] [    Test worker] o.h.boot.model.internal.PropertyBinder   : MetadataSourceProcessor property audRegistroIdUsuario with lazy=false
2025-10-23T17:05:49.451-05:00 DEBUG 31772 --- [ms-negocio-gestion-alquileres] [    Test worker] o.h.b.m.internal.AbstractPropertyHolder  : Attempting to locate auto-apply AttributeConverter for property [pe.edu.galaxy.training.ms.negocio.gestion.alquiler.entity.AlquilerDetalleEntity:audRegistroIdUsuario]
2025-10-23T17:05:49.451-05:00 DEBUG 31772 --- [ms-negocio-gestion-alquileres] [    Test worker] o.h.b.model.internal.BasicValueBinder    : building BasicValue for audRegistroIdUsuario
2025-10-23T17:05:49.451-05:00 DEBUG 31772 --- [ms-negocio-gestion-alquileres] [    Test worker] org.hibernate.mapping.BasicValue         : Skipping column re-registration: alquiler_detalle.aud_registro_id_usuario
2025-10-23T17:05:49.451-05:00 DEBUG 31772 --- [ms-negocio-gestion-alquileres] [    Test worker] o.h.boot.model.internal.PropertyBinder   : Building property audRegistroIdUsuario
2025-10-23T17:05:49.451-05:00 DEBUG 31772 --- [ms-negocio-gestion-alquileres] [    Test worker] o.h.boot.model.internal.AnnotatedColumn  : Binding column: AnnotatedColumn(column='estado')
2025-10-23T17:05:49.451-05:00 DEBUG 31772 --- [ms-negocio-gestion-alquileres] [    Test worker] o.h.boot.model.internal.PropertyBinder   : MetadataSourceProcessor property estado with lazy=false
2025-10-23T17:05:49.451-05:00 DEBUG 31772 --- [ms-negocio-gestion-alquileres] [    Test worker] o.h.b.m.internal.AbstractPropertyHolder  : Attempting to locate auto-apply AttributeConverter for property [pe.edu.galaxy.training.ms.negocio.gestion.alquiler.entity.AlquilerDetalleEntity:estado]
2025-10-23T17:05:49.451-05:00 DEBUG 31772 --- [ms-negocio-gestion-alquileres] [    Test worker] o.h.b.model.internal.BasicValueBinder    : building BasicValue for estado
2025-10-23T17:05:49.451-05:00 DEBUG 31772 --- [ms-negocio-gestion-alquileres] [    Test worker] org.hibernate.mapping.BasicValue         : Skipping column re-registration: alquiler_detalle.estado
2025-10-23T17:05:49.451-05:00 DEBUG 31772 --- [ms-negocio-gestion-alquileres] [    Test worker] o.h.boot.model.internal.PropertyBinder   : Building property estado
2025-10-23T17:05:49.451-05:00 DEBUG 31772 --- [ms-negocio-gestion-alquileres] [    Test worker] o.h.boot.model.internal.AnnotatedColumn  : Binding column: AnnotatedJoinColumn(column='id_alquiler')
2025-10-23T17:05:49.451-05:00 DEBUG 31772 --- [ms-negocio-gestion-alquileres] [    Test worker] o.h.boot.model.internal.AnnotatedColumn  : Binding column: AnnotatedColumn()
2025-10-23T17:05:49.451-05:00 DEBUG 31772 --- [ms-negocio-gestion-alquileres] [    Test worker] o.h.boot.model.internal.PropertyBinder   : Building property alquilerCabecera
2025-10-23T17:05:49.452-05:00 DEBUG 31772 --- [ms-negocio-gestion-alquileres] [    Test worker] o.h.boot.model.internal.AnnotatedColumn  : Binding column: AnnotatedColumn(column='cantidad')
2025-10-23T17:05:49.452-05:00 DEBUG 31772 --- [ms-negocio-gestion-alquileres] [    Test worker] o.h.boot.model.internal.PropertyBinder   : MetadataSourceProcessor property cantidad with lazy=false
2025-10-23T17:05:49.452-05:00 DEBUG 31772 --- [ms-negocio-gestion-alquileres] [    Test worker] o.h.b.m.internal.AbstractPropertyHolder  : Attempting to locate auto-apply AttributeConverter for property [pe.edu.galaxy.training.ms.negocio.gestion.alquiler.entity.AlquilerDetalleEntity:cantidad]
2025-10-23T17:05:49.452-05:00 DEBUG 31772 --- [ms-negocio-gestion-alquileres] [    Test worker] o.h.b.model.internal.BasicValueBinder    : building BasicValue for cantidad
2025-10-23T17:05:49.452-05:00 DEBUG 31772 --- [ms-negocio-gestion-alquileres] [    Test worker] org.hibernate.mapping.BasicValue         : Skipping column re-registration: alquiler_detalle.cantidad
2025-10-23T17:05:49.452-05:00 DEBUG 31772 --- [ms-negocio-gestion-alquileres] [    Test worker] o.h.boot.model.internal.PropertyBinder   : Building property cantidad
2025-10-23T17:05:49.452-05:00 DEBUG 31772 --- [ms-negocio-gestion-alquileres] [    Test worker] o.h.boot.model.internal.AnnotatedColumn  : Binding column: AnnotatedColumn(column='id_vehiculo')
2025-10-23T17:05:49.452-05:00 DEBUG 31772 --- [ms-negocio-gestion-alquileres] [    Test worker] o.h.boot.model.internal.PropertyBinder   : MetadataSourceProcessor property idVehiculo with lazy=false
2025-10-23T17:05:49.452-05:00 DEBUG 31772 --- [ms-negocio-gestion-alquileres] [    Test worker] o.h.b.m.internal.AbstractPropertyHolder  : Attempting to locate auto-apply AttributeConverter for property [pe.edu.galaxy.training.ms.negocio.gestion.alquiler.entity.AlquilerDetalleEntity:idVehiculo]
2025-10-23T17:05:49.452-05:00 DEBUG 31772 --- [ms-negocio-gestion-alquileres] [    Test worker] o.h.b.model.internal.BasicValueBinder    : building BasicValue for idVehiculo
2025-10-23T17:05:49.452-05:00 DEBUG 31772 --- [ms-negocio-gestion-alquileres] [    Test worker] org.hibernate.mapping.BasicValue         : Skipping column re-registration: alquiler_detalle.id_vehiculo
2025-10-23T17:05:49.452-05:00 DEBUG 31772 --- [ms-negocio-gestion-alquileres] [    Test worker] o.h.boot.model.internal.PropertyBinder   : Building property idVehiculo
2025-10-23T17:05:49.452-05:00 DEBUG 31772 --- [ms-negocio-gestion-alquileres] [    Test worker] o.h.boot.model.internal.AnnotatedColumn  : Binding column: AnnotatedColumn(column='igv')
2025-10-23T17:05:49.452-05:00 DEBUG 31772 --- [ms-negocio-gestion-alquileres] [    Test worker] o.h.boot.model.internal.PropertyBinder   : MetadataSourceProcessor property igv with lazy=false
2025-10-23T17:05:49.452-05:00 DEBUG 31772 --- [ms-negocio-gestion-alquileres] [    Test worker] o.h.b.m.internal.AbstractPropertyHolder  : Attempting to locate auto-apply AttributeConverter for property [pe.edu.galaxy.training.ms.negocio.gestion.alquiler.entity.AlquilerDetalleEntity:igv]
2025-10-23T17:05:49.452-05:00 DEBUG 31772 --- [ms-negocio-gestion-alquileres] [    Test worker] o.h.b.model.internal.BasicValueBinder    : building BasicValue for igv
2025-10-23T17:05:49.452-05:00 DEBUG 31772 --- [ms-negocio-gestion-alquileres] [    Test worker] org.hibernate.mapping.BasicValue         : Skipping column re-registration: alquiler_detalle.igv
2025-10-23T17:05:49.452-05:00 DEBUG 31772 --- [ms-negocio-gestion-alquileres] [    Test worker] o.h.boot.model.internal.PropertyBinder   : Building property igv
2025-10-23T17:05:49.452-05:00 DEBUG 31772 --- [ms-negocio-gestion-alquileres] [    Test worker] o.h.boot.model.internal.AnnotatedColumn  : Binding column: AnnotatedColumn(column='precio_unitario')
2025-10-23T17:05:49.452-05:00 DEBUG 31772 --- [ms-negocio-gestion-alquileres] [    Test worker] o.h.boot.model.internal.PropertyBinder   : MetadataSourceProcessor property precioUnitario with lazy=false
2025-10-23T17:05:49.452-05:00 DEBUG 31772 --- [ms-negocio-gestion-alquileres] [    Test worker] o.h.b.m.internal.AbstractPropertyHolder  : Attempting to locate auto-apply AttributeConverter for property [pe.edu.galaxy.training.ms.negocio.gestion.alquiler.entity.AlquilerDetalleEntity:precioUnitario]
2025-10-23T17:05:49.452-05:00 DEBUG 31772 --- [ms-negocio-gestion-alquileres] [    Test worker] o.h.b.model.internal.BasicValueBinder    : building BasicValue for precioUnitario
2025-10-23T17:05:49.453-05:00 DEBUG 31772 --- [ms-negocio-gestion-alquileres] [    Test worker] org.hibernate.mapping.BasicValue         : Skipping column re-registration: alquiler_detalle.precio_unitario
2025-10-23T17:05:49.453-05:00 DEBUG 31772 --- [ms-negocio-gestion-alquileres] [    Test worker] o.h.boot.model.internal.PropertyBinder   : Building property precioUnitario
2025-10-23T17:05:49.453-05:00 DEBUG 31772 --- [ms-negocio-gestion-alquileres] [    Test worker] o.h.boot.model.internal.AnnotatedColumn  : Binding column: AnnotatedColumn(column='sub_total')
2025-10-23T17:05:49.453-05:00 DEBUG 31772 --- [ms-negocio-gestion-alquileres] [    Test worker] o.h.boot.model.internal.PropertyBinder   : MetadataSourceProcessor property subTotal with lazy=false
2025-10-23T17:05:49.453-05:00 DEBUG 31772 --- [ms-negocio-gestion-alquileres] [    Test worker] o.h.b.m.internal.AbstractPropertyHolder  : Attempting to locate auto-apply AttributeConverter for property [pe.edu.galaxy.training.ms.negocio.gestion.alquiler.entity.AlquilerDetalleEntity:subTotal]
2025-10-23T17:05:49.453-05:00 DEBUG 31772 --- [ms-negocio-gestion-alquileres] [    Test worker] o.h.b.model.internal.BasicValueBinder    : building BasicValue for subTotal
2025-10-23T17:05:49.453-05:00 DEBUG 31772 --- [ms-negocio-gestion-alquileres] [    Test worker] org.hibernate.mapping.BasicValue         : Skipping column re-registration: alquiler_detalle.sub_total
2025-10-23T17:05:49.453-05:00 DEBUG 31772 --- [ms-negocio-gestion-alquileres] [    Test worker] o.h.boot.model.internal.PropertyBinder   : Building property subTotal
2025-10-23T17:05:49.453-05:00 DEBUG 31772 --- [ms-negocio-gestion-alquileres] [    Test worker] o.h.boot.model.internal.AnnotatedColumn  : Binding column: AnnotatedColumn(column='total')
2025-10-23T17:05:49.453-05:00 DEBUG 31772 --- [ms-negocio-gestion-alquileres] [    Test worker] o.h.boot.model.internal.PropertyBinder   : MetadataSourceProcessor property total with lazy=false
2025-10-23T17:05:49.453-05:00 DEBUG 31772 --- [ms-negocio-gestion-alquileres] [    Test worker] o.h.b.m.internal.AbstractPropertyHolder  : Attempting to locate auto-apply AttributeConverter for property [pe.edu.galaxy.training.ms.negocio.gestion.alquiler.entity.AlquilerDetalleEntity:total]
2025-10-23T17:05:49.453-05:00 DEBUG 31772 --- [ms-negocio-gestion-alquileres] [    Test worker] o.h.b.model.internal.BasicValueBinder    : building BasicValue for total
2025-10-23T17:05:49.454-05:00 DEBUG 31772 --- [ms-negocio-gestion-alquileres] [    Test worker] org.hibernate.mapping.BasicValue         : Skipping column re-registration: alquiler_detalle.total
2025-10-23T17:05:49.454-05:00 DEBUG 31772 --- [ms-negocio-gestion-alquileres] [    Test worker] o.h.boot.model.internal.PropertyBinder   : Building property total
2025-10-23T17:05:49.456-05:00 DEBUG 31772 --- [ms-negocio-gestion-alquileres] [    Test worker] o.h.b.r.c.i.ClassLoaderServiceImpl       : HHH000194: Package not found or no package-info.java: pe.edu.galaxy.training.ms.negocio.gestion.alquiler.entity
2025-10-23T17:05:49.456-05:00 DEBUG 31772 --- [ms-negocio-gestion-alquileres] [    Test worker] e.i.CallbackDefinitionResolverLegacyImpl : Adding touchForUpdate as PreUpdate callback for entity pe.edu.galaxy.training.ms.negocio.gestion.alquiler.entity.AlquilerDetalleEntity
2025-10-23T17:05:49.456-05:00 DEBUG 31772 --- [ms-negocio-gestion-alquileres] [    Test worker] e.i.CallbackDefinitionResolverLegacyImpl : Adding prePersist as PrePersist callback for entity pe.edu.galaxy.training.ms.negocio.gestion.alquiler.entity.AlquilerDetalleEntity
2025-10-23T17:05:49.456-05:00 DEBUG 31772 --- [ms-negocio-gestion-alquileres] [    Test worker] e.i.CallbackDefinitionResolverLegacyImpl : Adding touchForCreate as PrePersist callback for entity pe.edu.galaxy.training.ms.negocio.gestion.alquiler.entity.AlquilerDetalleEntity
2025-10-23T17:05:49.456-05:00 DEBUG 31772 --- [ms-negocio-gestion-alquileres] [    Test worker] o.h.boot.model.internal.EntityBinder     : Binding entity from annotated class: pe.edu.galaxy.training.ms.negocio.gestion.alquiler.entity.AlquilerEstadoEntity
2025-10-23T17:05:49.456-05:00 DEBUG 31772 --- [ms-negocio-gestion-alquileres] [    Test worker] o.h.boot.model.internal.EntityBinder     : Import with entity name AlquilerEstadoEntity
2025-10-23T17:05:49.457-05:00 DEBUG 31772 --- [ms-negocio-gestion-alquileres] [    Test worker] o.h.boot.model.internal.EntityBinder     : Bind entity pe.edu.galaxy.training.ms.negocio.gestion.alquiler.entity.AlquilerEstadoEntity on table alquiler_estado
2025-10-23T17:05:49.457-05:00 DEBUG 31772 --- [ms-negocio-gestion-alquileres] [    Test worker] o.h.boot.model.internal.AnnotatedColumn  : Binding column: AnnotatedDiscriminatorColumn(column='DTYPE')
2025-10-23T17:05:49.458-05:00 DEBUG 31772 --- [ms-negocio-gestion-alquileres] [    Test worker] o.h.boot.model.internal.AnnotatedColumn  : Binding column: AnnotatedColumn(column='id_alquiler_estado')
2025-10-23T17:05:49.458-05:00 DEBUG 31772 --- [ms-negocio-gestion-alquileres] [    Test worker] o.h.boot.internal.ClassLoaderAccessImpl  : Not known whether passed class name [pe.edu.galaxy.training.ms.negocio.gestion.alquiler.entity.AlquilerEstadoEntity] is safe
2025-10-23T17:05:49.458-05:00 DEBUG 31772 --- [ms-negocio-gestion-alquileres] [    Test worker] o.h.boot.internal.ClassLoaderAccessImpl  : No temp ClassLoader provided; using live ClassLoader for loading potentially unsafe class : pe.edu.galaxy.training.ms.negocio.gestion.alquiler.entity.AlquilerEstadoEntity
2025-10-23T17:05:49.458-05:00 DEBUG 31772 --- [ms-negocio-gestion-alquileres] [    Test worker] o.h.boot.model.internal.PropertyBinder   : MetadataSourceProcessor property idAlquilerEstado with lazy=false
2025-10-23T17:05:49.458-05:00 DEBUG 31772 --- [ms-negocio-gestion-alquileres] [    Test worker] o.h.b.m.internal.AbstractPropertyHolder  : Attempting to locate auto-apply AttributeConverter for property [pe.edu.galaxy.training.ms.negocio.gestion.alquiler.entity.AlquilerEstadoEntity:idAlquilerEstado]
2025-10-23T17:05:49.458-05:00 DEBUG 31772 --- [ms-negocio-gestion-alquileres] [    Test worker] o.h.b.model.internal.BasicValueBinder    : building BasicValue for idAlquilerEstado
2025-10-23T17:05:49.458-05:00 DEBUG 31772 --- [ms-negocio-gestion-alquileres] [    Test worker] org.hibernate.mapping.BasicValue         : Skipping column re-registration: alquiler_estado.id_alquiler_estado
2025-10-23T17:05:49.458-05:00 DEBUG 31772 --- [ms-negocio-gestion-alquileres] [    Test worker] o.h.boot.model.internal.PropertyBinder   : Building property idAlquilerEstado
2025-10-23T17:05:49.458-05:00 DEBUG 31772 --- [ms-negocio-gestion-alquileres] [    Test worker] o.h.boot.model.internal.BinderHelper     : #makeIdGenerator(BasicValue([Column(id_alquiler_estado)]), idAlquilerEstado, identity, , ...)
2025-10-23T17:05:49.458-05:00 DEBUG 31772 --- [ms-negocio-gestion-alquileres] [    Test worker] o.h.boot.model.internal.AnnotatedColumn  : Binding column: AnnotatedColumn(column='aud_actualizacion_fecha')
2025-10-23T17:05:49.458-05:00 DEBUG 31772 --- [ms-negocio-gestion-alquileres] [    Test worker] o.h.boot.model.internal.PropertyBinder   : MetadataSourceProcessor property audActualizacionFecha with lazy=false
2025-10-23T17:05:49.458-05:00 DEBUG 31772 --- [ms-negocio-gestion-alquileres] [    Test worker] o.h.b.m.internal.AbstractPropertyHolder  : Attempting to locate auto-apply AttributeConverter for property [pe.edu.galaxy.training.ms.negocio.gestion.alquiler.entity.AlquilerEstadoEntity:audActualizacionFecha]
2025-10-23T17:05:49.458-05:00 DEBUG 31772 --- [ms-negocio-gestion-alquileres] [    Test worker] o.h.b.model.internal.BasicValueBinder    : building BasicValue for audActualizacionFecha
2025-10-23T17:05:49.458-05:00 DEBUG 31772 --- [ms-negocio-gestion-alquileres] [    Test worker] org.hibernate.mapping.BasicValue         : Skipping column re-registration: alquiler_estado.aud_actualizacion_fecha
2025-10-23T17:05:49.458-05:00 DEBUG 31772 --- [ms-negocio-gestion-alquileres] [    Test worker] o.h.boot.model.internal.PropertyBinder   : Building property audActualizacionFecha
2025-10-23T17:05:49.458-05:00 DEBUG 31772 --- [ms-negocio-gestion-alquileres] [    Test worker] o.h.boot.model.internal.AnnotatedColumn  : Binding column: AnnotatedColumn(column='aud_actualizacion_id_usuario')
2025-10-23T17:05:49.458-05:00 DEBUG 31772 --- [ms-negocio-gestion-alquileres] [    Test worker] o.h.boot.model.internal.PropertyBinder   : MetadataSourceProcessor property audActualizacionIdUsuario with lazy=false
2025-10-23T17:05:49.458-05:00 DEBUG 31772 --- [ms-negocio-gestion-alquileres] [    Test worker] o.h.b.m.internal.AbstractPropertyHolder  : Attempting to locate auto-apply AttributeConverter for property [pe.edu.galaxy.training.ms.negocio.gestion.alquiler.entity.AlquilerEstadoEntity:audActualizacionIdUsuario]
2025-10-23T17:05:49.459-05:00 DEBUG 31772 --- [ms-negocio-gestion-alquileres] [    Test worker] o.h.b.model.internal.BasicValueBinder    : building BasicValue for audActualizacionIdUsuario
2025-10-23T17:05:49.459-05:00 DEBUG 31772 --- [ms-negocio-gestion-alquileres] [    Test worker] org.hibernate.mapping.BasicValue         : Skipping column re-registration: alquiler_estado.aud_actualizacion_id_usuario
2025-10-23T17:05:49.459-05:00 DEBUG 31772 --- [ms-negocio-gestion-alquileres] [    Test worker] o.h.boot.model.internal.PropertyBinder   : Building property audActualizacionIdUsuario
2025-10-23T17:05:49.459-05:00 DEBUG 31772 --- [ms-negocio-gestion-alquileres] [    Test worker] o.h.boot.model.internal.AnnotatedColumn  : Binding column: AnnotatedColumn(column='aud_registro_fecha')
2025-10-23T17:05:49.459-05:00 DEBUG 31772 --- [ms-negocio-gestion-alquileres] [    Test worker] o.h.boot.model.internal.PropertyBinder   : MetadataSourceProcessor property audRegistroFecha with lazy=false
2025-10-23T17:05:49.459-05:00 DEBUG 31772 --- [ms-negocio-gestion-alquileres] [    Test worker] o.h.b.m.internal.AbstractPropertyHolder  : Attempting to locate auto-apply AttributeConverter for property [pe.edu.galaxy.training.ms.negocio.gestion.alquiler.entity.AlquilerEstadoEntity:audRegistroFecha]
2025-10-23T17:05:49.459-05:00 DEBUG 31772 --- [ms-negocio-gestion-alquileres] [    Test worker] o.h.b.model.internal.BasicValueBinder    : building BasicValue for audRegistroFecha
2025-10-23T17:05:49.459-05:00 DEBUG 31772 --- [ms-negocio-gestion-alquileres] [    Test worker] org.hibernate.mapping.BasicValue         : Skipping column re-registration: alquiler_estado.aud_registro_fecha
2025-10-23T17:05:49.459-05:00 DEBUG 31772 --- [ms-negocio-gestion-alquileres] [    Test worker] o.h.boot.model.internal.PropertyBinder   : Building property audRegistroFecha
2025-10-23T17:05:49.459-05:00 DEBUG 31772 --- [ms-negocio-gestion-alquileres] [    Test worker] o.h.boot.model.internal.AnnotatedColumn  : Binding column: AnnotatedColumn(column='aud_registro_id_usuario')
2025-10-23T17:05:49.459-05:00 DEBUG 31772 --- [ms-negocio-gestion-alquileres] [    Test worker] o.h.boot.model.internal.PropertyBinder   : MetadataSourceProcessor property audRegistroIdUsuario with lazy=false
2025-10-23T17:05:49.459-05:00 DEBUG 31772 --- [ms-negocio-gestion-alquileres] [    Test worker] o.h.b.m.internal.AbstractPropertyHolder  : Attempting to locate auto-apply AttributeConverter for property [pe.edu.galaxy.training.ms.negocio.gestion.alquiler.entity.AlquilerEstadoEntity:audRegistroIdUsuario]
2025-10-23T17:05:49.459-05:00 DEBUG 31772 --- [ms-negocio-gestion-alquileres] [    Test worker] o.h.b.model.internal.BasicValueBinder    : building BasicValue for audRegistroIdUsuario
2025-10-23T17:05:49.459-05:00 DEBUG 31772 --- [ms-negocio-gestion-alquileres] [    Test worker] org.hibernate.mapping.BasicValue         : Skipping column re-registration: alquiler_estado.aud_registro_id_usuario
2025-10-23T17:05:49.459-05:00 DEBUG 31772 --- [ms-negocio-gestion-alquileres] [    Test worker] o.h.boot.model.internal.PropertyBinder   : Building property audRegistroIdUsuario
2025-10-23T17:05:49.459-05:00 DEBUG 31772 --- [ms-negocio-gestion-alquileres] [    Test worker] o.h.boot.model.internal.AnnotatedColumn  : Binding column: AnnotatedColumn(column='estado')
2025-10-23T17:05:49.459-05:00 DEBUG 31772 --- [ms-negocio-gestion-alquileres] [    Test worker] o.h.boot.model.internal.PropertyBinder   : MetadataSourceProcessor property estado with lazy=false
2025-10-23T17:05:49.459-05:00 DEBUG 31772 --- [ms-negocio-gestion-alquileres] [    Test worker] o.h.b.m.internal.AbstractPropertyHolder  : Attempting to locate auto-apply AttributeConverter for property [pe.edu.galaxy.training.ms.negocio.gestion.alquiler.entity.AlquilerEstadoEntity:estado]
2025-10-23T17:05:49.459-05:00 DEBUG 31772 --- [ms-negocio-gestion-alquileres] [    Test worker] o.h.b.model.internal.BasicValueBinder    : building BasicValue for estado
2025-10-23T17:05:49.459-05:00 DEBUG 31772 --- [ms-negocio-gestion-alquileres] [    Test worker] org.hibernate.mapping.BasicValue         : Skipping column re-registration: alquiler_estado.estado
2025-10-23T17:05:49.459-05:00 DEBUG 31772 --- [ms-negocio-gestion-alquileres] [    Test worker] o.h.boot.model.internal.PropertyBinder   : Building property estado
2025-10-23T17:05:49.459-05:00 DEBUG 31772 --- [ms-negocio-gestion-alquileres] [    Test worker] o.h.boot.model.internal.AnnotatedColumn  : Binding column: AnnotatedColumn(column='descripcion')
2025-10-23T17:05:49.459-05:00 DEBUG 31772 --- [ms-negocio-gestion-alquileres] [    Test worker] o.h.boot.model.internal.PropertyBinder   : MetadataSourceProcessor property descripcion with lazy=false
2025-10-23T17:05:49.459-05:00 DEBUG 31772 --- [ms-negocio-gestion-alquileres] [    Test worker] o.h.b.m.internal.AbstractPropertyHolder  : Attempting to locate auto-apply AttributeConverter for property [pe.edu.galaxy.training.ms.negocio.gestion.alquiler.entity.AlquilerEstadoEntity:descripcion]
2025-10-23T17:05:49.459-05:00 DEBUG 31772 --- [ms-negocio-gestion-alquileres] [    Test worker] o.h.b.model.internal.BasicValueBinder    : building BasicValue for descripcion
2025-10-23T17:05:49.459-05:00 DEBUG 31772 --- [ms-negocio-gestion-alquileres] [    Test worker] org.hibernate.mapping.BasicValue         : Skipping column re-registration: alquiler_estado.descripcion
2025-10-23T17:05:49.459-05:00 DEBUG 31772 --- [ms-negocio-gestion-alquileres] [    Test worker] o.h.boot.model.internal.PropertyBinder   : Building property descripcion
2025-10-23T17:05:49.461-05:00 DEBUG 31772 --- [ms-negocio-gestion-alquileres] [    Test worker] o.h.b.r.c.i.ClassLoaderServiceImpl       : HHH000194: Package not found or no package-info.java: pe.edu.galaxy.training.ms.negocio.gestion.alquiler.entity
2025-10-23T17:05:49.461-05:00 DEBUG 31772 --- [ms-negocio-gestion-alquileres] [    Test worker] e.i.CallbackDefinitionResolverLegacyImpl : Adding touchForUpdate as PreUpdate callback for entity pe.edu.galaxy.training.ms.negocio.gestion.alquiler.entity.AlquilerEstadoEntity
2025-10-23T17:05:49.461-05:00 DEBUG 31772 --- [ms-negocio-gestion-alquileres] [    Test worker] e.i.CallbackDefinitionResolverLegacyImpl : Adding prePersist as PrePersist callback for entity pe.edu.galaxy.training.ms.negocio.gestion.alquiler.entity.AlquilerEstadoEntity
2025-10-23T17:05:49.461-05:00 DEBUG 31772 --- [ms-negocio-gestion-alquileres] [    Test worker] e.i.CallbackDefinitionResolverLegacyImpl : Adding touchForCreate as PrePersist callback for entity pe.edu.galaxy.training.ms.negocio.gestion.alquiler.entity.AlquilerEstadoEntity
2025-10-23T17:05:49.462-05:00 DEBUG 31772 --- [ms-negocio-gestion-alquileres] [    Test worker] o.h.b.model.internal.BasicValueBinder    : Starting `BasicValueBinder#fillSimpleValue` for idAlquiler
2025-10-23T17:05:49.463-05:00 DEBUG 31772 --- [ms-negocio-gestion-alquileres] [    Test worker] o.h.b.model.internal.BasicValueBinder    : Starting `BasicValueBinder#fillSimpleValue` for audActualizacionFecha
2025-10-23T17:05:49.463-05:00 DEBUG 31772 --- [ms-negocio-gestion-alquileres] [    Test worker] o.h.b.model.internal.BasicValueBinder    : Starting `BasicValueBinder#fillSimpleValue` for audActualizacionIdUsuario
2025-10-23T17:05:49.464-05:00 DEBUG 31772 --- [ms-negocio-gestion-alquileres] [    Test worker] o.h.b.model.internal.BasicValueBinder    : Starting `BasicValueBinder#fillSimpleValue` for audRegistroFecha
2025-10-23T17:05:49.464-05:00 DEBUG 31772 --- [ms-negocio-gestion-alquileres] [    Test worker] o.h.b.model.internal.BasicValueBinder    : Starting `BasicValueBinder#fillSimpleValue` for audRegistroIdUsuario
2025-10-23T17:05:49.464-05:00 DEBUG 31772 --- [ms-negocio-gestion-alquileres] [    Test worker] o.h.b.model.internal.BasicValueBinder    : Starting `BasicValueBinder#fillSimpleValue` for estado
2025-10-23T17:05:49.464-05:00 DEBUG 31772 --- [ms-negocio-gestion-alquileres] [    Test worker] o.h.b.model.internal.BasicValueBinder    : Starting `BasicValueBinder#fillSimpleValue` for fechaFin
2025-10-23T17:05:49.464-05:00 DEBUG 31772 --- [ms-negocio-gestion-alquileres] [    Test worker] o.h.b.model.internal.BasicValueBinder    : Starting `BasicValueBinder#fillSimpleValue` for fechaInicio
2025-10-23T17:05:49.464-05:00 DEBUG 31772 --- [ms-negocio-gestion-alquileres] [    Test worker] o.h.b.model.internal.BasicValueBinder    : Starting `BasicValueBinder#fillSimpleValue` for fechaRegistro
2025-10-23T17:05:49.464-05:00 DEBUG 31772 --- [ms-negocio-gestion-alquileres] [    Test worker] o.h.b.model.internal.BasicValueBinder    : Starting `BasicValueBinder#fillSimpleValue` for idCliente
2025-10-23T17:05:49.464-05:00 DEBUG 31772 --- [ms-negocio-gestion-alquileres] [    Test worker] o.h.b.model.internal.BasicValueBinder    : Starting `BasicValueBinder#fillSimpleValue` for igv
2025-10-23T17:05:49.464-05:00 DEBUG 31772 --- [ms-negocio-gestion-alquileres] [    Test worker] o.h.b.model.internal.BasicValueBinder    : Starting `BasicValueBinder#fillSimpleValue` for subTotal
2025-10-23T17:05:49.464-05:00 DEBUG 31772 --- [ms-negocio-gestion-alquileres] [    Test worker] o.h.b.model.internal.BasicValueBinder    : Starting `BasicValueBinder#fillSimpleValue` for total
2025-10-23T17:05:49.464-05:00 DEBUG 31772 --- [ms-negocio-gestion-alquileres] [    Test worker] o.h.b.model.internal.BasicValueBinder    : Starting `BasicValueBinder#fillSimpleValue` for idAlquilerDetalle
2025-10-23T17:05:49.464-05:00 DEBUG 31772 --- [ms-negocio-gestion-alquileres] [    Test worker] o.h.b.model.internal.BasicValueBinder    : Starting `BasicValueBinder#fillSimpleValue` for audActualizacionFecha
2025-10-23T17:05:49.464-05:00 DEBUG 31772 --- [ms-negocio-gestion-alquileres] [    Test worker] o.h.b.model.internal.BasicValueBinder    : Starting `BasicValueBinder#fillSimpleValue` for audActualizacionIdUsuario
2025-10-23T17:05:49.464-05:00 DEBUG 31772 --- [ms-negocio-gestion-alquileres] [    Test worker] o.h.b.model.internal.BasicValueBinder    : Starting `BasicValueBinder#fillSimpleValue` for audRegistroFecha
2025-10-23T17:05:49.464-05:00 DEBUG 31772 --- [ms-negocio-gestion-alquileres] [    Test worker] o.h.b.model.internal.BasicValueBinder    : Starting `BasicValueBinder#fillSimpleValue` for audRegistroIdUsuario
2025-10-23T17:05:49.464-05:00 DEBUG 31772 --- [ms-negocio-gestion-alquileres] [    Test worker] o.h.b.model.internal.BasicValueBinder    : Starting `BasicValueBinder#fillSimpleValue` for estado
2025-10-23T17:05:49.464-05:00 DEBUG 31772 --- [ms-negocio-gestion-alquileres] [    Test worker] o.h.b.model.internal.BasicValueBinder    : Starting `BasicValueBinder#fillSimpleValue` for cantidad
2025-10-23T17:05:49.464-05:00 DEBUG 31772 --- [ms-negocio-gestion-alquileres] [    Test worker] o.h.b.model.internal.BasicValueBinder    : Starting `BasicValueBinder#fillSimpleValue` for idVehiculo
2025-10-23T17:05:49.464-05:00 DEBUG 31772 --- [ms-negocio-gestion-alquileres] [    Test worker] o.h.b.model.internal.BasicValueBinder    : Starting `BasicValueBinder#fillSimpleValue` for igv
2025-10-23T17:05:49.464-05:00 DEBUG 31772 --- [ms-negocio-gestion-alquileres] [    Test worker] o.h.b.model.internal.BasicValueBinder    : Starting `BasicValueBinder#fillSimpleValue` for precioUnitario
2025-10-23T17:05:49.464-05:00 DEBUG 31772 --- [ms-negocio-gestion-alquileres] [    Test worker] o.h.b.model.internal.BasicValueBinder    : Starting `BasicValueBinder#fillSimpleValue` for subTotal
2025-10-23T17:05:49.464-05:00 DEBUG 31772 --- [ms-negocio-gestion-alquileres] [    Test worker] o.h.b.model.internal.BasicValueBinder    : Starting `BasicValueBinder#fillSimpleValue` for total
2025-10-23T17:05:49.464-05:00 DEBUG 31772 --- [ms-negocio-gestion-alquileres] [    Test worker] o.h.b.model.internal.BasicValueBinder    : Starting `BasicValueBinder#fillSimpleValue` for idAlquilerEstado
2025-10-23T17:05:49.464-05:00 DEBUG 31772 --- [ms-negocio-gestion-alquileres] [    Test worker] o.h.b.model.internal.BasicValueBinder    : Starting `BasicValueBinder#fillSimpleValue` for audActualizacionFecha
2025-10-23T17:05:49.464-05:00 DEBUG 31772 --- [ms-negocio-gestion-alquileres] [    Test worker] o.h.b.model.internal.BasicValueBinder    : Starting `BasicValueBinder#fillSimpleValue` for audActualizacionIdUsuario
2025-10-23T17:05:49.464-05:00 DEBUG 31772 --- [ms-negocio-gestion-alquileres] [    Test worker] o.h.b.model.internal.BasicValueBinder    : Starting `BasicValueBinder#fillSimpleValue` for audRegistroFecha
2025-10-23T17:05:49.464-05:00 DEBUG 31772 --- [ms-negocio-gestion-alquileres] [    Test worker] o.h.b.model.internal.BasicValueBinder    : Starting `BasicValueBinder#fillSimpleValue` for audRegistroIdUsuario
2025-10-23T17:05:49.464-05:00 DEBUG 31772 --- [ms-negocio-gestion-alquileres] [    Test worker] o.h.b.model.internal.BasicValueBinder    : Starting `BasicValueBinder#fillSimpleValue` for estado
2025-10-23T17:05:49.464-05:00 DEBUG 31772 --- [ms-negocio-gestion-alquileres] [    Test worker] o.h.b.model.internal.BasicValueBinder    : Starting `BasicValueBinder#fillSimpleValue` for descripcion
2025-10-23T17:05:49.469-05:00 DEBUG 31772 --- [ms-negocio-gestion-alquileres] [onnection-adder] com.zaxxer.hikari.pool.HikariPool        : HikariPool-1 - After adding stats (total=5/10, idle=5/10, active=0, waiting=0)
2025-10-23T17:05:49.469-05:00 DEBUG 31772 --- [ms-negocio-gestion-alquileres] [onnection-adder] com.zaxxer.hikari.pool.PoolBase          : HikariPool-1 - Attempting to create/setup new connection (ffa5c552-8780-47d8-8330-f2f9b76a6db7)
2025-10-23T17:05:49.470-05:00 DEBUG 31772 --- [ms-negocio-gestion-alquileres] [onnection-adder] org.postgresql.Driver                    : Connecting with URL: jdbc:postgresql://localhost:5433/alquiler_db
2025-10-23T17:05:49.470-05:00 DEBUG 31772 --- [ms-negocio-gestion-alquileres] [onnection-adder] org.postgresql.jdbc.PgConnection         : PostgreSQL JDBC Driver 42.7.7
2025-10-23T17:05:49.470-05:00 DEBUG 31772 --- [ms-negocio-gestion-alquileres] [onnection-adder] org.postgresql.jdbc.PgConnection         :   setDefaultFetchSize = 0
2025-10-23T17:05:49.470-05:00 DEBUG 31772 --- [ms-negocio-gestion-alquileres] [onnection-adder] org.postgresql.jdbc.PgConnection         :   setPrepareThreshold = 5
2025-10-23T17:05:49.470-05:00 DEBUG 31772 --- [ms-negocio-gestion-alquileres] [onnection-adder] o.p.core.v3.ConnectionFactoryImpl        : Trying to establish a protocol version 3 connection to localhost:5433
2025-10-23T17:05:49.472-05:00 DEBUG 31772 --- [ms-negocio-gestion-alquileres] [onnection-adder] o.p.core.v3.ConnectionFactoryImpl        : Receive Buffer Size is 65,536
2025-10-23T17:05:49.472-05:00 DEBUG 31772 --- [ms-negocio-gestion-alquileres] [onnection-adder] o.p.core.v3.ConnectionFactoryImpl        : Send Buffer Size is 65,536
2025-10-23T17:05:49.474-05:00 DEBUG 31772 --- [ms-negocio-gestion-alquileres] [    Test worker] org.hibernate.mapping.PrimaryKey         : Forcing column [id_alquiler] to be non-null as it is part of the primary key for table [alquiler_cabecera]
2025-10-23T17:05:49.474-05:00 DEBUG 31772 --- [ms-negocio-gestion-alquileres] [    Test worker] org.hibernate.mapping.PrimaryKey         : Forcing column [id_alquiler_detalle] to be non-null as it is part of the primary key for table [alquiler_detalle]
2025-10-23T17:05:49.474-05:00 DEBUG 31772 --- [ms-negocio-gestion-alquileres] [    Test worker] org.hibernate.mapping.PrimaryKey         : Forcing column [id_alquiler_estado] to be non-null as it is part of the primary key for table [alquiler_estado]
2025-10-23T17:05:49.474-05:00 DEBUG 31772 --- [ms-negocio-gestion-alquileres] [    Test worker] o.h.b.m.internal.CollectionSecondPass    : Second pass for collection: pe.edu.galaxy.training.ms.negocio.gestion.alquiler.entity.AlquilerCabeceraEntity.listAlquilerDetalle
2025-10-23T17:05:49.475-05:00 DEBUG 31772 --- [ms-negocio-gestion-alquileres] [    Test worker] o.h.b.model.internal.CollectionBinder    : Binding a OneToMany: pe.edu.galaxy.training.ms.negocio.gestion.alquiler.entity.AlquilerCabeceraEntity.listAlquilerDetalle through a foreign key
2025-10-23T17:05:49.477-05:00 DEBUG 31772 --- [ms-negocio-gestion-alquileres] [    Test worker] o.h.b.model.internal.CollectionBinder    : Mapping collection: pe.edu.galaxy.training.ms.negocio.gestion.alquiler.entity.AlquilerCabeceraEntity.listAlquilerDetalle -> alquiler_detalle
2025-10-23T17:05:49.478-05:00 DEBUG 31772 --- [ms-negocio-gestion-alquileres] [    Test worker] o.h.boot.model.internal.TableBinder      : Retrieving property pe.edu.galaxy.training.ms.negocio.gestion.alquiler.entity.AlquilerDetalleEntity.alquilerCabecera
2025-10-23T17:05:49.480-05:00 DEBUG 31772 --- [ms-negocio-gestion-alquileres] [    Test worker] o.h.b.m.internal.CollectionSecondPass    : Mapped collection key: id_alquiler, one-to-many: pe.edu.galaxy.training.ms.negocio.gestion.alquiler.entity.AlquilerDetalleEntity
2025-10-23T17:05:49.481-05:00 DEBUG 31772 --- [ms-negocio-gestion-alquileres] [onnection-adder] com.zaxxer.hikari.pool.PoolBase          : HikariPool-1 - Established new connection (ffa5c552-8780-47d8-8330-f2f9b76a6db7)
2025-10-23T17:05:49.481-05:00 DEBUG 31772 --- [ms-negocio-gestion-alquileres] [onnection-adder] com.zaxxer.hikari.pool.HikariPool        : HikariPool-1 - Added connection org.postgresql.jdbc.PgConnection@b7b512d
2025-10-23T17:05:49.518-05:00 DEBUG 31772 --- [ms-negocio-gestion-alquileres] [onnection-adder] com.zaxxer.hikari.pool.HikariPool        : HikariPool-1 - After adding stats (total=6/10, idle=6/10, active=0, waiting=0)
2025-10-23T17:05:49.518-05:00 DEBUG 31772 --- [ms-negocio-gestion-alquileres] [onnection-adder] com.zaxxer.hikari.pool.PoolBase          : HikariPool-1 - Attempting to create/setup new connection (223e7804-20ee-41ff-971b-976f22604d3d)
2025-10-23T17:05:49.519-05:00 DEBUG 31772 --- [ms-negocio-gestion-alquileres] [onnection-adder] org.postgresql.Driver                    : Connecting with URL: jdbc:postgresql://localhost:5433/alquiler_db
2025-10-23T17:05:49.519-05:00 DEBUG 31772 --- [ms-negocio-gestion-alquileres] [onnection-adder] org.postgresql.jdbc.PgConnection         : PostgreSQL JDBC Driver 42.7.7
2025-10-23T17:05:49.519-05:00 DEBUG 31772 --- [ms-negocio-gestion-alquileres] [onnection-adder] org.postgresql.jdbc.PgConnection         :   setDefaultFetchSize = 0
2025-10-23T17:05:49.519-05:00 DEBUG 31772 --- [ms-negocio-gestion-alquileres] [onnection-adder] org.postgresql.jdbc.PgConnection         :   setPrepareThreshold = 5
2025-10-23T17:05:49.519-05:00 DEBUG 31772 --- [ms-negocio-gestion-alquileres] [onnection-adder] o.p.core.v3.ConnectionFactoryImpl        : Trying to establish a protocol version 3 connection to localhost:5433
2025-10-23T17:05:49.520-05:00 DEBUG 31772 --- [ms-negocio-gestion-alquileres] [onnection-adder] o.p.core.v3.ConnectionFactoryImpl        : Receive Buffer Size is 65,536
2025-10-23T17:05:49.520-05:00 DEBUG 31772 --- [ms-negocio-gestion-alquileres] [onnection-adder] o.p.core.v3.ConnectionFactoryImpl        : Send Buffer Size is 65,536
2025-10-23T17:05:49.530-05:00 DEBUG 31772 --- [ms-negocio-gestion-alquileres] [onnection-adder] com.zaxxer.hikari.pool.PoolBase          : HikariPool-1 - Established new connection (223e7804-20ee-41ff-971b-976f22604d3d)
2025-10-23T17:05:49.531-05:00 DEBUG 31772 --- [ms-negocio-gestion-alquileres] [onnection-adder] com.zaxxer.hikari.pool.HikariPool        : HikariPool-1 - Added connection org.postgresql.jdbc.PgConnection@371e4fd2
2025-10-23T17:05:49.541-05:00 DEBUG 31772 --- [ms-negocio-gestion-alquileres] [    Test worker] o.hibernate.internal.SessionFactoryImpl  : Building session factory
2025-10-23T17:05:49.560-05:00 DEBUG 31772 --- [ms-negocio-gestion-alquileres] [    Test worker] o.s.b.f.wiring.BeanConfigurerSupport     : BeanFactory has not been set on BeanConfigurerSupport: Make sure this configurer runs in a Spring container. Unable to configure bean of type [org.springframework.data.jpa.domain.support.AuditingEntityListener]. Proceeding without injection.
2025-10-23T17:05:49.573-05:00 DEBUG 31772 --- [ms-negocio-gestion-alquileres] [onnection-adder] com.zaxxer.hikari.pool.HikariPool        : HikariPool-1 - After adding stats (total=7/10, idle=7/10, active=0, waiting=0)
2025-10-23T17:05:49.573-05:00 DEBUG 31772 --- [ms-negocio-gestion-alquileres] [onnection-adder] com.zaxxer.hikari.pool.PoolBase          : HikariPool-1 - Attempting to create/setup new connection (91e26c14-8111-45af-8339-d30e0f06f2b7)
2025-10-23T17:05:49.574-05:00 DEBUG 31772 --- [ms-negocio-gestion-alquileres] [onnection-adder] org.postgresql.Driver                    : Connecting with URL: jdbc:postgresql://localhost:5433/alquiler_db
2025-10-23T17:05:49.574-05:00 DEBUG 31772 --- [ms-negocio-gestion-alquileres] [onnection-adder] org.postgresql.jdbc.PgConnection         : PostgreSQL JDBC Driver 42.7.7
2025-10-23T17:05:49.574-05:00 DEBUG 31772 --- [ms-negocio-gestion-alquileres] [onnection-adder] org.postgresql.jdbc.PgConnection         :   setDefaultFetchSize = 0
2025-10-23T17:05:49.574-05:00 DEBUG 31772 --- [ms-negocio-gestion-alquileres] [onnection-adder] org.postgresql.jdbc.PgConnection         :   setPrepareThreshold = 5
2025-10-23T17:05:49.574-05:00 DEBUG 31772 --- [ms-negocio-gestion-alquileres] [onnection-adder] o.p.core.v3.ConnectionFactoryImpl        : Trying to establish a protocol version 3 connection to localhost:5433
2025-10-23T17:05:49.575-05:00 DEBUG 31772 --- [ms-negocio-gestion-alquileres] [onnection-adder] o.p.core.v3.ConnectionFactoryImpl        : Receive Buffer Size is 65,536
2025-10-23T17:05:49.575-05:00 DEBUG 31772 --- [ms-negocio-gestion-alquileres] [onnection-adder] o.p.core.v3.ConnectionFactoryImpl        : Send Buffer Size is 65,536
2025-10-23T17:05:49.584-05:00 DEBUG 31772 --- [ms-negocio-gestion-alquileres] [onnection-adder] com.zaxxer.hikari.pool.PoolBase          : HikariPool-1 - Established new connection (91e26c14-8111-45af-8339-d30e0f06f2b7)
2025-10-23T17:05:49.584-05:00 DEBUG 31772 --- [ms-negocio-gestion-alquileres] [onnection-adder] com.zaxxer.hikari.pool.HikariPool        : HikariPool-1 - Added connection org.postgresql.jdbc.PgConnection@73dd2cb0
2025-10-23T17:05:49.599-05:00 DEBUG 31772 --- [ms-negocio-gestion-alquileres] [    Test worker] .h.s.i.SessionFactoryServiceRegistryImpl : EventListenerRegistry access via ServiceRegistry is deprecated.  Use `sessionFactory.getEventEngine().getListenerRegistry()` instead
2025-10-23T17:05:49.599-05:00 DEBUG 31772 --- [ms-negocio-gestion-alquileres] [    Test worker] o.hibernate.internal.SessionFactoryImpl  : Instantiating SessionFactory with settings: {java.specification.version=21, sun.cpu.isalist=amd64, hibernate.resource.beans.container=org.springframework.orm.hibernate5.SpringBeanContainer@bb160fb, hibernate.connection.handling_mode=DELAYED_ACQUISITION_AND_HOLD, sun.jnu.encoding=Cp1252, hibernate.dialect=org.hibernate.dialect.PostgreSQLDialect, org.gradle.test.worker=2, hibernate.implicit_naming_strategy=org.springframework.boot.orm.jpa.hibernate.SpringImplicitNamingStrategy, java.class.path=C:\\Users\\Ale\\.gradle\\caches\\8.14.3\\workerMain\\gradle-worker.jar;C:\\Users\\Ale\\Desktop\\Galaxy\\PROYECTO-CURS-000437\\Microservices\\ms-negocio-gestion-alquiler\\build\\classes\\java\\test;C:\\Users\\Ale\\Desktop\\Galaxy\\PROYECTO-CURS-000437\\Microservices\\ms-negocio-gestion-alquiler\\build\\classes\\java\\main;C:\\Users\\Ale\\Desktop\\Galaxy\\PROYECTO-CURS-000437\\Microservices\\ms-negocio-gestion-alquiler\\build\\resources\\main;C:\\Users\\Ale\\.gradle\\caches\\modules-2\\files-2.1\\de.codecentric\\spring-boot-admin-starter-client\\3.5.5\\bfc45677b33caeb0ab35d24813a376b23554f9c3\\spring-boot-admin-starter-client-3.5.5.jar;C:\\Users\\Ale\\.gradle\\caches\\modules-2\\files-2.1\\de.codecentric\\spring-boot-admin-client\\3.5.5\\564ede0b04f763822cedbd144ae47a269c10d6f5\\spring-boot-admin-client-3.5.5.jar;C:\\Users\\Ale\\.gradle\\caches\\modules-2\\files-2.1\\org.springframework.boot\\spring-boot-starter-actuator\\3.5.6\\3e00af7ce0236ea8644bf76284f538beba3e76c7\\spring-boot-starter-actuator-3.5.6.jar;C:\\Users\\Ale\\.gradle\\caches\\modules-2\\files-2.1\\org.springframework.boot\\spring-boot-starter-data-jpa\\3.5.6\\ec77fd4b025ff3401e80be68a8a3dfbe45c7dcfa\\spring-boot-starter-data-jpa-3.5.6.jar;C:\\Users\\Ale\\.gradle\\caches\\modules-2\\files-2.1\\org.springframework.boot\\spring-boot-starter-validation\\3.5.6\\2ec647ae8e16b09a4aee4a17c0e7736f6214aacc\\spring-boot-starter-validation-3.5.6.jar;C:\\Users\\Ale\\.gradle\\caches\\modules-2\\files-2.1\\org.springframework.boot\\spring-boot-starter-web\\3.5.6\\83d6174983b3d6649525a272222af212728a9892\\spring-boot-starter-web-3.5.6.jar;C:\\Users\\Ale\\.gradle\\caches\\modules-2\\files-2.1\\org.mapstruct\\mapstruct\\1.5.5.Final\\2ca3cbe39b6e9ea8d5ea521965a89bef2a1e8eeb\\mapstruct-1.5.5.Final.jar;C:\\Users\\Ale\\.gradle\\caches\\modules-2\\files-2.1\\org.springdoc\\springdoc-openapi-starter-webmvc-ui\\2.8.6\\1f1e83afb8c6b37777dd8f0b10cb4670b0f05628\\springdoc-openapi-starter-webmvc-ui-2.8.6.jar;C:\\Users\\Ale\\.gradle\\caches\\modules-2\\files-2.1\\org.springframework.cloud\\spring-cloud-starter-config\\4.3.0\\1a77aa06460007e6a1129276d625375e4f3caf81\\spring-cloud-starter-config-4.3.0.jar;C:\\Users\\Ale\\.gradle\\caches\\modules-2\\files-2.1\\org.springframework.cloud\\spring-cloud-starter-netflix-eureka-client\\4.3.0\\50528e321d9be9a89f542f62605cfad2f3b1eab8\\spring-cloud-starter-netflix-eureka-client-4.3.0.jar;C:\\Users\\Ale\\.gradle\\caches\\modules-2\\files-2.1\\org.postgresql\\postgresql\\42.7.7\\67f8093e8d8104c74bbf588392ac3229803f5d17\\postgresql-42.7.7.jar;C:\\Users\\Ale\\.gradle\\caches\\modules-2\\files-2.1\\org.springframework.boot\\spring-boot-starter-test\\3.5.6\\a9d9c8bbd492d33c359a8d5b32a80396b2bc212f\\spring-boot-starter-test-3.5.6.jar;C:\\Users\\Ale\\.gradle\\caches\\modules-2\\files-2.1\\org.junit.jupiter\\junit-jupiter\\5.12.2\\64d3ec64ae06517bc14b7faaaec7c996b0d05bea\\junit-jupiter-5.12.2.jar;C:\\Users\\Ale\\.gradle\\caches\\modules-2\\files-2.1\\org.junit.jupiter\\junit-jupiter-engine\\5.12.2\\b8df7575b8cd3a94dbe27b481d1cd52c57864559\\junit-jupiter-engine-5.12.2.jar;C:\\Users\\Ale\\.gradle\\caches\\modules-2\\files-2.1\\org.junit.platform\\junit-platform-engine\\1.12.2\\8519ece93f91b8115705d36be2c36d49808935cd\\junit-platform-engine-1.12.2.jar;C:\\Users\\Ale\\.gradle\\caches\\modules-2\\files-2.1\\org.mockito\\mockito-junit-jupiter\\5.17.0\\4399e19e3fb5b55230027583323e4c883d5da07d\\mockito-junit-jupiter-5.17.0.jar;C:\\Users\\Ale\\.gradle\\caches\\modules-2\\files-2.1\\org.junit.jupiter\\junit-jupiter-params\\5.12.2\\ff1434a66d1fb84c2c709cde2e2d56d5c8f4fad3\\junit-jupiter-params-5.12.2.jar;C:\\Users\\Ale\\.gradle\\caches\\modules-2\\files-2.1\\org.junit.jupiter\\junit-jupiter-api\\5.12.2\\6de3a3256c5d90f4a439edcb6c2e8dc5180907b0\\junit-jupiter-api-5.12.2.jar;C:\\Users\\Ale\\.gradle\\caches\\modules-2\\files-2.1\\org.junit.platform\\junit-platform-commons\\1.12.2\\b89e88a89ee009937374a4c96912e007b34c8e35\\junit-platform-commons-1.12.2.jar;C:\\Users\\Ale\\.gradle\\caches\\modules-2\\files-2.1\\org.junit.platform\\junit-platform-launcher\\1.12.2\\79d49ad13017c67a8bf76e10ba5ac8937d811772\\junit-platform-launcher-1.12.2.jar;C:\\Users\\Ale\\.gradle\\caches\\modules-2\\files-2.1\\org.springframework.boot\\spring-boot-starter-jdbc\\3.5.6\\812d2dc9a662d9ab640bea01b383e82d881fc586\\spring-boot-starter-jdbc-3.5.6.jar;C:\\Users\\Ale\\.gradle\\caches\\modules-2\\files-2.1\\org.springframework.boot\\spring-boot-starter-json\\3.5.6\\62143e29dbac1e72759da7dd85fb8f85a3d582f7\\spring-boot-starter-json-3.5.6.jar;C:\\Users\\Ale\\.gradle\\caches\\modules-2\\files-2.1\\org.springframework.cloud\\spring-cloud-config-client\\4.3.0\\1f8d2510f35ed012962d1e65a856233c3535dc1e\\spring-cloud-config-client-4.3.0.jar;C:\\Users\\Ale\\.gradle\\caches\\modules-2\\files-2.1\\org.springframework.cloud\\spring-cloud-starter-loadbalancer\\4.3.0\\4567330739fc9c8d87dac64a2775e77343423d9f\\spring-cloud-starter-loadbalancer-4.3.0.jar;C:\\Users\\Ale\\.gradle\\caches\\modules-2\\files-2.1\\org.springframework.cloud\\spring-cloud-starter\\4.3.0\\8e794c3b8438450bf8d7cfbb936bb05344a54397\\spring-cloud-starter-4.3.0.jar;C:\\Users\\Ale\\.gradle\\caches\\modules-2\\files-2.1\\org.springframework.boot\\spring-boot-starter-cache\\3.5.6\\5f549ae945b97245f10ab3a7d8f34be1fd7846e\\spring-boot-starter-cache-3.5.6.jar;C:\\Users\\Ale\\.gradle\\caches\\modules-2\\files-2.1\\org.springframework.boot\\spring-boot-starter\\3.5.6\\2a2de314809a7c4c9b7303063c1313e03fe31ad3\\spring-boot-starter-3.5.6.jar;C:\\Users\\Ale\\.gradle\\caches\\modules-2\\files-2.1\\org.springframework.boot\\spring-boot-actuator-autoconfigure\\3.5.6\\7b7f4245c6ea91cb28edf73368998748d318b603\\spring-boot-actuator-autoconfigure-3.5.6.jar;C:\\Users\\Ale\\.gradle\\caches\\modules-2\\files-2.1\\io.micrometer\\micrometer-jakarta9\\1.15.4\\639673a45d74ddeeaab885b0251687644059d88f\\micrometer-jakarta9-1.15.4.jar;C:\\Users\\Ale\\.gradle\\caches\\modules-2\\files-2.1\\org.springdoc\\springdoc-openapi-starter-webmvc-api\\2.8.6\\d28bee4cccfebc0ac028c646bb54cac4c151765c\\springdoc-openapi-starter-webmvc-api-2.8.6.jar;C:\\Users\\Ale\\.gradle\\caches\\modules-2\\files-2.1\\org.springframework\\spring-webmvc\\6.2.11\\3313fe95e06c1d3c94d00301cbed56ed1a9d2a86\\spring-webmvc-6.2.11.jar;C:\\Users\\Ale\\.gradle\\caches\\modules-2\\files-2.1\\org.springframework\\spring-web\\6.2.11\\e590ac3e1aaea2d34a5ccb5c25ad84acbada8468\\spring-web-6.2.11.jar;C:\\Users\\Ale\\.gradle\\caches\\modules-2\\files-2.1\\io.micrometer\\micrometer-core\\1.15.4\\603fe6d384d9b58ab709f4ca17baa9ca17ce7a4\\micrometer-core-1.15.4.jar;C:\\Users\\Ale\\.gradle\\caches\\modules-2\\files-2.1\\org.springframework.data\\spring-data-jpa\\3.5.4\\abd37141d1bd52283aac0d962d6efa1d4d72424b\\spring-data-jpa-3.5.4.jar;C:\\Users\\Ale\\.gradle\\caches\\modules-2\\files-2.1\\org.springframework.boot\\spring-boot-test-autoconfigure\\3.5.6\\8dfdf84b445d7ad945814be8dcb0034fe2a4444a\\spring-boot-test-autoconfigure-3.5.6.jar;C:\\Users\\Ale\\.gradle\\caches\\modules-2\\files-2.1\\org.springframework.boot\\spring-boot-test\\3.5.6\\62818d688e88efe1e34b292c39a54b34524d6e04\\spring-boot-test-3.5.6.jar;C:\\Users\\Ale\\.gradle\\caches\\modules-2\\files-2.1\\org.springdoc\\springdoc-openapi-starter-common\\2.8.6\\880d794edd3254766e9a12daad41d75add0073d9\\springdoc-openapi-starter-common-2.8.6.jar;C:\\Users\\Ale\\.gradle\\caches\\modules-2\\files-2.1\\org.springframework.boot\\spring-boot-autoconfigure\\3.5.6\\6b8fc2519774de4e82b0dbb5651093ce2ca20836\\spring-boot-autoconfigure-3.5.6.jar;C:\\Users\\Ale\\.gradle\\caches\\modules-2\\files-2.1\\org.springframework.boot\\spring-boot-actuator\\3.5.6\\cf67879f31058782b4a04a4c19978f30c5cb477c\\spring-boot-actuator-3.5.6.jar;C:\\Users\\Ale\\.gradle\\caches\\modules-2\\files-2.1\\org.springframework.boot\\spring-boot\\3.5.6\\a02f486ab700dad1f81e54cb37651d92a3f9d700\\spring-boot-3.5.6.jar;C:\\Users\\Ale\\.gradle\\caches\\modules-2\\files-2.1\\org.springframework\\spring-context-support\\6.2.11\\b092cbb9c21eab6fbbbf57b21eaef8da6d3a96a6\\spring-context-support-6.2.11.jar;C:\\Users\\Ale\\.gradle\\caches\\modules-2\\files-2.1\\org.springframework\\spring-context\\6.2.11\\bbfb4d55385b2b65ecaf04937d209cf467eaba2f\\spring-context-6.2.11.jar;C:\\Users\\Ale\\.gradle\\caches\\modules-2\\files-2.1\\io.micrometer\\micrometer-observation\\1.15.4\\8cd0aed0ff098a7937f2f8f81705840f2d60a432\\micrometer-observation-1.15.4.jar;C:\\Users\\Ale\\.gradle\\caches\\modules-2\\files-2.1\\org.hibernate.orm\\hibernate-core\\6.6.29.Final\\d12db68bb867e2fe6e68740b3fba3d1d633f77ff\\hibernate-core-6.6.29.Final.jar;C:\\Users\\Ale\\.gradle\\caches\\modules-2\\files-2.1\\org.springframework\\spring-aspects\\6.2.11\\e02d582f1595b101c7fa53778e91ddb71d62974e\\spring-aspects-6.2.11.jar;C:\\Users\\Ale\\.gradle\\caches\\modules-2\\files-2.1\\org.springframework.boot\\spring-boot-starter-tomcat\\3.5.6\\9384211e92c82344e23b00a580cc769724ea9a0c\\spring-boot-starter-tomcat-3.5.6.jar;C:\\Users\\Ale\\.gradle\\caches\\modules-2\\files-2.1\\org.apache.tomcat.embed\\tomcat-embed-el\\10.1.46\\e1fc6986d030e791415535e28fd21c0be11810de\\tomcat-embed-el-10.1.46.jar;C:\\Users\\Ale\\.gradle\\caches\\modules-2\\files-2.1\\org.hibernate.validator\\hibernate-validator\\8.0.3.Final\\4425f554297a1c5ba03a3f30e559a9fd91048cf8\\hibernate-validator-8.0.3.Final.jar;C:\\Users\\Ale\\.gradle\\caches\\modules-2\\files-2.1\\org.webjars\\swagger-ui\\5.20.1\\cedf7971d2dc4ea4948ac379cc33ea5a8666172b\\swagger-ui-5.20.1.jar;C:\\Users\\Ale\\.gradle\\caches\\modules-2\\files-2.1\\org.webjars\\webjars-locator-lite\\1.1.0\\4aaeaa0cdaabb6c72a98894f0faf41037a907115\\webjars-locator-lite-1.1.0.jar;C:\\Users\\Ale\\.gradle\\caches\\modules-2\\files-2.1\\org.springframework.cloud\\spring-cloud-netflix-eureka-client\\4.3.0\\5fd7476e8b9c4842bf44e2abad06ad9e4a50cbe7\\spring-cloud-netflix-eureka-client-4.3.0.jar;C:\\Users\\Ale\\.gradle\\caches\\modules-2\\files-2.1\\com.netflix.eureka\\eureka-client\\2.0.4\\b39ef49393834e6f390370ceb54bbbf4df0a072e\\eureka-client-2.0.4.jar;C:\\Users\\Ale\\.gradle\\caches\\modules-2\\files-2.1\\com.fasterxml.jackson.datatype\\jackson-datatype-jdk8\\2.19.2\\a720d3946c3a1ab04b780f3b3163d62eee6948a0\\jackson-datatype-jdk8-2.19.2.jar;C:\\Users\\Ale\\.gradle\\caches\\modules-2\\files-2.1\\com.fasterxml.jackson.module\\jackson-module-parameter-names\\2.19.2\\3c4ce467c11364c72ec4967c570fd5a2d1be1d0b\\jackson-module-parameter-names-2.19.2.jar;C:\\Users\\Ale\\.gradle\\caches\\modules-2\\files-2.1\\io.swagger.core.v3\\swagger-core-jakarta\\2.2.29\\ad7a3b076125ecd61aa19cfe802d174d57f29f10\\swagger-core-jakarta-2.2.29.jar;C:\\Users\\Ale\\.gradle\\caches\\modules-2\\files-2.1\\io.swagger.core.v3\\swagger-models-jakarta\\2.2.29\\2225e869eb78ddd039dd5abc2e5c9bd9abca2114\\swagger-models-jakarta-2.2.29.jar;C:\\Users\\Ale\\.gradle\\caches\\modules-2\\files-2.1\\com.fasterxml.jackson.core\\jackson-annotations\\2.19.2\\c5381f11988ae3d424b197a26087d86067b6d7d\\jackson-annotations-2.19.2.jar;C:\\Users\\Ale\\.gradle\\caches\\modules-2\\files-2.1\\com.fasterxml.jackson.dataformat\\jackson-dataformat-yaml\\2.19.2\\ba1079940daa609061e46c80b72c5546c4718401\\jackson-dataformat-yaml-2.19.2.jar;C:\\Users\\Ale\\.gradle\\caches\\modules-2\\files-2.1\\com.fasterxml.jackson.core\\jackson-core\\2.19.2\\50f3b4bd59b9ff51a0ed493e7b5abaf5c39709bf\\jackson-core-2.19.2.jar;C:\\Users\\Ale\\.gradle\\caches\\modules-2\\files-2.1\\com.fasterxml.jackson.datatype\\jackson-datatype-jsr310\\2.19.2\\72e73f048b36d9df82aef146bf8b2ae63b2e28e2\\jackson-datatype-jsr310-2.19.2.jar;C:\\Users\\Ale\\.gradle\\caches\\modules-2\\files-2.1\\com.fasterxml.jackson.core\\jackson-databind\\2.19.2\\46509399d28f57ca32c6bb4b0d4e10e8f062051e\\jackson-databind-2.19.2.jar;C:\\Users\\Ale\\.gradle\\caches\\modules-2\\files-2.1\\org.checkerframework\\checker-qual\\3.49.3\\119a4df4ba2e6a432b23989a785f81be38a56849\\checker-qual-3.49.3.jar;C:\\Users\\Ale\\.gradle\\caches\\modules-2\\files-2.1\\com.jayway.jsonpath\\json-path\\2.9.0\\37fe2217f577b0b68b18e62c4d17a8858ecf9b69\\json-path-2.9.0.jar;C:\\Users\\Ale\\.gradle\\caches\\modules-2\\files-2.1\\org.glassfish.jaxb\\jaxb-runtime\\4.0.5\\ca84c2a7169b5293e232b9d00d1e4e36d4c3914a\\jaxb-runtime-4.0.5.jar;C:\\Users\\Ale\\.gradle\\caches\\modules-2\\files-2.1\\org.glassfish.jaxb\\jaxb-core\\4.0.5\\7b4b11ea5542eea4ad55e1080b23be436795b3\\jaxb-core-4.0.5.jar;C:\\Users\\Ale\\.gradle\\caches\\modules-2\\files-2.1\\jakarta.xml.bind\\jakarta.xml.bind-api\\4.0.2\\6cd5a999b834b63238005b7144136379dc36cad2\\jakarta.xml.bind-api-4.0.2.jar;C:\\Users\\Ale\\.gradle\\caches\\modules-2\\files-2.1\\net.minidev\\json-smart\\2.5.2\\95d166b18f95907be0f46cdb9e1c0695eed03387\\json-smart-2.5.2.jar;C:\\Users\\Ale\\.gradle\\caches\\modules-2\\files-2.1\\org.assertj\\assertj-core\\3.27.4\\65e62575f7e422df6d290dc1cb15f3c97108b2b1\\assertj-core-3.27.4.jar;C:\\Users\\Ale\\.gradle\\caches\\modules-2\\files-2.1\\org.awaitility\\awaitility\\4.2.2\\7336242073ebf83fe034e42b46a403c5501b63c9\\awaitility-4.2.2.jar;C:\\Users\\Ale\\.gradle\\caches\\modules-2\\files-2.1\\org.hamcrest\\hamcrest\\3.0\\8fd9b78a8e6a6510a078a9e30e9e86a6035cfaf7\\hamcrest-3.0.jar;C:\\Users\\Ale\\.gradle\\caches\\modules-2\\files-2.1\\org.mockito\\mockito-core\\5.17.0\\f5fe5a2f94eb65f4f83ca0607bfe13ec0d9c6f3b\\mockito-core-5.17.0.jar;C:\\Users\\Ale\\.gradle\\caches\\modules-2\\files-2.1\\org.skyscreamer\\jsonassert\\1.5.3\\aaa43e0823d2a0e106e8754d6a9c4ab24e05e9bc\\jsonassert-1.5.3.jar;C:\\Users\\Ale\\.gradle\\caches\\modules-2\\files-2.1\\org.springframework\\spring-test\\6.2.11\\ed6016f9407fff2dd272018e5d5c32105dd929\\spring-test-6.2.11.jar;C:\\Users\\Ale\\.gradle\\caches\\modules-2\\files-2.1\\org.springframework\\spring-orm\\6.2.11\\d14df2d6ecddd2984ef5590d73c5178d7df25c11\\spring-orm-6.2.11.jar;C:\\Users\\Ale\\.gradle\\caches\\modules-2\\files-2.1\\org.springframework\\spring-jdbc\\6.2.11\\8aadfc8bed1630563c65bb5628e2175ecd508998\\spring-jdbc-6.2.11.jar;C:\\Users\\Ale\\.gradle\\caches\\modules-2\\files-2.1\\org.springframework.data\\spring-data-commons\\3.5.4\\b61f6528cb8b39b471775a4b27f0437f6646f1e6\\spring-data-commons-3.5.4.jar;C:\\Users\\Ale\\.gradle\\caches\\modules-2\\files-2.1\\org.springframework\\spring-aop\\6.2.11\\1e970383810700506d646c2fa8943725f123f000\\spring-aop-6.2.11.jar;C:\\Users\\Ale\\.gradle\\caches\\modules-2\\files-2.1\\org.springframework\\spring-tx\\6.2.11\\f2b8bef65f6682019002c12a628886637e596261\\spring-tx-6.2.11.jar;C:\\Users\\Ale\\.gradle\\caches\\modules-2\\files-2.1\\org.springframework\\spring-beans\\6.2.11\\8d92eb837b70094d7316f6a07770eefd360bc53c\\spring-beans-6.2.11.jar;C:\\Users\\Ale\\.gradle\\caches\\modules-2\\files-2.1\\org.springframework\\spring-expression\\6.2.11\\7190c1c69576516efef1a061d956dccf17cb0b86\\spring-expression-6.2.11.jar;C:\\Users\\Ale\\.gradle\\caches\\modules-2\\files-2.1\\org.springframework\\spring-core\\6.2.11\\f4860eb6ea92abb8ae6c5e82e2e7efc395cef8d\\spring-core-6.2.11.jar;C:\\Users\\Ale\\.gradle\\caches\\modules-2\\files-2.1\\org.xmlunit\\xmlunit-core\\2.10.4\\eff1eddcdb52fdeaa7e28ca68301db49361d8bec\\xmlunit-core-2.10.4.jar;C:\\Users\\Ale\\.gradle\\caches\\modules-2\\files-2.1\\org.springframework.boot\\spring-boot-starter-logging\\3.5.6\\61717f15cb53d2a0cce6428b29adbdc2ed5f2f25\\spring-boot-starter-logging-3.5.6.jar;C:\\Users\\Ale\\.gradle\\caches\\modules-2\\files-2.1\\jakarta.annotation\\jakarta.annotation-api\\2.1.1\\48b9bda22b091b1f48b13af03fe36db3be6e1ae3\\jakarta.annotation-api-2.1.1.jar;C:\\Users\\Ale\\.gradle\\caches\\modules-2\\files-2.1\\org.yaml\\snakeyaml\\2.4\\e0666b825b796f85521f02360e77f4c92c5a7a07\\snakeyaml-2.4.jar;C:\\Users\\Ale\\.gradle\\caches\\modules-2\\files-2.1\\io.micrometer\\micrometer-commons\\1.15.4\\f73f10deeee5700b15c2f0f41ae79e2689b39613\\micrometer-commons-1.15.4.jar;C:\\Users\\Ale\\.gradle\\caches\\modules-2\\files-2.1\\com.zaxxer\\HikariCP\\6.3.3\\7c5aec1e47a97ff40977e0193018865304ea9585\\HikariCP-6.3.3.jar;C:\\Users\\Ale\\.gradle\\caches\\modules-2\\files-2.1\\jakarta.persistence\\jakarta.persistence-api\\3.1.0\\66901fa1c373c6aff65c13791cc11da72060a8d6\\jakarta.persistence-api-3.1.0.jar;C:\\Users\\Ale\\.gradle\\caches\\modules-2\\files-2.1\\jakarta.transaction\\jakarta.transaction-api\\2.0.1\\51a520e3fae406abb84e2e1148e6746ce3f80a1a\\jakarta.transaction-api-2.0.1.jar;C:\\Users\\Ale\\.gradle\\caches\\modules-2\\files-2.1\\org.jboss.logging\\jboss-logging\\3.6.1.Final\\886afbb445b4016a37c8960a7aef6ebd769ce7e5\\jboss-logging-3.6.1.Final.jar;C:\\Users\\Ale\\.gradle\\caches\\modules-2\\files-2.1\\org.hibernate.common\\hibernate-commons-annotations\\7.0.3.Final\\e183c4be8bb41d12e9f19b374e00c34a0a85f439\\hibernate-commons-annotations-7.0.3.Final.jar;C:\\Users\\Ale\\.gradle\\caches\\modules-2\\files-2.1\\io.smallrye\\jandex\\3.2.0\\f17ad860f62a08487b9edabde608f8ac55c62fa7\\jandex-3.2.0.jar;C:\\Users\\Ale\\.gradle\\caches\\modules-2\\files-2.1\\com.fasterxml\\classmate\\1.7.0\\e98374da1f2143ac8e6e0a95036994bb19137a3\\classmate-1.7.0.jar;C:\\Users\\Ale\\.gradle\\caches\\modules-2\\files-2.1\\net.bytebuddy\\byte-buddy\\1.17.7\\3856bfab61beb23e099a0d6629f2ba8de4b98ace\\byte-buddy-1.17.7.jar;C:\\Users\\Ale\\.gradle\\caches\\modules-2\\files-2.1\\jakarta.inject\\jakarta.inject-api\\2.0.1\\4c28afe1991a941d7702fe1362c365f0a8641d1e\\jakarta.inject-api-2.0.1.jar;C:\\Users\\Ale\\.gradle\\caches\\modules-2\\files-2.1\\org.antlr\\antlr4-runtime\\4.13.0\\5a02e48521624faaf5ff4d99afc88b01686af655\\antlr4-runtime-4.13.0.jar;C:\\Users\\Ale\\.gradle\\caches\\modules-2\\files-2.1\\org.apache.httpcomponents.client5\\httpclient5\\5.5\\4b3d253351cf74eb0ae8eb21ca5a5fb9815ef861\\httpclient5-5.5.jar;C:\\Users\\Ale\\.gradle\\caches\\modules-2\\files-2.1\\com.netflix.netflix-commons\\netflix-eventbus\\0.3.0\\3f864adbe81f0849729fcbba3fe693c32be739ea\\netflix-eventbus-0.3.0.jar;C:\\Users\\Ale\\.gradle\\caches\\modules-2\\files-2.1\\com.netflix.spectator\\spectator-api\\1.7.3\\d7d62fc0559b4de07c99a8072896b4abb0c4124d\\spectator-api-1.7.3.jar;C:\\Users\\Ale\\.gradle\\caches\\modules-2\\files-2.1\\ch.qos.logback\\logback-classic\\1.5.18\\fc371f3fc97a639de2d67947cffb7518ec5e3d40\\logback-classic-1.5.18.jar;C:\\Users\\Ale\\.gradle\\caches\\modules-2\\files-2.1\\org.apache.logging.log4j\\log4j-to-slf4j\\2.24.3\\da1143e2a2531ee1c2d90baa98eb50a28a39d5a7\\log4j-to-slf4j-2.24.3.jar;C:\\Users\\Ale\\.gradle\\caches\\modules-2\\files-2.1\\org.slf4j\\jul-to-slf4j\\2.0.17\\524cb6ccc2b68a57604750e1ab8b13b5a786a6aa\\jul-to-slf4j-2.0.17.jar;C:\\Users\\Ale\\.gradle\\caches\\modules-2\\files-2.1\\com.netflix.netflix-commons\\netflix-infix\\0.3.0\\acc65969f7367ddd2f1265e0cd7330509ed530dc\\netflix-infix-0.3.0.jar;C:\\Users\\Ale\\.gradle\\caches\\modules-2\\files-2.1\\com.netflix.servo\\servo-core\\0.5.3\\790cdf248baa2bf0b4b42fe83d79c717ed510f2b\\servo-core-0.5.3.jar;C:\\Users\\Ale\\.gradle\\caches\\modules-2\\files-2.1\\org.slf4j\\slf4j-api\\2.0.17\\d9e58ac9c7779ba3bf8142aff6c830617a7fe60f\\slf4j-api-2.0.17.jar;C:\\Users\\Ale\\.gradle\\caches\\modules-2\\files-2.1\\org.aspectj\\aspectjweaver\\1.9.24\\9b5aeb0cea9f958b9c57fb80e62996e95a3e9379\\aspectjweaver-1.9.24.jar;C:\\Users\\Ale\\.gradle\\caches\\modules-2\\files-2.1\\jakarta.validation\\jakarta.validation-api\\3.0.2\\92b6631659ba35ca09e44874d3eb936edfeee532\\jakarta.validation-api-3.0.2.jar;C:\\Users\\Ale\\.gradle\\caches\\modules-2\\files-2.1\\org.apache.tomcat.embed\\tomcat-embed-websocket\\10.1.46\\e98da6e2f659ec02062d2c84a07b7262e82d8b74\\tomcat-embed-websocket-10.1.46.jar;C:\\Users\\Ale\\.gradle\\caches\\modules-2\\files-2.1\\org.apache.tomcat.embed\\tomcat-embed-core\\10.1.46\\64d4eee6e42eb61492a7b84d458327bfb1c1d957\\tomcat-embed-core-10.1.46.jar;C:\\Users\\Ale\\.gradle\\caches\\modules-2\\files-2.1\\org.jspecify\\jspecify\\1.0.0\\7425a601c1c7ec76645a78d22b8c6a627edee507\\jspecify-1.0.0.jar;C:\\Users\\Ale\\.gradle\\caches\\modules-2\\files-2.1\\org.springframework.cloud\\spring-cloud-loadbalancer\\4.3.0\\6e2f6d8f91f40e3cfe5cc70205bfde744523a98d\\spring-cloud-loadbalancer-4.3.0.jar;C:\\Users\\Ale\\.gradle\\caches\\modules-2\\files-2.1\\org.springframework.cloud\\spring-cloud-context\\4.3.0\\831b237375831042b7838570db74df44bdea5aa6\\spring-cloud-context-4.3.0.jar;C:\\Users\\Ale\\.gradle\\caches\\modules-2\\files-2.1\\org.springframework.cloud\\spring-cloud-commons\\4.3.0\\e939caa4370105f53b1213520692615bed7605f3\\spring-cloud-commons-4.3.0.jar;C:\\Users\\Ale\\.gradle\\caches\\modules-2\\files-2.1\\org.bouncycastle\\bcprov-jdk18on\\1.80\\e22100b41042decf09cab914a5af8d2c57b5ac4a\\bcprov-jdk18on-1.80.jar;C:\\Users\\Ale\\.gradle\\caches\\modules-2\\files-2.1\\javax.annotation\\javax.annotation-api\\1.2\\479c1e06db31c432330183f5cae684163f186146\\javax.annotation-api-1.2.jar;C:\\Users\\Ale\\.gradle\\caches\\modules-2\\files-2.1\\com.thoughtworks.xstream\\xstream\\1.4.20\\e2315b8b2e95e9f21697833c8e56cdd9c98a5ee\\xstream-1.4.20.jar;C:\\Users\\Ale\\.gradle\\caches\\modules-2\\files-2.1\\jakarta.ws.rs\\jakarta.ws.rs-api\\3.1.0\\15ce10d249a38865b58fc39521f10f29ab0e3363\\jakarta.ws.rs-api-3.1.0.jar;C:\\Users\\Ale\\.gradle\\caches\\modules-2\\files-2.1\\org.apache.httpcomponents\\httpclient\\4.5.3\\d1577ae15f01ef5438c5afc62162457c00a34713\\httpclient-4.5.3.jar;C:\\Users\\Ale\\.gradle\\caches\\modules-2\\files-2.1\\commons-configuration\\commons-configuration\\1.10\\2b36e4adfb66d966c5aef2d73deb6be716389dc9\\commons-configuration-1.10.jar;C:\\Users\\Ale\\.gradle\\caches\\modules-2\\files-2.1\\org.codehaus.jettison\\jettison\\1.5.4\\174ca56c411b05aec323d8f53e66709c0d28b337\\jettison-1.5.4.jar;C:\\Users\\Ale\\.gradle\\caches\\modules-2\\files-2.1\\com.stoyanr\\evictor\\1.0.0\\d4615a8516dc28cb958e723f1a0902faa8732217\\evictor-1.0.0.jar;C:\\Users\\Ale\\.gradle\\caches\\modules-2\\files-2.1\\org.eclipse.angus\\angus-activation\\2.0.2\\41f1e0ddd157c856926ed149ab837d110955a9fc\\angus-activation-2.0.2.jar;C:\\Users\\Ale\\.gradle\\caches\\modules-2\\files-2.1\\jakarta.activation\\jakarta.activation-api\\2.1.4\\9e5c2a0d75dde71a0bedc4dbdbe47b78a5dc50f8\\jakarta.activation-api-2.1.4.jar;C:\\Users\\Ale\\.gradle\\caches\\modules-2\\files-2.1\\net.minidev\\accessors-smart\\2.5.2\\ce16fd235cfee48e67eda33e684423bba09f7d07\\accessors-smart-2.5.2.jar;C:\\Users\\Ale\\.gradle\\caches\\modules-2\\files-2.1\\net.bytebuddy\\byte-buddy-agent\\1.17.7\\fbf3d6d649ed37fc9e9c59480a05be0a26e3c2da\\byte-buddy-agent-1.17.7.jar;C:\\Users\\Ale\\.gradle\\caches\\modules-2\\files-2.1\\org.objenesis\\objenesis\\3.3\\1049c09f1de4331e8193e579448d0916d75b7631\\objenesis-3.3.jar;C:\\Users\\Ale\\.gradle\\caches\\modules-2\\files-2.1\\com.vaadin.external.google\\android-json\\0.0.20131108.vaadin1\\fa26d351fe62a6a17f5cda1287c1c6110dec413f\\android-json-0.0.20131108.vaadin1.jar;C:\\Users\\Ale\\.gradle\\caches\\modules-2\\files-2.1\\org.springframework\\spring-jcl\\6.2.11\\819fc7e968ac07d4b042be7cfb8d99c267142ac7\\spring-jcl-6.2.11.jar;C:\\Users\\Ale\\.gradle\\caches\\modules-2\\files-2.1\\org.opentest4j\\opentest4j\\1.3.0\\152ea56b3a72f655d4fd677fc0ef2596c3dd5e6e\\opentest4j-1.3.0.jar;C:\\Users\\Ale\\.gradle\\caches\\modules-2\\files-2.1\\org.hdrhistogram\\HdrHistogram\\2.2.2\\7959933ebcc0f05b2eaa5af0a0c8689fa257b15c\\HdrHistogram-2.2.2.jar;C:\\Users\\Ale\\.gradle\\caches\\modules-2\\files-2.1\\org.latencyutils\\LatencyUtils\\2.0.3\\769c0b82cb2421c8256300e907298a9410a2a3d3\\LatencyUtils-2.0.3.jar;C:\\Users\\Ale\\.gradle\\caches\\modules-2\\files-2.1\\org.springframework.security\\spring-security-crypto\\6.5.5\\83f9ebdd4706d23d697a7012aa946b64b54476f6\\spring-security-crypto-6.5.5.jar;C:\\Users\\Ale\\.gradle\\caches\\modules-2\\files-2.1\\org.apache.httpcomponents.core5\\httpcore5-h2\\5.3.5\\82014abcf597c051f00bf3aef2809063cb5024ae\\httpcore5-h2-5.3.5.jar;C:\\Users\\Ale\\.gradle\\caches\\modules-2\\files-2.1\\org.apache.httpcomponents.core5\\httpcore5\\5.3.5\\172790b48b0d8cb5d74f28dcf712b5e5a70c3440\\httpcore5-5.3.5.jar;C:\\Users\\Ale\\.gradle\\caches\\modules-2\\files-2.1\\org.apache.commons\\commons-math\\2.2\\4877b85d388275f994a5cfc7eceb73a8045d3006\\commons-math-2.2.jar;C:\\Users\\Ale\\.gradle\\caches\\modules-2\\files-2.1\\io.github.x-stream\\mxparser\\1.2.2\\476fb3b3bb3716cad797cd054ce45f89445794e9\\mxparser-1.2.2.jar;C:\\Users\\Ale\\.gradle\\caches\\modules-2\\files-2.1\\org.apache.httpcomponents\\httpcore\\4.4.16\\51cf043c87253c9f58b539c9f7e44c8894223850\\httpcore-4.4.16.jar;C:\\Users\\Ale\\.gradle\\caches\\modules-2\\files-2.1\\commons-codec\\commons-codec\\1.18.0\\ee45d1cf6ec2cc2b809ff04b4dc7aec858e0df8f\\commons-codec-1.18.0.jar;C:\\Users\\Ale\\.gradle\\caches\\modules-2\\files-2.1\\commons-lang\\commons-lang\\2.6\\ce1edb914c94ebc388f086c6827e8bdeec71ac2\\commons-lang-2.6.jar;C:\\Users\\Ale\\.gradle\\caches\\modules-2\\files-2.1\\io.projectreactor.addons\\reactor-extra\\3.5.3\\13c17f9f17b82f466d83645ddfc36908424844c5\\reactor-extra-3.5.3.jar;C:\\Users\\Ale\\.gradle\\caches\\modules-2\\files-2.1\\io.projectreactor\\reactor-core\\3.7.11\\8ac8ee9da2424c81c029f8c361e34838f77a1b78\\reactor-core-3.7.11.jar;C:\\Users\\Ale\\.gradle\\caches\\modules-2\\files-2.1\\org.ow2.asm\\asm\\9.7.1\\f0ed132a49244b042cd0e15702ab9f2ce3cc8436\\asm-9.7.1.jar;C:\\Users\\Ale\\.gradle\\caches\\modules-2\\files-2.1\\ch.qos.logback\\logback-core\\1.5.18\\6c0375624f6f36b4e089e2488ba21334a11ef13f\\logback-core-1.5.18.jar;C:\\Users\\Ale\\.gradle\\caches\\modules-2\\files-2.1\\org.apache.logging.log4j\\log4j-api\\2.24.3\\b02c125db8b6d295adf72ae6e71af5d83bce2370\\log4j-api-2.24.3.jar;C:\\Users\\Ale\\.gradle\\caches\\modules-2\\files-2.1\\org.glassfish.jaxb\\txw2\\4.0.5\\f36a4ef12120a9bb06d766d6a0e54b144fd7ed98\\txw2-4.0.5.jar;C:\\Users\\Ale\\.gradle\\caches\\modules-2\\files-2.1\\com.sun.istack\\istack-commons-runtime\\4.1.2\\18ec117c85f3ba0ac65409136afa8e42bc74e739\\istack-commons-runtime-4.1.2.jar;C:\\Users\\Ale\\.gradle\\caches\\modules-2\\files-2.1\\org.apache.commons\\commons-lang3\\3.17.0\\b17d2136f0460dcc0d2016ceefca8723bdf4ee70\\commons-lang3-3.17.0.jar;C:\\Users\\Ale\\.gradle\\caches\\modules-2\\files-2.1\\io.swagger.core.v3\\swagger-annotations-jakarta\\2.2.29\\e2718102ee6e460c41527ee9a4e0e5ee4ba999df\\swagger-annotations-jakarta-2.2.29.jar;C:\\Users\\Ale\\.gradle\\caches\\modules-2\\files-2.1\\commons-jxpath\\commons-jxpath\\1.3\\c22d7d0f0f40eb7059a23cfa61773a416768b137\\commons-jxpath-1.3.jar;C:\\Users\\Ale\\.gradle\\caches\\modules-2\\files-2.1\\joda-time\\joda-time\\2.3\\56498efd17752898cfcc3868c1b6211a07b12b8f\\joda-time-2.3.jar;C:\\Users\\Ale\\.gradle\\caches\\modules-2\\files-2.1\\org.antlr\\antlr-runtime\\3.4\\8f011408269a8e42b8548687e137d8eeb56df4b4\\antlr-runtime-3.4.jar;C:\\Users\\Ale\\.gradle\\caches\\modules-2\\files-2.1\\com.google.guava\\guava\\14.0.1\\69e12f4c6aeac392555f1ea86fab82b5e5e31ad4\\guava-14.0.1.jar;C:\\Users\\Ale\\.gradle\\caches\\modules-2\\files-2.1\\com.google.code.gson\\gson\\2.13.2\\48b8230771e573b54ce6e867a9001e75977fe78e\\gson-2.13.2.jar;C:\\Users\\Ale\\.gradle\\caches\\modules-2\\files-2.1\\xmlpull\\xmlpull\\1.1.3.1\\2b8e230d2ab644e4ecaa94db7cdedbc40c805dfa\\xmlpull-1.1.3.1.jar;C:\\Users\\Ale\\.gradle\\caches\\modules-2\\files-2.1\\org.reactivestreams\\reactive-streams\\1.0.4\\3864a1320d97d7b045f729a326e1e077661f31b7\\reactive-streams-1.0.4.jar;C:\\Users\\Ale\\.gradle\\caches\\modules-2\\files-2.1\\org.antlr\\stringtemplate\\3.2.1\\59ec8083721eae215c6f3caee944c410d2be34de\\stringtemplate-3.2.1.jar;C:\\Users\\Ale\\.gradle\\caches\\modules-2\\files-2.1\\antlr\\antlr\\2.7.7\\83cd2cd674a217ade95a4bb83a8a14f351f48bd0\\antlr-2.7.7.jar;C:\\Users\\Ale\\.gradle\\caches\\modules-2\\files-2.1\\com.google.errorprone\\error_prone_annotations\\2.41.0\\4381275efdef6ddfae38f002c31e84cd001c97f0\\error_prone_annotations-2.41.0.jar, java.vm.vendor=Oracle Corporation, sun.arch.data.model=64, user.variant=, java.vendor.url=https://java.oracle.com/, user.timezone=America/Lima, jakarta.persistence.sharedCache.mode=UNSPECIFIED, org.jboss.logging.provider=slf4j, java.vm.specification.version=21, os.name=Windows 11, APPLICATION_NAME=ms-negocio-gestion-alquileres, jakarta.persistence.nonJtaDataSource=HikariDataSource (HikariPool-1), user.country=PE, sun.java.launcher=SUN_STANDARD, sun.boot.library.path=C:\Program Files\Java\jdk-21\bin, sun.java.command=worker.org.gradle.process.internal.worker.GradleWorkerMain 'Gradle Test Executor 2', javax.persistence.nonJtaDataSource=HikariDataSource (HikariPool-1), hibernate.transaction.jta.platform=org.hibernate.engine.transaction.jta.platform.internal.NoJtaPlatform@4cc4f6bd, jdk.debug=release, sun.cpu.endian=little, hibernate.cdi.extensions=true, user.home=C:\Users\Ale, user.language=es, java.specification.vendor=Oracle Corporation, java.version.date=2024-07-16, java.home=C:\Program Files\Java\jdk-21, file.separator=\, java.vm.compressedOopsMode=32-bit, line.separator=
, hibernate.persistenceUnitName=default, java.vm.specification.vendor=Oracle Corporation, java.specification.name=Java Platform API Specification, FILE_LOG_CHARSET=windows-1252, hibernate.transaction.coordinator_class=class org.hibernate.resource.transaction.backend.jdbc.internal.JdbcResourceLocalTransactionCoordinatorBuilderImpl, java.awt.headless=true, jakarta.persistence.validation.mode=AUTO, hibernate.hbm2ddl.auto=update, user.script=, sun.management.compiler=HotSpot 64-Bit Tiered Compilers, java.runtime.version=21.0.4+8-LTS-274, user.name=Ale, stdout.encoding=Cp1252, path.separator=;, os.version=10.0, java.runtime.name=Java(TM) SE Runtime Environment, file.encoding=windows-1252, java.vm.name=Java HotSpot(TM) 64-Bit Server VM, hibernate.show_sql=true, java.vendor.url.bug=https://bugreport.java.com/bugreport/, java.io.tmpdir=C:\Users\Ale\AppData\Local\Temp\, java.version=21.0.4, hibernate.physical_naming_strategy=org.hibernate.boot.model.naming.CamelCaseToUnderscoresNamingStrategy, user.dir=C:\Users\Ale\Desktop\Galaxy\PROYECTO-CURS-000437\Microservices\ms-negocio-gestion-alquiler, os.arch=amd64, java.vm.specification.name=Java Virtual Machine Specification, PID=31772, org.gradle.internal.worker.tmpdir=C:\Users\Ale\Desktop\Galaxy\PROYECTO-CURS-000437\Microservices\ms-negocio-gestion-alquiler\build\tmp\test\work, sun.os.patch.level=, CONSOLE_LOG_CHARSET=windows-1252, hibernate.boot.CfgXmlAccessService.key=org.hibernate.boot.registry.StandardServiceRegistryBuilder$1@798753cc, native.encoding=Cp1252, java.library.path=C:\Program Files\Java\jdk-21\bin;C:\WINDOWS\Sun\Java\bin;C:\WINDOWS\system32;C:\WINDOWS;C:\Program Files\Java\jdk-21\bin;C:\oracleXE\dbhomeXE\bin;C:\Program Files\Common Files\Oracle\Java\javapath;C:\Program Files (x86)\Common Files\Oracle\Java\java8path;C:\Program Files (x86)\Common Files\Oracle\Java\javapath;C:\WINDOWS\system32;C:\WINDOWS;C:\WINDOWS\System32\Wbem;C:\WINDOWS\System32\WindowsPowerShell\v1.0\;C:\WINDOWS\System32\OpenSSH\;C:\Program Files\Git\cmd;C:\Users\Ale\AppData\Roaming\nvm;C:\Users\Ale\AppData\Roaming\nvm\nodejs;C:\xampp\mysql\bin;C:\Users\achavez\instantclient_23_4;C:\Program Files\PuTTY\;C:\Program Files\Docker\Docker\resources\bin;C:\Users\Ale\AppData\Local\Microsoft\WindowsApps;C:\Users\Ale\AppData\Local\Programs\Microsoft VS Code\bin;C:\Users\Ale\AppData\Local\Microsoft\WinGet\Packages\Kubernetes.kubectl_Microsoft.Winget.Source_8wekyb3d8bbwe;;., stderr.encoding=Cp1252, java.vendor=Oracle Corporation, java.vm.info=mixed mode, sharing, java.vm.version=21.0.4+8-LTS-274, sun.io.unicode.encoding=UnicodeLittle, hibernate.archive.scanner=org.hibernate.boot.archive.scan.internal.DisabledScanner, hibernate.connection.datasource=HikariDataSource (HikariPool-1), java.class.version=65.0, LOGGED_APPLICATION_NAME=[ms-negocio-gestion-alquileres] }
2025-10-23T17:05:49.605-05:00 DEBUG 31772 --- [ms-negocio-gestion-alquileres] [    Test worker] o.hibernate.internal.SessionFactoryImpl  : Session factory constructed with filter configurations : {}
2025-10-23T17:05:49.607-05:00 DEBUG 31772 --- [ms-negocio-gestion-alquileres] [    Test worker] o.h.v.i.xml.config.ValidationXmlParser   : Trying to load META-INF/validation.xml for XML based Validator configuration.
2025-10-23T17:05:49.607-05:00 DEBUG 31772 --- [ms-negocio-gestion-alquileres] [    Test worker] o.h.v.i.xml.config.ResourceLoaderHelper  : Trying to load META-INF/validation.xml via TCCL
2025-10-23T17:05:49.607-05:00 DEBUG 31772 --- [ms-negocio-gestion-alquileres] [    Test worker] o.h.v.i.xml.config.ResourceLoaderHelper  : Trying to load META-INF/validation.xml via Hibernate Validator's class loader
2025-10-23T17:05:49.611-05:00 DEBUG 31772 --- [ms-negocio-gestion-alquileres] [    Test worker] o.h.v.i.xml.config.ValidationXmlParser   : No META-INF/validation.xml found. Using annotation based configuration only.
2025-10-23T17:05:49.611-05:00 DEBUG 31772 --- [ms-negocio-gestion-alquileres] [    Test worker] o.h.v.i.e.resolver.TraversableResolvers  : Found jakarta.persistence.Persistence on classpath containing 'getPersistenceUtil'. Assuming JPA 2 environment. Trying to instantiate JPA aware TraversableResolver
2025-10-23T17:05:49.611-05:00 DEBUG 31772 --- [ms-negocio-gestion-alquileres] [    Test worker] o.h.v.i.e.resolver.TraversableResolvers  : Instantiated JPA aware TraversableResolver of type org.hibernate.validator.internal.engine.resolver.JPATraversableResolver.
2025-10-23T17:05:49.612-05:00 DEBUG 31772 --- [ms-negocio-gestion-alquileres] [    Test worker] .h.v.m.ResourceBundleMessageInterpolator : Loaded expression factory via original TCCL
2025-10-23T17:05:49.613-05:00 DEBUG 31772 --- [ms-negocio-gestion-alquileres] [    Test worker] .i.e.ValidatorFactoryConfigurationHelper : HV000252: Using org.hibernate.validator.internal.engine.DefaultPropertyNodeNameProvider as property node name provider.
2025-10-23T17:05:49.614-05:00 DEBUG 31772 --- [ms-negocio-gestion-alquileres] [    Test worker] .i.e.ValidatorFactoryConfigurationHelper : HV000234: Using org.hibernate.validator.messageinterpolation.ResourceBundleMessageInterpolator as ValidatorFactory-scoped message interpolator.
2025-10-23T17:05:49.614-05:00 DEBUG 31772 --- [ms-negocio-gestion-alquileres] [    Test worker] .i.e.ValidatorFactoryConfigurationHelper : HV000234: Using org.hibernate.validator.internal.engine.resolver.JPATraversableResolver as ValidatorFactory-scoped traversable resolver.
2025-10-23T17:05:49.614-05:00 DEBUG 31772 --- [ms-negocio-gestion-alquileres] [    Test worker] .i.e.ValidatorFactoryConfigurationHelper : HV000234: Using org.hibernate.validator.internal.util.ExecutableParameterNameProvider as ValidatorFactory-scoped parameter name provider.
2025-10-23T17:05:49.614-05:00 DEBUG 31772 --- [ms-negocio-gestion-alquileres] [    Test worker] .i.e.ValidatorFactoryConfigurationHelper : HV000234: Using org.hibernate.validator.internal.engine.DefaultClockProvider as ValidatorFactory-scoped clock provider.
2025-10-23T17:05:49.614-05:00 DEBUG 31772 --- [ms-negocio-gestion-alquileres] [    Test worker] .i.e.ValidatorFactoryConfigurationHelper : HV000234: Using org.hibernate.validator.internal.engine.scripting.DefaultScriptEvaluatorFactory as ValidatorFactory-scoped script evaluator factory.
2025-10-23T17:05:49.616-05:00 DEBUG 31772 --- [ms-negocio-gestion-alquileres] [    Test worker] o.h.boot.internal.ClassLoaderAccessImpl  : Not known whether passed class name [pe.edu.galaxy.training.ms.negocio.gestion.alquiler.entity.AlquilerCabeceraEntity] is safe
2025-10-23T17:05:49.616-05:00 DEBUG 31772 --- [ms-negocio-gestion-alquileres] [    Test worker] o.h.boot.internal.ClassLoaderAccessImpl  : No temp ClassLoader provided; using live ClassLoader for loading potentially unsafe class : pe.edu.galaxy.training.ms.negocio.gestion.alquiler.entity.AlquilerCabeceraEntity
2025-10-23T17:05:49.619-05:00 DEBUG 31772 --- [ms-negocio-gestion-alquileres] [onnection-adder] com.zaxxer.hikari.pool.HikariPool        : HikariPool-1 - After adding stats (total=8/10, idle=8/10, active=0, waiting=0)
2025-10-23T17:05:49.619-05:00 DEBUG 31772 --- [ms-negocio-gestion-alquileres] [onnection-adder] com.zaxxer.hikari.pool.PoolBase          : HikariPool-1 - Attempting to create/setup new connection (4d296e95-9d1a-4c3f-a556-e5b1a1e992a7)
2025-10-23T17:05:49.619-05:00 DEBUG 31772 --- [ms-negocio-gestion-alquileres] [onnection-adder] org.postgresql.Driver                    : Connecting with URL: jdbc:postgresql://localhost:5433/alquiler_db
2025-10-23T17:05:49.619-05:00 DEBUG 31772 --- [ms-negocio-gestion-alquileres] [onnection-adder] org.postgresql.jdbc.PgConnection         : PostgreSQL JDBC Driver 42.7.7
2025-10-23T17:05:49.619-05:00 DEBUG 31772 --- [ms-negocio-gestion-alquileres] [onnection-adder] org.postgresql.jdbc.PgConnection         :   setDefaultFetchSize = 0
2025-10-23T17:05:49.620-05:00 DEBUG 31772 --- [ms-negocio-gestion-alquileres] [onnection-adder] org.postgresql.jdbc.PgConnection         :   setPrepareThreshold = 5
2025-10-23T17:05:49.620-05:00 DEBUG 31772 --- [ms-negocio-gestion-alquileres] [onnection-adder] o.p.core.v3.ConnectionFactoryImpl        : Trying to establish a protocol version 3 connection to localhost:5433
2025-10-23T17:05:49.622-05:00 DEBUG 31772 --- [ms-negocio-gestion-alquileres] [onnection-adder] o.p.core.v3.ConnectionFactoryImpl        : Receive Buffer Size is 65,536
2025-10-23T17:05:49.622-05:00 DEBUG 31772 --- [ms-negocio-gestion-alquileres] [onnection-adder] o.p.core.v3.ConnectionFactoryImpl        : Send Buffer Size is 65,536
2025-10-23T17:05:49.633-05:00 DEBUG 31772 --- [ms-negocio-gestion-alquileres] [onnection-adder] com.zaxxer.hikari.pool.PoolBase          : HikariPool-1 - Established new connection (4d296e95-9d1a-4c3f-a556-e5b1a1e992a7)
2025-10-23T17:05:49.633-05:00 DEBUG 31772 --- [ms-negocio-gestion-alquileres] [onnection-adder] com.zaxxer.hikari.pool.HikariPool        : HikariPool-1 - Added connection org.postgresql.jdbc.PgConnection@667d93b2
2025-10-23T17:05:49.659-05:00 DEBUG 31772 --- [ms-negocio-gestion-alquileres] [    Test worker] o.h.boot.internal.ClassLoaderAccessImpl  : Not known whether passed class name [pe.edu.galaxy.training.ms.negocio.gestion.alquiler.entity.AlquilerEstadoEntity] is safe
2025-10-23T17:05:49.659-05:00 DEBUG 31772 --- [ms-negocio-gestion-alquileres] [    Test worker] o.h.boot.internal.ClassLoaderAccessImpl  : No temp ClassLoader provided; using live ClassLoader for loading potentially unsafe class : pe.edu.galaxy.training.ms.negocio.gestion.alquiler.entity.AlquilerEstadoEntity
2025-10-23T17:05:49.663-05:00 DEBUG 31772 --- [ms-negocio-gestion-alquileres] [    Test worker] o.h.boot.internal.ClassLoaderAccessImpl  : Not known whether passed class name [pe.edu.galaxy.training.ms.negocio.gestion.alquiler.entity.AlquilerDetalleEntity] is safe
2025-10-23T17:05:49.663-05:00 DEBUG 31772 --- [ms-negocio-gestion-alquileres] [    Test worker] o.h.boot.internal.ClassLoaderAccessImpl  : No temp ClassLoader provided; using live ClassLoader for loading potentially unsafe class : pe.edu.galaxy.training.ms.negocio.gestion.alquiler.entity.AlquilerDetalleEntity
2025-10-23T17:05:49.666-05:00 DEBUG 31772 --- [ms-negocio-gestion-alquileres] [    Test worker] .h.s.i.SessionFactoryServiceRegistryImpl : EventListenerRegistry access via ServiceRegistry is deprecated.  Use `sessionFactory.getEventEngine().getListenerRegistry()` instead
2025-10-23T17:05:49.670-05:00 DEBUG 31772 --- [ms-negocio-gestion-alquileres] [onnection-adder] com.zaxxer.hikari.pool.HikariPool        : HikariPool-1 - After adding stats (total=9/10, idle=9/10, active=0, waiting=0)
2025-10-23T17:05:49.670-05:00 DEBUG 31772 --- [ms-negocio-gestion-alquileres] [onnection-adder] com.zaxxer.hikari.pool.PoolBase          : HikariPool-1 - Attempting to create/setup new connection (59becc61-9f74-4ebf-9a2b-1e3db01ca225)
2025-10-23T17:05:49.671-05:00 DEBUG 31772 --- [ms-negocio-gestion-alquileres] [onnection-adder] org.postgresql.Driver                    : Connecting with URL: jdbc:postgresql://localhost:5433/alquiler_db
2025-10-23T17:05:49.671-05:00 DEBUG 31772 --- [ms-negocio-gestion-alquileres] [onnection-adder] org.postgresql.jdbc.PgConnection         : PostgreSQL JDBC Driver 42.7.7
2025-10-23T17:05:49.671-05:00 DEBUG 31772 --- [ms-negocio-gestion-alquileres] [onnection-adder] org.postgresql.jdbc.PgConnection         :   setDefaultFetchSize = 0
2025-10-23T17:05:49.671-05:00 DEBUG 31772 --- [ms-negocio-gestion-alquileres] [onnection-adder] org.postgresql.jdbc.PgConnection         :   setPrepareThreshold = 5
2025-10-23T17:05:49.671-05:00 DEBUG 31772 --- [ms-negocio-gestion-alquileres] [onnection-adder] o.p.core.v3.ConnectionFactoryImpl        : Trying to establish a protocol version 3 connection to localhost:5433
2025-10-23T17:05:49.673-05:00 DEBUG 31772 --- [ms-negocio-gestion-alquileres] [onnection-adder] o.p.core.v3.ConnectionFactoryImpl        : Receive Buffer Size is 65,536
2025-10-23T17:05:49.673-05:00 DEBUG 31772 --- [ms-negocio-gestion-alquileres] [onnection-adder] o.p.core.v3.ConnectionFactoryImpl        : Send Buffer Size is 65,536
2025-10-23T17:05:49.686-05:00 DEBUG 31772 --- [ms-negocio-gestion-alquileres] [onnection-adder] com.zaxxer.hikari.pool.PoolBase          : HikariPool-1 - Established new connection (59becc61-9f74-4ebf-9a2b-1e3db01ca225)
2025-10-23T17:05:49.687-05:00 DEBUG 31772 --- [ms-negocio-gestion-alquileres] [onnection-adder] com.zaxxer.hikari.pool.HikariPool        : HikariPool-1 - Added connection org.postgresql.jdbc.PgConnection@37de4469
2025-10-23T17:05:49.719-05:00 DEBUG 31772 --- [ms-negocio-gestion-alquileres] [onnection-adder] com.zaxxer.hikari.pool.HikariPool        : HikariPool-1 - After adding stats (total=10/10, idle=10/10, active=0, waiting=0)
2025-10-23T17:05:49.719-05:00 DEBUG 31772 --- [ms-negocio-gestion-alquileres] [    Test worker] o.h.q.sqm.function.SqmFunctionRegistry   : Registered SqmFunctionTemplate [NamedSqmFunctionTemplate(max)] under max; prior registration was null
2025-10-23T17:05:49.719-05:00 DEBUG 31772 --- [ms-negocio-gestion-alquileres] [    Test worker] o.h.q.sqm.function.SqmFunctionRegistry   : Registered SqmFunctionTemplate [NamedSqmFunctionTemplate(min)] under min; prior registration was null
2025-10-23T17:05:49.720-05:00 DEBUG 31772 --- [ms-negocio-gestion-alquileres] [    Test worker] o.h.q.sqm.function.SqmFunctionRegistry   : Registered SqmFunctionTemplate [NamedSqmFunctionTemplate(sum)] under sum; prior registration was null
2025-10-23T17:05:49.721-05:00 DEBUG 31772 --- [ms-negocio-gestion-alquileres] [    Test worker] o.h.q.sqm.function.SqmFunctionRegistry   : Registered SqmFunctionTemplate [NamedSqmFunctionTemplate(avg)] under avg; prior registration was null
2025-10-23T17:05:49.722-05:00 DEBUG 31772 --- [ms-negocio-gestion-alquileres] [    Test worker] o.h.q.sqm.function.SqmFunctionRegistry   : Registered SqmFunctionTemplate [org.hibernate.dialect.function.CountFunction@44d36b56] under count; prior registration was null
2025-10-23T17:05:49.723-05:00 DEBUG 31772 --- [ms-negocio-gestion-alquileres] [    Test worker] o.h.q.sqm.function.SqmFunctionRegistry   : Registered SqmFunctionTemplate [org.hibernate.dialect.function.EveryAnyEmulation@301c622d] under every; prior registration was null
2025-10-23T17:05:49.723-05:00 DEBUG 31772 --- [ms-negocio-gestion-alquileres] [    Test worker] o.h.q.sqm.function.SqmFunctionRegistry   : Registered SqmFunctionTemplate [org.hibernate.dialect.function.EveryAnyEmulation@14b0b7f9] under any; prior registration was null
2025-10-23T17:05:49.723-05:00 DEBUG 31772 --- [ms-negocio-gestion-alquileres] [    Test worker] o.h.q.sqm.function.SqmFunctionRegistry   : Registered SqmFunctionTemplate [NamedSqmFunctionTemplate(floor)] under floor; prior registration was null
2025-10-23T17:05:49.723-05:00 DEBUG 31772 --- [ms-negocio-gestion-alquileres] [    Test worker] o.h.q.sqm.function.SqmFunctionRegistry   : Registered SqmFunctionTemplate [NamedSqmFunctionTemplate(ceiling)] under ceiling; prior registration was null
2025-10-23T17:05:49.723-05:00 DEBUG 31772 --- [ms-negocio-gestion-alquileres] [    Test worker] o.h.q.sqm.function.SqmFunctionRegistry   : Registered SqmFunctionTemplate [NamedSqmFunctionTemplate(mod)] under mod; prior registration was null
2025-10-23T17:05:49.723-05:00 DEBUG 31772 --- [ms-negocio-gestion-alquileres] [    Test worker] o.h.q.sqm.function.SqmFunctionRegistry   : Registered SqmFunctionTemplate [NamedSqmFunctionTemplate(abs)] under abs; prior registration was null
2025-10-23T17:05:49.723-05:00 DEBUG 31772 --- [ms-negocio-gestion-alquileres] [    Test worker] o.h.q.sqm.function.SqmFunctionRegistry   : Registered SqmFunctionTemplate [NamedSqmFunctionTemplate(sign)] under sign; prior registration was null
2025-10-23T17:05:49.723-05:00 DEBUG 31772 --- [ms-negocio-gestion-alquileres] [    Test worker] o.h.q.sqm.function.SqmFunctionRegistry   : Registered SqmFunctionTemplate [NamedSqmFunctionTemplate(sqrt)] under sqrt; prior registration was null
2025-10-23T17:05:49.723-05:00 DEBUG 31772 --- [ms-negocio-gestion-alquileres] [    Test worker] o.h.q.sqm.function.SqmFunctionRegistry   : Registered SqmFunctionTemplate [NamedSqmFunctionTemplate(ln)] under ln; prior registration was null
2025-10-23T17:05:49.723-05:00 DEBUG 31772 --- [ms-negocio-gestion-alquileres] [    Test worker] o.h.q.sqm.function.SqmFunctionRegistry   : Registered SqmFunctionTemplate [NamedSqmFunctionTemplate(exp)] under exp; prior registration was null
2025-10-23T17:05:49.723-05:00 DEBUG 31772 --- [ms-negocio-gestion-alquileres] [    Test worker] o.h.q.sqm.function.SqmFunctionRegistry   : Registered SqmFunctionTemplate [NamedSqmFunctionTemplate(power)] under power; prior registration was null
2025-10-23T17:05:49.724-05:00 DEBUG 31772 --- [ms-negocio-gestion-alquileres] [    Test worker] o.h.q.sqm.function.SqmFunctionRegistry   : Registered SqmFunctionTemplate [NamedSqmFunctionTemplate(round)] under round; prior registration was null
2025-10-23T17:05:49.724-05:00 DEBUG 31772 --- [ms-negocio-gestion-alquileres] [    Test worker] o.h.q.sqm.function.SqmFunctionRegistry   : Registered SqmFunctionTemplate [NamedSqmFunctionTemplate(sin)] under sin; prior registration was null
2025-10-23T17:05:49.724-05:00 DEBUG 31772 --- [ms-negocio-gestion-alquileres] [    Test worker] o.h.q.sqm.function.SqmFunctionRegistry   : Registered SqmFunctionTemplate [NamedSqmFunctionTemplate(cos)] under cos; prior registration was null
2025-10-23T17:05:49.724-05:00 DEBUG 31772 --- [ms-negocio-gestion-alquileres] [    Test worker] o.h.q.sqm.function.SqmFunctionRegistry   : Registered SqmFunctionTemplate [NamedSqmFunctionTemplate(tan)] under tan; prior registration was null
2025-10-23T17:05:49.724-05:00 DEBUG 31772 --- [ms-negocio-gestion-alquileres] [    Test worker] o.h.q.sqm.function.SqmFunctionRegistry   : Registered SqmFunctionTemplate [NamedSqmFunctionTemplate(asin)] under asin; prior registration was null
2025-10-23T17:05:49.724-05:00 DEBUG 31772 --- [ms-negocio-gestion-alquileres] [    Test worker] o.h.q.sqm.function.SqmFunctionRegistry   : Registered SqmFunctionTemplate [NamedSqmFunctionTemplate(acos)] under acos; prior registration was null
2025-10-23T17:05:49.724-05:00 DEBUG 31772 --- [ms-negocio-gestion-alquileres] [    Test worker] o.h.q.sqm.function.SqmFunctionRegistry   : Registered SqmFunctionTemplate [NamedSqmFunctionTemplate(atan)] under atan; prior registration was null
2025-10-23T17:05:49.724-05:00 DEBUG 31772 --- [ms-negocio-gestion-alquileres] [    Test worker] o.h.q.sqm.function.SqmFunctionRegistry   : Registered SqmFunctionTemplate [NamedSqmFunctionTemplate(atan2)] under atan2; prior registration was null
2025-10-23T17:05:49.726-05:00 DEBUG 31772 --- [ms-negocio-gestion-alquileres] [    Test worker] o.h.q.sqm.function.SqmFunctionRegistry   : Registered SqmFunctionTemplate [org.hibernate.query.sqm.function.PatternBasedSqmFunctionDescriptor@5ad13be4] under sinh; prior registration was null
2025-10-23T17:05:49.727-05:00 DEBUG 31772 --- [ms-negocio-gestion-alquileres] [    Test worker] o.h.q.sqm.function.SqmFunctionRegistry   : Registered SqmFunctionTemplate [org.hibernate.query.sqm.function.PatternBasedSqmFunctionDescriptor@2e93f91d] under cosh; prior registration was null
2025-10-23T17:05:49.727-05:00 DEBUG 31772 --- [ms-negocio-gestion-alquileres] [    Test worker] o.h.q.sqm.function.SqmFunctionRegistry   : Registered SqmFunctionTemplate [org.hibernate.query.sqm.function.PatternBasedSqmFunctionDescriptor@1a899fcd] under tanh; prior registration was null
2025-10-23T17:05:49.727-05:00 DEBUG 31772 --- [ms-negocio-gestion-alquileres] [    Test worker] o.h.q.sqm.function.SqmFunctionRegistry   : Registered SqmFunctionTemplate [org.hibernate.query.sqm.function.PatternBasedSqmFunctionDescriptor@14a5d7ee] under pi; prior registration was null
2025-10-23T17:05:49.727-05:00 DEBUG 31772 --- [ms-negocio-gestion-alquileres] [    Test worker] o.h.q.sqm.function.SqmFunctionRegistry   : Registered SqmFunctionTemplate [org.hibernate.query.sqm.function.PatternBasedSqmFunctionDescriptor@4778c085] under log; prior registration was null
2025-10-23T17:05:49.728-05:00 DEBUG 31772 --- [ms-negocio-gestion-alquileres] [    Test worker] o.h.q.sqm.function.SqmFunctionRegistry   : Registered SqmFunctionTemplate [NamedSqmFunctionTemplate(coalesce)] under coalesce; prior registration was null
2025-10-23T17:05:49.728-05:00 DEBUG 31772 --- [ms-negocio-gestion-alquileres] [    Test worker] o.h.q.sqm.function.SqmFunctionRegistry   : Registered SqmFunctionTemplate [NamedSqmFunctionTemplate(nullif)] under nullif; prior registration was null
2025-10-23T17:05:49.728-05:00 DEBUG 31772 --- [ms-negocio-gestion-alquileres] [    Test worker] o.h.q.sqm.function.SqmFunctionRegistry   : Registered SqmFunctionTemplate [NamedSqmFunctionTemplate(left)] under left; prior registration was null
2025-10-23T17:05:49.728-05:00 DEBUG 31772 --- [ms-negocio-gestion-alquileres] [    Test worker] o.h.q.sqm.function.SqmFunctionRegistry   : Registered SqmFunctionTemplate [NamedSqmFunctionTemplate(right)] under right; prior registration was null
2025-10-23T17:05:49.728-05:00 DEBUG 31772 --- [ms-negocio-gestion-alquileres] [    Test worker] o.h.q.sqm.function.SqmFunctionRegistry   : Registered SqmFunctionTemplate [NamedSqmFunctionTemplate(replace)] under replace; prior registration was null
2025-10-23T17:05:49.729-05:00 DEBUG 31772 --- [ms-negocio-gestion-alquileres] [    Test worker] o.h.q.sqm.function.SqmFunctionRegistry   : Registered SqmFunctionTemplate [NamedSqmFunctionTemplate(concat)] under concat; prior registration was null
2025-10-23T17:05:49.729-05:00 DEBUG 31772 --- [ms-negocio-gestion-alquileres] [    Test worker] o.h.q.sqm.function.SqmFunctionRegistry   : Registered SqmFunctionTemplate [NamedSqmFunctionTemplate(lower)] under lower; prior registration was null
2025-10-23T17:05:49.729-05:00 DEBUG 31772 --- [ms-negocio-gestion-alquileres] [    Test worker] o.h.q.sqm.function.SqmFunctionRegistry   : Registered SqmFunctionTemplate [NamedSqmFunctionTemplate(upper)] under upper; prior registration was null
2025-10-23T17:05:49.729-05:00 DEBUG 31772 --- [ms-negocio-gestion-alquileres] [    Test worker] o.h.q.sqm.function.SqmFunctionRegistry   : Registered SqmFunctionTemplate [NamedSqmFunctionTemplate(substring)] under substring; prior registration was null
2025-10-23T17:05:49.729-05:00 DEBUG 31772 --- [ms-negocio-gestion-alquileres] [    Test worker] o.h.q.sqm.function.SqmFunctionRegistry   : Registered SqmFunctionTemplate [NamedSqmFunctionTemplate(locate)] under locate; prior registration was null
2025-10-23T17:05:49.729-05:00 DEBUG 31772 --- [ms-negocio-gestion-alquileres] [    Test worker] o.h.q.sqm.function.SqmFunctionRegistry   : Registered SqmFunctionTemplate [NamedSqmFunctionTemplate(character_length)] under character_length; prior registration was null
2025-10-23T17:05:49.729-05:00 DEBUG 31772 --- [ms-negocio-gestion-alquileres] [    Test worker] o.h.q.sqm.function.SqmFunctionRegistry   : Registering alternate key : length -> character_length
2025-10-23T17:05:49.729-05:00 DEBUG 31772 --- [ms-negocio-gestion-alquileres] [    Test worker] o.h.q.sqm.function.SqmFunctionRegistry   : Registered SqmFunctionTemplate [org.hibernate.dialect.function.LocatePositionEmulation@69c7eafd] under position; prior registration was null
2025-10-23T17:05:49.731-05:00 DEBUG 31772 --- [ms-negocio-gestion-alquileres] [    Test worker] o.h.q.sqm.function.SqmFunctionRegistry   : Registered SqmFunctionTemplate [org.hibernate.dialect.function.InsertSubstringOverlayEmulation@77afdbc5] under overlay; prior registration was null
2025-10-23T17:05:49.731-05:00 DEBUG 31772 --- [ms-negocio-gestion-alquileres] [    Test worker] o.h.q.sqm.function.SqmFunctionRegistry   : Registered SqmFunctionTemplate [org.hibernate.dialect.function.TrimFunction@2c1b10f2] under trim; prior registration was null
2025-10-23T17:05:49.733-05:00 DEBUG 31772 --- [ms-negocio-gestion-alquileres] [    Test worker] o.h.q.sqm.function.SqmFunctionRegistry   : Registered SqmFunctionTemplate [org.hibernate.dialect.function.CastFunction@63024843] under cast; prior registration was null
2025-10-23T17:05:49.733-05:00 DEBUG 31772 --- [ms-negocio-gestion-alquileres] [    Test worker] o.h.q.sqm.function.SqmFunctionRegistry   : Registered SqmFunctionTemplate [org.hibernate.query.sqm.function.PatternBasedSqmFunctionDescriptor@53ce27fa] under collate; prior registration was null
2025-10-23T17:05:49.733-05:00 DEBUG 31772 --- [ms-negocio-gestion-alquileres] [    Test worker] o.h.q.sqm.function.SqmFunctionRegistry   : Registered SqmFunctionTemplate [org.hibernate.dialect.function.ExtractFunction@495598c5] under extract; prior registration was null
2025-10-23T17:05:49.733-05:00 DEBUG 31772 --- [ms-negocio-gestion-alquileres] [    Test worker] o.h.q.sqm.function.SqmFunctionRegistry   : Registered SqmFunctionTemplate [NamedSqmFunctionTemplate(least)] under least; prior registration was null
2025-10-23T17:05:49.733-05:00 DEBUG 31772 --- [ms-negocio-gestion-alquileres] [    Test worker] o.h.q.sqm.function.SqmFunctionRegistry   : Registered SqmFunctionTemplate [NamedSqmFunctionTemplate(greatest)] under greatest; prior registration was null
2025-10-23T17:05:49.734-05:00 DEBUG 31772 --- [ms-negocio-gestion-alquileres] [    Test worker] o.h.q.sqm.function.SqmFunctionRegistry   : Registered SqmFunctionTemplate [org.hibernate.dialect.function.CoalesceIfnullEmulation@726ee6cf] under ifnull; prior registration was null
2025-10-23T17:05:49.734-05:00 DEBUG 31772 --- [ms-negocio-gestion-alquileres] [    Test worker] o.h.q.sqm.function.SqmFunctionRegistry   : Registered SqmFunctionTemplate [NamedSqmFunctionTemplate(lpad)] under lpad; prior registration was null
2025-10-23T17:05:49.734-05:00 DEBUG 31772 --- [ms-negocio-gestion-alquileres] [    Test worker] o.h.q.sqm.function.SqmFunctionRegistry   : Registered SqmFunctionTemplate [NamedSqmFunctionTemplate(rpad)] under rpad; prior registration was null
2025-10-23T17:05:49.734-05:00 DEBUG 31772 --- [ms-negocio-gestion-alquileres] [    Test worker] o.h.q.sqm.function.SqmFunctionRegistry   : Registered SqmFunctionTemplate [org.hibernate.dialect.function.LpadRpadPadEmulation@366c9912] under pad; prior registration was null
2025-10-23T17:05:49.734-05:00 DEBUG 31772 --- [ms-negocio-gestion-alquileres] [    Test worker] o.h.q.sqm.function.SqmFunctionRegistry   : Registered SqmFunctionTemplate [org.hibernate.dialect.function.CastStrEmulation@78ca8258] under str; prior registration was null
2025-10-23T17:05:49.735-05:00 DEBUG 31772 --- [ms-negocio-gestion-alquileres] [    Test worker] o.h.q.sqm.function.SqmFunctionRegistry   : Registered SqmFunctionTemplate [org.hibernate.dialect.function.FormatFunction@62129f97] under format; prior registration was null
2025-10-23T17:05:49.736-05:00 DEBUG 31772 --- [ms-negocio-gestion-alquileres] [    Test worker] o.h.q.sqm.function.SqmFunctionRegistry   : Registered SqmFunctionTemplate [org.hibernate.dialect.function.TimestampaddFunction@f4b2d13] under timestampadd; prior registration was null
2025-10-23T17:05:49.736-05:00 DEBUG 31772 --- [ms-negocio-gestion-alquileres] [    Test worker] o.h.q.sqm.function.SqmFunctionRegistry   : Registered SqmFunctionTemplate [org.hibernate.dialect.function.TimestampdiffFunction@834b0f7] under timestampdiff; prior registration was null
2025-10-23T17:05:49.736-05:00 DEBUG 31772 --- [ms-negocio-gestion-alquileres] [    Test worker] o.h.q.sqm.function.SqmFunctionRegistry   : Registering alternate key : dateadd -> timestampadd
2025-10-23T17:05:49.736-05:00 DEBUG 31772 --- [ms-negocio-gestion-alquileres] [    Test worker] o.h.q.sqm.function.SqmFunctionRegistry   : Registering alternate key : datediff -> timestampdiff
2025-10-23T17:05:49.737-05:00 DEBUG 31772 --- [ms-negocio-gestion-alquileres] [    Test worker] o.h.q.sqm.function.SqmFunctionRegistry   : Registered SqmFunctionTemplate [org.hibernate.dialect.function.CurrentFunction@60c33609] under current_date; prior registration was null
2025-10-23T17:05:49.737-05:00 DEBUG 31772 --- [ms-negocio-gestion-alquileres] [    Test worker] o.h.q.sqm.function.SqmFunctionRegistry   : Registered SqmFunctionTemplate [org.hibernate.dialect.function.CurrentFunction@6137dc84] under current_time; prior registration was null
2025-10-23T17:05:49.737-05:00 DEBUG 31772 --- [ms-negocio-gestion-alquileres] [    Test worker] o.h.q.sqm.function.SqmFunctionRegistry   : Registered SqmFunctionTemplate [org.hibernate.dialect.function.CurrentFunction@22f1a340] under current_timestamp; prior registration was null
2025-10-23T17:05:49.737-05:00 DEBUG 31772 --- [ms-negocio-gestion-alquileres] [    Test worker] o.h.q.sqm.function.SqmFunctionRegistry   : Registering alternate key : current date -> current_date
2025-10-23T17:05:49.737-05:00 DEBUG 31772 --- [ms-negocio-gestion-alquileres] [    Test worker] o.h.q.sqm.function.SqmFunctionRegistry   : Registering alternate key : current time -> current_time
2025-10-23T17:05:49.737-05:00 DEBUG 31772 --- [ms-negocio-gestion-alquileres] [    Test worker] o.h.q.sqm.function.SqmFunctionRegistry   : Registering alternate key : current timestamp -> current_timestamp
2025-10-23T17:05:49.737-05:00 DEBUG 31772 --- [ms-negocio-gestion-alquileres] [    Test worker] o.h.q.sqm.function.SqmFunctionRegistry   : Registered SqmFunctionTemplate [org.hibernate.dialect.function.CurrentFunction@32f243f] under local_date; prior registration was null
2025-10-23T17:05:49.737-05:00 DEBUG 31772 --- [ms-negocio-gestion-alquileres] [    Test worker] o.h.q.sqm.function.SqmFunctionRegistry   : Registered SqmFunctionTemplate [org.hibernate.dialect.function.CurrentFunction@7aa5292d] under local_time; prior registration was null
2025-10-23T17:05:49.737-05:00 DEBUG 31772 --- [ms-negocio-gestion-alquileres] [    Test worker] o.h.q.sqm.function.SqmFunctionRegistry   : Registered SqmFunctionTemplate [org.hibernate.dialect.function.CurrentFunction@25291901] under local_datetime; prior registration was null
2025-10-23T17:05:49.737-05:00 DEBUG 31772 --- [ms-negocio-gestion-alquileres] [    Test worker] o.h.q.sqm.function.SqmFunctionRegistry   : Registered SqmFunctionTemplate [org.hibernate.dialect.function.CurrentFunction@a6d4547] under offset_datetime; prior registration was null
2025-10-23T17:05:49.737-05:00 DEBUG 31772 --- [ms-negocio-gestion-alquileres] [    Test worker] o.h.q.sqm.function.SqmFunctionRegistry   : Registering alternate key : local date -> local_date
2025-10-23T17:05:49.737-05:00 DEBUG 31772 --- [ms-negocio-gestion-alquileres] [    Test worker] o.h.q.sqm.function.SqmFunctionRegistry   : Registering alternate key : local time -> local_time
2025-10-23T17:05:49.737-05:00 DEBUG 31772 --- [ms-negocio-gestion-alquileres] [    Test worker] o.h.q.sqm.function.SqmFunctionRegistry   : Registering alternate key : local datetime -> local_datetime
2025-10-23T17:05:49.737-05:00 DEBUG 31772 --- [ms-negocio-gestion-alquileres] [    Test worker] o.h.q.sqm.function.SqmFunctionRegistry   : Registering alternate key : offset datetime -> offset_datetime
2025-10-23T17:05:49.737-05:00 DEBUG 31772 --- [ms-negocio-gestion-alquileres] [    Test worker] o.h.q.sqm.function.SqmFunctionRegistry   : Registered SqmFunctionTemplate [org.hibernate.dialect.function.CurrentFunction@701996e9] under instant; prior registration was null
2025-10-23T17:05:49.737-05:00 DEBUG 31772 --- [ms-negocio-gestion-alquileres] [    Test worker] o.h.q.sqm.function.SqmFunctionRegistry   : Registering alternate key : current_instant -> instant
2025-10-23T17:05:49.738-05:00 DEBUG 31772 --- [ms-negocio-gestion-alquileres] [    Test worker] o.h.q.sqm.function.SqmFunctionRegistry   : Registered SqmFunctionTemplate [org.hibernate.dialect.function.SqlFunction@59e67a18] under sql; prior registration was null
2025-10-23T17:05:49.738-05:00 DEBUG 31772 --- [ms-negocio-gestion-alquileres] [    Test worker] o.h.q.sqm.function.SqmFunctionRegistry   : Registered SqmFunctionTemplate [NamedSqmFunctionTemplate(cot)] under cot; prior registration was null
2025-10-23T17:05:49.738-05:00 DEBUG 31772 --- [ms-negocio-gestion-alquileres] [    Test worker] o.h.q.sqm.function.SqmFunctionRegistry   : Registered SqmFunctionTemplate [NamedSqmFunctionTemplate(radians)] under radians; prior registration was null
2025-10-23T17:05:49.738-05:00 DEBUG 31772 --- [ms-negocio-gestion-alquileres] [    Test worker] o.h.q.sqm.function.SqmFunctionRegistry   : Registered SqmFunctionTemplate [NamedSqmFunctionTemplate(degrees)] under degrees; prior registration was null
2025-10-23T17:05:49.738-05:00 DEBUG 31772 --- [ms-negocio-gestion-alquileres] [    Test worker] o.h.q.sqm.function.SqmFunctionRegistry   : Registered SqmFunctionTemplate [NamedSqmFunctionTemplate(log)] under log; prior registration was org.hibernate.query.sqm.function.PatternBasedSqmFunctionDescriptor@4778c085
2025-10-23T17:05:49.738-05:00 DEBUG 31772 --- [ms-negocio-gestion-alquileres] [    Test worker] o.h.q.sqm.function.SqmFunctionRegistry   : Registered SqmFunctionTemplate [org.hibernate.query.sqm.function.PatternBasedSqmFunctionDescriptor@37289e90] under mod; prior registration was NamedSqmFunctionTemplate(mod)
2025-10-23T17:05:49.738-05:00 DEBUG 31772 --- [ms-negocio-gestion-alquileres] [    Test worker] o.h.q.sqm.function.SqmFunctionRegistry   : Registered SqmFunctionTemplate [NamedSqmFunctionTemplate(log10)] under log10; prior registration was null
2025-10-23T17:05:49.738-05:00 DEBUG 31772 --- [ms-negocio-gestion-alquileres] [    Test worker] o.h.q.sqm.function.SqmFunctionRegistry   : Registered SqmFunctionTemplate [NamedSqmFunctionTemplate(tanh)] under tanh; prior registration was org.hibernate.query.sqm.function.PatternBasedSqmFunctionDescriptor@1a899fcd
2025-10-23T17:05:49.738-05:00 DEBUG 31772 --- [ms-negocio-gestion-alquileres] [    Test worker] o.h.q.sqm.function.SqmFunctionRegistry   : Registered SqmFunctionTemplate [NamedSqmFunctionTemplate(sinh)] under sinh; prior registration was org.hibernate.query.sqm.function.PatternBasedSqmFunctionDescriptor@5ad13be4
2025-10-23T17:05:49.738-05:00 DEBUG 31772 --- [ms-negocio-gestion-alquileres] [    Test worker] o.h.q.sqm.function.SqmFunctionRegistry   : Registered SqmFunctionTemplate [NamedSqmFunctionTemplate(cosh)] under cosh; prior registration was org.hibernate.query.sqm.function.PatternBasedSqmFunctionDescriptor@2e93f91d
2025-10-23T17:05:49.738-05:00 DEBUG 31772 --- [ms-negocio-gestion-alquileres] [    Test worker] o.h.q.sqm.function.SqmFunctionRegistry   : Registered SqmFunctionTemplate [NamedSqmFunctionTemplate(acosh)] under acosh; prior registration was null
2025-10-23T17:05:49.738-05:00 DEBUG 31772 --- [ms-negocio-gestion-alquileres] [    Test worker] o.h.q.sqm.function.SqmFunctionRegistry   : Registered SqmFunctionTemplate [NamedSqmFunctionTemplate(asinh)] under asinh; prior registration was null
2025-10-23T17:05:49.738-05:00 DEBUG 31772 --- [ms-negocio-gestion-alquileres] [    Test worker] o.h.q.sqm.function.SqmFunctionRegistry   : Registered SqmFunctionTemplate [NamedSqmFunctionTemplate(atanh)] under atanh; prior registration was null
2025-10-23T17:05:49.738-05:00 DEBUG 31772 --- [ms-negocio-gestion-alquileres] [    Test worker] o.h.q.sqm.function.SqmFunctionRegistry   : Registered SqmFunctionTemplate [NamedSqmFunctionTemplate(cbrt)] under cbrt; prior registration was null
2025-10-23T17:05:49.738-05:00 DEBUG 31772 --- [ms-negocio-gestion-alquileres] [    Test worker] o.h.q.sqm.function.SqmFunctionRegistry   : Registered SqmFunctionTemplate [NamedSqmFunctionTemplate(pi)] under pi; prior registration was org.hibernate.query.sqm.function.PatternBasedSqmFunctionDescriptor@14a5d7ee
2025-10-23T17:05:49.738-05:00 DEBUG 31772 --- [ms-negocio-gestion-alquileres] [    Test worker] o.h.q.sqm.function.SqmFunctionRegistry   : Registered SqmFunctionTemplate [NamedSqmFunctionTemplate(ltrim)] under ltrim; prior registration was null
2025-10-23T17:05:49.738-05:00 DEBUG 31772 --- [ms-negocio-gestion-alquileres] [    Test worker] o.h.q.sqm.function.SqmFunctionRegistry   : Registered SqmFunctionTemplate [NamedSqmFunctionTemplate(rtrim)] under rtrim; prior registration was null
2025-10-23T17:05:49.738-05:00 DEBUG 31772 --- [ms-negocio-gestion-alquileres] [    Test worker] o.h.q.sqm.function.SqmFunctionRegistry   : Registered SqmFunctionTemplate [NamedSqmFunctionTemplate(repeat)] under repeat; prior registration was null
2025-10-23T17:05:49.738-05:00 DEBUG 31772 --- [ms-negocio-gestion-alquileres] [    Test worker] o.h.q.sqm.function.SqmFunctionRegistry   : Registered SqmFunctionTemplate [NamedSqmFunctionTemplate(md5)] under md5; prior registration was null
2025-10-23T17:05:49.738-05:00 DEBUG 31772 --- [ms-negocio-gestion-alquileres] [    Test worker] o.h.q.sqm.function.SqmFunctionRegistry   : Registered SqmFunctionTemplate [NamedSqmFunctionTemplate(initcap)] under initcap; prior registration was null
2025-10-23T17:05:49.738-05:00 DEBUG 31772 --- [ms-negocio-gestion-alquileres] [    Test worker] o.h.q.sqm.function.SqmFunctionRegistry   : Registered SqmFunctionTemplate [NamedSqmFunctionTemplate(substr)] under substr; prior registration was null
2025-10-23T17:05:49.738-05:00 DEBUG 31772 --- [ms-negocio-gestion-alquileres] [    Test worker] o.h.q.sqm.function.SqmFunctionRegistry   : Registered SqmFunctionTemplate [NamedSqmFunctionTemplate(substr)] under substring; prior registration was NamedSqmFunctionTemplate(substring)
2025-10-23T17:05:49.738-05:00 DEBUG 31772 --- [ms-negocio-gestion-alquileres] [    Test worker] o.h.q.sqm.function.SqmFunctionRegistry   : Registered SqmFunctionTemplate [NamedSqmFunctionTemplate(translate)] under translate; prior registration was null
2025-10-23T17:05:49.738-05:00 DEBUG 31772 --- [ms-negocio-gestion-alquileres] [    Test worker] o.h.q.sqm.function.SqmFunctionRegistry   : Registered SqmFunctionTemplate [NamedSqmFunctionTemplate(to_number)] under to_number; prior registration was null
2025-10-23T17:05:49.738-05:00 DEBUG 31772 --- [ms-negocio-gestion-alquileres] [    Test worker] o.h.q.sqm.function.SqmFunctionRegistry   : Registered SqmFunctionTemplate [NamedSqmFunctionTemplate(to_char)] under to_char; prior registration was null
2025-10-23T17:05:49.738-05:00 DEBUG 31772 --- [ms-negocio-gestion-alquileres] [    Test worker] o.h.q.sqm.function.SqmFunctionRegistry   : Registered SqmFunctionTemplate [NamedSqmFunctionTemplate(to_date)] under to_date; prior registration was null
2025-10-23T17:05:49.738-05:00 DEBUG 31772 --- [ms-negocio-gestion-alquileres] [    Test worker] o.h.q.sqm.function.SqmFunctionRegistry   : Registered SqmFunctionTemplate [NamedSqmFunctionTemplate(to_timestamp)] under to_timestamp; prior registration was null
2025-10-23T17:05:49.739-05:00 DEBUG 31772 --- [ms-negocio-gestion-alquileres] [    Test worker] o.h.q.sqm.function.SqmFunctionRegistry   : Registered SqmFunctionTemplate [org.hibernate.dialect.function.ConcatPipeFunction@59b43e35] under concat; prior registration was NamedSqmFunctionTemplate(concat)
2025-10-23T17:05:49.739-05:00 DEBUG 31772 --- [ms-negocio-gestion-alquileres] [    Test worker] o.h.q.sqm.function.SqmFunctionRegistry   : Registered SqmFunctionTemplate [NamedSqmFunctionTemplate(localtime)] under localtime; prior registration was null
2025-10-23T17:05:49.739-05:00 DEBUG 31772 --- [ms-negocio-gestion-alquileres] [    Test worker] o.h.q.sqm.function.SqmFunctionRegistry   : Registered SqmFunctionTemplate [NamedSqmFunctionTemplate(localtimestamp)] under localtimestamp; prior registration was null
2025-10-23T17:05:49.739-05:00 DEBUG 31772 --- [ms-negocio-gestion-alquileres] [    Test worker] o.h.q.sqm.function.SqmFunctionRegistry   : Registered SqmFunctionTemplate [NamedSqmFunctionTemplate(localtime)] under local_time; prior registration was org.hibernate.dialect.function.CurrentFunction@7aa5292d
2025-10-23T17:05:49.739-05:00 DEBUG 31772 --- [ms-negocio-gestion-alquileres] [    Test worker] o.h.q.sqm.function.SqmFunctionRegistry   : Registered SqmFunctionTemplate [NamedSqmFunctionTemplate(localtimestamp)] under local_datetime; prior registration was org.hibernate.dialect.function.CurrentFunction@25291901
2025-10-23T17:05:49.739-05:00 DEBUG 31772 --- [ms-negocio-gestion-alquileres] [    Test worker] o.h.q.sqm.function.SqmFunctionRegistry   : Registered SqmFunctionTemplate [org.hibernate.dialect.function.LengthFunction@106387cf] under character_length; prior registration was NamedSqmFunctionTemplate(character_length)
2025-10-23T17:05:49.739-05:00 DEBUG 31772 --- [ms-negocio-gestion-alquileres] [    Test worker] o.h.q.sqm.function.SqmFunctionRegistry   : Registering alternate key : length -> character_length
2025-10-23T17:05:49.739-05:00 DEBUG 31772 --- [ms-negocio-gestion-alquileres] [    Test worker] o.h.q.sqm.function.SqmFunctionRegistry   : Registered SqmFunctionTemplate [org.hibernate.dialect.function.LengthFunction@3d3c14c3] under bit_length; prior registration was null
2025-10-23T17:05:49.740-05:00 DEBUG 31772 --- [ms-negocio-gestion-alquileres] [    Test worker] o.h.q.sqm.function.SqmFunctionRegistry   : Registered SqmFunctionTemplate [org.hibernate.dialect.function.LengthFunction@599fab92] under octet_length; prior registration was null
2025-10-23T17:05:49.740-05:00 DEBUG 31772 --- [ms-negocio-gestion-alquileres] [    Test worker] o.h.q.sqm.function.SqmFunctionRegistry   : Registered SqmFunctionTemplate [NamedSqmFunctionTemplate(ascii)] under ascii; prior registration was null
2025-10-23T17:05:49.740-05:00 DEBUG 31772 --- [ms-negocio-gestion-alquileres] [    Test worker] o.h.q.sqm.function.SqmFunctionRegistry   : Registered SqmFunctionTemplate [NamedSqmFunctionTemplate(chr)] under chr; prior registration was null
2025-10-23T17:05:49.740-05:00 DEBUG 31772 --- [ms-negocio-gestion-alquileres] [    Test worker] o.h.q.sqm.function.SqmFunctionRegistry   : Registering alternate key : char -> chr
2025-10-23T17:05:49.740-05:00 DEBUG 31772 --- [ms-negocio-gestion-alquileres] [    Test worker] o.h.q.sqm.function.SqmFunctionRegistry   : Registered SqmFunctionTemplate [org.hibernate.query.sqm.function.PatternBasedSqmFunctionDescriptor@439054a7] under position; prior registration was org.hibernate.dialect.function.LocatePositionEmulation@69c7eafd
2025-10-23T17:05:49.740-05:00 DEBUG 31772 --- [ms-negocio-gestion-alquileres] [    Test worker] o.h.q.sqm.function.SqmFunctionRegistry   : Registered SqmFunctionTemplate [org.hibernate.query.sqm.function.PatternBasedSqmFunctionDescriptor@4fc1eee5] under bitand; prior registration was null
2025-10-23T17:05:49.740-05:00 DEBUG 31772 --- [ms-negocio-gestion-alquileres] [    Test worker] o.h.q.sqm.function.SqmFunctionRegistry   : Registered SqmFunctionTemplate [org.hibernate.query.sqm.function.PatternBasedSqmFunctionDescriptor@120661d2] under bitor; prior registration was null
2025-10-23T17:05:49.740-05:00 DEBUG 31772 --- [ms-negocio-gestion-alquileres] [    Test worker] o.h.q.sqm.function.SqmFunctionRegistry   : Registered SqmFunctionTemplate [org.hibernate.query.sqm.function.PatternBasedSqmFunctionDescriptor@36618b3b] under bitxor; prior registration was null
2025-10-23T17:05:49.740-05:00 DEBUG 31772 --- [ms-negocio-gestion-alquileres] [    Test worker] o.h.q.sqm.function.SqmFunctionRegistry   : Registered SqmFunctionTemplate [org.hibernate.query.sqm.function.PatternBasedSqmFunctionDescriptor@7715d43c] under bitnot; prior registration was null
2025-10-23T17:05:49.740-05:00 DEBUG 31772 --- [ms-negocio-gestion-alquileres] [    Test worker] o.h.q.sqm.function.SqmFunctionRegistry   : Registered SqmFunctionTemplate [NamedSqmFunctionTemplate(bit_and)] under bit_and; prior registration was null
2025-10-23T17:05:49.740-05:00 DEBUG 31772 --- [ms-negocio-gestion-alquileres] [    Test worker] o.h.q.sqm.function.SqmFunctionRegistry   : Registered SqmFunctionTemplate [NamedSqmFunctionTemplate(bit_or)] under bit_or; prior registration was null
2025-10-23T17:05:49.740-05:00 DEBUG 31772 --- [ms-negocio-gestion-alquileres] [    Test worker] o.h.q.sqm.function.SqmFunctionRegistry   : Registered SqmFunctionTemplate [NamedSqmFunctionTemplate(bool_and)] under bool_and; prior registration was null
2025-10-23T17:05:49.740-05:00 DEBUG 31772 --- [ms-negocio-gestion-alquileres] [    Test worker] o.h.q.sqm.function.SqmFunctionRegistry   : Registering alternate key : every -> bool_and
2025-10-23T17:05:49.740-05:00 DEBUG 31772 --- [ms-negocio-gestion-alquileres] [    Test worker] o.h.q.sqm.function.SqmFunctionRegistry   : Registered SqmFunctionTemplate [NamedSqmFunctionTemplate(bool_or)] under bool_or; prior registration was null
2025-10-23T17:05:49.740-05:00 DEBUG 31772 --- [ms-negocio-gestion-alquileres] [    Test worker] o.h.q.sqm.function.SqmFunctionRegistry   : Registering alternate key : any -> bool_or
2025-10-23T17:05:49.740-05:00 DEBUG 31772 --- [ms-negocio-gestion-alquileres] [    Test worker] o.h.q.sqm.function.SqmFunctionRegistry   : Registered SqmFunctionTemplate [org.hibernate.query.sqm.function.PatternBasedSqmFunctionDescriptor@3763aafd] under median; prior registration was null
2025-10-23T17:05:49.740-05:00 DEBUG 31772 --- [ms-negocio-gestion-alquileres] [    Test worker] o.h.q.sqm.function.SqmFunctionRegistry   : Registered SqmFunctionTemplate [NamedSqmFunctionTemplate(stddev)] under stddev; prior registration was null
2025-10-23T17:05:49.740-05:00 DEBUG 31772 --- [ms-negocio-gestion-alquileres] [    Test worker] o.h.q.sqm.function.SqmFunctionRegistry   : Registered SqmFunctionTemplate [NamedSqmFunctionTemplate(stddev_pop)] under stddev_pop; prior registration was null
2025-10-23T17:05:49.741-05:00 DEBUG 31772 --- [ms-negocio-gestion-alquileres] [    Test worker] o.h.q.sqm.function.SqmFunctionRegistry   : Registered SqmFunctionTemplate [NamedSqmFunctionTemplate(stddev_samp)] under stddev_samp; prior registration was null
2025-10-23T17:05:49.741-05:00 DEBUG 31772 --- [ms-negocio-gestion-alquileres] [    Test worker] o.h.q.sqm.function.SqmFunctionRegistry   : Registered SqmFunctionTemplate [NamedSqmFunctionTemplate(variance)] under variance; prior registration was null
2025-10-23T17:05:49.741-05:00 DEBUG 31772 --- [ms-negocio-gestion-alquileres] [    Test worker] o.h.q.sqm.function.SqmFunctionRegistry   : Registered SqmFunctionTemplate [NamedSqmFunctionTemplate(var_pop)] under var_pop; prior registration was null
2025-10-23T17:05:49.741-05:00 DEBUG 31772 --- [ms-negocio-gestion-alquileres] [    Test worker] o.h.q.sqm.function.SqmFunctionRegistry   : Registered SqmFunctionTemplate [NamedSqmFunctionTemplate(var_samp)] under var_samp; prior registration was null
2025-10-23T17:05:49.741-05:00 DEBUG 31772 --- [ms-negocio-gestion-alquileres] [    Test worker] o.h.q.sqm.function.SqmFunctionRegistry   : Registered SqmFunctionTemplate [NamedSqmFunctionTemplate(covar_pop)] under covar_pop; prior registration was null
2025-10-23T17:05:49.741-05:00 DEBUG 31772 --- [ms-negocio-gestion-alquileres] [    Test worker] o.h.q.sqm.function.SqmFunctionRegistry   : Registered SqmFunctionTemplate [NamedSqmFunctionTemplate(covar_samp)] under covar_samp; prior registration was null
2025-10-23T17:05:49.741-05:00 DEBUG 31772 --- [ms-negocio-gestion-alquileres] [    Test worker] o.h.q.sqm.function.SqmFunctionRegistry   : Registered SqmFunctionTemplate [NamedSqmFunctionTemplate(corr)] under corr; prior registration was null
2025-10-23T17:05:49.741-05:00 DEBUG 31772 --- [ms-negocio-gestion-alquileres] [    Test worker] o.h.q.sqm.function.SqmFunctionRegistry   : Registered SqmFunctionTemplate [NamedSqmFunctionTemplate(regr_avgx)] under regr_avgx; prior registration was null
2025-10-23T17:05:49.741-05:00 DEBUG 31772 --- [ms-negocio-gestion-alquileres] [    Test worker] o.h.q.sqm.function.SqmFunctionRegistry   : Registered SqmFunctionTemplate [NamedSqmFunctionTemplate(regr_avgy)] under regr_avgy; prior registration was null
2025-10-23T17:05:49.741-05:00 DEBUG 31772 --- [ms-negocio-gestion-alquileres] [    Test worker] o.h.q.sqm.function.SqmFunctionRegistry   : Registered SqmFunctionTemplate [NamedSqmFunctionTemplate(regr_count)] under regr_count; prior registration was null
2025-10-23T17:05:49.741-05:00 DEBUG 31772 --- [ms-negocio-gestion-alquileres] [    Test worker] o.h.q.sqm.function.SqmFunctionRegistry   : Registered SqmFunctionTemplate [NamedSqmFunctionTemplate(regr_intercept)] under regr_intercept; prior registration was null
2025-10-23T17:05:49.741-05:00 DEBUG 31772 --- [ms-negocio-gestion-alquileres] [    Test worker] o.h.q.sqm.function.SqmFunctionRegistry   : Registered SqmFunctionTemplate [NamedSqmFunctionTemplate(regr_r2)] under regr_r2; prior registration was null
2025-10-23T17:05:49.741-05:00 DEBUG 31772 --- [ms-negocio-gestion-alquileres] [    Test worker] o.h.q.sqm.function.SqmFunctionRegistry   : Registered SqmFunctionTemplate [NamedSqmFunctionTemplate(regr_slope)] under regr_slope; prior registration was null
2025-10-23T17:05:49.741-05:00 DEBUG 31772 --- [ms-negocio-gestion-alquileres] [    Test worker] o.h.q.sqm.function.SqmFunctionRegistry   : Registered SqmFunctionTemplate [NamedSqmFunctionTemplate(regr_sxx)] under regr_sxx; prior registration was null
2025-10-23T17:05:49.741-05:00 DEBUG 31772 --- [ms-negocio-gestion-alquileres] [    Test worker] o.h.q.sqm.function.SqmFunctionRegistry   : Registered SqmFunctionTemplate [NamedSqmFunctionTemplate(regr_sxy)] under regr_sxy; prior registration was null
2025-10-23T17:05:49.741-05:00 DEBUG 31772 --- [ms-negocio-gestion-alquileres] [    Test worker] o.h.q.sqm.function.SqmFunctionRegistry   : Registered SqmFunctionTemplate [NamedSqmFunctionTemplate(regr_syy)] under regr_syy; prior registration was null
2025-10-23T17:05:49.741-05:00 DEBUG 31772 --- [ms-negocio-gestion-alquileres] [    Test worker] o.h.q.sqm.function.SqmFunctionRegistry   : Registered SqmFunctionTemplate [org.hibernate.query.sqm.function.PatternBasedSqmFunctionDescriptor@2cc82c83] under insert; prior registration was null
2025-10-23T17:05:49.742-05:00 DEBUG 31772 --- [ms-negocio-gestion-alquileres] [    Test worker] o.h.q.sqm.function.SqmFunctionRegistry   : Registered SqmFunctionTemplate [org.hibernate.query.sqm.function.MultipatternSqmFunctionDescriptor@765d67dd] under overlay; prior registration was org.hibernate.dialect.function.InsertSubstringOverlayEmulation@77afdbc5
2025-10-23T17:05:49.742-05:00 DEBUG 31772 --- [ms-negocio-gestion-alquileres] [    Test worker] o.h.q.sqm.function.SqmFunctionRegistry   : Registered SqmFunctionTemplate [NamedSqmFunctionTemplate(soundex)] under soundex; prior registration was null
2025-10-23T17:05:49.742-05:00 DEBUG 31772 --- [ms-negocio-gestion-alquileres] [    Test worker] o.h.q.sqm.function.SqmFunctionRegistry   : Registered SqmFunctionTemplate [org.hibernate.query.sqm.function.MultipatternSqmFunctionDescriptor@2e68bd3d] under locate; prior registration was NamedSqmFunctionTemplate(locate)
2025-10-23T17:05:49.742-05:00 DEBUG 31772 --- [ms-negocio-gestion-alquileres] [    Test worker] o.h.q.sqm.function.SqmFunctionRegistry   : Registered SqmFunctionTemplate [NamedSqmFunctionTemplate(row_number)] under row_number; prior registration was null
2025-10-23T17:05:49.742-05:00 DEBUG 31772 --- [ms-negocio-gestion-alquileres] [    Test worker] o.h.q.sqm.function.SqmFunctionRegistry   : Registered SqmFunctionTemplate [NamedSqmFunctionTemplate(lag)] under lag; prior registration was null
2025-10-23T17:05:49.742-05:00 DEBUG 31772 --- [ms-negocio-gestion-alquileres] [    Test worker] o.h.q.sqm.function.SqmFunctionRegistry   : Registered SqmFunctionTemplate [NamedSqmFunctionTemplate(lead)] under lead; prior registration was null
2025-10-23T17:05:49.742-05:00 DEBUG 31772 --- [ms-negocio-gestion-alquileres] [    Test worker] o.h.q.sqm.function.SqmFunctionRegistry   : Registered SqmFunctionTemplate [NamedSqmFunctionTemplate(first_value)] under first_value; prior registration was null
2025-10-23T17:05:49.742-05:00 DEBUG 31772 --- [ms-negocio-gestion-alquileres] [    Test worker] o.h.q.sqm.function.SqmFunctionRegistry   : Registered SqmFunctionTemplate [NamedSqmFunctionTemplate(last_value)] under last_value; prior registration was null
2025-10-23T17:05:49.742-05:00 DEBUG 31772 --- [ms-negocio-gestion-alquileres] [    Test worker] o.h.q.sqm.function.SqmFunctionRegistry   : Registered SqmFunctionTemplate [NamedSqmFunctionTemplate(nth_value)] under nth_value; prior registration was null
2025-10-23T17:05:49.743-05:00 DEBUG 31772 --- [ms-negocio-gestion-alquileres] [    Test worker] o.h.q.sqm.function.SqmFunctionRegistry   : Registered SqmFunctionTemplate [org.hibernate.dialect.function.ListaggStringAggEmulation@345d4ecb] under listagg; prior registration was null
2025-10-23T17:05:49.744-05:00 DEBUG 31772 --- [ms-negocio-gestion-alquileres] [    Test worker] o.h.q.sqm.function.SqmFunctionRegistry   : Registered SqmFunctionTemplate [org.hibernate.dialect.function.array.PostgreSQLArrayConstructorFunction@2d21d12b] under array; prior registration was null
2025-10-23T17:05:49.745-05:00 DEBUG 31772 --- [ms-negocio-gestion-alquileres] [    Test worker] o.h.q.sqm.function.SqmFunctionRegistry   : Registered SqmFunctionTemplate [org.hibernate.dialect.function.array.PostgreSQLArrayConstructorFunction@669b8190] under array_list; prior registration was null
2025-10-23T17:05:49.745-05:00 DEBUG 31772 --- [ms-negocio-gestion-alquileres] [    Test worker] o.h.q.sqm.function.SqmFunctionRegistry   : Registered SqmFunctionTemplate [org.hibernate.dialect.function.array.ArrayAggFunction@3ede428e] under array_agg; prior registration was null
2025-10-23T17:05:49.747-05:00 DEBUG 31772 --- [ms-negocio-gestion-alquileres] [    Test worker] o.h.q.sqm.function.SqmFunctionRegistry   : Registered SqmFunctionTemplate [org.hibernate.dialect.function.array.PostgreSQLArrayPositionFunction@18b88f7] under array_position; prior registration was null
2025-10-23T17:05:49.751-05:00 DEBUG 31772 --- [ms-negocio-gestion-alquileres] [    Test worker] o.h.q.sqm.function.SqmFunctionRegistry   : Registered SqmFunctionTemplate [org.hibernate.dialect.function.array.PostgreSQLArrayPositionsFunction@3ed3e66d] under array_positions; prior registration was null
2025-10-23T17:05:49.752-05:00 DEBUG 31772 --- [ms-negocio-gestion-alquileres] [    Test worker] o.h.q.sqm.function.SqmFunctionRegistry   : Registered SqmFunctionTemplate [org.hibernate.dialect.function.array.PostgreSQLArrayPositionsFunction@568e2d65] under array_positions_list; prior registration was null
2025-10-23T17:05:49.752-05:00 DEBUG 31772 --- [ms-negocio-gestion-alquileres] [    Test worker] o.h.q.sqm.function.SqmFunctionRegistry   : Registered SqmFunctionTemplate [org.hibernate.query.sqm.function.PatternBasedSqmFunctionDescriptor@5e528476] under array_length; prior registration was null
2025-10-23T17:05:49.752-05:00 DEBUG 31772 --- [ms-negocio-gestion-alquileres] [    Test worker] o.h.q.sqm.function.SqmFunctionRegistry   : Registered SqmFunctionTemplate [org.hibernate.dialect.function.DynamicDispatchFunction@45e49d3d] under length; prior registration was null
2025-10-23T17:05:49.753-05:00 DEBUG 31772 --- [ms-negocio-gestion-alquileres] [    Test worker] o.h.q.sqm.function.SqmFunctionRegistry   : Registered SqmFunctionTemplate [org.hibernate.dialect.function.array.PostgreSQLArrayConcatFunction@53bc6492] under array_concat; prior registration was null
2025-10-23T17:05:49.754-05:00 DEBUG 31772 --- [ms-negocio-gestion-alquileres] [    Test worker] o.h.q.sqm.function.SqmFunctionRegistry   : Registered SqmFunctionTemplate [org.hibernate.dialect.function.array.PostgreSQLArrayConcatElementFunction@4ed90b04] under array_prepend; prior registration was null
2025-10-23T17:05:49.754-05:00 DEBUG 31772 --- [ms-negocio-gestion-alquileres] [    Test worker] o.h.q.sqm.function.SqmFunctionRegistry   : Registered SqmFunctionTemplate [org.hibernate.dialect.function.array.PostgreSQLArrayConcatElementFunction@686ace1f] under array_append; prior registration was null
2025-10-23T17:05:49.756-05:00 DEBUG 31772 --- [ms-negocio-gestion-alquileres] [    Test worker] o.h.q.sqm.function.SqmFunctionRegistry   : Registered SqmFunctionTemplate [org.hibernate.dialect.function.array.ArrayContainsOperatorFunction@3c070ade] under array_contains; prior registration was null
2025-10-23T17:05:49.756-05:00 DEBUG 31772 --- [ms-negocio-gestion-alquileres] [    Test worker] o.h.q.sqm.function.SqmFunctionRegistry   : Registered SqmFunctionTemplate [org.hibernate.dialect.function.array.ArrayContainsOperatorFunction@bb3487c] under array_contains_nullable; prior registration was null
2025-10-23T17:05:49.757-05:00 DEBUG 31772 --- [ms-negocio-gestion-alquileres] [    Test worker] o.h.q.sqm.function.SqmFunctionRegistry   : Registered SqmFunctionTemplate [org.hibernate.dialect.function.array.ArrayIncludesOperatorFunction@51d26fed] under array_includes; prior registration was null
2025-10-23T17:05:49.757-05:00 DEBUG 31772 --- [ms-negocio-gestion-alquileres] [    Test worker] o.h.q.sqm.function.SqmFunctionRegistry   : Registered SqmFunctionTemplate [org.hibernate.dialect.function.array.ArrayIncludesOperatorFunction@6779959d] under array_includes_nullable; prior registration was null
2025-10-23T17:05:49.757-05:00 DEBUG 31772 --- [ms-negocio-gestion-alquileres] [    Test worker] o.h.q.sqm.function.SqmFunctionRegistry   : Registered SqmFunctionTemplate [org.hibernate.dialect.function.array.ArrayIntersectsOperatorFunction@779cda39] under array_intersects; prior registration was null
2025-10-23T17:05:49.757-05:00 DEBUG 31772 --- [ms-negocio-gestion-alquileres] [    Test worker] o.h.q.sqm.function.SqmFunctionRegistry   : Registered SqmFunctionTemplate [org.hibernate.dialect.function.array.ArrayIntersectsOperatorFunction@4205d1c9] under array_intersects_nullable; prior registration was null
2025-10-23T17:05:49.758-05:00 DEBUG 31772 --- [ms-negocio-gestion-alquileres] [    Test worker] o.h.q.sqm.function.SqmFunctionRegistry   : Registering alternate key : array_overlaps -> array_intersects
2025-10-23T17:05:49.758-05:00 DEBUG 31772 --- [ms-negocio-gestion-alquileres] [    Test worker] o.h.q.sqm.function.SqmFunctionRegistry   : Registering alternate key : array_overlaps_nullable -> array_intersects_nullable
2025-10-23T17:05:49.758-05:00 DEBUG 31772 --- [ms-negocio-gestion-alquileres] [    Test worker] o.h.q.sqm.function.SqmFunctionRegistry   : Registered SqmFunctionTemplate [org.hibernate.query.sqm.function.PatternBasedSqmFunctionDescriptor@5799b8a2] under array_get; prior registration was null
2025-10-23T17:05:49.758-05:00 DEBUG 31772 --- [ms-negocio-gestion-alquileres] [    Test worker] o.h.q.sqm.function.SqmFunctionRegistry   : Registered SqmFunctionTemplate [org.hibernate.dialect.function.array.ArraySetUnnestFunction@5a1a5521] under array_set; prior registration was null
2025-10-23T17:05:49.758-05:00 DEBUG 31772 --- [ms-negocio-gestion-alquileres] [    Test worker] o.h.q.sqm.function.SqmFunctionRegistry   : Registered SqmFunctionTemplate [NamedSqmFunctionTemplate(array_remove)] under array_remove; prior registration was null
2025-10-23T17:05:49.758-05:00 DEBUG 31772 --- [ms-negocio-gestion-alquileres] [    Test worker] o.h.q.sqm.function.SqmFunctionRegistry   : Registered SqmFunctionTemplate [org.hibernate.dialect.function.array.ArrayRemoveIndexUnnestFunction@7305a443] under array_remove_index; prior registration was null
2025-10-23T17:05:49.759-05:00 DEBUG 31772 --- [ms-negocio-gestion-alquileres] [    Test worker] o.h.q.sqm.function.SqmFunctionRegistry   : Registered SqmFunctionTemplate [org.hibernate.query.sqm.function.PatternBasedSqmFunctionDescriptor@3ed2a30c] under array_slice; prior registration was null
2025-10-23T17:05:49.759-05:00 DEBUG 31772 --- [ms-negocio-gestion-alquileres] [    Test worker] o.h.q.sqm.function.SqmFunctionRegistry   : Registered SqmFunctionTemplate [NamedSqmFunctionTemplate(array_replace)] under array_replace; prior registration was null
2025-10-23T17:05:49.759-05:00 DEBUG 31772 --- [ms-negocio-gestion-alquileres] [    Test worker] o.h.q.sqm.function.SqmFunctionRegistry   : Registered SqmFunctionTemplate [org.hibernate.query.sqm.function.PatternBasedSqmFunctionDescriptor@adbc3bc] under array_trim; prior registration was null
2025-10-23T17:05:49.759-05:00 DEBUG 31772 --- [ms-negocio-gestion-alquileres] [    Test worker] o.h.q.sqm.function.SqmFunctionRegistry   : Registered SqmFunctionTemplate [org.hibernate.dialect.function.array.PostgreSQLArrayFillFunction@1ea78c72] under array_fill; prior registration was null
2025-10-23T17:05:49.759-05:00 DEBUG 31772 --- [ms-negocio-gestion-alquileres] [    Test worker] o.h.q.sqm.function.SqmFunctionRegistry   : Registered SqmFunctionTemplate [org.hibernate.dialect.function.array.PostgreSQLArrayFillFunction@3437fc4f] under array_fill_list; prior registration was null
2025-10-23T17:05:49.759-05:00 DEBUG 31772 --- [ms-negocio-gestion-alquileres] [    Test worker] o.h.q.sqm.function.SqmFunctionRegistry   : Registered SqmFunctionTemplate [org.hibernate.dialect.function.array.ArrayToStringFunction@709c6768] under array_to_string; prior registration was null
2025-10-23T17:05:49.760-05:00 DEBUG 31772 --- [ms-negocio-gestion-alquileres] [    Test worker] o.h.q.sqm.function.SqmFunctionRegistry   : Registered SqmFunctionTemplate [NamedSqmFunctionTemplate(make_date)] under make_date; prior registration was null
2025-10-23T17:05:49.760-05:00 DEBUG 31772 --- [ms-negocio-gestion-alquileres] [    Test worker] o.h.q.sqm.function.SqmFunctionRegistry   : Registered SqmFunctionTemplate [NamedSqmFunctionTemplate(make_time)] under make_time; prior registration was null
2025-10-23T17:05:49.760-05:00 DEBUG 31772 --- [ms-negocio-gestion-alquileres] [    Test worker] o.h.q.sqm.function.SqmFunctionRegistry   : Registered SqmFunctionTemplate [NamedSqmFunctionTemplate(make_timestamp)] under make_timestamp; prior registration was null
2025-10-23T17:05:49.760-05:00 DEBUG 31772 --- [ms-negocio-gestion-alquileres] [    Test worker] o.h.q.sqm.function.SqmFunctionRegistry   : Registered SqmFunctionTemplate [NamedSqmFunctionTemplate(make_timestamptz)] under make_timestamptz; prior registration was null
2025-10-23T17:05:49.760-05:00 DEBUG 31772 --- [ms-negocio-gestion-alquileres] [    Test worker] o.h.q.sqm.function.SqmFunctionRegistry   : Registered SqmFunctionTemplate [org.hibernate.dialect.function.InverseDistributionFunction@374013e8] under mode; prior registration was null
2025-10-23T17:05:49.760-05:00 DEBUG 31772 --- [ms-negocio-gestion-alquileres] [    Test worker] o.h.q.sqm.function.SqmFunctionRegistry   : Registered SqmFunctionTemplate [org.hibernate.dialect.function.InverseDistributionFunction@712dd0b0] under percentile_cont; prior registration was null
2025-10-23T17:05:49.760-05:00 DEBUG 31772 --- [ms-negocio-gestion-alquileres] [    Test worker] o.h.q.sqm.function.SqmFunctionRegistry   : Registered SqmFunctionTemplate [org.hibernate.dialect.function.InverseDistributionFunction@6b3284] under percentile_disc; prior registration was null
2025-10-23T17:05:49.761-05:00 DEBUG 31772 --- [ms-negocio-gestion-alquileres] [    Test worker] o.h.q.sqm.function.SqmFunctionRegistry   : Registered SqmFunctionTemplate [org.hibernate.dialect.function.HypotheticalSetFunction@21f27bb5] under rank; prior registration was null
2025-10-23T17:05:49.761-05:00 DEBUG 31772 --- [ms-negocio-gestion-alquileres] [    Test worker] o.h.q.sqm.function.SqmFunctionRegistry   : Registered SqmFunctionTemplate [org.hibernate.dialect.function.HypotheticalSetFunction@2e2a2b07] under dense_rank; prior registration was null
2025-10-23T17:05:49.761-05:00 DEBUG 31772 --- [ms-negocio-gestion-alquileres] [    Test worker] o.h.q.sqm.function.SqmFunctionRegistry   : Registered SqmFunctionTemplate [org.hibernate.dialect.function.HypotheticalSetFunction@52dc71b2] under percent_rank; prior registration was null
2025-10-23T17:05:49.761-05:00 DEBUG 31772 --- [ms-negocio-gestion-alquileres] [    Test worker] o.h.q.sqm.function.SqmFunctionRegistry   : Registered SqmFunctionTemplate [org.hibernate.dialect.function.HypotheticalSetFunction@e1d2781] under cume_dist; prior registration was null
2025-10-23T17:05:49.761-05:00 DEBUG 31772 --- [ms-negocio-gestion-alquileres] [    Test worker] o.h.q.sqm.function.SqmFunctionRegistry   : Registered SqmFunctionTemplate [org.hibernate.dialect.function.PostgreSQLMinMaxFunction@15ab0461] under min; prior registration was NamedSqmFunctionTemplate(min)
2025-10-23T17:05:49.761-05:00 DEBUG 31772 --- [ms-negocio-gestion-alquileres] [    Test worker] o.h.q.sqm.function.SqmFunctionRegistry   : Registered SqmFunctionTemplate [org.hibernate.dialect.function.PostgreSQLMinMaxFunction@2f403d0a] under max; prior registration was NamedSqmFunctionTemplate(max)
2025-10-23T17:05:49.761-05:00 DEBUG 31772 --- [ms-negocio-gestion-alquileres] [    Test worker] o.h.q.sqm.function.SqmFunctionRegistry   : Registered SqmFunctionTemplate [org.hibernate.query.sqm.function.PatternBasedSqmFunctionDescriptor@186fc6e] under bitxor; prior registration was org.hibernate.query.sqm.function.PatternBasedSqmFunctionDescriptor@36618b3b
2025-10-23T17:05:49.761-05:00 DEBUG 31772 --- [ms-negocio-gestion-alquileres] [    Test worker] o.h.q.sqm.function.SqmFunctionRegistry   : Registered SqmFunctionTemplate [org.hibernate.dialect.function.PostgreSQLTruncRoundFunction@4e451f9a] under round; prior registration was NamedSqmFunctionTemplate(round)
2025-10-23T17:05:49.763-05:00 DEBUG 31772 --- [ms-negocio-gestion-alquileres] [    Test worker] o.h.q.sqm.function.SqmFunctionRegistry   : Registered SqmFunctionTemplate [org.hibernate.dialect.function.PostgreSQLTruncFunction@52cda4bd] under trunc; prior registration was null
2025-10-23T17:05:49.763-05:00 DEBUG 31772 --- [ms-negocio-gestion-alquileres] [    Test worker] o.h.q.sqm.function.SqmFunctionRegistry   : Registering alternate key : truncate -> trunc
2025-10-23T17:05:49.763-05:00 DEBUG 31772 --- [ms-negocio-gestion-alquileres] [    Test worker] o.h.q.sqm.function.SqmFunctionRegistry   : Registered SqmFunctionTemplate [org.hibernate.query.sqm.function.PatternBasedSqmFunctionDescriptor@40aaf656] under date_trunc; prior registration was null
2025-10-23T17:05:49.764-05:00 DEBUG 31772 --- [ms-negocio-gestion-alquileres] [    Test worker] org.hibernate.HQL_FUNCTIONS              : abs(NUMERIC arg)
2025-10-23T17:05:49.764-05:00 DEBUG 31772 --- [ms-negocio-gestion-alquileres] [    Test worker] org.hibernate.HQL_FUNCTIONS              : Double acos(NUMERIC arg)
2025-10-23T17:05:49.764-05:00 DEBUG 31772 --- [ms-negocio-gestion-alquileres] [    Test worker] org.hibernate.HQL_FUNCTIONS              : Double acosh(NUMERIC arg)
2025-10-23T17:05:49.764-05:00 DEBUG 31772 --- [ms-negocio-gestion-alquileres] [    Test worker] org.hibernate.HQL_FUNCTIONS              : Boolean any(BOOLEAN predicate)
2025-10-23T17:05:49.764-05:00 DEBUG 31772 --- [ms-negocio-gestion-alquileres] [    Test worker] org.hibernate.HQL_FUNCTIONS              : array( ... )
2025-10-23T17:05:49.764-05:00 DEBUG 31772 --- [ms-negocio-gestion-alquileres] [    Test worker] org.hibernate.HQL_FUNCTIONS              : array_agg(arg)
2025-10-23T17:05:49.764-05:00 DEBUG 31772 --- [ms-negocio-gestion-alquileres] [    Test worker] org.hibernate.HQL_FUNCTIONS              : array_append( ... )
2025-10-23T17:05:49.764-05:00 DEBUG 31772 --- [ms-negocio-gestion-alquileres] [    Test worker] org.hibernate.HQL_FUNCTIONS              : array_concat( ... )
2025-10-23T17:05:49.764-05:00 DEBUG 31772 --- [ms-negocio-gestion-alquileres] [    Test worker] org.hibernate.HQL_FUNCTIONS              : Boolean array_contains(ARRAY haystackArray, OBJECT needleElementOrArray)
2025-10-23T17:05:49.764-05:00 DEBUG 31772 --- [ms-negocio-gestion-alquileres] [    Test worker] org.hibernate.HQL_FUNCTIONS              : Boolean array_contains_nullable(ARRAY haystackArray, OBJECT needleElementOrArray)
2025-10-23T17:05:49.764-05:00 DEBUG 31772 --- [ms-negocio-gestion-alquileres] [    Test worker] org.hibernate.HQL_FUNCTIONS              : array_fill(OBJECT element, INTEGER elementCount)
2025-10-23T17:05:49.764-05:00 DEBUG 31772 --- [ms-negocio-gestion-alquileres] [    Test worker] org.hibernate.HQL_FUNCTIONS              : array_fill_list(OBJECT element, INTEGER elementCount)
2025-10-23T17:05:49.764-05:00 DEBUG 31772 --- [ms-negocio-gestion-alquileres] [    Test worker] org.hibernate.HQL_FUNCTIONS              : array_get(ARRAY array, INTEGER index)
2025-10-23T17:05:49.764-05:00 DEBUG 31772 --- [ms-negocio-gestion-alquileres] [    Test worker] org.hibernate.HQL_FUNCTIONS              : Boolean array_includes(ARRAY haystackArray, OBJECT needleArray)
2025-10-23T17:05:49.764-05:00 DEBUG 31772 --- [ms-negocio-gestion-alquileres] [    Test worker] org.hibernate.HQL_FUNCTIONS              : Boolean array_includes_nullable(ARRAY haystackArray, OBJECT needleArray)
2025-10-23T17:05:49.764-05:00 DEBUG 31772 --- [ms-negocio-gestion-alquileres] [    Test worker] org.hibernate.HQL_FUNCTIONS              : Boolean array_intersects(ARRAY array0, OBJECT array1)
2025-10-23T17:05:49.764-05:00 DEBUG 31772 --- [ms-negocio-gestion-alquileres] [    Test worker] org.hibernate.HQL_FUNCTIONS              : Boolean array_intersects_nullable(ARRAY array0, OBJECT array1)
2025-10-23T17:05:49.764-05:00 DEBUG 31772 --- [ms-negocio-gestion-alquileres] [    Test worker] org.hibernate.HQL_FUNCTIONS              : Integer array_length(ARRAY array)
2025-10-23T17:05:49.764-05:00 DEBUG 31772 --- [ms-negocio-gestion-alquileres] [    Test worker] org.hibernate.HQL_FUNCTIONS              : array_list( ... )
2025-10-23T17:05:49.764-05:00 DEBUG 31772 --- [ms-negocio-gestion-alquileres] [    Test worker] org.hibernate.HQL_FUNCTIONS              : Boolean array_overlaps(ARRAY array0, OBJECT array1)
2025-10-23T17:05:49.764-05:00 DEBUG 31772 --- [ms-negocio-gestion-alquileres] [    Test worker] org.hibernate.HQL_FUNCTIONS              : Boolean array_overlaps_nullable(ARRAY array0, OBJECT array1)
2025-10-23T17:05:49.764-05:00 DEBUG 31772 --- [ms-negocio-gestion-alquileres] [    Test worker] org.hibernate.HQL_FUNCTIONS              : Integer array_position(ARRAY array, OBJECT element[, INTEGER startPosition])
2025-10-23T17:05:49.764-05:00 DEBUG 31772 --- [ms-negocio-gestion-alquileres] [    Test worker] org.hibernate.HQL_FUNCTIONS              : int[] array_positions(ARRAY array, OBJECT element)
2025-10-23T17:05:49.764-05:00 DEBUG 31772 --- [ms-negocio-gestion-alquileres] [    Test worker] org.hibernate.HQL_FUNCTIONS              : List array_positions_list(ARRAY array, OBJECT element)
2025-10-23T17:05:49.764-05:00 DEBUG 31772 --- [ms-negocio-gestion-alquileres] [    Test worker] org.hibernate.HQL_FUNCTIONS              : array_prepend( ... )
2025-10-23T17:05:49.764-05:00 DEBUG 31772 --- [ms-negocio-gestion-alquileres] [    Test worker] org.hibernate.HQL_FUNCTIONS              : array_remove( ... )
2025-10-23T17:05:49.764-05:00 DEBUG 31772 --- [ms-negocio-gestion-alquileres] [    Test worker] org.hibernate.HQL_FUNCTIONS              : array_remove_index( ... )
2025-10-23T17:05:49.764-05:00 DEBUG 31772 --- [ms-negocio-gestion-alquileres] [    Test worker] org.hibernate.HQL_FUNCTIONS              : array_replace(ARRAY array, OBJECT old, OBJECT new)
2025-10-23T17:05:49.765-05:00 DEBUG 31772 --- [ms-negocio-gestion-alquileres] [    Test worker] org.hibernate.HQL_FUNCTIONS              : array_set( ... )
2025-10-23T17:05:49.765-05:00 DEBUG 31772 --- [ms-negocio-gestion-alquileres] [    Test worker] org.hibernate.HQL_FUNCTIONS              : array_slice(ARRAY array, INTEGER start, INTEGER end)
2025-10-23T17:05:49.765-05:00 DEBUG 31772 --- [ms-negocio-gestion-alquileres] [    Test worker] org.hibernate.HQL_FUNCTIONS              : String array_to_string( ... )
2025-10-23T17:05:49.765-05:00 DEBUG 31772 --- [ms-negocio-gestion-alquileres] [    Test worker] org.hibernate.HQL_FUNCTIONS              : array_trim(ARRAY array, INTEGER elementsToRemove)
2025-10-23T17:05:49.765-05:00 DEBUG 31772 --- [ms-negocio-gestion-alquileres] [    Test worker] org.hibernate.HQL_FUNCTIONS              : Integer ascii(STRING arg)
2025-10-23T17:05:49.765-05:00 DEBUG 31772 --- [ms-negocio-gestion-alquileres] [    Test worker] org.hibernate.HQL_FUNCTIONS              : Double asin(NUMERIC arg)
2025-10-23T17:05:49.765-05:00 DEBUG 31772 --- [ms-negocio-gestion-alquileres] [    Test worker] org.hibernate.HQL_FUNCTIONS              : Double asinh(NUMERIC arg)
2025-10-23T17:05:49.765-05:00 DEBUG 31772 --- [ms-negocio-gestion-alquileres] [    Test worker] org.hibernate.HQL_FUNCTIONS              : Double atan(NUMERIC arg)
2025-10-23T17:05:49.765-05:00 DEBUG 31772 --- [ms-negocio-gestion-alquileres] [    Test worker] org.hibernate.HQL_FUNCTIONS              : Double atan2(NUMERIC arg0, NUMERIC arg1)
2025-10-23T17:05:49.765-05:00 DEBUG 31772 --- [ms-negocio-gestion-alquileres] [    Test worker] org.hibernate.HQL_FUNCTIONS              : Double atanh(NUMERIC arg)
2025-10-23T17:05:49.765-05:00 DEBUG 31772 --- [ms-negocio-gestion-alquileres] [    Test worker] org.hibernate.HQL_FUNCTIONS              : avg(arg)
2025-10-23T17:05:49.765-05:00 DEBUG 31772 --- [ms-negocio-gestion-alquileres] [    Test worker] org.hibernate.HQL_FUNCTIONS              : bit_and(arg)
2025-10-23T17:05:49.765-05:00 DEBUG 31772 --- [ms-negocio-gestion-alquileres] [    Test worker] org.hibernate.HQL_FUNCTIONS              : Integer bit_length(STRING_OR_CLOB arg)
2025-10-23T17:05:49.765-05:00 DEBUG 31772 --- [ms-negocio-gestion-alquileres] [    Test worker] org.hibernate.HQL_FUNCTIONS              : bit_or(arg)
2025-10-23T17:05:49.765-05:00 DEBUG 31772 --- [ms-negocio-gestion-alquileres] [    Test worker] org.hibernate.HQL_FUNCTIONS              : bitand(arg0, arg1)
2025-10-23T17:05:49.765-05:00 DEBUG 31772 --- [ms-negocio-gestion-alquileres] [    Test worker] org.hibernate.HQL_FUNCTIONS              : bitnot(arg)
2025-10-23T17:05:49.765-05:00 DEBUG 31772 --- [ms-negocio-gestion-alquileres] [    Test worker] org.hibernate.HQL_FUNCTIONS              : bitor(arg0, arg1)
2025-10-23T17:05:49.765-05:00 DEBUG 31772 --- [ms-negocio-gestion-alquileres] [    Test worker] org.hibernate.HQL_FUNCTIONS              : bitxor(arg0, arg1)
2025-10-23T17:05:49.765-05:00 DEBUG 31772 --- [ms-negocio-gestion-alquileres] [    Test worker] org.hibernate.HQL_FUNCTIONS              : Boolean bool_and(BOOLEAN predicate)
2025-10-23T17:05:49.765-05:00 DEBUG 31772 --- [ms-negocio-gestion-alquileres] [    Test worker] org.hibernate.HQL_FUNCTIONS              : Boolean bool_or(BOOLEAN predicate)
2025-10-23T17:05:49.765-05:00 DEBUG 31772 --- [ms-negocio-gestion-alquileres] [    Test worker] org.hibernate.HQL_FUNCTIONS              : cast(arg as Type)
2025-10-23T17:05:49.765-05:00 DEBUG 31772 --- [ms-negocio-gestion-alquileres] [    Test worker] org.hibernate.HQL_FUNCTIONS              : Double cbrt(NUMERIC arg)
2025-10-23T17:05:49.765-05:00 DEBUG 31772 --- [ms-negocio-gestion-alquileres] [    Test worker] org.hibernate.HQL_FUNCTIONS              : ceiling(NUMERIC arg)
2025-10-23T17:05:49.765-05:00 DEBUG 31772 --- [ms-negocio-gestion-alquileres] [    Test worker] org.hibernate.HQL_FUNCTIONS              : Character char(INTEGER arg)
2025-10-23T17:05:49.765-05:00 DEBUG 31772 --- [ms-negocio-gestion-alquileres] [    Test worker] org.hibernate.HQL_FUNCTIONS              : Integer character_length(STRING_OR_CLOB arg)
2025-10-23T17:05:49.765-05:00 DEBUG 31772 --- [ms-negocio-gestion-alquileres] [    Test worker] org.hibernate.HQL_FUNCTIONS              : Character chr(INTEGER arg)
2025-10-23T17:05:49.765-05:00 DEBUG 31772 --- [ms-negocio-gestion-alquileres] [    Test worker] org.hibernate.HQL_FUNCTIONS              : coalesce(arg0[, arg1[, ...]])
2025-10-23T17:05:49.765-05:00 DEBUG 31772 --- [ms-negocio-gestion-alquileres] [    Test worker] org.hibernate.HQL_FUNCTIONS              : String collate(STRING string as COLLATION collation)
2025-10-23T17:05:49.765-05:00 DEBUG 31772 --- [ms-negocio-gestion-alquileres] [    Test worker] org.hibernate.HQL_FUNCTIONS              : (STRING string0[, STRING string1[, ...]])
2025-10-23T17:05:49.765-05:00 DEBUG 31772 --- [ms-negocio-gestion-alquileres] [    Test worker] org.hibernate.HQL_FUNCTIONS              : Double corr(NUMERIC arg0, NUMERIC arg1)
2025-10-23T17:05:49.765-05:00 DEBUG 31772 --- [ms-negocio-gestion-alquileres] [    Test worker] org.hibernate.HQL_FUNCTIONS              : Double cos(NUMERIC arg)
2025-10-23T17:05:49.765-05:00 DEBUG 31772 --- [ms-negocio-gestion-alquileres] [    Test worker] org.hibernate.HQL_FUNCTIONS              : Double cosh(NUMERIC arg)
2025-10-23T17:05:49.765-05:00 DEBUG 31772 --- [ms-negocio-gestion-alquileres] [    Test worker] org.hibernate.HQL_FUNCTIONS              : Double cot(NUMERIC arg)
2025-10-23T17:05:49.765-05:00 DEBUG 31772 --- [ms-negocio-gestion-alquileres] [    Test worker] org.hibernate.HQL_FUNCTIONS              : Long count([distinct ]{arg|*})
2025-10-23T17:05:49.765-05:00 DEBUG 31772 --- [ms-negocio-gestion-alquileres] [    Test worker] org.hibernate.HQL_FUNCTIONS              : Double covar_pop(NUMERIC arg0, NUMERIC arg1)
2025-10-23T17:05:49.765-05:00 DEBUG 31772 --- [ms-negocio-gestion-alquileres] [    Test worker] org.hibernate.HQL_FUNCTIONS              : Double covar_samp(NUMERIC arg0, NUMERIC arg1)
2025-10-23T17:05:49.765-05:00 DEBUG 31772 --- [ms-negocio-gestion-alquileres] [    Test worker] org.hibernate.HQL_FUNCTIONS              : Double cume_dist([arg0[, ...]])
2025-10-23T17:05:49.765-05:00 DEBUG 31772 --- [ms-negocio-gestion-alquileres] [    Test worker] org.hibernate.HQL_FUNCTIONS              : Date current date
2025-10-23T17:05:49.765-05:00 DEBUG 31772 --- [ms-negocio-gestion-alquileres] [    Test worker] org.hibernate.HQL_FUNCTIONS              : Time current time
2025-10-23T17:05:49.765-05:00 DEBUG 31772 --- [ms-negocio-gestion-alquileres] [    Test worker] org.hibernate.HQL_FUNCTIONS              : Timestamp current timestamp
2025-10-23T17:05:49.765-05:00 DEBUG 31772 --- [ms-negocio-gestion-alquileres] [    Test worker] org.hibernate.HQL_FUNCTIONS              : Date current_date
2025-10-23T17:05:49.765-05:00 DEBUG 31772 --- [ms-negocio-gestion-alquileres] [    Test worker] org.hibernate.HQL_FUNCTIONS              : Instant current_instant
2025-10-23T17:05:49.765-05:00 DEBUG 31772 --- [ms-negocio-gestion-alquileres] [    Test worker] org.hibernate.HQL_FUNCTIONS              : Time current_time
2025-10-23T17:05:49.765-05:00 DEBUG 31772 --- [ms-negocio-gestion-alquileres] [    Test worker] org.hibernate.HQL_FUNCTIONS              : Timestamp current_timestamp
2025-10-23T17:05:49.766-05:00 DEBUG 31772 --- [ms-negocio-gestion-alquileres] [    Test worker] org.hibernate.HQL_FUNCTIONS              : date_trunc(STRING field, TEMPORAL datetime)
2025-10-23T17:05:49.766-05:00 DEBUG 31772 --- [ms-negocio-gestion-alquileres] [    Test worker] org.hibernate.HQL_FUNCTIONS              : dateadd(TEMPORAL_UNIT field, INTEGER magnitude, TEMPORAL datetime)
2025-10-23T17:05:49.766-05:00 DEBUG 31772 --- [ms-negocio-gestion-alquileres] [    Test worker] org.hibernate.HQL_FUNCTIONS              : Long|Double datediff(TEMPORAL_UNIT field, TEMPORAL start, TEMPORAL end)
2025-10-23T17:05:49.766-05:00 DEBUG 31772 --- [ms-negocio-gestion-alquileres] [    Test worker] org.hibernate.HQL_FUNCTIONS              : Double degrees(NUMERIC arg)
2025-10-23T17:05:49.766-05:00 DEBUG 31772 --- [ms-negocio-gestion-alquileres] [    Test worker] org.hibernate.HQL_FUNCTIONS              : Long dense_rank([arg0[, ...]])
2025-10-23T17:05:49.766-05:00 DEBUG 31772 --- [ms-negocio-gestion-alquileres] [    Test worker] org.hibernate.HQL_FUNCTIONS              : Boolean every(BOOLEAN predicate)
2025-10-23T17:05:49.766-05:00 DEBUG 31772 --- [ms-negocio-gestion-alquileres] [    Test worker] org.hibernate.HQL_FUNCTIONS              : Double exp(NUMERIC arg)
2025-10-23T17:05:49.766-05:00 DEBUG 31772 --- [ms-negocio-gestion-alquileres] [    Test worker] org.hibernate.HQL_FUNCTIONS              : extract(TEMPORAL_UNIT field from TEMPORAL arg)
2025-10-23T17:05:49.766-05:00 DEBUG 31772 --- [ms-negocio-gestion-alquileres] [    Test worker] org.hibernate.HQL_FUNCTIONS              : first_valueANY value
2025-10-23T17:05:49.766-05:00 DEBUG 31772 --- [ms-negocio-gestion-alquileres] [    Test worker] org.hibernate.HQL_FUNCTIONS              : floor(NUMERIC arg)
2025-10-23T17:05:49.766-05:00 DEBUG 31772 --- [ms-negocio-gestion-alquileres] [    Test worker] org.hibernate.HQL_FUNCTIONS              : String format(TEMPORAL datetime as STRING pattern)
2025-10-23T17:05:49.766-05:00 DEBUG 31772 --- [ms-negocio-gestion-alquileres] [    Test worker] org.hibernate.HQL_FUNCTIONS              : greatest(COMPARABLE arg0, COMPARABLE arg1[, arg2[, ...]])
2025-10-23T17:05:49.766-05:00 DEBUG 31772 --- [ms-negocio-gestion-alquileres] [    Test worker] org.hibernate.HQL_FUNCTIONS              : ifnull(arg0, arg1)
2025-10-23T17:05:49.766-05:00 DEBUG 31772 --- [ms-negocio-gestion-alquileres] [    Test worker] org.hibernate.HQL_FUNCTIONS              : String initcap(arg)
2025-10-23T17:05:49.766-05:00 DEBUG 31772 --- [ms-negocio-gestion-alquileres] [    Test worker] org.hibernate.HQL_FUNCTIONS              : String insert(STRING string, INTEGER start, INTEGER length, STRING replacement)
2025-10-23T17:05:49.766-05:00 DEBUG 31772 --- [ms-negocio-gestion-alquileres] [    Test worker] org.hibernate.HQL_FUNCTIONS              : Instant instant
2025-10-23T17:05:49.766-05:00 DEBUG 31772 --- [ms-negocio-gestion-alquileres] [    Test worker] org.hibernate.HQL_FUNCTIONS              : lagANY value[, INTEGER offset[, ANY default]]
2025-10-23T17:05:49.766-05:00 DEBUG 31772 --- [ms-negocio-gestion-alquileres] [    Test worker] org.hibernate.HQL_FUNCTIONS              : last_valueANY value
2025-10-23T17:05:49.766-05:00 DEBUG 31772 --- [ms-negocio-gestion-alquileres] [    Test worker] org.hibernate.HQL_FUNCTIONS              : leadANY value[, INTEGER offset[, ANY default]]
2025-10-23T17:05:49.766-05:00 DEBUG 31772 --- [ms-negocio-gestion-alquileres] [    Test worker] org.hibernate.HQL_FUNCTIONS              : least(COMPARABLE arg0, COMPARABLE arg1[, arg2[, ...]])
2025-10-23T17:05:49.766-05:00 DEBUG 31772 --- [ms-negocio-gestion-alquileres] [    Test worker] org.hibernate.HQL_FUNCTIONS              : String left(STRING string, INTEGER length)
2025-10-23T17:05:49.766-05:00 DEBUG 31772 --- [ms-negocio-gestion-alquileres] [    Test worker] org.hibernate.HQL_FUNCTIONS              : length
2025-10-23T17:05:49.766-05:00 DEBUG 31772 --- [ms-negocio-gestion-alquileres] [    Test worker] org.hibernate.HQL_FUNCTIONS              : String listagg(STRING arg0, STRING arg1)
2025-10-23T17:05:49.766-05:00 DEBUG 31772 --- [ms-negocio-gestion-alquileres] [    Test worker] org.hibernate.HQL_FUNCTIONS              : Double ln(NUMERIC arg)
2025-10-23T17:05:49.766-05:00 DEBUG 31772 --- [ms-negocio-gestion-alquileres] [    Test worker] org.hibernate.HQL_FUNCTIONS              : LocalDate local date
2025-10-23T17:05:49.766-05:00 DEBUG 31772 --- [ms-negocio-gestion-alquileres] [    Test worker] org.hibernate.HQL_FUNCTIONS              : LocalDateTime local datetime
2025-10-23T17:05:49.766-05:00 DEBUG 31772 --- [ms-negocio-gestion-alquileres] [    Test worker] org.hibernate.HQL_FUNCTIONS              : LocalTime local time
2025-10-23T17:05:49.766-05:00 DEBUG 31772 --- [ms-negocio-gestion-alquileres] [    Test worker] org.hibernate.HQL_FUNCTIONS              : LocalDate local_date
2025-10-23T17:05:49.766-05:00 DEBUG 31772 --- [ms-negocio-gestion-alquileres] [    Test worker] org.hibernate.HQL_FUNCTIONS              : LocalDateTime local_datetime
2025-10-23T17:05:49.766-05:00 DEBUG 31772 --- [ms-negocio-gestion-alquileres] [    Test worker] org.hibernate.HQL_FUNCTIONS              : LocalTime local_time
2025-10-23T17:05:49.766-05:00 DEBUG 31772 --- [ms-negocio-gestion-alquileres] [    Test worker] org.hibernate.HQL_FUNCTIONS              : Time localtime
2025-10-23T17:05:49.766-05:00 DEBUG 31772 --- [ms-negocio-gestion-alquileres] [    Test worker] org.hibernate.HQL_FUNCTIONS              : Timestamp localtimestamp
2025-10-23T17:05:49.766-05:00 DEBUG 31772 --- [ms-negocio-gestion-alquileres] [    Test worker] org.hibernate.HQL_FUNCTIONS              : Integer locate(STRING pattern, STRING string[, INTEGER start])
2025-10-23T17:05:49.766-05:00 DEBUG 31772 --- [ms-negocio-gestion-alquileres] [    Test worker] org.hibernate.HQL_FUNCTIONS              : Double log(NUMERIC arg0[, NUMERIC arg1])
2025-10-23T17:05:49.766-05:00 DEBUG 31772 --- [ms-negocio-gestion-alquileres] [    Test worker] org.hibernate.HQL_FUNCTIONS              : Double log10(NUMERIC arg)
2025-10-23T17:05:49.766-05:00 DEBUG 31772 --- [ms-negocio-gestion-alquileres] [    Test worker] org.hibernate.HQL_FUNCTIONS              : String lower(STRING string)
2025-10-23T17:05:49.766-05:00 DEBUG 31772 --- [ms-negocio-gestion-alquileres] [    Test worker] org.hibernate.HQL_FUNCTIONS              : String lpad(STRING string, INTEGER length[, STRING padding])
2025-10-23T17:05:49.766-05:00 DEBUG 31772 --- [ms-negocio-gestion-alquileres] [    Test worker] org.hibernate.HQL_FUNCTIONS              : String ltrim(STRING string[, STRING characters])
2025-10-23T17:05:49.766-05:00 DEBUG 31772 --- [ms-negocio-gestion-alquileres] [    Test worker] org.hibernate.HQL_FUNCTIONS              : Date make_date(INTEGER arg0, INTEGER arg1, INTEGER arg2)
2025-10-23T17:05:49.766-05:00 DEBUG 31772 --- [ms-negocio-gestion-alquileres] [    Test worker] org.hibernate.HQL_FUNCTIONS              : Time make_time(INTEGER arg0, INTEGER arg1, INTEGER arg2)
2025-10-23T17:05:49.766-05:00 DEBUG 31772 --- [ms-negocio-gestion-alquileres] [    Test worker] org.hibernate.HQL_FUNCTIONS              : Timestamp make_timestamp(INTEGER arg0, INTEGER arg1, INTEGER arg2, INTEGER arg3, INTEGER arg4, INTEGER arg5)
2025-10-23T17:05:49.766-05:00 DEBUG 31772 --- [ms-negocio-gestion-alquileres] [    Test worker] org.hibernate.HQL_FUNCTIONS              : Timestamp make_timestamptz(INTEGER arg0, INTEGER arg1, INTEGER arg2, INTEGER arg3, INTEGER arg4, INTEGER arg5[, INTEGER arg6])
2025-10-23T17:05:49.766-05:00 DEBUG 31772 --- [ms-negocio-gestion-alquileres] [    Test worker] org.hibernate.HQL_FUNCTIONS              : max(COMPARABLE arg)
2025-10-23T17:05:49.766-05:00 DEBUG 31772 --- [ms-negocio-gestion-alquileres] [    Test worker] org.hibernate.HQL_FUNCTIONS              : String md5(arg)
2025-10-23T17:05:49.766-05:00 DEBUG 31772 --- [ms-negocio-gestion-alquileres] [    Test worker] org.hibernate.HQL_FUNCTIONS              : Double median(NUMERIC arg)
2025-10-23T17:05:49.766-05:00 DEBUG 31772 --- [ms-negocio-gestion-alquileres] [    Test worker] org.hibernate.HQL_FUNCTIONS              : min(COMPARABLE arg)
2025-10-23T17:05:49.766-05:00 DEBUG 31772 --- [ms-negocio-gestion-alquileres] [    Test worker] org.hibernate.HQL_FUNCTIONS              : Integer mod(INTEGER arg0, INTEGER arg1)
2025-10-23T17:05:49.766-05:00 DEBUG 31772 --- [ms-negocio-gestion-alquileres] [    Test worker] org.hibernate.HQL_FUNCTIONS              : mode()
2025-10-23T17:05:49.766-05:00 DEBUG 31772 --- [ms-negocio-gestion-alquileres] [    Test worker] org.hibernate.HQL_FUNCTIONS              : nth_valueANY value, INTEGER nth
2025-10-23T17:05:49.766-05:00 DEBUG 31772 --- [ms-negocio-gestion-alquileres] [    Test worker] org.hibernate.HQL_FUNCTIONS              : nullif(arg0, arg1)
2025-10-23T17:05:49.766-05:00 DEBUG 31772 --- [ms-negocio-gestion-alquileres] [    Test worker] org.hibernate.HQL_FUNCTIONS              : Integer octet_length(STRING_OR_CLOB arg)
2025-10-23T17:05:49.766-05:00 DEBUG 31772 --- [ms-negocio-gestion-alquileres] [    Test worker] org.hibernate.HQL_FUNCTIONS              : OffsetDateTime offset datetime
2025-10-23T17:05:49.767-05:00 DEBUG 31772 --- [ms-negocio-gestion-alquileres] [    Test worker] org.hibernate.HQL_FUNCTIONS              : OffsetDateTime offset_datetime
2025-10-23T17:05:49.767-05:00 DEBUG 31772 --- [ms-negocio-gestion-alquileres] [    Test worker] org.hibernate.HQL_FUNCTIONS              : String overlay(string placing replacement from start[ for length])
2025-10-23T17:05:49.767-05:00 DEBUG 31772 --- [ms-negocio-gestion-alquileres] [    Test worker] org.hibernate.HQL_FUNCTIONS              : String pad(STRING string with INTEGER length {leading|trailing}[ STRING character])
2025-10-23T17:05:49.767-05:00 DEBUG 31772 --- [ms-negocio-gestion-alquileres] [    Test worker] org.hibernate.HQL_FUNCTIONS              : Double percent_rank([arg0[, ...]])
2025-10-23T17:05:49.767-05:00 DEBUG 31772 --- [ms-negocio-gestion-alquileres] [    Test worker] org.hibernate.HQL_FUNCTIONS              : percentile_cont(NUMERIC arg)
2025-10-23T17:05:49.767-05:00 DEBUG 31772 --- [ms-negocio-gestion-alquileres] [    Test worker] org.hibernate.HQL_FUNCTIONS              : percentile_disc(NUMERIC arg)
2025-10-23T17:05:49.767-05:00 DEBUG 31772 --- [ms-negocio-gestion-alquileres] [    Test worker] org.hibernate.HQL_FUNCTIONS              : Double pi
2025-10-23T17:05:49.767-05:00 DEBUG 31772 --- [ms-negocio-gestion-alquileres] [    Test worker] org.hibernate.HQL_FUNCTIONS              : Integer position(STRING pattern in STRING string)
2025-10-23T17:05:49.767-05:00 DEBUG 31772 --- [ms-negocio-gestion-alquileres] [    Test worker] org.hibernate.HQL_FUNCTIONS              : Double power(NUMERIC arg0, NUMERIC arg1)
2025-10-23T17:05:49.767-05:00 DEBUG 31772 --- [ms-negocio-gestion-alquileres] [    Test worker] org.hibernate.HQL_FUNCTIONS              : Double radians(NUMERIC arg)
2025-10-23T17:05:49.767-05:00 DEBUG 31772 --- [ms-negocio-gestion-alquileres] [    Test worker] org.hibernate.HQL_FUNCTIONS              : Long rank([arg0[, ...]])
2025-10-23T17:05:49.767-05:00 DEBUG 31772 --- [ms-negocio-gestion-alquileres] [    Test worker] org.hibernate.HQL_FUNCTIONS              : Double regr_avgx(NUMERIC arg0, NUMERIC arg1)
2025-10-23T17:05:49.767-05:00 DEBUG 31772 --- [ms-negocio-gestion-alquileres] [    Test worker] org.hibernate.HQL_FUNCTIONS              : Double regr_avgy(NUMERIC arg0, NUMERIC arg1)
2025-10-23T17:05:49.767-05:00 DEBUG 31772 --- [ms-negocio-gestion-alquileres] [    Test worker] org.hibernate.HQL_FUNCTIONS              : Double regr_count(NUMERIC arg0, NUMERIC arg1)
2025-10-23T17:05:49.767-05:00 DEBUG 31772 --- [ms-negocio-gestion-alquileres] [    Test worker] org.hibernate.HQL_FUNCTIONS              : Double regr_intercept(NUMERIC arg0, NUMERIC arg1)
2025-10-23T17:05:49.767-05:00 DEBUG 31772 --- [ms-negocio-gestion-alquileres] [    Test worker] org.hibernate.HQL_FUNCTIONS              : Double regr_r2(NUMERIC arg0, NUMERIC arg1)
2025-10-23T17:05:49.767-05:00 DEBUG 31772 --- [ms-negocio-gestion-alquileres] [    Test worker] org.hibernate.HQL_FUNCTIONS              : Double regr_slope(NUMERIC arg0, NUMERIC arg1)
2025-10-23T17:05:49.767-05:00 DEBUG 31772 --- [ms-negocio-gestion-alquileres] [    Test worker] org.hibernate.HQL_FUNCTIONS              : Double regr_sxx(NUMERIC arg0, NUMERIC arg1)
2025-10-23T17:05:49.767-05:00 DEBUG 31772 --- [ms-negocio-gestion-alquileres] [    Test worker] org.hibernate.HQL_FUNCTIONS              : Double regr_sxy(NUMERIC arg0, NUMERIC arg1)
2025-10-23T17:05:49.767-05:00 DEBUG 31772 --- [ms-negocio-gestion-alquileres] [    Test worker] org.hibernate.HQL_FUNCTIONS              : Double regr_syy(NUMERIC arg0, NUMERIC arg1)
2025-10-23T17:05:49.767-05:00 DEBUG 31772 --- [ms-negocio-gestion-alquileres] [    Test worker] org.hibernate.HQL_FUNCTIONS              : String repeat(STRING string, INTEGER times)
2025-10-23T17:05:49.767-05:00 DEBUG 31772 --- [ms-negocio-gestion-alquileres] [    Test worker] org.hibernate.HQL_FUNCTIONS              : String replace(STRING string, STRING pattern, STRING replacement)
2025-10-23T17:05:49.767-05:00 DEBUG 31772 --- [ms-negocio-gestion-alquileres] [    Test worker] org.hibernate.HQL_FUNCTIONS              : String right(STRING string, INTEGER length)
2025-10-23T17:05:49.767-05:00 DEBUG 31772 --- [ms-negocio-gestion-alquileres] [    Test worker] org.hibernate.HQL_FUNCTIONS              : round(NUMERIC number[, INTEGER places])
2025-10-23T17:05:49.767-05:00 DEBUG 31772 --- [ms-negocio-gestion-alquileres] [    Test worker] org.hibernate.HQL_FUNCTIONS              : Long row_number()
2025-10-23T17:05:49.767-05:00 DEBUG 31772 --- [ms-negocio-gestion-alquileres] [    Test worker] org.hibernate.HQL_FUNCTIONS              : String rpad(STRING string, INTEGER length[, STRING padding])
2025-10-23T17:05:49.767-05:00 DEBUG 31772 --- [ms-negocio-gestion-alquileres] [    Test worker] org.hibernate.HQL_FUNCTIONS              : String rtrim(STRING string[, STRING characters])
2025-10-23T17:05:49.767-05:00 DEBUG 31772 --- [ms-negocio-gestion-alquileres] [    Test worker] org.hibernate.HQL_FUNCTIONS              : Integer sign(NUMERIC arg)
2025-10-23T17:05:49.767-05:00 DEBUG 31772 --- [ms-negocio-gestion-alquileres] [    Test worker] org.hibernate.HQL_FUNCTIONS              : Double sin(NUMERIC arg)
2025-10-23T17:05:49.767-05:00 DEBUG 31772 --- [ms-negocio-gestion-alquileres] [    Test worker] org.hibernate.HQL_FUNCTIONS              : Double sinh(NUMERIC arg)
2025-10-23T17:05:49.767-05:00 DEBUG 31772 --- [ms-negocio-gestion-alquileres] [    Test worker] org.hibernate.HQL_FUNCTIONS              : String soundex(arg)
2025-10-23T17:05:49.767-05:00 DEBUG 31772 --- [ms-negocio-gestion-alquileres] [    Test worker] org.hibernate.HQL_FUNCTIONS              : sql
2025-10-23T17:05:49.767-05:00 DEBUG 31772 --- [ms-negocio-gestion-alquileres] [    Test worker] org.hibernate.HQL_FUNCTIONS              : Double sqrt(NUMERIC arg)
2025-10-23T17:05:49.767-05:00 DEBUG 31772 --- [ms-negocio-gestion-alquileres] [    Test worker] org.hibernate.HQL_FUNCTIONS              : Double stddev(NUMERIC arg)
2025-10-23T17:05:49.767-05:00 DEBUG 31772 --- [ms-negocio-gestion-alquileres] [    Test worker] org.hibernate.HQL_FUNCTIONS              : Double stddev_pop(NUMERIC arg)
2025-10-23T17:05:49.767-05:00 DEBUG 31772 --- [ms-negocio-gestion-alquileres] [    Test worker] org.hibernate.HQL_FUNCTIONS              : Double stddev_samp(NUMERIC arg)
2025-10-23T17:05:49.767-05:00 DEBUG 31772 --- [ms-negocio-gestion-alquileres] [    Test worker] org.hibernate.HQL_FUNCTIONS              : String str(arg)
2025-10-23T17:05:49.767-05:00 DEBUG 31772 --- [ms-negocio-gestion-alquileres] [    Test worker] org.hibernate.HQL_FUNCTIONS              : String substr(STRING string, INTEGER start[, INTEGER length])
2025-10-23T17:05:49.767-05:00 DEBUG 31772 --- [ms-negocio-gestion-alquileres] [    Test worker] org.hibernate.HQL_FUNCTIONS              : String substring(STRING string{ from|,} INTEGER start[{ for|,} INTEGER length])
2025-10-23T17:05:49.767-05:00 DEBUG 31772 --- [ms-negocio-gestion-alquileres] [    Test worker] org.hibernate.HQL_FUNCTIONS              : sum(arg)
2025-10-23T17:05:49.767-05:00 DEBUG 31772 --- [ms-negocio-gestion-alquileres] [    Test worker] org.hibernate.HQL_FUNCTIONS              : Double tan(NUMERIC arg)
2025-10-23T17:05:49.767-05:00 DEBUG 31772 --- [ms-negocio-gestion-alquileres] [    Test worker] org.hibernate.HQL_FUNCTIONS              : Double tanh(NUMERIC arg)
2025-10-23T17:05:49.767-05:00 DEBUG 31772 --- [ms-negocio-gestion-alquileres] [    Test worker] org.hibernate.HQL_FUNCTIONS              : timestampadd(TEMPORAL_UNIT field, INTEGER magnitude, TEMPORAL datetime)
2025-10-23T17:05:49.767-05:00 DEBUG 31772 --- [ms-negocio-gestion-alquileres] [    Test worker] org.hibernate.HQL_FUNCTIONS              : Long|Double timestampdiff(TEMPORAL_UNIT field, TEMPORAL start, TEMPORAL end)
2025-10-23T17:05:49.767-05:00 DEBUG 31772 --- [ms-negocio-gestion-alquileres] [    Test worker] org.hibernate.HQL_FUNCTIONS              : String to_char(ANY arg0[, STRING arg1, STRING arg2])
2025-10-23T17:05:49.767-05:00 DEBUG 31772 --- [ms-negocio-gestion-alquileres] [    Test worker] org.hibernate.HQL_FUNCTIONS              : Date to_date(STRING arg0[, STRING arg1, STRING arg2])
2025-10-23T17:05:49.767-05:00 DEBUG 31772 --- [ms-negocio-gestion-alquileres] [    Test worker] org.hibernate.HQL_FUNCTIONS              : Double to_number(STRING arg0[, STRING arg1, STRING arg2])
2025-10-23T17:05:49.767-05:00 DEBUG 31772 --- [ms-negocio-gestion-alquileres] [    Test worker] org.hibernate.HQL_FUNCTIONS              : Timestamp to_timestamp(STRING arg0[, STRING arg1, STRING arg2])
2025-10-23T17:05:49.767-05:00 DEBUG 31772 --- [ms-negocio-gestion-alquileres] [    Test worker] org.hibernate.HQL_FUNCTIONS              : String translate(STRING arg0, STRING arg1, STRING arg2)
2025-10-23T17:05:49.767-05:00 DEBUG 31772 --- [ms-negocio-gestion-alquileres] [    Test worker] org.hibernate.HQL_FUNCTIONS              : String trim([[{leading|trailing|both} ][STRING arg0 ]from] STRING arg1)
2025-10-23T17:05:49.767-05:00 DEBUG 31772 --- [ms-negocio-gestion-alquileres] [    Test worker] org.hibernate.HQL_FUNCTIONS              : trunc( ... )
2025-10-23T17:05:49.768-05:00 DEBUG 31772 --- [ms-negocio-gestion-alquileres] [    Test worker] org.hibernate.HQL_FUNCTIONS              : truncate( ... )
2025-10-23T17:05:49.768-05:00 DEBUG 31772 --- [ms-negocio-gestion-alquileres] [    Test worker] org.hibernate.HQL_FUNCTIONS              : String upper(STRING string)
2025-10-23T17:05:49.768-05:00 DEBUG 31772 --- [ms-negocio-gestion-alquileres] [    Test worker] org.hibernate.HQL_FUNCTIONS              : Double var_pop(NUMERIC arg)
2025-10-23T17:05:49.768-05:00 DEBUG 31772 --- [ms-negocio-gestion-alquileres] [    Test worker] org.hibernate.HQL_FUNCTIONS              : Double var_samp(NUMERIC arg)
2025-10-23T17:05:49.768-05:00 DEBUG 31772 --- [ms-negocio-gestion-alquileres] [    Test worker] org.hibernate.HQL_FUNCTIONS              : Double variance(NUMERIC arg)
2025-10-23T17:05:49.773-05:00 DEBUG 31772 --- [ms-negocio-gestion-alquileres] [    Test worker] org.hibernate.orm.query.plan.cache       : Starting QueryInterpretationCache(2048)
2025-10-23T17:05:49.827-05:00 DEBUG 31772 --- [ms-negocio-gestion-alquileres] [    Test worker] .h.s.i.SessionFactoryServiceRegistryImpl : EventListenerRegistry access via ServiceRegistry is deprecated.  Use `sessionFactory.getEventEngine().getListenerRegistry()` instead
2025-10-23T17:05:49.827-05:00 DEBUG 31772 --- [ms-negocio-gestion-alquileres] [    Test worker] h.e.i.EntityCopyObserverFactoryInitiator : Configured EntityCopyObserver strategy: disallow
2025-10-23T17:05:49.900-05:00 DEBUG 31772 --- [ms-negocio-gestion-alquileres] [    Test worker] o.h.boot.internal.ClassLoaderAccessImpl  : Not known whether passed class name [pe.edu.galaxy.training.ms.negocio.gestion.alquiler.entity.AlquilerCabeceraEntity] is safe
2025-10-23T17:05:49.900-05:00 DEBUG 31772 --- [ms-negocio-gestion-alquileres] [    Test worker] o.h.boot.internal.ClassLoaderAccessImpl  : No temp ClassLoader provided; using live ClassLoader for loading potentially unsafe class : pe.edu.galaxy.training.ms.negocio.gestion.alquiler.entity.AlquilerCabeceraEntity
2025-10-23T17:05:50.072-05:00 DEBUG 31772 --- [ms-negocio-gestion-alquileres] [    Test worker] o.h.b.i.bytebuddy.BytecodeProviderImpl   : HHH000513: Unable to create the ReflectionOptimizer for [pe.edu.galaxy.training.ms.negocio.gestion.alquiler.entity.AlquilerCabeceraEntity]: private accessor [audActualizacionFecha]
2025-10-23T17:05:50.091-05:00 DEBUG 31772 --- [ms-negocio-gestion-alquileres] [    Test worker] o.h.boot.internal.ClassLoaderAccessImpl  : Not known whether passed class name [pe.edu.galaxy.training.ms.negocio.gestion.alquiler.entity.AlquilerEstadoEntity] is safe
2025-10-23T17:05:50.091-05:00 DEBUG 31772 --- [ms-negocio-gestion-alquileres] [    Test worker] o.h.boot.internal.ClassLoaderAccessImpl  : No temp ClassLoader provided; using live ClassLoader for loading potentially unsafe class : pe.edu.galaxy.training.ms.negocio.gestion.alquiler.entity.AlquilerEstadoEntity
2025-10-23T17:05:50.105-05:00 DEBUG 31772 --- [ms-negocio-gestion-alquileres] [    Test worker] o.h.b.i.bytebuddy.BytecodeProviderImpl   : HHH000513: Unable to create the ReflectionOptimizer for [pe.edu.galaxy.training.ms.negocio.gestion.alquiler.entity.AlquilerEstadoEntity]: private accessor [audActualizacionFecha]
2025-10-23T17:05:50.108-05:00 DEBUG 31772 --- [ms-negocio-gestion-alquileres] [    Test worker] org.hibernate.ormbytecode.interceptor    : To-one property `pe.edu.galaxy.training.ms.negocio.gestion.alquiler.entity.AlquilerDetalleEntity#alquilerCabecera` was mapped with LAZY + NO_PROXY but the class was not enhanced
2025-10-23T17:05:50.108-05:00 DEBUG 31772 --- [ms-negocio-gestion-alquileres] [    Test worker] org.hibernate.ormbytecode.interceptor    : To-one property `pe.edu.galaxy.training.ms.negocio.gestion.alquiler.entity.AlquilerDetalleEntity#alquilerCabecera` was mapped with LAZY + NO_PROXY but the class was not enhanced
2025-10-23T17:05:50.108-05:00 DEBUG 31772 --- [ms-negocio-gestion-alquileres] [    Test worker] o.h.boot.internal.ClassLoaderAccessImpl  : Not known whether passed class name [pe.edu.galaxy.training.ms.negocio.gestion.alquiler.entity.AlquilerDetalleEntity] is safe
2025-10-23T17:05:50.108-05:00 DEBUG 31772 --- [ms-negocio-gestion-alquileres] [    Test worker] o.h.boot.internal.ClassLoaderAccessImpl  : No temp ClassLoader provided; using live ClassLoader for loading potentially unsafe class : pe.edu.galaxy.training.ms.negocio.gestion.alquiler.entity.AlquilerDetalleEntity
2025-10-23T17:05:50.124-05:00 DEBUG 31772 --- [ms-negocio-gestion-alquileres] [    Test worker] o.h.b.i.bytebuddy.BytecodeProviderImpl   : HHH000513: Unable to create the ReflectionOptimizer for [pe.edu.galaxy.training.ms.negocio.gestion.alquiler.entity.AlquilerDetalleEntity]: private accessor [alquilerCabecera]
2025-10-23T17:05:50.124-05:00 DEBUG 31772 --- [ms-negocio-gestion-alquileres] [    Test worker] org.hibernate.ormbytecode.interceptor    : To-one property `pe.edu.galaxy.training.ms.negocio.gestion.alquiler.entity.AlquilerDetalleEntity#alquilerCabecera` was mapped with LAZY + NO_PROXY but the class was not enhanced
2025-10-23T17:05:50.137-05:00 DEBUG 31772 --- [ms-negocio-gestion-alquileres] [    Test worker] org.hibernate.orm.jdbc.mutation          : Skipping collection (re)creation - pe.edu.galaxy.training.ms.negocio.gestion.alquiler.entity.AlquilerCabeceraEntity.listAlquilerDetalle
2025-10-23T17:05:50.137-05:00 DEBUG 31772 --- [ms-negocio-gestion-alquileres] [    Test worker] org.hibernate.orm.jdbc.mutation          : Skipping collection row deletions - pe.edu.galaxy.training.ms.negocio.gestion.alquiler.entity.AlquilerCabeceraEntity.listAlquilerDetalle
2025-10-23T17:05:50.137-05:00 DEBUG 31772 --- [ms-negocio-gestion-alquileres] [    Test worker] org.hibernate.orm.jdbc.mutation          : Skipping collection removals - pe.edu.galaxy.training.ms.negocio.gestion.alquiler.entity.AlquilerCabeceraEntity.listAlquilerDetalle
2025-10-23T17:05:50.163-05:00 DEBUG 31772 --- [ms-negocio-gestion-alquileres] [    Test worker] o.hibernate.orm.model.mapping.creation   : Starting post-init callbacks
2025-10-23T17:05:50.163-05:00 DEBUG 31772 --- [ms-negocio-gestion-alquileres] [    Test worker] o.hibernate.orm.model.mapping.creation   : Starting PostInitCallbackEntry : To-one key - NavigableRole[pe.edu.galaxy.training.ms.negocio.gestion.alquiler.entity.AlquilerCabeceraEntity.estadoAlquiler]
2025-10-23T17:05:50.163-05:00 DEBUG 31772 --- [ms-negocio-gestion-alquileres] [    Test worker] o.hibernate.orm.model.mapping.creation   : Starting PostInitCallbackEntry : PluralAttributeMapping( NavigableRole[pe.edu.galaxy.training.ms.negocio.gestion.alquiler.entity.AlquilerCabeceraEntity.listAlquilerDetalle#{element}]) - element descriptor
2025-10-23T17:05:50.163-05:00 DEBUG 31772 --- [ms-negocio-gestion-alquileres] [    Test worker] o.hibernate.orm.model.mapping.creation   : Starting PostInitCallbackEntry : PluralAttributeMapping(pe.edu.galaxy.training.ms.negocio.gestion.alquiler.entity.AlquilerCabeceraEntity.listAlquilerDetalle)#finishInitialization
2025-10-23T17:05:50.163-05:00 DEBUG 31772 --- [ms-negocio-gestion-alquileres] [    Test worker] o.hibernate.orm.model.mapping.creation   : Starting PostInitCallbackEntry : PluralAttributeMapping(pe.edu.galaxy.training.ms.negocio.gestion.alquiler.entity.AlquilerCabeceraEntity.listAlquilerDetalle) - key descriptor
2025-10-23T17:05:50.163-05:00 DEBUG 31772 --- [ms-negocio-gestion-alquileres] [    Test worker] o.hibernate.orm.model.mapping.creation   : Starting PostInitCallbackEntry : Entity(pe.edu.galaxy.training.ms.negocio.gestion.alquiler.entity.AlquilerCabeceraEntity) `staticFetchableList` generator
2025-10-23T17:05:50.163-05:00 DEBUG 31772 --- [ms-negocio-gestion-alquileres] [    Test worker] o.hibernate.orm.model.mapping.creation   : Starting PostInitCallbackEntry : Entity(pe.edu.galaxy.training.ms.negocio.gestion.alquiler.entity.AlquilerEstadoEntity) `staticFetchableList` generator
2025-10-23T17:05:50.163-05:00 DEBUG 31772 --- [ms-negocio-gestion-alquileres] [    Test worker] o.hibernate.orm.model.mapping.creation   : Starting PostInitCallbackEntry : To-one key - NavigableRole[pe.edu.galaxy.training.ms.negocio.gestion.alquiler.entity.AlquilerDetalleEntity.alquilerCabecera]
2025-10-23T17:05:50.163-05:00 DEBUG 31772 --- [ms-negocio-gestion-alquileres] [    Test worker] o.hibernate.orm.model.mapping.creation   : Starting PostInitCallbackEntry : Entity(pe.edu.galaxy.training.ms.negocio.gestion.alquiler.entity.AlquilerDetalleEntity) `staticFetchableList` generator
2025-10-23T17:05:50.163-05:00 DEBUG 31772 --- [ms-negocio-gestion-alquileres] [    Test worker] o.hibernate.orm.model.mapping.creation   : Starting PostInitCallbackEntry : PluralAttributeMapping( NavigableRole[pe.edu.galaxy.training.ms.negocio.gestion.alquiler.entity.AlquilerCabeceraEntity.listAlquilerDetalle#{element}]) - element descriptor
2025-10-23T17:05:50.236-05:00 DEBUG 31772 --- [ms-negocio-gestion-alquileres] [    Test worker] org.hibernate.orm.sql.ast.create         : Created new SQL alias : ace1_0
2025-10-23T17:05:50.237-05:00 DEBUG 31772 --- [ms-negocio-gestion-alquileres] [    Test worker] org.hibernate.orm.sql.ast.create         : Registration of TableGroup [StandardTableGroup(pe.edu.galaxy.training.ms.negocio.gestion.alquiler.entity.AlquilerCabeceraEntity)] with identifierForTableGroup [pe.edu.galaxy.training.ms.negocio.gestion.alquiler.entity.AlquilerCabeceraEntity] for NavigablePath [pe.edu.galaxy.training.ms.negocio.gestion.alquiler.entity.AlquilerCabeceraEntity] 
2025-10-23T17:05:50.244-05:00 DEBUG 31772 --- [ms-negocio-gestion-alquileres] [    Test worker] org.hibernate.orm.sql.ast.create         : Registration of TableGroup [org.hibernate.sql.ast.tree.from.LazyTableGroup@46977829] with identifierForTableGroup [pe.edu.galaxy.training.ms.negocio.gestion.alquiler.entity.AlquilerCabeceraEntity.estadoAlquiler] for NavigablePath [pe.edu.galaxy.training.ms.negocio.gestion.alquiler.entity.AlquilerCabeceraEntity.estadoAlquiler] 
2025-10-23T17:05:50.253-05:00 DEBUG 31772 --- [ms-negocio-gestion-alquileres] [    Test worker] org.hibernate.orm.results.graph.AST      : DomainResult Graph:
 \-EntityResultImpl [pe.edu.galaxy.training.ms.negocio.gestion.alquiler.entity.AlquilerCabeceraEntity]
 |  +-BasicFetch [pe.edu.galaxy.training.ms.negocio.gestion.alquiler.entity.AlquilerCabeceraEntity.audActualizacionFecha]
 |  +-BasicFetch [pe.edu.galaxy.training.ms.negocio.gestion.alquiler.entity.AlquilerCabeceraEntity.audActualizacionIdUsuario]
 |  +-BasicFetch [pe.edu.galaxy.training.ms.negocio.gestion.alquiler.entity.AlquilerCabeceraEntity.audRegistroFecha]
 |  +-BasicFetch [pe.edu.galaxy.training.ms.negocio.gestion.alquiler.entity.AlquilerCabeceraEntity.audRegistroIdUsuario]
 |  +-BasicFetch [pe.edu.galaxy.training.ms.negocio.gestion.alquiler.entity.AlquilerCabeceraEntity.estado]
 |  +-EntityDelayedFetchImpl [pe.edu.galaxy.training.ms.negocio.gestion.alquiler.entity.AlquilerCabeceraEntity.estadoAlquiler]
 |  +-BasicFetch [pe.edu.galaxy.training.ms.negocio.gestion.alquiler.entity.AlquilerCabeceraEntity.fechaFin]
 |  +-BasicFetch [pe.edu.galaxy.training.ms.negocio.gestion.alquiler.entity.AlquilerCabeceraEntity.fechaInicio]
 |  +-BasicFetch [pe.edu.galaxy.training.ms.negocio.gestion.alquiler.entity.AlquilerCabeceraEntity.fechaRegistro]
 |  +-BasicFetch [pe.edu.galaxy.training.ms.negocio.gestion.alquiler.entity.AlquilerCabeceraEntity.idCliente]
 |  +-BasicFetch [pe.edu.galaxy.training.ms.negocio.gestion.alquiler.entity.AlquilerCabeceraEntity.igv]
 |  +-DelayedCollectionFetch [pe.edu.galaxy.training.ms.negocio.gestion.alquiler.entity.AlquilerCabeceraEntity.listAlquilerDetalle]
 |  +-BasicFetch [pe.edu.galaxy.training.ms.negocio.gestion.alquiler.entity.AlquilerCabeceraEntity.subTotal]
 |  \-BasicFetch [pe.edu.galaxy.training.ms.negocio.gestion.alquiler.entity.AlquilerCabeceraEntity.total]

2025-10-23T17:05:50.255-05:00 DEBUG 31772 --- [ms-negocio-gestion-alquileres] [    Test worker] org.hibernate.orm.sql.ast.tree           : SQL AST Tree:
    SelectStatement {
      FromClause {
        StandardTableGroup (ace1 : pe.edu.galaxy.training.ms.negocio.gestion.alquiler.entity.AlquilerCabeceraEntity) {
          primaryTableReference : alquiler_cabecera as ace1_0
          TableGroupJoins {
            left  join LazyTableGroup (ea1 : pe.edu.galaxy.training.ms.negocio.gestion.alquiler.entity.AlquilerCabeceraEntity.estadoAlquiler) {
            }
          }
        }
      }
    }

2025-10-23T17:05:50.263-05:00 DEBUG 31772 --- [ms-negocio-gestion-alquileres] [    Test worker] o.h.p.entity.AbstractEntityPersister     : Static SQL for entity: pe.edu.galaxy.training.ms.negocio.gestion.alquiler.entity.AlquilerCabeceraEntity
2025-10-23T17:05:50.264-05:00 DEBUG 31772 --- [ms-negocio-gestion-alquileres] [    Test worker] o.h.p.entity.AbstractEntityPersister     :  Version select: select id_alquiler from alquiler_cabecera where id_alquiler=?
2025-10-23T17:05:50.264-05:00 DEBUG 31772 --- [ms-negocio-gestion-alquileres] [    Test worker] o.h.p.entity.AbstractEntityPersister     :  Insert (0): insert into alquiler_cabecera (aud_actualizacion_fecha,aud_actualizacion_id_usuario,aud_registro_fecha,aud_registro_id_usuario,estado,id_alquiler_estado,fecha_fin,fecha_inicio,fecha_registro,id_cliente,igv,sub_total,total) values (?,?,?,?,?,?,?,?,?,?,?,?,?)
2025-10-23T17:05:50.264-05:00 DEBUG 31772 --- [ms-negocio-gestion-alquileres] [    Test worker] o.h.p.entity.AbstractEntityPersister     :  Update (0): update alquiler_cabecera set aud_actualizacion_fecha=?,aud_actualizacion_id_usuario=?,aud_registro_fecha=?,aud_registro_id_usuario=?,estado=?,id_alquiler_estado=?,fecha_fin=?,fecha_inicio=?,fecha_registro=?,id_cliente=?,igv=?,sub_total=?,total=? where id_alquiler=?
2025-10-23T17:05:50.264-05:00 DEBUG 31772 --- [ms-negocio-gestion-alquileres] [    Test worker] o.h.p.entity.AbstractEntityPersister     :  Delete (0): delete from alquiler_cabecera where id_alquiler=?
2025-10-23T17:05:50.264-05:00 DEBUG 31772 --- [ms-negocio-gestion-alquileres] [    Test worker] org.hibernate.orm.sql.ast.create         : Created new SQL alias : aee1_0
2025-10-23T17:05:50.264-05:00 DEBUG 31772 --- [ms-negocio-gestion-alquileres] [    Test worker] org.hibernate.orm.sql.ast.create         : Registration of TableGroup [StandardTableGroup(pe.edu.galaxy.training.ms.negocio.gestion.alquiler.entity.AlquilerEstadoEntity)] with identifierForTableGroup [pe.edu.galaxy.training.ms.negocio.gestion.alquiler.entity.AlquilerEstadoEntity] for NavigablePath [pe.edu.galaxy.training.ms.negocio.gestion.alquiler.entity.AlquilerEstadoEntity] 
2025-10-23T17:05:50.264-05:00 DEBUG 31772 --- [ms-negocio-gestion-alquileres] [    Test worker] org.hibernate.orm.results.graph.AST      : DomainResult Graph:
 \-EntityResultImpl [pe.edu.galaxy.training.ms.negocio.gestion.alquiler.entity.AlquilerEstadoEntity]
 |  +-BasicFetch [pe.edu.galaxy.training.ms.negocio.gestion.alquiler.entity.AlquilerEstadoEntity.audActualizacionFecha]
 |  +-BasicFetch [pe.edu.galaxy.training.ms.negocio.gestion.alquiler.entity.AlquilerEstadoEntity.audActualizacionIdUsuario]
 |  +-BasicFetch [pe.edu.galaxy.training.ms.negocio.gestion.alquiler.entity.AlquilerEstadoEntity.audRegistroFecha]
 |  +-BasicFetch [pe.edu.galaxy.training.ms.negocio.gestion.alquiler.entity.AlquilerEstadoEntity.audRegistroIdUsuario]
 |  +-BasicFetch [pe.edu.galaxy.training.ms.negocio.gestion.alquiler.entity.AlquilerEstadoEntity.descripcion]
 |  \-BasicFetch [pe.edu.galaxy.training.ms.negocio.gestion.alquiler.entity.AlquilerEstadoEntity.estado]

2025-10-23T17:05:50.264-05:00 DEBUG 31772 --- [ms-negocio-gestion-alquileres] [    Test worker] org.hibernate.orm.sql.ast.tree           : SQL AST Tree:
    SelectStatement {
      FromClause {
        StandardTableGroup (aee1 : pe.edu.galaxy.training.ms.negocio.gestion.alquiler.entity.AlquilerEstadoEntity) {
          primaryTableReference : alquiler_estado as aee1_0
        }
      }
    }

2025-10-23T17:05:50.264-05:00 DEBUG 31772 --- [ms-negocio-gestion-alquileres] [    Test worker] o.h.p.entity.AbstractEntityPersister     : Static SQL for entity: pe.edu.galaxy.training.ms.negocio.gestion.alquiler.entity.AlquilerEstadoEntity
2025-10-23T17:05:50.264-05:00 DEBUG 31772 --- [ms-negocio-gestion-alquileres] [    Test worker] o.h.p.entity.AbstractEntityPersister     :  Version select: select id_alquiler_estado from alquiler_estado where id_alquiler_estado=?
2025-10-23T17:05:50.264-05:00 DEBUG 31772 --- [ms-negocio-gestion-alquileres] [    Test worker] o.h.p.entity.AbstractEntityPersister     :  Insert (0): insert into alquiler_estado (aud_actualizacion_fecha,aud_actualizacion_id_usuario,aud_registro_fecha,aud_registro_id_usuario,descripcion,estado) values (?,?,?,?,?,?)
2025-10-23T17:05:50.264-05:00 DEBUG 31772 --- [ms-negocio-gestion-alquileres] [    Test worker] o.h.p.entity.AbstractEntityPersister     :  Update (0): update alquiler_estado set aud_actualizacion_fecha=?,aud_actualizacion_id_usuario=?,aud_registro_fecha=?,aud_registro_id_usuario=?,descripcion=?,estado=? where id_alquiler_estado=?
2025-10-23T17:05:50.264-05:00 DEBUG 31772 --- [ms-negocio-gestion-alquileres] [    Test worker] o.h.p.entity.AbstractEntityPersister     :  Delete (0): delete from alquiler_estado where id_alquiler_estado=?
2025-10-23T17:05:50.264-05:00 DEBUG 31772 --- [ms-negocio-gestion-alquileres] [    Test worker] org.hibernate.orm.sql.ast.create         : Created new SQL alias : ade1_0
2025-10-23T17:05:50.264-05:00 DEBUG 31772 --- [ms-negocio-gestion-alquileres] [    Test worker] org.hibernate.orm.sql.ast.create         : Registration of TableGroup [StandardTableGroup(pe.edu.galaxy.training.ms.negocio.gestion.alquiler.entity.AlquilerDetalleEntity)] with identifierForTableGroup [pe.edu.galaxy.training.ms.negocio.gestion.alquiler.entity.AlquilerDetalleEntity] for NavigablePath [pe.edu.galaxy.training.ms.negocio.gestion.alquiler.entity.AlquilerDetalleEntity] 
2025-10-23T17:05:50.267-05:00 DEBUG 31772 --- [ms-negocio-gestion-alquileres] [    Test worker] org.hibernate.orm.sql.ast.create         : Registration of TableGroup [org.hibernate.sql.ast.tree.from.LazyTableGroup@672710d5] with identifierForTableGroup [pe.edu.galaxy.training.ms.negocio.gestion.alquiler.entity.AlquilerDetalleEntity.alquilerCabecera] for NavigablePath [pe.edu.galaxy.training.ms.negocio.gestion.alquiler.entity.AlquilerDetalleEntity.alquilerCabecera] 
2025-10-23T17:05:50.268-05:00 DEBUG 31772 --- [ms-negocio-gestion-alquileres] [    Test worker] org.hibernate.orm.sql.ast.create         : Created new SQL alias : ac1_0
2025-10-23T17:05:50.269-05:00 DEBUG 31772 --- [ms-negocio-gestion-alquileres] [    Test worker] org.hibernate.orm.sql.ast.create         : Registration of TableGroup [org.hibernate.sql.ast.tree.from.LazyTableGroup@43f4621b] with identifierForTableGroup [pe.edu.galaxy.training.ms.negocio.gestion.alquiler.entity.AlquilerDetalleEntity.alquilerCabecera.estadoAlquiler] for NavigablePath [pe.edu.galaxy.training.ms.negocio.gestion.alquiler.entity.AlquilerDetalleEntity.alquilerCabecera.estadoAlquiler] 
2025-10-23T17:05:50.269-05:00 DEBUG 31772 --- [ms-negocio-gestion-alquileres] [    Test worker] org.hibernate.orm.results.graph.AST      : DomainResult Graph:
 \-EntityResultImpl [pe.edu.galaxy.training.ms.negocio.gestion.alquiler.entity.AlquilerDetalleEntity]
 |  +-EntityFetchJoinedImpl [pe.edu.galaxy.training.ms.negocio.gestion.alquiler.entity.AlquilerDetalleEntity.alquilerCabecera]
 |  |  +-BasicFetch [pe.edu.galaxy.training.ms.negocio.gestion.alquiler.entity.AlquilerDetalleEntity.alquilerCabecera.audActualizacionFecha]
 |  |  +-BasicFetch [pe.edu.galaxy.training.ms.negocio.gestion.alquiler.entity.AlquilerDetalleEntity.alquilerCabecera.audActualizacionIdUsuario]
 |  |  +-BasicFetch [pe.edu.galaxy.training.ms.negocio.gestion.alquiler.entity.AlquilerDetalleEntity.alquilerCabecera.audRegistroFecha]
 |  |  +-BasicFetch [pe.edu.galaxy.training.ms.negocio.gestion.alquiler.entity.AlquilerDetalleEntity.alquilerCabecera.audRegistroIdUsuario]
 |  |  +-BasicFetch [pe.edu.galaxy.training.ms.negocio.gestion.alquiler.entity.AlquilerDetalleEntity.alquilerCabecera.estado]
 |  |  +-EntityDelayedFetchImpl [pe.edu.galaxy.training.ms.negocio.gestion.alquiler.entity.AlquilerDetalleEntity.alquilerCabecera.estadoAlquiler]
 |  |  +-BasicFetch [pe.edu.galaxy.training.ms.negocio.gestion.alquiler.entity.AlquilerDetalleEntity.alquilerCabecera.fechaFin]
 |  |  +-BasicFetch [pe.edu.galaxy.training.ms.negocio.gestion.alquiler.entity.AlquilerDetalleEntity.alquilerCabecera.fechaInicio]
 |  |  +-BasicFetch [pe.edu.galaxy.training.ms.negocio.gestion.alquiler.entity.AlquilerDetalleEntity.alquilerCabecera.fechaRegistro]
 |  |  +-BasicFetch [pe.edu.galaxy.training.ms.negocio.gestion.alquiler.entity.AlquilerDetalleEntity.alquilerCabecera.idCliente]
 |  |  +-BasicFetch [pe.edu.galaxy.training.ms.negocio.gestion.alquiler.entity.AlquilerDetalleEntity.alquilerCabecera.igv]
 |  |  +-DelayedCollectionFetch [pe.edu.galaxy.training.ms.negocio.gestion.alquiler.entity.AlquilerDetalleEntity.alquilerCabecera.listAlquilerDetalle]
 |  |  +-BasicFetch [pe.edu.galaxy.training.ms.negocio.gestion.alquiler.entity.AlquilerDetalleEntity.alquilerCabecera.subTotal]
 |  |  \-BasicFetch [pe.edu.galaxy.training.ms.negocio.gestion.alquiler.entity.AlquilerDetalleEntity.alquilerCabecera.total]
 |  +-BasicFetch [pe.edu.galaxy.training.ms.negocio.gestion.alquiler.entity.AlquilerDetalleEntity.audActualizacionFecha]
 |  +-BasicFetch [pe.edu.galaxy.training.ms.negocio.gestion.alquiler.entity.AlquilerDetalleEntity.audActualizacionIdUsuario]
 |  +-BasicFetch [pe.edu.galaxy.training.ms.negocio.gestion.alquiler.entity.AlquilerDetalleEntity.audRegistroFecha]
 |  +-BasicFetch [pe.edu.galaxy.training.ms.negocio.gestion.alquiler.entity.AlquilerDetalleEntity.audRegistroIdUsuario]
 |  +-BasicFetch [pe.edu.galaxy.training.ms.negocio.gestion.alquiler.entity.AlquilerDetalleEntity.cantidad]
 |  +-BasicFetch [pe.edu.galaxy.training.ms.negocio.gestion.alquiler.entity.AlquilerDetalleEntity.estado]
 |  +-BasicFetch [pe.edu.galaxy.training.ms.negocio.gestion.alquiler.entity.AlquilerDetalleEntity.idVehiculo]
 |  +-BasicFetch [pe.edu.galaxy.training.ms.negocio.gestion.alquiler.entity.AlquilerDetalleEntity.igv]
 |  +-BasicFetch [pe.edu.galaxy.training.ms.negocio.gestion.alquiler.entity.AlquilerDetalleEntity.precioUnitario]
 |  +-BasicFetch [pe.edu.galaxy.training.ms.negocio.gestion.alquiler.entity.AlquilerDetalleEntity.subTotal]
 |  \-BasicFetch [pe.edu.galaxy.training.ms.negocio.gestion.alquiler.entity.AlquilerDetalleEntity.total]

2025-10-23T17:05:50.269-05:00 DEBUG 31772 --- [ms-negocio-gestion-alquileres] [    Test worker] org.hibernate.orm.sql.ast.tree           : SQL AST Tree:
    SelectStatement {
      FromClause {
        StandardTableGroup (ade1 : pe.edu.galaxy.training.ms.negocio.gestion.alquiler.entity.AlquilerDetalleEntity) {
          primaryTableReference : alquiler_detalle as ade1_0
          TableGroupJoins {
             join LazyTableGroup (ac1 : pe.edu.galaxy.training.ms.negocio.gestion.alquiler.entity.AlquilerDetalleEntity.alquilerCabecera) {
              primaryTableReference : alquiler_cabecera as ac1_0
              TableGroupJoins {
                left  join LazyTableGroup (ea1 : pe.edu.galaxy.training.ms.negocio.gestion.alquiler.entity.AlquilerDetalleEntity.alquilerCabecera.estadoAlquiler) {
                }
              }
            }
          }
        }
      }
    }

2025-10-23T17:05:50.275-05:00 DEBUG 31772 --- [ms-negocio-gestion-alquileres] [    Test worker] o.h.p.entity.AbstractEntityPersister     : Static SQL for entity: pe.edu.galaxy.training.ms.negocio.gestion.alquiler.entity.AlquilerDetalleEntity
2025-10-23T17:05:50.275-05:00 DEBUG 31772 --- [ms-negocio-gestion-alquileres] [    Test worker] o.h.p.entity.AbstractEntityPersister     :  Version select: select id_alquiler_detalle from alquiler_detalle where id_alquiler_detalle=?
2025-10-23T17:05:50.275-05:00 DEBUG 31772 --- [ms-negocio-gestion-alquileres] [    Test worker] o.h.p.entity.AbstractEntityPersister     :  Insert (0): insert into alquiler_detalle (id_alquiler,aud_actualizacion_fecha,aud_actualizacion_id_usuario,aud_registro_fecha,aud_registro_id_usuario,cantidad,estado,id_vehiculo,igv,precio_unitario,sub_total,total) values (?,?,?,?,?,?,?,?,?,?,?,?)
2025-10-23T17:05:50.275-05:00 DEBUG 31772 --- [ms-negocio-gestion-alquileres] [    Test worker] o.h.p.entity.AbstractEntityPersister     :  Update (0): update alquiler_detalle set id_alquiler=?,aud_actualizacion_fecha=?,aud_actualizacion_id_usuario=?,aud_registro_fecha=?,aud_registro_id_usuario=?,cantidad=?,estado=?,id_vehiculo=?,igv=?,precio_unitario=?,sub_total=?,total=? where id_alquiler_detalle=?
2025-10-23T17:05:50.275-05:00 DEBUG 31772 --- [ms-negocio-gestion-alquileres] [    Test worker] o.h.p.entity.AbstractEntityPersister     :  Delete (0): delete from alquiler_detalle where id_alquiler_detalle=?
2025-10-23T17:05:50.275-05:00 DEBUG 31772 --- [ms-negocio-gestion-alquileres] [    Test worker] org.hibernate.orm.sql.ast.create         : Created new SQL alias : lad1_0
2025-10-23T17:05:50.275-05:00 DEBUG 31772 --- [ms-negocio-gestion-alquileres] [    Test worker] org.hibernate.orm.sql.ast.create         : Registration of TableGroup [org.hibernate.sql.ast.tree.from.OneToManyTableGroup@78854721] with identifierForTableGroup [pe.edu.galaxy.training.ms.negocio.gestion.alquiler.entity.AlquilerCabeceraEntity.listAlquilerDetalle] for NavigablePath [pe.edu.galaxy.training.ms.negocio.gestion.alquiler.entity.AlquilerCabeceraEntity.listAlquilerDetalle] 
2025-10-23T17:05:50.275-05:00 DEBUG 31772 --- [ms-negocio-gestion-alquileres] [    Test worker] org.hibernate.orm.sql.ast.create         : Registration of TableGroup [StandardTableGroup(pe.edu.galaxy.training.ms.negocio.gestion.alquiler.entity.AlquilerCabeceraEntity.listAlquilerDetalle.{element})] with identifierForTableGroup [pe.edu.galaxy.training.ms.negocio.gestion.alquiler.entity.AlquilerCabeceraEntity.listAlquilerDetalle.{element}] for NavigablePath [pe.edu.galaxy.training.ms.negocio.gestion.alquiler.entity.AlquilerCabeceraEntity.listAlquilerDetalle.{element}] 
2025-10-23T17:05:50.277-05:00 DEBUG 31772 --- [ms-negocio-gestion-alquileres] [    Test worker] org.hibernate.orm.sql.ast.create         : Registration of TableGroup [org.hibernate.sql.ast.tree.from.LazyTableGroup@65448932] with identifierForTableGroup [pe.edu.galaxy.training.ms.negocio.gestion.alquiler.entity.AlquilerCabeceraEntity.listAlquilerDetalle.{element}.alquilerCabecera] for NavigablePath [pe.edu.galaxy.training.ms.negocio.gestion.alquiler.entity.AlquilerCabeceraEntity.listAlquilerDetalle.{element}.alquilerCabecera] 
2025-10-23T17:05:50.277-05:00 DEBUG 31772 --- [ms-negocio-gestion-alquileres] [    Test worker] org.hibernate.orm.results.graph.AST      : DomainResult Graph:
 \-CollectionDomainResult [pe.edu.galaxy.training.ms.negocio.gestion.alquiler.entity.AlquilerCabeceraEntity.listAlquilerDetalle]

2025-10-23T17:05:50.277-05:00 DEBUG 31772 --- [ms-negocio-gestion-alquileres] [    Test worker] org.hibernate.orm.sql.ast.tree           : SQL AST Tree:
    SelectStatement {
      FromClause {
        OneToManyTableGroup (lad1 : pe.edu.galaxy.training.ms.negocio.gestion.alquiler.entity.AlquilerCabeceraEntity.listAlquilerDetalle) {
          primaryTableReference : alquiler_detalle as lad1_0
          TableGroupJoins {
            left  join LazyTableGroup (ac1 : pe.edu.galaxy.training.ms.negocio.gestion.alquiler.entity.AlquilerCabeceraEntity.listAlquilerDetalle.{element}.alquilerCabecera) {
            }
          }
        }
      }
    }

2025-10-23T17:05:50.277-05:00 DEBUG 31772 --- [ms-negocio-gestion-alquileres] [    Test worker] org.hibernate.orm.jdbc.mutation          : Static SQL for collection: pe.edu.galaxy.training.ms.negocio.gestion.alquiler.entity.AlquilerCabeceraEntity.listAlquilerDetalle
2025-10-23T17:05:50.306-05:00  INFO 31772 --- [ms-negocio-gestion-alquileres] [    Test worker] o.h.e.t.j.p.i.JtaPlatformInitiator       : HHH000489: No JTA platform available (set 'hibernate.transaction.jta.platform' to enable JTA platform integration)
2025-10-23T17:05:50.307-05:00 DEBUG 31772 --- [ms-negocio-gestion-alquileres] [    Test worker] o.h.type.spi.TypeConfiguration$Scope     : Scoping TypeConfiguration [org.hibernate.type.spi.TypeConfiguration@60739eca] to SessionFactoryImplementor [org.hibernate.internal.SessionFactoryImpl@27215154]
2025-10-23T17:05:50.309-05:00 DEBUG 31772 --- [ms-negocio-gestion-alquileres] [    Test worker] o.h.query.named.NamedObjectRepository    : Checking 0 named HQL queries
2025-10-23T17:05:50.309-05:00 DEBUG 31772 --- [ms-negocio-gestion-alquileres] [    Test worker] o.h.query.named.NamedObjectRepository    : Checking 0 named SQL queries
2025-10-23T17:05:50.351-05:00 DEBUG 31772 --- [ms-negocio-gestion-alquileres] [    Test worker] org.hibernate.mapping.Table              : No alter strings for table : alquiler_cabecera
2025-10-23T17:05:50.351-05:00 DEBUG 31772 --- [ms-negocio-gestion-alquileres] [    Test worker] org.hibernate.mapping.Table              : No alter strings for table : alquiler_detalle
2025-10-23T17:05:50.351-05:00 DEBUG 31772 --- [ms-negocio-gestion-alquileres] [    Test worker] org.hibernate.mapping.Table              : No alter strings for table : alquiler_estado
2025-10-23T17:05:50.477-05:00 DEBUG 31772 --- [ms-negocio-gestion-alquileres] [    Test worker] o.h.internal.SessionFactoryRegistry      : Initializing SessionFactoryRegistry : org.hibernate.internal.SessionFactoryRegistry@7f129873
2025-10-23T17:05:50.477-05:00 DEBUG 31772 --- [ms-negocio-gestion-alquileres] [    Test worker] o.h.internal.SessionFactoryRegistry      : Registering SessionFactory: d21e15e0-4c23-4e1d-b743-ede09b2c2511 (<unnamed>)
2025-10-23T17:05:50.477-05:00 DEBUG 31772 --- [ms-negocio-gestion-alquileres] [    Test worker] o.h.internal.SessionFactoryRegistry      : Not binding SessionFactory to JNDI, no JNDI name configured
2025-10-23T17:05:50.478-05:00 DEBUG 31772 --- [ms-negocio-gestion-alquileres] [    Test worker] o.hibernate.internal.SessionFactoryImpl  : Instantiated SessionFactory
2025-10-23T17:05:50.478-05:00  INFO 31772 --- [ms-negocio-gestion-alquileres] [    Test worker] j.LocalContainerEntityManagerFactoryBean : Initialized JPA EntityManagerFactory for persistence unit 'default'
2025-10-23T17:05:50.481-05:00 DEBUG 31772 --- [ms-negocio-gestion-alquileres] [    Test worker] o.s.b.f.s.DefaultListableBeanFactory     : Creating shared instance of singleton bean 'msNegocioGestionAlquilerApplication'
2025-10-23T17:05:50.482-05:00 DEBUG 31772 --- [ms-negocio-gestion-alquileres] [    Test worker] o.s.b.f.s.DefaultListableBeanFactory     : Creating shared instance of singleton bean 'alquilerController'
2025-10-23T17:05:50.484-05:00 DEBUG 31772 --- [ms-negocio-gestion-alquileres] [    Test worker] o.s.b.f.s.DefaultListableBeanFactory     : Creating shared instance of singleton bean 'alquilerServiceImpl'
2025-10-23T17:05:50.486-05:00 DEBUG 31772 --- [ms-negocio-gestion-alquileres] [    Test worker] o.s.b.f.s.DefaultListableBeanFactory     : Creating shared instance of singleton bean 'alquilerCabeceraRepository'
2025-10-23T17:05:50.491-05:00 DEBUG 31772 --- [ms-negocio-gestion-alquileres] [    Test worker] o.s.b.f.s.DefaultListableBeanFactory     : Creating shared instance of singleton bean 'jpa.named-queries#0'
2025-10-23T17:05:50.494-05:00 DEBUG 31772 --- [ms-negocio-gestion-alquileres] [    Test worker] o.s.b.f.s.DefaultListableBeanFactory     : Creating shared instance of singleton bean 'jpa.AlquilerCabeceraRepository.fragments#0'
2025-10-23T17:05:50.494-05:00 DEBUG 31772 --- [ms-negocio-gestion-alquileres] [    Test worker] o.s.b.f.s.DefaultListableBeanFactory     : Creating shared instance of singleton bean 'jpaSharedEM_entityManagerFactory'
2025-10-23T17:05:50.520-05:00 DEBUG 31772 --- [ms-negocio-gestion-alquileres] [    Test worker] o.s.b.f.s.DefaultListableBeanFactory     : Creating shared instance of singleton bean 'jpaMappingContext'
2025-10-23T17:05:50.521-05:00 DEBUG 31772 --- [ms-negocio-gestion-alquileres] [    Test worker] .c.JpaMetamodelMappingContextFactoryBean : Initializing JpaMetamodelMappingContext…
2025-10-23T17:05:50.525-05:00 DEBUG 31772 --- [ms-negocio-gestion-alquileres] [    Test worker] .c.JpaMetamodelMappingContextFactoryBean : Finished initializing JpaMetamodelMappingContext
2025-10-23T17:05:50.557-05:00 DEBUG 31772 --- [ms-negocio-gestion-alquileres] [    Test worker] o.s.b.f.s.DefaultListableBeanFactory     : Creating shared instance of singleton bean 'metricsRepositoryMethodInvocationListener'
2025-10-23T17:05:50.557-05:00 DEBUG 31772 --- [ms-negocio-gestion-alquileres] [    Test worker] o.s.b.f.s.DefaultListableBeanFactory     : Creating shared instance of singleton bean 'org.springframework.boot.actuate.autoconfigure.metrics.data.RepositoryMetricsAutoConfiguration'
2025-10-23T17:05:50.557-05:00 DEBUG 31772 --- [ms-negocio-gestion-alquileres] [    Test worker] o.s.b.f.s.DefaultListableBeanFactory     : Creating shared instance of singleton bean 'management.metrics-org.springframework.boot.actuate.autoconfigure.metrics.MetricsProperties'
2025-10-23T17:05:50.557-05:00 DEBUG 31772 --- [ms-negocio-gestion-alquileres] [    Test worker] o.s.b.f.s.DefaultListableBeanFactory     : Autowiring by type from bean name 'org.springframework.boot.actuate.autoconfigure.metrics.data.RepositoryMetricsAutoConfiguration' via constructor to bean named 'management.metrics-org.springframework.boot.actuate.autoconfigure.metrics.MetricsProperties'
2025-10-23T17:05:50.567-05:00 DEBUG 31772 --- [ms-negocio-gestion-alquileres] [    Test worker] o.s.b.f.s.DefaultListableBeanFactory     : Creating shared instance of singleton bean 'repositoryTagsProvider'
2025-10-23T17:05:50.567-05:00 DEBUG 31772 --- [ms-negocio-gestion-alquileres] [    Test worker] o.s.b.f.s.DefaultListableBeanFactory     : Autowiring by type from bean name 'metricsRepositoryMethodInvocationListener' via factory method to bean named 'repositoryTagsProvider'
2025-10-23T17:05:50.608-05:00 DEBUG 31772 --- [ms-negocio-gestion-alquileres] [    Test worker] o.s.d.r.c.s.RepositoryFactorySupport     : Initializing repository instance for pe.edu.galaxy.training.ms.negocio.gestion.alquiler.repository.AlquilerCabeceraRepository…
2025-10-23T17:05:50.657-05:00 DEBUG 31772 --- [ms-negocio-gestion-alquileres] [    Test worker] o.s.d.r.c.s.RepositoryFactorySupport     : Finished creation of repository instance for pe.edu.galaxy.training.ms.negocio.gestion.alquiler.repository.AlquilerCabeceraRepository.
2025-10-23T17:05:50.660-05:00 DEBUG 31772 --- [ms-negocio-gestion-alquileres] [    Test worker] o.s.b.f.s.DefaultListableBeanFactory     : Creating shared instance of singleton bean 'alquilerDetalleMapperImpl'
2025-10-23T17:05:50.666-05:00 DEBUG 31772 --- [ms-negocio-gestion-alquileres] [    Test worker] o.s.b.f.s.DefaultListableBeanFactory     : Creating shared instance of singleton bean 'clienteServiceImpl'
2025-10-23T17:05:50.732-05:00 DEBUG 31772 --- [ms-negocio-gestion-alquileres] [    Test worker] jdk.event.security                       : X509Certificate: Alg:SHA256withRSA, Serial:570a119742c4e3cc, Subject:CN=Actalis Authentication Root CA, O=Actalis S.p.A./03358520967, L=Milan, C=IT, Issuer:CN=Actalis Authentication Root CA, O=Actalis S.p.A./03358520967, L=Milan, C=IT, Key type:RSA, Length:4096, Cert Id:1729119956, Valid from:22/09/11, 06:22, Valid until:22/09/30, 06:22
2025-10-23T17:05:50.732-05:00 DEBUG 31772 --- [ms-negocio-gestion-alquileres] [    Test worker] jdk.event.security                       : X509Certificate: Alg:SHA1withRSA, Serial:1, Subject:CN=AddTrust External CA Root, OU=AddTrust External TTP Network, O=AddTrust AB, C=SE, Issuer:CN=AddTrust External CA Root, OU=AddTrust External TTP Network, O=AddTrust AB, C=SE, Key type:RSA, Length:2048, Cert Id:3968614624, Valid from:30/05/00, 05:48, Valid until:30/05/20, 05:48
2025-10-23T17:05:50.737-05:00 DEBUG 31772 --- [ms-negocio-gestion-alquileres] [    Test worker] jdk.event.security                       : X509Certificate: Alg:SHA1withRSA, Serial:1, Subject:CN=AddTrust Qualified CA Root, OU=AddTrust TTP Network, O=AddTrust AB, C=SE, Issuer:CN=AddTrust Qualified CA Root, OU=AddTrust TTP Network, O=AddTrust AB, C=SE, Key type:RSA, Length:2048, Cert Id:607365522, Valid from:30/05/00, 05:44, Valid until:30/05/20, 05:44
2025-10-23T17:05:50.738-05:00 DEBUG 31772 --- [ms-negocio-gestion-alquileres] [    Test worker] jdk.event.security                       : X509Certificate: Alg:SHA256withRSA, Serial:7777062726a9b17c, Subject:CN=AffirmTrust Commercial, O=AffirmTrust, C=US, Issuer:CN=AffirmTrust Commercial, O=AffirmTrust, C=US, Key type:RSA, Length:2048, Cert Id:630485644, Valid from:29/01/10, 09:06, Valid until:31/12/30, 09:06
2025-10-23T17:05:50.738-05:00 DEBUG 31772 --- [ms-negocio-gestion-alquileres] [    Test worker] jdk.event.security                       : X509Certificate: Alg:SHA1withRSA, Serial:7c4f04391cd4992d, Subject:CN=AffirmTrust Networking, O=AffirmTrust, C=US, Issuer:CN=AffirmTrust Networking, O=AffirmTrust, C=US, Key type:RSA, Length:2048, Cert Id:651670175, Valid from:29/01/10, 09:08, Valid until:31/12/30, 09:08
2025-10-23T17:05:50.739-05:00 DEBUG 31772 --- [ms-negocio-gestion-alquileres] [    Test worker] jdk.event.security                       : X509Certificate: Alg:SHA384withRSA, Serial:6d8c1446b1a60aee, Subject:CN=AffirmTrust Premium, O=AffirmTrust, C=US, Issuer:CN=AffirmTrust Premium, O=AffirmTrust, C=US, Key type:RSA, Length:4096, Cert Id:2164683341, Valid from:29/01/10, 09:10, Valid until:31/12/40, 09:10
2025-10-23T17:05:50.743-05:00 DEBUG 31772 --- [ms-negocio-gestion-alquileres] [    Test worker] jdk.event.security                       : X509Certificate: Alg:SHA384withECDSA, Serial:7497258ac73f7a54, Subject:CN=AffirmTrust Premium ECC, O=AffirmTrust, C=US, Issuer:CN=AffirmTrust Premium ECC, O=AffirmTrust, C=US, Key type:EC, Length:384, Cert Id:2214603510, Valid from:29/01/10, 09:20, Valid until:31/12/40, 09:20
2025-10-23T17:05:50.744-05:00 DEBUG 31772 --- [ms-negocio-gestion-alquileres] [    Test worker] jdk.event.security                       : X509Certificate: Alg:SHA256withRSA, Serial:66c9fcf99bf8c0a39e2f0788a43e696365bca, Subject:CN=Amazon Root CA 1, O=Amazon, C=US, Issuer:CN=Amazon Root CA 1, O=Amazon, C=US, Key type:RSA, Length:2048, Cert Id:2822522334, Valid from:25/05/15, 19:00, Valid until:16/01/38, 19:00
2025-10-23T17:05:50.745-05:00 DEBUG 31772 --- [ms-negocio-gestion-alquileres] [    Test worker] jdk.event.security                       : X509Certificate: Alg:SHA384withRSA, Serial:66c9fd29635869f0a0fe58678f85b26bb8a37, Subject:CN=Amazon Root CA 2, O=Amazon, C=US, Issuer:CN=Amazon Root CA 2, O=Amazon, C=US, Key type:RSA, Length:4096, Cert Id:2528834908, Valid from:25/05/15, 19:00, Valid until:25/05/40, 19:00
2025-10-23T17:05:50.745-05:00 DEBUG 31772 --- [ms-negocio-gestion-alquileres] [    Test worker] jdk.event.security                       : X509Certificate: Alg:SHA256withECDSA, Serial:66c9fd5749736663f3b0b9ad9e89e7603f24a, Subject:CN=Amazon Root CA 3, O=Amazon, C=US, Issuer:CN=Amazon Root CA 3, O=Amazon, C=US, Key type:EC, Length:256, Cert Id:2732679773, Valid from:25/05/15, 19:00, Valid until:25/05/40, 19:00
2025-10-23T17:05:50.746-05:00 DEBUG 31772 --- [ms-negocio-gestion-alquileres] [    Test worker] jdk.event.security                       : X509Certificate: Alg:SHA384withECDSA, Serial:66c9fd7c1bb104c2943e5717b7b2cc81ac10e, Subject:CN=Amazon Root CA 4, O=Amazon, C=US, Issuer:CN=Amazon Root CA 4, O=Amazon, C=US, Key type:EC, Length:384, Cert Id:2640694783, Valid from:25/05/15, 19:00, Valid until:25/05/40, 19:00
2025-10-23T17:05:50.746-05:00 DEBUG 31772 --- [ms-negocio-gestion-alquileres] [    Test worker] jdk.event.security                       : X509Certificate: Alg:SHA1withRSA, Serial:20000b9, Subject:CN=Baltimore CyberTrust Root, OU=CyberTrust, O=Baltimore, C=IE, Issuer:CN=Baltimore CyberTrust Root, OU=CyberTrust, O=Baltimore, C=IE, Key type:RSA, Length:2048, Cert Id:1425294543, Valid from:12/05/00, 13:46, Valid until:12/05/25, 18:59
2025-10-23T17:05:50.747-05:00 DEBUG 31772 --- [ms-negocio-gestion-alquileres] [    Test worker] jdk.event.security                       : X509Certificate: Alg:SHA256withRSA, Serial:2, Subject:CN=Buypass Class 2 Root CA, O=Buypass AS-983163327, C=NO, Issuer:CN=Buypass Class 2 Root CA, O=Buypass AS-983163327, C=NO, Key type:RSA, Length:4096, Cert Id:969960563, Valid from:26/10/10, 03:38, Valid until:26/10/40, 03:38
2025-10-23T17:05:50.747-05:00 DEBUG 31772 --- [ms-negocio-gestion-alquileres] [    Test worker] jdk.event.security                       : X509Certificate: Alg:SHA256withRSA, Serial:2, Subject:CN=Buypass Class 3 Root CA, O=Buypass AS-983163327, C=NO, Issuer:CN=Buypass Class 3 Root CA, O=Buypass AS-983163327, C=NO, Key type:RSA, Length:4096, Cert Id:1264269967, Valid from:26/10/10, 03:28, Valid until:26/10/40, 03:28
2025-10-23T17:05:50.748-05:00 DEBUG 31772 --- [ms-negocio-gestion-alquileres] [    Test worker] jdk.event.security                       : X509Certificate: Alg:SHA1withRSA, Serial:a3da427ea4b1aeda, Subject:CN=Chambers of Commerce Root - 2008, O=AC Camerfirma S.A., SERIALNUMBER=A82743287, L=Madrid (see current address at www.camerfirma.com/address), C=EU, Issuer:CN=Chambers of Commerce Root - 2008, O=AC Camerfirma S.A., SERIALNUMBER=A82743287, L=Madrid (see current address at www.camerfirma.com/address), C=EU, Key type:RSA, Length:4096, Cert Id:4266703372, Valid from:1/08/08, 07:29, Valid until:31/07/38, 07:29
2025-10-23T17:05:50.750-05:00 DEBUG 31772 --- [ms-negocio-gestion-alquileres] [    Test worker] jdk.event.security                       : X509Certificate: Alg:SHA1withRSA, Serial:0, Subject:CN=Chambers of Commerce Root, OU=http://www.chambersign.org, O=AC Camerfirma SA CIF A82743287, C=EU, Issuer:CN=Chambers of Commerce Root, OU=http://www.chambersign.org, O=AC Camerfirma SA CIF A82743287, C=EU, Key type:RSA, Length:2048, Cert Id:1827306452, Valid from:30/09/03, 11:13, Valid until:30/09/37, 11:13
2025-10-23T17:05:50.751-05:00 DEBUG 31772 --- [ms-negocio-gestion-alquileres] [    Test worker] jdk.event.security                       : X509Certificate: Alg:SHA1withRSA, Serial:c9cdd3e9d57d23ce, Subject:CN=Global Chambersign Root - 2008, O=AC Camerfirma S.A., SERIALNUMBER=A82743287, L=Madrid (see current address at www.camerfirma.com/address), C=EU, Issuer:CN=Global Chambersign Root - 2008, O=AC Camerfirma S.A., SERIALNUMBER=A82743287, L=Madrid (see current address at www.camerfirma.com/address), C=EU, Key type:RSA, Length:4096, Cert Id:1271252776, Valid from:1/08/08, 07:31, Valid until:31/07/38, 07:31
2025-10-23T17:05:50.752-05:00 DEBUG 31772 --- [ms-negocio-gestion-alquileres] [    Test worker] jdk.event.security                       : X509Certificate: Alg:SHA384withECDSA, Serial:62533b1470333275cf98d9ab9bfccf8, Subject:CN=Certainly Root E1, O=Certainly, C=US, Issuer:CN=Certainly Root E1, O=Certainly, C=US, Key type:EC, Length:384, Cert Id:792571453, Valid from:31/03/21, 19:00, Valid until:31/03/46, 19:00
2025-10-23T17:05:50.752-05:00 DEBUG 31772 --- [ms-negocio-gestion-alquileres] [    Test worker] jdk.event.security                       : X509Certificate: Alg:SHA256withRSA, Serial:8e0ff94b907168653354f4d44439b7e0, Subject:CN=Certainly Root R1, O=Certainly, C=US, Issuer:CN=Certainly Root R1, O=Certainly, C=US, Key type:RSA, Length:4096, Cert Id:2255958535, Valid from:31/03/21, 19:00, Valid until:31/03/46, 19:00
2025-10-23T17:05:50.753-05:00 DEBUG 31772 --- [ms-negocio-gestion-alquileres] [    Test worker] jdk.event.security                       : X509Certificate: Alg:SHA1withRSA, Serial:fedce3010fc948ff, Subject:CN=Certigna, O=Dhimyotis, C=FR, Issuer:CN=Certigna, O=Dhimyotis, C=FR, Key type:RSA, Length:2048, Cert Id:3506875840, Valid from:29/06/07, 10:13, Valid until:29/06/27, 10:13
2025-10-23T17:05:50.753-05:00 DEBUG 31772 --- [ms-negocio-gestion-alquileres] [    Test worker] jdk.event.security                       : X509Certificate: Alg:SHA256withRSA, Serial:cae91b89f155030da3e6416dc4e3a6e1, Subject:CN=Certigna Root CA, OU=0002 48146308100036, O=Dhimyotis, C=FR, Issuer:CN=Certigna Root CA, OU=0002 48146308100036, O=Dhimyotis, C=FR, Key type:RSA, Length:4096, Cert Id:356684591, Valid from:1/10/13, 03:32, Valid until:1/10/33, 03:32
2025-10-23T17:05:50.753-05:00 DEBUG 31772 --- [ms-negocio-gestion-alquileres] [    Test worker] jdk.event.security                       : X509Certificate: Alg:SHA1withRSA, Serial:10020, Subject:CN=Certum CA, O=Unizeto Sp. z o.o., C=PL, Issuer:CN=Certum CA, O=Unizeto Sp. z o.o., C=PL, Key type:RSA, Length:2048, Cert Id:3550516030, Valid from:11/06/02, 05:46, Valid until:11/06/27, 05:46
2025-10-23T17:05:50.754-05:00 DEBUG 31772 --- [ms-negocio-gestion-alquileres] [    Test worker] jdk.event.security                       : X509Certificate: Alg:SHA1withRSA, Serial:444c0, Subject:CN=Certum Trusted Network CA, OU=Certum Certification Authority, O=Unizeto Technologies S.A., C=PL, Issuer:CN=Certum Trusted Network CA, OU=Certum Certification Authority, O=Unizeto Technologies S.A., C=PL, Key type:RSA, Length:2048, Cert Id:2014002193, Valid from:22/10/08, 07:07, Valid until:31/12/29, 07:07
2025-10-23T17:05:50.755-05:00 DEBUG 31772 --- [ms-negocio-gestion-alquileres] [    Test worker] jdk.event.security                       : X509Certificate: Alg:SHA1withRSA, Serial:15c8bd65475cafb897005ee406d2bc9d, Subject:OU=ePKI Root Certification Authority, O="Chunghwa Telecom Co., Ltd.", C=TW, Issuer:OU=ePKI Root Certification Authority, O="Chunghwa Telecom Co., Ltd.", C=TW, Key type:RSA, Length:4096, Cert Id:3632331159, Valid from:19/12/04, 21:31, Valid until:19/12/34, 21:31
2025-10-23T17:05:50.755-05:00 DEBUG 31772 --- [ms-negocio-gestion-alquileres] [    Test worker] jdk.event.security                       : X509Certificate: Alg:SHA1withRSA, Serial:1, Subject:CN=AAA Certificate Services, O=Comodo CA Limited, L=Salford, ST=Greater Manchester, C=GB, Issuer:CN=AAA Certificate Services, O=Comodo CA Limited, L=Salford, ST=Greater Manchester, C=GB, Key type:RSA, Length:2048, Cert Id:3097386402, Valid from:31/12/03, 19:00, Valid until:31/12/28, 18:59
2025-10-23T17:05:50.756-05:00 DEBUG 31772 --- [ms-negocio-gestion-alquileres] [    Test worker] jdk.event.security                       : X509Certificate: Alg:SHA384withECDSA, Serial:1f47afaa62007050544c019e9b63992a, Subject:CN=COMODO ECC Certification Authority, O=COMODO CA Limited, L=Salford, ST=Greater Manchester, C=GB, Issuer:CN=COMODO ECC Certification Authority, O=COMODO CA Limited, L=Salford, ST=Greater Manchester, C=GB, Key type:EC, Length:384, Cert Id:1146488932, Valid from:5/03/08, 19:00, Valid until:18/01/38, 18:59
2025-10-23T17:05:50.756-05:00 DEBUG 31772 --- [ms-negocio-gestion-alquileres] [    Test worker] jdk.event.security                       : X509Certificate: Alg:SHA384withRSA, Serial:4caaf9cadb636fe01ff74ed85b03869d, Subject:CN=COMODO RSA Certification Authority, O=COMODO CA Limited, L=Salford, ST=Greater Manchester, C=GB, Issuer:CN=COMODO RSA Certification Authority, O=COMODO CA Limited, L=Salford, ST=Greater Manchester, C=GB, Key type:RSA, Length:4096, Cert Id:1769425049, Valid from:18/01/10, 19:00, Valid until:18/01/38, 18:59
2025-10-23T17:05:50.756-05:00 DEBUG 31772 --- [ms-negocio-gestion-alquileres] [    Test worker] jdk.event.security                       : X509Certificate: Alg:SHA256withRSA, Serial:b931c3ad63967ea6723bfc3af9af44b, Subject:CN=DigiCert Assured ID Root G2, OU=www.digicert.com, O=DigiCert Inc, C=US, Issuer:CN=DigiCert Assured ID Root G2, OU=www.digicert.com, O=DigiCert Inc, C=US, Key type:RSA, Length:2048, Cert Id:3909568913, Valid from:1/08/13, 07:00, Valid until:15/01/38, 07:00
2025-10-23T17:05:50.757-05:00 DEBUG 31772 --- [ms-negocio-gestion-alquileres] [    Test worker] jdk.event.security                       : X509Certificate: Alg:SHA384withECDSA, Serial:ba15afa1ddfa0b54944afcd24a06cec, Subject:CN=DigiCert Assured ID Root G3, OU=www.digicert.com, O=DigiCert Inc, C=US, Issuer:CN=DigiCert Assured ID Root G3, OU=www.digicert.com, O=DigiCert Inc, C=US, Key type:EC, Length:384, Cert Id:3649430051, Valid from:1/08/13, 07:00, Valid until:15/01/38, 07:00
2025-10-23T17:05:50.757-05:00 DEBUG 31772 --- [ms-negocio-gestion-alquileres] [    Test worker] jdk.event.security                       : X509Certificate: Alg:SHA1withRSA, Serial:ce7e0e517d846fe8fe560fc1bf03039, Subject:CN=DigiCert Assured ID Root CA, OU=www.digicert.com, O=DigiCert Inc, C=US, Issuer:CN=DigiCert Assured ID Root CA, OU=www.digicert.com, O=DigiCert Inc, C=US, Key type:RSA, Length:2048, Cert Id:3434562768, Valid from:9/11/06, 19:00, Valid until:9/11/31, 19:00
2025-10-23T17:05:50.758-05:00 DEBUG 31772 --- [ms-negocio-gestion-alquileres] [    Test worker] jdk.event.security                       : X509Certificate: Alg:SHA384withECDSA, Serial:3698fe712d519f3ced0fdb7b1643011, Subject:CN=DigiCert CS ECC P384 Root G5, O="DigiCert, Inc.", C=US, Issuer:CN=DigiCert CS ECC P384 Root G5, O="DigiCert, Inc.", C=US, Key type:EC, Length:384, Cert Id:381797637, Valid from:14/01/21, 19:00, Valid until:14/01/46, 18:59
2025-10-23T17:05:50.758-05:00 DEBUG 31772 --- [ms-negocio-gestion-alquileres] [    Test worker] jdk.event.security                       : X509Certificate: Alg:SHA384withRSA, Serial:6cee131be6d55c807f7c0c7fb44e620, Subject:CN=DigiCert CS RSA4096 Root G5, O="DigiCert, Inc.", C=US, Issuer:CN=DigiCert CS RSA4096 Root G5, O="DigiCert, Inc.", C=US, Key type:RSA, Length:4096, Cert Id:1193514382, Valid from:14/01/21, 19:00, Valid until:14/01/46, 18:59
2025-10-23T17:05:50.759-05:00 DEBUG 31772 --- [ms-negocio-gestion-alquileres] [    Test worker] jdk.event.security                       : X509Certificate: Alg:SHA1withRSA, Serial:83be056904246b1a1756ac95991c74a, Subject:CN=DigiCert Global Root CA, OU=www.digicert.com, O=DigiCert Inc, C=US, Issuer:CN=DigiCert Global Root CA, OU=www.digicert.com, O=DigiCert Inc, C=US, Key type:RSA, Length:2048, Cert Id:1341898239, Valid from:9/11/06, 19:00, Valid until:9/11/31, 19:00
2025-10-23T17:05:50.759-05:00 DEBUG 31772 --- [ms-negocio-gestion-alquileres] [    Test worker] jdk.event.security                       : X509Certificate: Alg:SHA256withRSA, Serial:33af1e6a711a9a0bb2864b11d09fae5, Subject:CN=DigiCert Global Root G2, OU=www.digicert.com, O=DigiCert Inc, C=US, Issuer:CN=DigiCert Global Root G2, OU=www.digicert.com, O=DigiCert Inc, C=US, Key type:RSA, Length:2048, Cert Id:1136084297, Valid from:1/08/13, 07:00, Valid until:15/01/38, 07:00
2025-10-23T17:05:50.760-05:00 DEBUG 31772 --- [ms-negocio-gestion-alquileres] [    Test worker] jdk.event.security                       : X509Certificate: Alg:SHA384withECDSA, Serial:55556bcf25ea43535c3a40fd5ab4572, Subject:CN=DigiCert Global Root G3, OU=www.digicert.com, O=DigiCert Inc, C=US, Issuer:CN=DigiCert Global Root G3, OU=www.digicert.com, O=DigiCert Inc, C=US, Key type:EC, Length:384, Cert Id:3498998753, Valid from:1/08/13, 07:00, Valid until:15/01/38, 07:00
2025-10-23T17:05:50.760-05:00 DEBUG 31772 --- [ms-negocio-gestion-alquileres] [    Test worker] jdk.event.security                       : X509Certificate: Alg:SHA1withRSA, Serial:2ac5c266a0b409b8f0b79f2ae462577, Subject:CN=DigiCert High Assurance EV Root CA, OU=www.digicert.com, O=DigiCert Inc, C=US, Issuer:CN=DigiCert High Assurance EV Root CA, OU=www.digicert.com, O=DigiCert Inc, C=US, Key type:RSA, Length:2048, Cert Id:2884286942, Valid from:9/11/06, 19:00, Valid until:9/11/31, 19:00
2025-10-23T17:05:50.760-05:00 DEBUG 31772 --- [ms-negocio-gestion-alquileres] [    Test worker] jdk.event.security                       : X509Certificate: Alg:SHA384withECDSA, Serial:9e09365acf7d9c8b93e1c0b042a2ef3, Subject:CN=DigiCert TLS ECC P384 Root G5, O="DigiCert, Inc.", C=US, Issuer:CN=DigiCert TLS ECC P384 Root G5, O="DigiCert, Inc.", C=US, Key type:EC, Length:384, Cert Id:3940772018, Valid from:14/01/21, 19:00, Valid until:14/01/46, 18:59
2025-10-23T17:05:50.761-05:00 DEBUG 31772 --- [ms-negocio-gestion-alquileres] [    Test worker] jdk.event.security                       : X509Certificate: Alg:SHA384withRSA, Serial:8f9b478a8fa7eda6a333789de7ccf8a, Subject:CN=DigiCert TLS RSA4096 Root G5, O="DigiCert, Inc.", C=US, Issuer:CN=DigiCert TLS RSA4096 Root G5, O="DigiCert, Inc.", C=US, Key type:RSA, Length:4096, Cert Id:165956757, Valid from:14/01/21, 19:00, Valid until:14/01/46, 18:59
2025-10-23T17:05:50.762-05:00 DEBUG 31772 --- [ms-negocio-gestion-alquileres] [    Test worker] jdk.event.security                       : X509Certificate: Alg:SHA384withRSA, Serial:59b1b579e8e2132e23907bda777755c, Subject:CN=DigiCert Trusted Root G4, OU=www.digicert.com, O=DigiCert Inc, C=US, Issuer:CN=DigiCert Trusted Root G4, OU=www.digicert.com, O=DigiCert Inc, C=US, Key type:RSA, Length:4096, Cert Id:1057369358, Valid from:1/08/13, 07:00, Valid until:15/01/38, 07:00
2025-10-23T17:05:50.762-05:00 DEBUG 31772 --- [ms-negocio-gestion-alquileres] [    Test worker] jdk.event.security                       : X509Certificate: Alg:SHA256withRSA, Serial:983f3, Subject:CN=D-TRUST Root Class 3 CA 2 2009, O=D-Trust GmbH, C=DE, Issuer:CN=D-TRUST Root Class 3 CA 2 2009, O=D-Trust GmbH, C=DE, Key type:RSA, Length:2048, Cert Id:1430153102, Valid from:5/11/09, 03:35, Valid until:5/11/29, 03:35
2025-10-23T17:05:50.762-05:00 DEBUG 31772 --- [ms-negocio-gestion-alquileres] [    Test worker] jdk.event.security                       : X509Certificate: Alg:SHA256withRSA, Serial:983f4, Subject:CN=D-TRUST Root Class 3 CA 2 EV 2009, O=D-Trust GmbH, C=DE, Issuer:CN=D-TRUST Root Class 3 CA 2 EV 2009, O=D-Trust GmbH, C=DE, Key type:RSA, Length:2048, Cert Id:971313728, Valid from:5/11/09, 03:50, Valid until:5/11/29, 03:50
2025-10-23T17:05:50.762-05:00 DEBUG 31772 --- [ms-negocio-gestion-alquileres] [    Test worker] jdk.event.security                       : X509Certificate: Alg:SHA384withECDSA, Serial:3cf607a968700eda8b84, Subject:CN=emSign ECC Root CA - G3, O=eMudhra Technologies Limited, OU=emSign PKI, C=IN, Issuer:CN=emSign ECC Root CA - G3, O=eMudhra Technologies Limited, OU=emSign PKI, C=IN, Key type:EC, Length:384, Cert Id:3832035707, Valid from:18/02/18, 13:30, Valid until:18/02/43, 13:30
2025-10-23T17:05:50.763-05:00 DEBUG 31772 --- [ms-negocio-gestion-alquileres] [    Test worker] jdk.event.security                       : X509Certificate: Alg:SHA256withRSA, Serial:31f5e4620c6c58edd6d8, Subject:CN=emSign Root CA - G1, O=eMudhra Technologies Limited, OU=emSign PKI, C=IN, Issuer:CN=emSign Root CA - G1, O=eMudhra Technologies Limited, OU=emSign PKI, C=IN, Key type:RSA, Length:2048, Cert Id:392709196, Valid from:18/02/18, 13:30, Valid until:18/02/43, 13:30
2025-10-23T17:05:50.763-05:00 DEBUG 31772 --- [ms-negocio-gestion-alquileres] [    Test worker] jdk.event.security                       : X509Certificate: Alg:SHA384withRSA, Serial:864dbf0fe35ed77d8ed8, Subject:CN=emSign Root CA - G2, O=eMudhra Technologies Limited, OU=emSign PKI, C=IN, Issuer:CN=emSign Root CA - G2, O=eMudhra Technologies Limited, OU=emSign PKI, C=IN, Key type:RSA, Length:4096, Cert Id:3373940126, Valid from:18/02/18, 13:30, Valid until:18/02/43, 13:30
2025-10-23T17:05:50.763-05:00 DEBUG 31772 --- [ms-negocio-gestion-alquileres] [    Test worker] jdk.event.security                       : X509Certificate: Alg:SHA1withRSA, Serial:3863def8, Subject:CN=Entrust.net Certification Authority (2048), OU=(c) 1999 Entrust.net Limited, OU=www.entrust.net/CPS_2048 incorp. by ref. (limits liab.), O=Entrust.net, Issuer:CN=Entrust.net Certification Authority (2048), OU=(c) 1999 Entrust.net Limited, OU=www.entrust.net/CPS_2048 incorp. by ref. (limits liab.), O=Entrust.net, Key type:RSA, Length:2048, Cert Id:3966431214, Valid from:24/12/99, 12:50, Valid until:24/07/29, 09:15
2025-10-23T17:05:50.765-05:00 DEBUG 31772 --- [ms-negocio-gestion-alquileres] [    Test worker] jdk.event.security                       : X509Certificate: Alg:SHA1withRSA, Serial:456b5054, Subject:CN=Entrust Root Certification Authority, OU="(c) 2006 Entrust, Inc.", OU=www.entrust.net/CPS is incorporated by reference, O="Entrust, Inc.", C=US, Issuer:CN=Entrust Root Certification Authority, OU="(c) 2006 Entrust, Inc.", OU=www.entrust.net/CPS is incorporated by reference, O="Entrust, Inc.", C=US, Key type:RSA, Length:2048, Cert Id:3033563200, Valid from:27/11/06, 15:23, Valid until:27/11/26, 15:53
2025-10-23T17:05:50.765-05:00 DEBUG 31772 --- [ms-negocio-gestion-alquileres] [    Test worker] jdk.event.security                       : X509Certificate: Alg:SHA384withECDSA, Serial:a68b79290000000050d091f9, Subject:CN=Entrust Root Certification Authority - EC1, OU="(c) 2012 Entrust, Inc. - for authorized use only", OU=See www.entrust.net/legal-terms, O="Entrust, Inc.", C=US, Issuer:CN=Entrust Root Certification Authority - EC1, OU="(c) 2012 Entrust, Inc. - for authorized use only", OU=See www.entrust.net/legal-terms, O="Entrust, Inc.", C=US, Key type:EC, Length:384, Cert Id:924514073, Valid from:18/12/12, 10:25, Valid until:18/12/37, 10:55
2025-10-23T17:05:50.766-05:00 DEBUG 31772 --- [ms-negocio-gestion-alquileres] [    Test worker] jdk.event.security                       : X509Certificate: Alg:SHA256withRSA, Serial:4a538c28, Subject:CN=Entrust Root Certification Authority - G2, OU="(c) 2009 Entrust, Inc. - for authorized use only", OU=See www.entrust.net/legal-terms, O="Entrust, Inc.", C=US, Issuer:CN=Entrust Root Certification Authority - G2, OU="(c) 2009 Entrust, Inc. - for authorized use only", OU=See www.entrust.net/legal-terms, O="Entrust, Inc.", C=US, Key type:RSA, Length:2048, Cert Id:1936920337, Valid from:7/07/09, 12:25, Valid until:7/12/30, 12:55
2025-10-23T17:05:50.766-05:00 DEBUG 31772 --- [ms-negocio-gestion-alquileres] [    Test worker] jdk.event.security                       : X509Certificate: Alg:SHA256withRSA, Serial:d9b5437fafa9390f000000005565ad58, Subject:CN=Entrust Root Certification Authority - G4, OU="(c) 2015 Entrust, Inc. - for authorized use only", OU=See www.entrust.net/legal-terms, O="Entrust, Inc.", C=US, Issuer:CN=Entrust Root Certification Authority - G4, OU="(c) 2015 Entrust, Inc. - for authorized use only", OU=See www.entrust.net/legal-terms, O="Entrust, Inc.", C=US, Key type:RSA, Length:4096, Cert Id:1368037548, Valid from:27/05/15, 06:11, Valid until:27/12/37, 06:41
2025-10-23T17:05:50.766-05:00 DEBUG 31772 --- [ms-negocio-gestion-alquileres] [    Test worker] jdk.event.security                       : X509Certificate: Alg:SHA1withRSA, Serial:23456, Subject:CN=GeoTrust Global CA, O=GeoTrust Inc., C=US, Issuer:CN=GeoTrust Global CA, O=GeoTrust Inc., C=US, Key type:RSA, Length:2048, Cert Id:2266349922, Valid from:20/05/02, 23:00, Valid until:20/05/22, 23:00
2025-10-23T17:05:50.766-05:00 DEBUG 31772 --- [ms-negocio-gestion-alquileres] [    Test worker] jdk.event.security                       : X509Certificate: Alg:SHA1withRSA, Serial:18acb56afd69b6153a636cafdafac4a1, Subject:CN=GeoTrust Primary Certification Authority, O=GeoTrust Inc., C=US, Issuer:CN=GeoTrust Primary Certification Authority, O=GeoTrust Inc., C=US, Key type:RSA, Length:2048, Cert Id:3329622139, Valid from:26/11/06, 19:00, Valid until:16/07/36, 18:59
2025-10-23T17:05:50.766-05:00 DEBUG 31772 --- [ms-negocio-gestion-alquileres] [    Test worker] jdk.event.security                       : X509Certificate: Alg:SHA384withECDSA, Serial:3cb2f4480a00e2feeb243b5e603ec36b, Subject:CN=GeoTrust Primary Certification Authority - G2, OU=(c) 2007 GeoTrust Inc. - For authorized use only, O=GeoTrust Inc., C=US, Issuer:CN=GeoTrust Primary Certification Authority - G2, OU=(c) 2007 GeoTrust Inc. - For authorized use only, O=GeoTrust Inc., C=US, Key type:EC, Length:384, Cert Id:3180663474, Valid from:4/11/07, 19:00, Valid until:18/01/38, 18:59
2025-10-23T17:05:50.766-05:00 DEBUG 31772 --- [ms-negocio-gestion-alquileres] [    Test worker] jdk.event.security                       : X509Certificate: Alg:SHA256withRSA, Serial:15ac6e9419b2794b41f627a9c3180f1f, Subject:CN=GeoTrust Primary Certification Authority - G3, OU=(c) 2008 GeoTrust Inc. - For authorized use only, O=GeoTrust Inc., C=US, Issuer:CN=GeoTrust Primary Certification Authority - G3, OU=(c) 2008 GeoTrust Inc. - For authorized use only, O=GeoTrust Inc., C=US, Key type:RSA, Length:2048, Cert Id:2964813538, Valid from:1/04/08, 19:00, Valid until:1/12/37, 18:59
2025-10-23T17:05:50.766-05:00 DEBUG 31772 --- [ms-negocio-gestion-alquileres] [    Test worker] jdk.event.security                       : X509Certificate: Alg:SHA1withRSA, Serial:1, Subject:CN=GeoTrust Universal CA, O=GeoTrust Inc., C=US, Issuer:CN=GeoTrust Universal CA, O=GeoTrust Inc., C=US, Key type:RSA, Length:4096, Cert Id:313566089, Valid from:4/03/04, 00:00, Valid until:4/03/29, 00:00
2025-10-23T17:05:50.766-05:00 DEBUG 31772 --- [ms-negocio-gestion-alquileres] [    Test worker] jdk.event.security                       : X509Certificate: Alg:SHA1withRSA, Serial:40000000001154b5ac394, Subject:CN=GlobalSign Root CA, OU=Root CA, O=GlobalSign nv-sa, C=BE, Issuer:CN=GlobalSign Root CA, OU=Root CA, O=GlobalSign nv-sa, C=BE, Key type:RSA, Length:2048, Cert Id:536948034, Valid from:1/09/98, 07:00, Valid until:28/01/28, 07:00
2025-10-23T17:05:50.766-05:00 DEBUG 31772 --- [ms-negocio-gestion-alquileres] [    Test worker] jdk.event.security                       : X509Certificate: Alg:SHA384withECDSA, Serial:11d2bbba336ed4bce62468c50d841d98e843, Subject:CN=GlobalSign Root E46, O=GlobalSign nv-sa, C=BE, Issuer:CN=GlobalSign Root E46, O=GlobalSign nv-sa, C=BE, Key type:EC, Length:384, Cert Id:3405603905, Valid from:19/03/19, 19:00, Valid until:19/03/46, 19:00
2025-10-23T17:05:50.770-05:00 DEBUG 31772 --- [ms-negocio-gestion-alquileres] [    Test worker] jdk.event.security                       : X509Certificate: Alg:SHA256withECDSA, Serial:2a38a41c960a04de42b228a50be8349802, Subject:CN=GlobalSign, O=GlobalSign, OU=GlobalSign ECC Root CA - R4, Issuer:CN=GlobalSign, O=GlobalSign, OU=GlobalSign ECC Root CA - R4, Key type:EC, Length:256, Cert Id:2371693751, Valid from:12/11/12, 19:00, Valid until:18/01/38, 22:14
2025-10-23T17:05:50.771-05:00 DEBUG 31772 --- [ms-negocio-gestion-alquileres] [    Test worker] jdk.event.security                       : X509Certificate: Alg:SHA384withECDSA, Serial:605949e0262ebb55f90a778a71f94ad86c, Subject:CN=GlobalSign, O=GlobalSign, OU=GlobalSign ECC Root CA - R5, Issuer:CN=GlobalSign, O=GlobalSign, OU=GlobalSign ECC Root CA - R5, Key type:EC, Length:384, Cert Id:1997048439, Valid from:12/11/12, 19:00, Valid until:18/01/38, 22:14
2025-10-23T17:05:50.771-05:00 DEBUG 31772 --- [ms-negocio-gestion-alquileres] [    Test worker] jdk.event.security                       : X509Certificate: Alg:SHA256withRSA, Serial:4000000000121585308a2, Subject:CN=GlobalSign, O=GlobalSign, OU=GlobalSign Root CA - R3, Issuer:CN=GlobalSign, O=GlobalSign, OU=GlobalSign Root CA - R3, Key type:RSA, Length:2048, Cert Id:733875591, Valid from:18/03/09, 05:00, Valid until:18/03/29, 05:00
2025-10-23T17:05:50.772-05:00 DEBUG 31772 --- [ms-negocio-gestion-alquileres] [    Test worker] jdk.event.security                       : X509Certificate: Alg:SHA384withRSA, Serial:11d2bbb9d723189e405f0a9d2dd0df2567d1, Subject:CN=GlobalSign Root R46, O=GlobalSign nv-sa, C=BE, Issuer:CN=GlobalSign Root R46, O=GlobalSign nv-sa, C=BE, Key type:RSA, Length:4096, Cert Id:1275948927, Valid from:19/03/19, 19:00, Valid until:19/03/46, 19:00
2025-10-23T17:05:50.772-05:00 DEBUG 31772 --- [ms-negocio-gestion-alquileres] [    Test worker] jdk.event.security                       : X509Certificate: Alg:SHA384withRSA, Serial:45e6bb038333c3856548e6ff4551, Subject:CN=GlobalSign, O=GlobalSign, OU=GlobalSign Root CA - R6, Issuer:CN=GlobalSign, O=GlobalSign, OU=GlobalSign Root CA - R6, Key type:RSA, Length:4096, Cert Id:3788339543, Valid from:9/12/14, 19:00, Valid until:9/12/34, 19:00
2025-10-23T17:05:50.773-05:00 DEBUG 31772 --- [ms-negocio-gestion-alquileres] [    Test worker] jdk.event.security                       : X509Certificate: Alg:SHA1withRSA, Serial:0, Subject:OU=Go Daddy Class 2 Certification Authority, O="The Go Daddy Group, Inc.", C=US, Issuer:OU=Go Daddy Class 2 Certification Authority, O="The Go Daddy Group, Inc.", C=US, Key type:RSA, Length:2048, Cert Id:4023522997, Valid from:29/06/04, 12:06, Valid until:29/06/34, 12:06
2025-10-23T17:05:50.773-05:00 DEBUG 31772 --- [ms-negocio-gestion-alquileres] [    Test worker] jdk.event.security                       : X509Certificate: Alg:SHA256withRSA, Serial:0, Subject:CN=Go Daddy Root Certificate Authority - G2, O="GoDaddy.com, Inc.", L=Scottsdale, ST=Arizona, C=US, Issuer:CN=Go Daddy Root Certificate Authority - G2, O="GoDaddy.com, Inc.", L=Scottsdale, ST=Arizona, C=US, Key type:RSA, Length:2048, Cert Id:439600313, Valid from:31/08/09, 19:00, Valid until:31/12/37, 18:59
2025-10-23T17:05:50.774-05:00 DEBUG 31772 --- [ms-negocio-gestion-alquileres] [    Test worker] jdk.event.security                       : X509Certificate: Alg:SHA384withRSA, Serial:203e5936f31b01349886ba217, Subject:CN=GTS Root R1, O=Google Trust Services LLC, C=US, Issuer:CN=GTS Root R1, O=Google Trust Services LLC, C=US, Key type:RSA, Length:4096, Cert Id:657172038, Valid from:21/06/16, 19:00, Valid until:21/06/36, 19:00
2025-10-23T17:05:50.774-05:00 DEBUG 31772 --- [ms-negocio-gestion-alquileres] [    Test worker] jdk.event.security                       : X509Certificate: Alg:SHA384withRSA, Serial:203e5aec58d04251aab1125aa, Subject:CN=GTS Root R2, O=Google Trust Services LLC, C=US, Issuer:CN=GTS Root R2, O=Google Trust Services LLC, C=US, Key type:RSA, Length:4096, Cert Id:948387669, Valid from:21/06/16, 19:00, Valid until:21/06/36, 19:00
2025-10-23T17:05:50.775-05:00 DEBUG 31772 --- [ms-negocio-gestion-alquileres] [    Test worker] jdk.event.security                       : X509Certificate: Alg:SHA384withECDSA, Serial:203e5b882eb20f825276d3d66, Subject:CN=GTS Root R3, O=Google Trust Services LLC, C=US, Issuer:CN=GTS Root R3, O=Google Trust Services LLC, C=US, Key type:EC, Length:384, Cert Id:1163081155, Valid from:21/06/16, 19:00, Valid until:21/06/36, 19:00
2025-10-23T17:05:50.775-05:00 DEBUG 31772 --- [ms-negocio-gestion-alquileres] [    Test worker] jdk.event.security                       : X509Certificate: Alg:SHA384withECDSA, Serial:203e5c068ef631a9c72905052, Subject:CN=GTS Root R4, O=Google Trust Services LLC, C=US, Issuer:CN=GTS Root R4, O=Google Trust Services LLC, C=US, Key type:EC, Length:384, Cert Id:1326433111, Valid from:21/06/16, 19:00, Valid until:21/06/36, 19:00
2025-10-23T17:05:50.776-05:00 DEBUG 31772 --- [ms-negocio-gestion-alquileres] [    Test worker] jdk.event.security                       : X509Certificate: Alg:SHA256withECDSA, Serial:0, Subject:CN=Hellenic Academic and Research Institutions ECC RootCA 2015, O=Hellenic Academic and Research Institutions Cert. Authority, L=Athens, C=GR, Issuer:CN=Hellenic Academic and Research Institutions ECC RootCA 2015, O=Hellenic Academic and Research Institutions Cert. Authority, L=Athens, C=GR, Key type:EC, Length:384, Cert Id:513613456, Valid from:7/07/15, 05:37, Valid until:30/06/40, 05:37
2025-10-23T17:05:50.776-05:00 DEBUG 31772 --- [ms-negocio-gestion-alquileres] [    Test worker] jdk.event.security                       : X509Certificate: Alg:SHA256withRSA, Serial:0, Subject:CN=Hellenic Academic and Research Institutions RootCA 2015, O=Hellenic Academic and Research Institutions Cert. Authority, L=Athens, C=GR, Issuer:CN=Hellenic Academic and Research Institutions RootCA 2015, O=Hellenic Academic and Research Institutions Cert. Authority, L=Athens, C=GR, Key type:RSA, Length:4096, Cert Id:3491990565, Valid from:7/07/15, 05:11, Valid until:30/06/40, 05:11
2025-10-23T17:05:50.776-05:00 DEBUG 31772 --- [ms-negocio-gestion-alquileres] [    Test worker] jdk.event.security                       : X509Certificate: Alg:SHA256withRSA, Serial:a0142800000014523c844b500000002, Subject:CN=IdenTrust Commercial Root CA 1, O=IdenTrust, C=US, Issuer:CN=IdenTrust Commercial Root CA 1, O=IdenTrust, C=US, Key type:RSA, Length:4096, Cert Id:1232565210, Valid from:16/01/14, 13:12, Valid until:16/01/34, 13:12
2025-10-23T17:05:50.776-05:00 DEBUG 31772 --- [ms-negocio-gestion-alquileres] [    Test worker] jdk.event.security                       : X509Certificate: Alg:SHA256withRSA, Serial:a0142800000014523cf467c00000002, Subject:CN=IdenTrust Public Sector Root CA 1, O=IdenTrust, C=US, Issuer:CN=IdenTrust Public Sector Root CA 1, O=IdenTrust, C=US, Key type:RSA, Length:4096, Cert Id:2123370772, Valid from:16/01/14, 12:53, Valid until:16/01/34, 12:53
2025-10-23T17:05:50.776-05:00 DEBUG 31772 --- [ms-negocio-gestion-alquileres] [    Test worker] jdk.event.security                       : X509Certificate: Alg:SHA256withRSA, Serial:8210cfb0d240e3594463e0bb63828b00, Subject:CN=ISRG Root X1, O=Internet Security Research Group, C=US, Issuer:CN=ISRG Root X1, O=Internet Security Research Group, C=US, Key type:RSA, Length:4096, Cert Id:1521974916, Valid from:4/06/15, 06:04, Valid until:4/06/35, 06:04
2025-10-23T17:05:50.776-05:00 DEBUG 31772 --- [ms-negocio-gestion-alquileres] [    Test worker] jdk.event.security                       : X509Certificate: Alg:SHA384withECDSA, Serial:41d29dd172eaeea780c12c6ce92f8752, Subject:CN=ISRG Root X2, O=Internet Security Research Group, C=US, Issuer:CN=ISRG Root X2, O=Internet Security Research Group, C=US, Key type:EC, Length:384, Cert Id:3398642244, Valid from:3/09/20, 19:00, Valid until:17/09/40, 11:00
2025-10-23T17:05:50.776-05:00 DEBUG 31772 --- [ms-negocio-gestion-alquileres] [    Test worker] jdk.event.security                       : X509Certificate: Alg:SHA256withRSA, Serial:a7ea6df4b449eda6a24859ee6b815d3167fbbb1, Subject:CN=LuxTrust Global Root 2, O=LuxTrust S.A., C=LU, Issuer:CN=LuxTrust Global Root 2, O=LuxTrust S.A., C=LU, Key type:RSA, Length:4096, Cert Id:3055636602, Valid from:5/03/15, 08:21, Valid until:5/03/35, 08:21
2025-10-23T17:05:50.776-05:00 DEBUG 31772 --- [ms-negocio-gestion-alquileres] [    Test worker] jdk.event.security                       : X509Certificate: Alg:SHA256withRSA, Serial:bb8, Subject:CN=LuxTrust Global Root, O=LuxTrust s.a., C=LU, Issuer:CN=LuxTrust Global Root, O=LuxTrust s.a., C=LU, Key type:RSA, Length:2048, Cert Id:1714819687, Valid from:17/03/11, 04:51, Valid until:17/03/21, 04:51
2025-10-23T17:05:50.776-05:00 DEBUG 31772 --- [ms-negocio-gestion-alquileres] [    Test worker] jdk.event.security                       : X509Certificate: Alg:SHA384withECDSA, Serial:66f23daf87de8bb14aea0c573101c2ec, Subject:CN=Microsoft ECC Root Certificate Authority 2017, O=Microsoft Corporation, C=US, Issuer:CN=Microsoft ECC Root Certificate Authority 2017, O=Microsoft Corporation, C=US, Key type:EC, Length:384, Cert Id:3240761285, Valid from:18/12/19, 18:06, Valid until:18/07/42, 18:16
2025-10-23T17:05:50.776-05:00 DEBUG 31772 --- [ms-negocio-gestion-alquileres] [    Test worker] jdk.event.security                       : X509Certificate: Alg:SHA384withRSA, Serial:1ed397095fd8b4b347701eaabe7f45b3, Subject:CN=Microsoft RSA Root Certificate Authority 2017, O=Microsoft Corporation, C=US, Issuer:CN=Microsoft RSA Root Certificate Authority 2017, O=Microsoft Corporation, C=US, Key type:RSA, Length:4096, Cert Id:2848349048, Valid from:18/12/19, 17:51, Valid until:18/07/42, 18:00
2025-10-23T17:05:50.776-05:00 DEBUG 31772 --- [ms-negocio-gestion-alquileres] [    Test worker] jdk.event.security                       : X509Certificate: Alg:SHA1withRSA, Serial:3ab6508b, Subject:CN=QuoVadis Root Certification Authority, OU=Root Certification Authority, O=QuoVadis Limited, C=BM, Issuer:CN=QuoVadis Root Certification Authority, OU=Root Certification Authority, O=QuoVadis Limited, C=BM, Key type:RSA, Length:2048, Cert Id:2412561694, Valid from:19/03/01, 13:33, Valid until:17/03/21, 13:33
2025-10-23T17:05:50.776-05:00 DEBUG 31772 --- [ms-negocio-gestion-alquileres] [    Test worker] jdk.event.security                       : X509Certificate: Alg:SHA256withRSA, Serial:78585f2ead2c194be3370735341328b596d46593, Subject:CN=QuoVadis Root CA 1 G3, O=QuoVadis Limited, C=BM, Issuer:CN=QuoVadis Root CA 1 G3, O=QuoVadis Limited, C=BM, Key type:RSA, Length:4096, Cert Id:3532531262, Valid from:12/01/12, 12:27, Valid until:12/01/42, 12:27
2025-10-23T17:05:50.776-05:00 DEBUG 31772 --- [ms-negocio-gestion-alquileres] [    Test worker] jdk.event.security                       : X509Certificate: Alg:SHA1withRSA, Serial:509, Subject:CN=QuoVadis Root CA 2, O=QuoVadis Limited, C=BM, Issuer:CN=QuoVadis Root CA 2, O=QuoVadis Limited, C=BM, Key type:RSA, Length:4096, Cert Id:338250116, Valid from:24/11/06, 13:27, Valid until:24/11/31, 13:23
2025-10-23T17:05:50.776-05:00 DEBUG 31772 --- [ms-negocio-gestion-alquileres] [    Test worker] jdk.event.security                       : X509Certificate: Alg:SHA256withRSA, Serial:445734245b81899b35f2ceb82b3b5ba726f07528, Subject:CN=QuoVadis Root CA 2 G3, O=QuoVadis Limited, C=BM, Issuer:CN=QuoVadis Root CA 2 G3, O=QuoVadis Limited, C=BM, Key type:RSA, Length:4096, Cert Id:696763521, Valid from:12/01/12, 13:59, Valid until:12/01/42, 13:59
2025-10-23T17:05:50.776-05:00 DEBUG 31772 --- [ms-negocio-gestion-alquileres] [    Test worker] jdk.event.security                       : X509Certificate: Alg:SHA1withRSA, Serial:5c6, Subject:CN=QuoVadis Root CA 3, O=QuoVadis Limited, C=BM, Issuer:CN=QuoVadis Root CA 3, O=QuoVadis Limited, C=BM, Key type:RSA, Length:4096, Cert Id:1470392860, Valid from:24/11/06, 14:11, Valid until:24/11/31, 14:06
2025-10-23T17:05:50.776-05:00 DEBUG 31772 --- [ms-negocio-gestion-alquileres] [    Test worker] jdk.event.security                       : X509Certificate: Alg:SHA256withRSA, Serial:2ef59b0228a7db7affd5a3a9eebd03a0cf126a1d, Subject:CN=QuoVadis Root CA 3 G3, O=QuoVadis Limited, C=BM, Issuer:CN=QuoVadis Root CA 3 G3, O=QuoVadis Limited, C=BM, Key type:RSA, Length:4096, Cert Id:3589344305, Valid from:12/01/12, 15:26, Valid until:12/01/42, 15:26
2025-10-23T17:05:50.776-05:00 DEBUG 31772 --- [ms-negocio-gestion-alquileres] [    Test worker] jdk.event.security                       : X509Certificate: Alg:SHA256withRSA, Serial:0, Subject:OU=Security Communication RootCA2, O="SECOM Trust Systems CO.,LTD.", C=JP, Issuer:OU=Security Communication RootCA2, O="SECOM Trust Systems CO.,LTD.", C=JP, Key type:RSA, Length:2048, Cert Id:1521072570, Valid from:29/05/09, 00:00, Valid until:29/05/29, 00:00
2025-10-23T17:05:50.776-05:00 DEBUG 31772 --- [ms-negocio-gestion-alquileres] [    Test worker] jdk.event.security                       : X509Certificate: Alg:SHA1withRSA, Serial:cf08e5c0816a5ad427ff0eb271859d0, Subject:CN=SecureTrust CA, O=SecureTrust Corporation, C=US, Issuer:CN=SecureTrust CA, O=SecureTrust Corporation, C=US, Key type:RSA, Length:2048, Cert Id:2034155325, Valid from:7/11/06, 14:31, Valid until:31/12/29, 14:40
2025-10-23T17:05:50.776-05:00 DEBUG 31772 --- [ms-negocio-gestion-alquileres] [    Test worker] jdk.event.security                       : X509Certificate: Alg:SHA256withECDSA, Serial:75e6dfcbc1685ba8, Subject:CN=SSL.com Root Certification Authority ECC, O=SSL Corporation, L=Houston, ST=Texas, C=US, Issuer:CN=SSL.com Root Certification Authority ECC, O=SSL Corporation, L=Houston, ST=Texas, C=US, Key type:EC, Length:384, Cert Id:2926673683, Valid from:12/02/16, 13:14, Valid until:12/02/41, 13:14
2025-10-23T17:05:50.776-05:00 DEBUG 31772 --- [ms-negocio-gestion-alquileres] [    Test worker] jdk.event.security                       : X509Certificate: Alg:SHA256withRSA, Serial:56b629cd34bc78f6, Subject:CN=SSL.com EV Root Certification Authority RSA R2, O=SSL Corporation, L=Houston, ST=Texas, C=US, Issuer:CN=SSL.com EV Root Certification Authority RSA R2, O=SSL Corporation, L=Houston, ST=Texas, C=US, Key type:RSA, Length:4096, Cert Id:1381862403, Valid from:31/05/17, 13:14, Valid until:30/05/42, 13:14
2025-10-23T17:05:50.776-05:00 DEBUG 31772 --- [ms-negocio-gestion-alquileres] [    Test worker] jdk.event.security                       : X509Certificate: Alg:SHA256withRSA, Serial:7b2c9bd316803299, Subject:CN=SSL.com Root Certification Authority RSA, O=SSL Corporation, L=Houston, ST=Texas, C=US, Issuer:CN=SSL.com Root Certification Authority RSA, O=SSL Corporation, L=Houston, ST=Texas, C=US, Key type:RSA, Length:4096, Cert Id:156725711, Valid from:12/02/16, 12:39, Valid until:12/02/41, 12:39
2025-10-23T17:05:50.776-05:00 DEBUG 31772 --- [ms-negocio-gestion-alquileres] [    Test worker] jdk.event.security                       : X509Certificate: Alg:SHA1withRSA, Serial:0, Subject:OU=Starfield Class 2 Certification Authority, O="Starfield Technologies, Inc.", C=US, Issuer:OU=Starfield Class 2 Certification Authority, O="Starfield Technologies, Inc.", C=US, Key type:RSA, Length:2048, Cert Id:1825617644, Valid from:29/06/04, 12:39, Valid until:29/06/34, 12:39
2025-10-23T17:05:50.784-05:00 DEBUG 31772 --- [ms-negocio-gestion-alquileres] [    Test worker] jdk.event.security                       : X509Certificate: Alg:SHA256withRSA, Serial:0, Subject:CN=Starfield Root Certificate Authority - G2, O="Starfield Technologies, Inc.", L=Scottsdale, ST=Arizona, C=US, Issuer:CN=Starfield Root Certificate Authority - G2, O="Starfield Technologies, Inc.", L=Scottsdale, ST=Arizona, C=US, Key type:RSA, Length:2048, Cert Id:3268325709, Valid from:31/08/09, 19:00, Valid until:31/12/37, 18:59
2025-10-23T17:05:50.784-05:00 DEBUG 31772 --- [ms-negocio-gestion-alquileres] [    Test worker] jdk.event.security                       : X509Certificate: Alg:SHA256withRSA, Serial:0, Subject:CN=Starfield Services Root Certificate Authority - G2, O="Starfield Technologies, Inc.", L=Scottsdale, ST=Arizona, C=US, Issuer:CN=Starfield Services Root Certificate Authority - G2, O="Starfield Technologies, Inc.", L=Scottsdale, ST=Arizona, C=US, Key type:RSA, Length:2048, Cert Id:1964785574, Valid from:31/08/09, 19:00, Valid until:31/12/37, 18:59
2025-10-23T17:05:50.784-05:00 DEBUG 31772 --- [ms-negocio-gestion-alquileres] [    Test worker] jdk.event.security                       : X509Certificate: Alg:SHA1withRSA, Serial:bb401c43f55e4fb0, Subject:CN=SwissSign Gold CA - G2, O=SwissSign AG, C=CH, Issuer:CN=SwissSign Gold CA - G2, O=SwissSign AG, C=CH, Key type:RSA, Length:4096, Cert Id:1516221943, Valid from:25/10/06, 03:30, Valid until:25/10/36, 03:30
2025-10-23T17:05:50.784-05:00 DEBUG 31772 --- [ms-negocio-gestion-alquileres] [    Test worker] jdk.event.security                       : X509Certificate: Alg:SHA1withRSA, Serial:4eb200670c035d4f, Subject:CN=SwissSign Platinum CA - G2, O=SwissSign AG, C=CH, Issuer:CN=SwissSign Platinum CA - G2, O=SwissSign AG, C=CH, Key type:RSA, Length:4096, Cert Id:771312514, Valid from:25/10/06, 03:36, Valid until:25/10/36, 03:36
2025-10-23T17:05:50.784-05:00 DEBUG 31772 --- [ms-negocio-gestion-alquileres] [    Test worker] jdk.event.security                       : X509Certificate: Alg:SHA1withRSA, Serial:4f1bd42f54bb2f4b, Subject:CN=SwissSign Silver CA - G2, O=SwissSign AG, C=CH, Issuer:CN=SwissSign Silver CA - G2, O=SwissSign AG, C=CH, Key type:RSA, Length:4096, Cert Id:126726124, Valid from:25/10/06, 03:32, Valid until:25/10/36, 03:32
2025-10-23T17:05:50.784-05:00 DEBUG 31772 --- [ms-negocio-gestion-alquileres] [    Test worker] jdk.event.security                       : X509Certificate: Alg:SHA256withRSA, Serial:1675f27d6fe7ae3e4acbe095b059e, Subject:CN=Telia Root CA v2, O=Telia Finland Oyj, C=FI, Issuer:CN=Telia Root CA v2, O=Telia Finland Oyj, C=FI, Key type:RSA, Length:4096, Cert Id:3473063976, Valid from:29/11/18, 06:55, Valid until:29/11/43, 06:55
2025-10-23T17:05:50.784-05:00 DEBUG 31772 --- [ms-negocio-gestion-alquileres] [    Test worker] jdk.event.security                       : X509Certificate: Alg:SHA1withRSA, Serial:95be16a0f72e46f17b398272fa8bcd96, Subject:CN=TeliaSonera Root CA v1, O=TeliaSonera, Issuer:CN=TeliaSonera Root CA v1, O=TeliaSonera, Key type:RSA, Length:4096, Cert Id:1495358374, Valid from:18/10/07, 07:00, Valid until:18/10/32, 07:00
2025-10-23T17:05:50.784-05:00 DEBUG 31772 --- [ms-negocio-gestion-alquileres] [    Test worker] jdk.event.security                       : X509Certificate: Alg:SHA1withRSA, Serial:344ed55720d5edec49f42fce37db2b6d, Subject:CN=thawte Primary Root CA, OU="(c) 2006 thawte, Inc. - For authorized use only", OU=Certification Services Division, O="thawte, Inc.", C=US, Issuer:CN=thawte Primary Root CA, OU="(c) 2006 thawte, Inc. - For authorized use only", OU=Certification Services Division, O="thawte, Inc.", C=US, Key type:RSA, Length:2048, Cert Id:643000026, Valid from:16/11/06, 19:00, Valid until:16/07/36, 18:59
2025-10-23T17:05:50.784-05:00 DEBUG 31772 --- [ms-negocio-gestion-alquileres] [    Test worker] jdk.event.security                       : X509Certificate: Alg:SHA384withECDSA, Serial:35fc265cd9844fc93d263d579baed756, Subject:CN=thawte Primary Root CA - G2, OU="(c) 2007 thawte, Inc. - For authorized use only", O="thawte, Inc.", C=US, Issuer:CN=thawte Primary Root CA - G2, OU="(c) 2007 thawte, Inc. - For authorized use only", O="thawte, Inc.", C=US, Key type:EC, Length:384, Cert Id:2068083090, Valid from:4/11/07, 19:00, Valid until:18/01/38, 18:59
2025-10-23T17:05:50.784-05:00 DEBUG 31772 --- [ms-negocio-gestion-alquileres] [    Test worker] jdk.event.security                       : X509Certificate: Alg:SHA256withRSA, Serial:600197b746a7eab4b49ad64b2ff790fb, Subject:CN=thawte Primary Root CA - G3, OU="(c) 2008 thawte, Inc. - For authorized use only", OU=Certification Services Division, O="thawte, Inc.", C=US, Issuer:CN=thawte Primary Root CA - G3, OU="(c) 2008 thawte, Inc. - For authorized use only", OU=Certification Services Division, O="thawte, Inc.", C=US, Key type:RSA, Length:2048, Cert Id:1032730720, Valid from:1/04/08, 19:00, Valid until:1/12/37, 18:59
2025-10-23T17:05:50.787-05:00 DEBUG 31772 --- [ms-negocio-gestion-alquileres] [    Test worker] jdk.event.security                       : X509Certificate: Alg:SHA256withRSA, Serial:1, Subject:CN=T-TeleSec GlobalRoot Class 2, OU=T-Systems Trust Center, O=T-Systems Enterprise Services GmbH, C=DE, Issuer:CN=T-TeleSec GlobalRoot Class 2, OU=T-Systems Trust Center, O=T-Systems Enterprise Services GmbH, C=DE, Key type:RSA, Length:2048, Cert Id:3056503257, Valid from:1/10/08, 05:40, Valid until:1/10/33, 18:59
2025-10-23T17:05:50.787-05:00 DEBUG 31772 --- [ms-negocio-gestion-alquileres] [    Test worker] jdk.event.security                       : X509Certificate: Alg:SHA256withRSA, Serial:1, Subject:CN=T-TeleSec GlobalRoot Class 3, OU=T-Systems Trust Center, O=T-Systems Enterprise Services GmbH, C=DE, Issuer:CN=T-TeleSec GlobalRoot Class 3, OU=T-Systems Trust Center, O=T-Systems Enterprise Services GmbH, C=DE, Key type:RSA, Length:2048, Cert Id:1894096264, Valid from:1/10/08, 05:29, Valid until:1/10/33, 18:59
2025-10-23T17:05:50.787-05:00 DEBUG 31772 --- [ms-negocio-gestion-alquileres] [    Test worker] jdk.event.security                       : X509Certificate: Alg:SHA256withRSA, Serial:cbe, Subject:CN=TWCA Global Root CA, OU=Root CA, O=TAIWAN-CA, C=TW, Issuer:CN=TWCA Global Root CA, OU=Root CA, O=TAIWAN-CA, C=TW, Key type:RSA, Length:4096, Cert Id:861175838, Valid from:27/06/12, 01:28, Valid until:31/12/30, 10:59
2025-10-23T17:05:50.787-05:00 DEBUG 31772 --- [ms-negocio-gestion-alquileres] [    Test worker] jdk.event.security                       : X509Certificate: Alg:SHA384withECDSA, Serial:5c8b99c55a94c5d27156decd8980cc26, Subject:CN=USERTrust ECC Certification Authority, O=The USERTRUST Network, L=Jersey City, ST=New Jersey, C=US, Issuer:CN=USERTrust ECC Certification Authority, O=The USERTRUST Network, L=Jersey City, ST=New Jersey, C=US, Key type:EC, Length:384, Cert Id:3329287386, Valid from:31/01/10, 19:00, Valid until:18/01/38, 18:59
2025-10-23T17:05:50.787-05:00 DEBUG 31772 --- [ms-negocio-gestion-alquileres] [    Test worker] jdk.event.security                       : X509Certificate: Alg:SHA384withRSA, Serial:1fd6d30fca3ca51a81bbc640e35032d, Subject:CN=USERTrust RSA Certification Authority, O=The USERTRUST Network, L=Jersey City, ST=New Jersey, C=US, Issuer:CN=USERTrust RSA Certification Authority, O=The USERTRUST Network, L=Jersey City, ST=New Jersey, C=US, Key type:RSA, Length:4096, Cert Id:3947601401, Valid from:31/01/10, 19:00, Valid until:18/01/38, 18:59
2025-10-23T17:05:50.787-05:00 DEBUG 31772 --- [ms-negocio-gestion-alquileres] [    Test worker] jdk.event.security                       : X509Certificate: Alg:SHA1withRSA, Serial:44be0c8b500024b411d3362de0b35f1b, Subject:CN=UTN-USERFirst-Object, OU=http://www.usertrust.com, O=The USERTRUST Network, L=Salt Lake City, ST=UT, C=US, Issuer:CN=UTN-USERFirst-Object, OU=http://www.usertrust.com, O=The USERTRUST Network, L=Salt Lake City, ST=UT, C=US, Key type:RSA, Length:2048, Cert Id:3997913868, Valid from:9/07/99, 13:31, Valid until:9/07/19, 13:40
2025-10-23T17:05:50.788-05:00 DEBUG 31772 --- [ms-negocio-gestion-alquileres] [    Test worker] jdk.event.security                       : X509Certificate: Alg:SHA1withRSA, Serial:9b7e0649a33e62b9d5ee90487129ef57, Subject:CN=VeriSign Class 3 Public Primary Certification Authority - G3, OU="(c) 1999 VeriSign, Inc. - For authorized use only", OU=VeriSign Trust Network, O="VeriSign, Inc.", C=US, Issuer:CN=VeriSign Class 3 Public Primary Certification Authority - G3, OU="(c) 1999 VeriSign, Inc. - For authorized use only", OU=VeriSign Trust Network, O="VeriSign, Inc.", C=US, Key type:RSA, Length:2048, Cert Id:2057300190, Valid from:30/09/99, 19:00, Valid until:16/07/36, 18:59
2025-10-23T17:05:50.788-05:00 DEBUG 31772 --- [ms-negocio-gestion-alquileres] [    Test worker] jdk.event.security                       : X509Certificate: Alg:SHA384withECDSA, Serial:2f80fe238c0e220f486712289187acb3, Subject:CN=VeriSign Class 3 Public Primary Certification Authority - G4, OU="(c) 2007 VeriSign, Inc. - For authorized use only", OU=VeriSign Trust Network, O="VeriSign, Inc.", C=US, Issuer:CN=VeriSign Class 3 Public Primary Certification Authority - G4, OU="(c) 2007 VeriSign, Inc. - For authorized use only", OU=VeriSign Trust Network, O="VeriSign, Inc.", C=US, Key type:EC, Length:384, Cert Id:4163473319, Valid from:4/11/07, 19:00, Valid until:18/01/38, 18:59
2025-10-23T17:05:50.788-05:00 DEBUG 31772 --- [ms-negocio-gestion-alquileres] [    Test worker] jdk.event.security                       : X509Certificate: Alg:SHA1withRSA, Serial:18dad19e267de8bb4a2158cdcc6b3b4a, Subject:CN=VeriSign Class 3 Public Primary Certification Authority - G5, OU="(c) 2006 VeriSign, Inc. - For authorized use only", OU=VeriSign Trust Network, O="VeriSign, Inc.", C=US, Issuer:CN=VeriSign Class 3 Public Primary Certification Authority - G5, OU="(c) 2006 VeriSign, Inc. - For authorized use only", OU=VeriSign Trust Network, O="VeriSign, Inc.", C=US, Key type:RSA, Length:2048, Cert Id:303010488, Valid from:7/11/06, 19:00, Valid until:16/07/36, 18:59
2025-10-23T17:05:50.789-05:00 DEBUG 31772 --- [ms-negocio-gestion-alquileres] [    Test worker] jdk.event.security                       : X509Certificate: Alg:SHA256withRSA, Serial:401ac46421b31321030ebbe4121ac51d, Subject:CN=VeriSign Universal Root Certification Authority, OU="(c) 2008 VeriSign, Inc. - For authorized use only", OU=VeriSign Trust Network, O="VeriSign, Inc.", C=US, Issuer:CN=VeriSign Universal Root Certification Authority, OU="(c) 2008 VeriSign, Inc. - For authorized use only", OU=VeriSign Trust Network, O="VeriSign, Inc.", C=US, Key type:RSA, Length:2048, Cert Id:2318285810, Valid from:1/04/08, 19:00, Valid until:1/12/37, 18:59
2025-10-23T17:05:50.789-05:00 DEBUG 31772 --- [ms-negocio-gestion-alquileres] [    Test worker] jdk.event.security                       : X509Certificate: Alg:SHA1withRSA, Serial:50946cec18ead59c4dd597ef758fa0ad, Subject:CN=XRamp Global Certification Authority, O=XRamp Security Services Inc, OU=www.xrampsecurity.com, C=US, Issuer:CN=XRamp Global Certification Authority, O=XRamp Security Services Inc, OU=www.xrampsecurity.com, C=US, Key type:RSA, Length:2048, Cert Id:3342493210, Valid from:1/11/04, 12:14, Valid until:1/01/35, 00:37
2025-10-23T17:05:50.894-05:00 DEBUG 31772 --- [ms-negocio-gestion-alquileres] [    Test worker] o.s.b.f.s.DefaultListableBeanFactory     : Creating shared instance of singleton bean 'vehiculoServiceImpl'
2025-10-23T17:05:50.897-05:00 DEBUG 31772 --- [ms-negocio-gestion-alquileres] [    Test worker] o.s.b.f.s.DefaultListableBeanFactory     : Autowiring by type from bean name 'alquilerServiceImpl' via constructor to bean named 'alquilerCabeceraRepository'
2025-10-23T17:05:50.897-05:00 DEBUG 31772 --- [ms-negocio-gestion-alquileres] [    Test worker] o.s.b.f.s.DefaultListableBeanFactory     : Autowiring by type from bean name 'alquilerServiceImpl' via constructor to bean named 'alquilerDetalleMapperImpl'
2025-10-23T17:05:50.897-05:00 DEBUG 31772 --- [ms-negocio-gestion-alquileres] [    Test worker] o.s.b.f.s.DefaultListableBeanFactory     : Autowiring by type from bean name 'alquilerServiceImpl' via constructor to bean named 'clienteServiceImpl'
2025-10-23T17:05:50.897-05:00 DEBUG 31772 --- [ms-negocio-gestion-alquileres] [    Test worker] o.s.b.f.s.DefaultListableBeanFactory     : Autowiring by type from bean name 'alquilerServiceImpl' via constructor to bean named 'vehiculoServiceImpl'
2025-10-23T17:05:50.898-05:00 DEBUG 31772 --- [ms-negocio-gestion-alquileres] [    Test worker] o.s.b.f.s.DefaultListableBeanFactory     : Autowiring by type from bean name 'alquilerController' via constructor to bean named 'alquilerServiceImpl'
2025-10-23T17:05:50.898-05:00 DEBUG 31772 --- [ms-negocio-gestion-alquileres] [    Test worker] o.s.b.f.s.DefaultListableBeanFactory     : Creating shared instance of singleton bean 'org.springframework.boot.autoconfigure.context.PropertyPlaceholderAutoConfiguration'
2025-10-23T17:05:50.898-05:00 DEBUG 31772 --- [ms-negocio-gestion-alquileres] [    Test worker] o.s.b.f.s.DefaultListableBeanFactory     : Creating shared instance of singleton bean 'org.springframework.boot.autoconfigure.ssl.SslAutoConfiguration'
2025-10-23T17:05:50.899-05:00 DEBUG 31772 --- [ms-negocio-gestion-alquileres] [    Test worker] o.s.b.f.s.DefaultListableBeanFactory     : Creating shared instance of singleton bean 'spring.ssl-org.springframework.boot.autoconfigure.ssl.SslProperties'
2025-10-23T17:05:50.901-05:00 DEBUG 31772 --- [ms-negocio-gestion-alquileres] [    Test worker] o.s.b.f.s.DefaultListableBeanFactory     : Autowiring by type from bean name 'org.springframework.boot.autoconfigure.ssl.SslAutoConfiguration' via constructor to bean named 'org.springframework.web.context.support.GenericWebApplicationContext@77bc2e16'
2025-10-23T17:05:50.901-05:00 DEBUG 31772 --- [ms-negocio-gestion-alquileres] [    Test worker] o.s.b.f.s.DefaultListableBeanFactory     : Autowiring by type from bean name 'org.springframework.boot.autoconfigure.ssl.SslAutoConfiguration' via constructor to bean named 'spring.ssl-org.springframework.boot.autoconfigure.ssl.SslProperties'
2025-10-23T17:05:50.903-05:00 DEBUG 31772 --- [ms-negocio-gestion-alquileres] [    Test worker] o.s.b.f.s.DefaultListableBeanFactory     : Creating shared instance of singleton bean 'fileWatcher'
2025-10-23T17:05:50.904-05:00 DEBUG 31772 --- [ms-negocio-gestion-alquileres] [    Test worker] o.s.b.f.s.DefaultListableBeanFactory     : Creating shared instance of singleton bean 'sslPropertiesSslBundleRegistrar'
2025-10-23T17:05:50.904-05:00 DEBUG 31772 --- [ms-negocio-gestion-alquileres] [    Test worker] o.s.b.f.s.DefaultListableBeanFactory     : Autowiring by type from bean name 'sslPropertiesSslBundleRegistrar' via factory method to bean named 'fileWatcher'
2025-10-23T17:05:50.907-05:00 DEBUG 31772 --- [ms-negocio-gestion-alquileres] [    Test worker] o.s.b.f.s.DefaultListableBeanFactory     : Creating shared instance of singleton bean 'sslBundleRegistry'
2025-10-23T17:05:50.913-05:00 DEBUG 31772 --- [ms-negocio-gestion-alquileres] [    Test worker] o.s.b.f.s.DefaultListableBeanFactory     : Creating shared instance of singleton bean 'org.springframework.boot.autoconfigure.websocket.servlet.WebSocketServletAutoConfiguration$TomcatWebSocketConfiguration'
2025-10-23T17:05:50.914-05:00 DEBUG 31772 --- [ms-negocio-gestion-alquileres] [    Test worker] o.s.b.f.s.DefaultListableBeanFactory     : Creating shared instance of singleton bean 'websocketServletWebServerCustomizer'
2025-10-23T17:05:50.916-05:00 DEBUG 31772 --- [ms-negocio-gestion-alquileres] [    Test worker] o.s.b.f.s.DefaultListableBeanFactory     : Creating shared instance of singleton bean 'org.springframework.boot.autoconfigure.websocket.servlet.WebSocketServletAutoConfiguration'
2025-10-23T17:05:50.916-05:00 DEBUG 31772 --- [ms-negocio-gestion-alquileres] [    Test worker] o.s.b.f.s.DefaultListableBeanFactory     : Creating shared instance of singleton bean 'org.springframework.boot.autoconfigure.web.servlet.ServletWebServerFactoryConfiguration$EmbeddedTomcat'
2025-10-23T17:05:50.916-05:00 DEBUG 31772 --- [ms-negocio-gestion-alquileres] [    Test worker] o.s.b.f.s.DefaultListableBeanFactory     : Creating shared instance of singleton bean 'tomcatServletWebServerFactory'
2025-10-23T17:05:50.942-05:00 DEBUG 31772 --- [ms-negocio-gestion-alquileres] [    Test worker] o.s.b.f.s.DefaultListableBeanFactory     : Creating shared instance of singleton bean 'servletWebServerFactoryCustomizer'
2025-10-23T17:05:50.942-05:00 DEBUG 31772 --- [ms-negocio-gestion-alquileres] [    Test worker] o.s.b.f.s.DefaultListableBeanFactory     : Creating shared instance of singleton bean 'org.springframework.boot.autoconfigure.web.servlet.ServletWebServerFactoryAutoConfiguration'
2025-10-23T17:05:50.944-05:00 DEBUG 31772 --- [ms-negocio-gestion-alquileres] [    Test worker] o.s.b.f.s.DefaultListableBeanFactory     : Creating shared instance of singleton bean 'server-org.springframework.boot.autoconfigure.web.ServerProperties'
2025-10-23T17:05:50.950-05:00 DEBUG 31772 --- [ms-negocio-gestion-alquileres] [    Test worker] o.s.b.f.s.DefaultListableBeanFactory     : Autowiring by type from bean name 'servletWebServerFactoryCustomizer' via factory method to bean named 'server-org.springframework.boot.autoconfigure.web.ServerProperties'
2025-10-23T17:05:50.954-05:00 DEBUG 31772 --- [ms-negocio-gestion-alquileres] [    Test worker] o.s.b.f.s.DefaultListableBeanFactory     : Creating shared instance of singleton bean 'tomcatServletWebServerFactoryCustomizer'
2025-10-23T17:05:50.954-05:00 DEBUG 31772 --- [ms-negocio-gestion-alquileres] [    Test worker] o.s.b.f.s.DefaultListableBeanFactory     : Autowiring by type from bean name 'tomcatServletWebServerFactoryCustomizer' via factory method to bean named 'server-org.springframework.boot.autoconfigure.web.ServerProperties'
2025-10-23T17:05:50.955-05:00 DEBUG 31772 --- [ms-negocio-gestion-alquileres] [    Test worker] o.s.b.f.s.DefaultListableBeanFactory     : Creating shared instance of singleton bean 'localeCharsetMappingsCustomizer'
2025-10-23T17:05:50.955-05:00 DEBUG 31772 --- [ms-negocio-gestion-alquileres] [    Test worker] o.s.b.f.s.DefaultListableBeanFactory     : Creating shared instance of singleton bean 'org.springframework.boot.autoconfigure.web.servlet.HttpEncodingAutoConfiguration'
2025-10-23T17:05:50.955-05:00 DEBUG 31772 --- [ms-negocio-gestion-alquileres] [    Test worker] o.s.b.f.s.DefaultListableBeanFactory     : Autowiring by type from bean name 'org.springframework.boot.autoconfigure.web.servlet.HttpEncodingAutoConfiguration' via constructor to bean named 'server-org.springframework.boot.autoconfigure.web.ServerProperties'
2025-10-23T17:05:50.965-05:00 DEBUG 31772 --- [ms-negocio-gestion-alquileres] [    Test worker] o.s.b.f.s.DefaultListableBeanFactory     : Creating shared instance of singleton bean 'errorPageCustomizer'
2025-10-23T17:05:50.965-05:00 DEBUG 31772 --- [ms-negocio-gestion-alquileres] [    Test worker] o.s.b.f.s.DefaultListableBeanFactory     : Creating shared instance of singleton bean 'org.springframework.boot.autoconfigure.web.servlet.error.ErrorMvcAutoConfiguration'
2025-10-23T17:05:50.966-05:00 DEBUG 31772 --- [ms-negocio-gestion-alquileres] [    Test worker] o.s.b.f.s.DefaultListableBeanFactory     : Autowiring by type from bean name 'org.springframework.boot.autoconfigure.web.servlet.error.ErrorMvcAutoConfiguration' via constructor to bean named 'server-org.springframework.boot.autoconfigure.web.ServerProperties'
2025-10-23T17:05:50.967-05:00 DEBUG 31772 --- [ms-negocio-gestion-alquileres] [    Test worker] o.s.b.f.s.DefaultListableBeanFactory     : Creating shared instance of singleton bean 'dispatcherServletRegistration'
2025-10-23T17:05:50.967-05:00 DEBUG 31772 --- [ms-negocio-gestion-alquileres] [    Test worker] o.s.b.f.s.DefaultListableBeanFactory     : Creating shared instance of singleton bean 'org.springframework.boot.autoconfigure.web.servlet.DispatcherServletAutoConfiguration$DispatcherServletRegistrationConfiguration'
2025-10-23T17:05:50.967-05:00 DEBUG 31772 --- [ms-negocio-gestion-alquileres] [    Test worker] o.s.b.f.s.DefaultListableBeanFactory     : Creating shared instance of singleton bean 'dispatcherServlet'
2025-10-23T17:05:50.967-05:00 DEBUG 31772 --- [ms-negocio-gestion-alquileres] [    Test worker] o.s.b.f.s.DefaultListableBeanFactory     : Creating shared instance of singleton bean 'org.springframework.boot.autoconfigure.web.servlet.DispatcherServletAutoConfiguration$DispatcherServletConfiguration'
2025-10-23T17:05:50.969-05:00 DEBUG 31772 --- [ms-negocio-gestion-alquileres] [    Test worker] o.s.b.f.s.DefaultListableBeanFactory     : Creating shared instance of singleton bean 'spring.mvc-org.springframework.boot.autoconfigure.web.servlet.WebMvcProperties'
2025-10-23T17:05:50.971-05:00 DEBUG 31772 --- [ms-negocio-gestion-alquileres] [    Test worker] o.s.b.f.s.DefaultListableBeanFactory     : Autowiring by type from bean name 'dispatcherServlet' via factory method to bean named 'spring.mvc-org.springframework.boot.autoconfigure.web.servlet.WebMvcProperties'
2025-10-23T17:05:50.980-05:00 DEBUG 31772 --- [ms-negocio-gestion-alquileres] [    Test worker] o.s.b.f.s.DefaultListableBeanFactory     : Autowiring by type from bean name 'dispatcherServletRegistration' via factory method to bean named 'dispatcherServlet'
2025-10-23T17:05:50.980-05:00 DEBUG 31772 --- [ms-negocio-gestion-alquileres] [    Test worker] o.s.b.f.s.DefaultListableBeanFactory     : Autowiring by type from bean name 'dispatcherServletRegistration' via factory method to bean named 'spring.mvc-org.springframework.boot.autoconfigure.web.servlet.WebMvcProperties'
2025-10-23T17:05:50.983-05:00 DEBUG 31772 --- [ms-negocio-gestion-alquileres] [    Test worker] o.s.b.f.s.DefaultListableBeanFactory     : Creating shared instance of singleton bean 'multipartConfigElement'
2025-10-23T17:05:50.983-05:00 DEBUG 31772 --- [ms-negocio-gestion-alquileres] [    Test worker] o.s.b.f.s.DefaultListableBeanFactory     : Creating shared instance of singleton bean 'org.springframework.boot.autoconfigure.web.servlet.MultipartAutoConfiguration'
2025-10-23T17:05:50.983-05:00 DEBUG 31772 --- [ms-negocio-gestion-alquileres] [    Test worker] o.s.b.f.s.DefaultListableBeanFactory     : Creating shared instance of singleton bean 'spring.servlet.multipart-org.springframework.boot.autoconfigure.web.servlet.MultipartProperties'
2025-10-23T17:05:50.983-05:00 DEBUG 31772 --- [ms-negocio-gestion-alquileres] [    Test worker] o.s.b.f.s.DefaultListableBeanFactory     : Autowiring by type from bean name 'org.springframework.boot.autoconfigure.web.servlet.MultipartAutoConfiguration' via constructor to bean named 'spring.servlet.multipart-org.springframework.boot.autoconfigure.web.servlet.MultipartProperties'
2025-10-23T17:05:50.988-05:00 DEBUG 31772 --- [ms-negocio-gestion-alquileres] [    Test worker] o.s.b.f.s.DefaultListableBeanFactory     : Autowiring by type from bean name 'errorPageCustomizer' via factory method to bean named 'dispatcherServletRegistration'
2025-10-23T17:05:50.990-05:00 DEBUG 31772 --- [ms-negocio-gestion-alquileres] [    Test worker] o.s.b.f.s.DefaultListableBeanFactory     : Creating shared instance of singleton bean 'org.springframework.boot.autoconfigure.web.servlet.DispatcherServletAutoConfiguration'
2025-10-23T17:05:50.991-05:00 DEBUG 31772 --- [ms-negocio-gestion-alquileres] [    Test worker] o.s.b.f.s.DefaultListableBeanFactory     : Creating shared instance of singleton bean 'org.springframework.boot.autoconfigure.task.TaskExecutorConfigurations$SimpleAsyncTaskExecutorBuilderConfiguration'
2025-10-23T17:05:50.992-05:00 DEBUG 31772 --- [ms-negocio-gestion-alquileres] [    Test worker] o.s.b.f.s.DefaultListableBeanFactory     : Autowiring by type from bean name 'org.springframework.boot.autoconfigure.task.TaskExecutorConfigurations$SimpleAsyncTaskExecutorBuilderConfiguration' via constructor to bean named 'spring.task.execution-org.springframework.boot.autoconfigure.task.TaskExecutionProperties'
2025-10-23T17:05:50.993-05:00 DEBUG 31772 --- [ms-negocio-gestion-alquileres] [    Test worker] o.s.b.f.s.DefaultListableBeanFactory     : Creating shared instance of singleton bean 'simpleAsyncTaskExecutorBuilder'
2025-10-23T17:05:50.995-05:00 DEBUG 31772 --- [ms-negocio-gestion-alquileres] [    Test worker] o.s.b.f.s.DefaultListableBeanFactory     : Creating shared instance of singleton bean 'org.springframework.boot.autoconfigure.task.TaskExecutorConfigurations$AsyncConfigurerConfiguration'
2025-10-23T17:05:50.995-05:00 DEBUG 31772 --- [ms-negocio-gestion-alquileres] [    Test worker] o.s.b.f.s.DefaultListableBeanFactory     : Creating shared instance of singleton bean 'applicationTaskExecutorAsyncConfigurer'
2025-10-23T17:05:50.996-05:00 DEBUG 31772 --- [ms-negocio-gestion-alquileres] [    Test worker] o.s.b.f.s.DefaultListableBeanFactory     : Autowiring by type from bean name 'applicationTaskExecutorAsyncConfigurer' via factory method to bean named 'org.springframework.beans.factory.support.DefaultListableBeanFactory@5b47731f'
2025-10-23T17:05:50.997-05:00 DEBUG 31772 --- [ms-negocio-gestion-alquileres] [    Test worker] o.s.b.f.s.DefaultListableBeanFactory     : Creating shared instance of singleton bean 'org.springframework.boot.autoconfigure.task.TaskExecutorConfigurations$BootstrapExecutorConfiguration'
2025-10-23T17:05:50.997-05:00 DEBUG 31772 --- [ms-negocio-gestion-alquileres] [    Test worker] o.s.b.f.s.DefaultListableBeanFactory     : Creating shared instance of singleton bean 'org.springframework.boot.autoconfigure.task.TaskExecutionAutoConfiguration'
2025-10-23T17:05:50.997-05:00 DEBUG 31772 --- [ms-negocio-gestion-alquileres] [    Test worker] o.s.b.f.s.DefaultListableBeanFactory     : Creating shared instance of singleton bean 'org.springframework.boot.autoconfigure.validation.ValidationAutoConfiguration'
2025-10-23T17:05:50.997-05:00 DEBUG 31772 --- [ms-negocio-gestion-alquileres] [    Test worker] o.s.b.f.s.DefaultListableBeanFactory     : Creating shared instance of singleton bean 'defaultValidator'
2025-10-23T17:05:50.999-05:00 DEBUG 31772 --- [ms-negocio-gestion-alquileres] [    Test worker] o.s.b.f.s.DefaultListableBeanFactory     : Autowiring by type from bean name 'defaultValidator' via factory method to bean named 'org.springframework.web.context.support.GenericWebApplicationContext@77bc2e16'
2025-10-23T17:05:51.000-05:00 DEBUG 31772 --- [ms-negocio-gestion-alquileres] [    Test worker] .h.v.m.ResourceBundleMessageInterpolator : Loaded expression factory via original TCCL
2025-10-23T17:05:51.002-05:00 DEBUG 31772 --- [ms-negocio-gestion-alquileres] [    Test worker] o.h.v.i.e.AbstractConfigurationImpl      : Setting custom MessageInterpolator of type org.springframework.validation.beanvalidation.LocaleContextMessageInterpolator
2025-10-23T17:05:51.003-05:00 DEBUG 31772 --- [ms-negocio-gestion-alquileres] [    Test worker] o.h.v.i.e.AbstractConfigurationImpl      : Setting custom ConstraintValidatorFactory of type org.springframework.validation.beanvalidation.SpringConstraintValidatorFactory
2025-10-23T17:05:51.004-05:00 DEBUG 31772 --- [ms-negocio-gestion-alquileres] [    Test worker] o.h.v.i.xml.config.ValidationXmlParser   : Trying to load META-INF/validation.xml for XML based Validator configuration.
2025-10-23T17:05:51.004-05:00 DEBUG 31772 --- [ms-negocio-gestion-alquileres] [    Test worker] o.h.v.i.xml.config.ResourceLoaderHelper  : Trying to load META-INF/validation.xml via user class loader
2025-10-23T17:05:51.004-05:00 DEBUG 31772 --- [ms-negocio-gestion-alquileres] [    Test worker] o.h.v.i.xml.config.ResourceLoaderHelper  : Trying to load META-INF/validation.xml via TCCL
2025-10-23T17:05:51.004-05:00 DEBUG 31772 --- [ms-negocio-gestion-alquileres] [    Test worker] o.h.v.i.xml.config.ResourceLoaderHelper  : Trying to load META-INF/validation.xml via Hibernate Validator's class loader
2025-10-23T17:05:51.004-05:00 DEBUG 31772 --- [ms-negocio-gestion-alquileres] [    Test worker] o.h.v.i.xml.config.ValidationXmlParser   : No META-INF/validation.xml found. Using annotation based configuration only.
2025-10-23T17:05:51.005-05:00 DEBUG 31772 --- [ms-negocio-gestion-alquileres] [    Test worker] o.h.v.i.e.resolver.TraversableResolvers  : Found jakarta.persistence.Persistence on classpath containing 'getPersistenceUtil'. Assuming JPA 2 environment. Trying to instantiate JPA aware TraversableResolver
2025-10-23T17:05:51.005-05:00 DEBUG 31772 --- [ms-negocio-gestion-alquileres] [    Test worker] o.h.v.i.e.resolver.TraversableResolvers  : Instantiated JPA aware TraversableResolver of type org.hibernate.validator.internal.engine.resolver.JPATraversableResolver.
2025-10-23T17:05:51.005-05:00 DEBUG 31772 --- [ms-negocio-gestion-alquileres] [    Test worker] .i.e.ValidatorFactoryConfigurationHelper : HV000252: Using org.hibernate.validator.internal.engine.DefaultPropertyNodeNameProvider as property node name provider.
2025-10-23T17:05:51.006-05:00 DEBUG 31772 --- [ms-negocio-gestion-alquileres] [    Test worker] .i.e.ValidatorFactoryConfigurationHelper : HV000234: Using org.springframework.validation.beanvalidation.LocaleContextMessageInterpolator as ValidatorFactory-scoped message interpolator.
2025-10-23T17:05:51.006-05:00 DEBUG 31772 --- [ms-negocio-gestion-alquileres] [    Test worker] .i.e.ValidatorFactoryConfigurationHelper : HV000234: Using org.hibernate.validator.internal.engine.resolver.JPATraversableResolver as ValidatorFactory-scoped traversable resolver.
2025-10-23T17:05:51.006-05:00 DEBUG 31772 --- [ms-negocio-gestion-alquileres] [    Test worker] .i.e.ValidatorFactoryConfigurationHelper : HV000234: Using org.hibernate.validator.internal.util.ExecutableParameterNameProvider as ValidatorFactory-scoped parameter name provider.
2025-10-23T17:05:51.006-05:00 DEBUG 31772 --- [ms-negocio-gestion-alquileres] [    Test worker] .i.e.ValidatorFactoryConfigurationHelper : HV000234: Using org.hibernate.validator.internal.engine.DefaultClockProvider as ValidatorFactory-scoped clock provider.
2025-10-23T17:05:51.006-05:00 DEBUG 31772 --- [ms-negocio-gestion-alquileres] [    Test worker] .i.e.ValidatorFactoryConfigurationHelper : HV000234: Using org.hibernate.validator.internal.engine.scripting.DefaultScriptEvaluatorFactory as ValidatorFactory-scoped script evaluator factory.
2025-10-23T17:05:51.009-05:00 DEBUG 31772 --- [ms-negocio-gestion-alquileres] [    Test worker] o.s.b.f.s.DefaultListableBeanFactory     : Creating shared instance of singleton bean 'org.springframework.boot.autoconfigure.web.servlet.error.ErrorMvcAutoConfiguration$WhitelabelErrorViewConfiguration'
2025-10-23T17:05:51.010-05:00 DEBUG 31772 --- [ms-negocio-gestion-alquileres] [    Test worker] o.s.b.f.s.DefaultListableBeanFactory     : Creating shared instance of singleton bean 'error'
2025-10-23T17:05:51.010-05:00 DEBUG 31772 --- [ms-negocio-gestion-alquileres] [    Test worker] o.s.b.f.s.DefaultListableBeanFactory     : Creating shared instance of singleton bean 'beanNameViewResolver'
2025-10-23T17:05:51.010-05:00 DEBUG 31772 --- [ms-negocio-gestion-alquileres] [    Test worker] o.s.b.f.s.DefaultListableBeanFactory     : Creating shared instance of singleton bean 'org.springframework.boot.autoconfigure.web.servlet.error.ErrorMvcAutoConfiguration$DefaultErrorViewResolverConfiguration'
2025-10-23T17:05:51.010-05:00 DEBUG 31772 --- [ms-negocio-gestion-alquileres] [    Test worker] o.s.b.f.s.DefaultListableBeanFactory     : Creating shared instance of singleton bean 'spring.web-org.springframework.boot.autoconfigure.web.WebProperties'
2025-10-23T17:05:51.010-05:00 DEBUG 31772 --- [ms-negocio-gestion-alquileres] [    Test worker] o.s.b.f.s.DefaultListableBeanFactory     : Autowiring by type from bean name 'org.springframework.boot.autoconfigure.web.servlet.error.ErrorMvcAutoConfiguration$DefaultErrorViewResolverConfiguration' via constructor to bean named 'org.springframework.web.context.support.GenericWebApplicationContext@77bc2e16'
2025-10-23T17:05:51.017-05:00 DEBUG 31772 --- [ms-negocio-gestion-alquileres] [    Test worker] o.s.b.f.s.DefaultListableBeanFactory     : Autowiring by type from bean name 'org.springframework.boot.autoconfigure.web.servlet.error.ErrorMvcAutoConfiguration$DefaultErrorViewResolverConfiguration' via constructor to bean named 'spring.web-org.springframework.boot.autoconfigure.web.WebProperties'
2025-10-23T17:05:51.017-05:00 DEBUG 31772 --- [ms-negocio-gestion-alquileres] [    Test worker] o.s.b.f.s.DefaultListableBeanFactory     : Creating shared instance of singleton bean 'conventionErrorViewResolver'
2025-10-23T17:05:51.017-05:00 DEBUG 31772 --- [ms-negocio-gestion-alquileres] [    Test worker] o.s.b.f.s.DefaultListableBeanFactory     : Creating shared instance of singleton bean 'errorAttributes'
2025-10-23T17:05:51.017-05:00 DEBUG 31772 --- [ms-negocio-gestion-alquileres] [    Test worker] o.s.b.f.s.DefaultListableBeanFactory     : Creating shared instance of singleton bean 'basicErrorController'
2025-10-23T17:05:51.017-05:00 DEBUG 31772 --- [ms-negocio-gestion-alquileres] [    Test worker] o.s.b.f.s.DefaultListableBeanFactory     : Autowiring by type from bean name 'basicErrorController' via factory method to bean named 'errorAttributes'
2025-10-23T17:05:51.022-05:00 DEBUG 31772 --- [ms-negocio-gestion-alquileres] [    Test worker] o.s.b.f.s.DefaultListableBeanFactory     : Creating shared instance of singleton bean 'org.springframework.boot.autoconfigure.web.servlet.WebMvcAutoConfiguration$EnableWebMvcConfiguration'
2025-10-23T17:05:51.024-05:00 DEBUG 31772 --- [ms-negocio-gestion-alquileres] [    Test worker] o.s.b.f.s.DefaultListableBeanFactory     : Autowiring by type from bean name 'org.springframework.boot.autoconfigure.web.servlet.WebMvcAutoConfiguration$EnableWebMvcConfiguration' via constructor to bean named 'spring.mvc-org.springframework.boot.autoconfigure.web.servlet.WebMvcProperties'
2025-10-23T17:05:51.024-05:00 DEBUG 31772 --- [ms-negocio-gestion-alquileres] [    Test worker] o.s.b.f.s.DefaultListableBeanFactory     : Autowiring by type from bean name 'org.springframework.boot.autoconfigure.web.servlet.WebMvcAutoConfiguration$EnableWebMvcConfiguration' via constructor to bean named 'spring.web-org.springframework.boot.autoconfigure.web.WebProperties'
2025-10-23T17:05:51.024-05:00 DEBUG 31772 --- [ms-negocio-gestion-alquileres] [    Test worker] o.s.b.f.s.DefaultListableBeanFactory     : Autowiring by type from bean name 'org.springframework.boot.autoconfigure.web.servlet.WebMvcAutoConfiguration$EnableWebMvcConfiguration' via constructor to bean named 'org.springframework.beans.factory.support.DefaultListableBeanFactory@5b47731f'
2025-10-23T17:05:51.029-05:00 DEBUG 31772 --- [ms-negocio-gestion-alquileres] [    Test worker] o.s.b.f.s.DefaultListableBeanFactory     : Creating shared instance of singleton bean 'org.springframework.boot.autoconfigure.web.servlet.WebMvcAutoConfiguration$WebMvcAutoConfigurationAdapter'
2025-10-23T17:05:51.029-05:00 DEBUG 31772 --- [ms-negocio-gestion-alquileres] [    Test worker] o.s.b.f.s.DefaultListableBeanFactory     : Autowiring by type from bean name 'org.springframework.boot.autoconfigure.web.servlet.WebMvcAutoConfiguration$WebMvcAutoConfigurationAdapter' via constructor to bean named 'spring.web-org.springframework.boot.autoconfigure.web.WebProperties'
2025-10-23T17:05:51.029-05:00 DEBUG 31772 --- [ms-negocio-gestion-alquileres] [    Test worker] o.s.b.f.s.DefaultListableBeanFactory     : Autowiring by type from bean name 'org.springframework.boot.autoconfigure.web.servlet.WebMvcAutoConfiguration$WebMvcAutoConfigurationAdapter' via constructor to bean named 'spring.mvc-org.springframework.boot.autoconfigure.web.servlet.WebMvcProperties'
2025-10-23T17:05:51.029-05:00 DEBUG 31772 --- [ms-negocio-gestion-alquileres] [    Test worker] o.s.b.f.s.DefaultListableBeanFactory     : Autowiring by type from bean name 'org.springframework.boot.autoconfigure.web.servlet.WebMvcAutoConfiguration$WebMvcAutoConfigurationAdapter' via constructor to bean named 'org.springframework.beans.factory.support.DefaultListableBeanFactory@5b47731f'
2025-10-23T17:05:51.031-05:00 DEBUG 31772 --- [ms-negocio-gestion-alquileres] [    Test worker] o.s.b.f.s.DefaultListableBeanFactory     : Creating shared instance of singleton bean 'resourceHandlerRegistrationCustomizer'
2025-10-23T17:05:51.031-05:00 DEBUG 31772 --- [ms-negocio-gestion-alquileres] [    Test worker] o.s.b.f.s.DefaultListableBeanFactory     : Creating shared instance of singleton bean 'org.springframework.boot.autoconfigure.web.servlet.WebMvcAutoConfiguration$ResourceChainCustomizerConfiguration'
2025-10-23T17:05:51.031-05:00 DEBUG 31772 --- [ms-negocio-gestion-alquileres] [    Test worker] o.s.b.f.s.DefaultListableBeanFactory     : Autowiring by type from bean name 'resourceHandlerRegistrationCustomizer' via factory method to bean named 'spring.web-org.springframework.boot.autoconfigure.web.WebProperties'
2025-10-23T17:05:51.033-05:00 DEBUG 31772 --- [ms-negocio-gestion-alquileres] [    Test worker] o.s.b.f.s.DefaultListableBeanFactory     : Creating shared instance of singleton bean 'swaggerWebMvcConfigurer'
2025-10-23T17:05:51.033-05:00 DEBUG 31772 --- [ms-negocio-gestion-alquileres] [    Test worker] o.s.b.f.s.DefaultListableBeanFactory     : Creating shared instance of singleton bean 'org.springdoc.webmvc.ui.SwaggerConfig'
2025-10-23T17:05:51.034-05:00 DEBUG 31772 --- [ms-negocio-gestion-alquileres] [    Test worker] o.s.b.f.s.DefaultListableBeanFactory     : Creating shared instance of singleton bean 'org.springdoc.core.properties.SwaggerUiConfigProperties'
2025-10-23T17:05:51.054-05:00 DEBUG 31772 --- [ms-negocio-gestion-alquileres] [    Test worker] o.s.b.f.s.DefaultListableBeanFactory     : Creating shared instance of singleton bean 'indexPageTransformer'
2025-10-23T17:05:51.055-05:00 DEBUG 31772 --- [ms-negocio-gestion-alquileres] [    Test worker] o.s.b.f.s.DefaultListableBeanFactory     : Creating shared instance of singleton bean 'org.springdoc.core.properties.SwaggerUiOAuthProperties'
2025-10-23T17:05:51.056-05:00 DEBUG 31772 --- [ms-negocio-gestion-alquileres] [    Test worker] o.s.b.f.s.DefaultListableBeanFactory     : Creating shared instance of singleton bean 'swaggerWelcome'
2025-10-23T17:05:51.056-05:00 DEBUG 31772 --- [ms-negocio-gestion-alquileres] [    Test worker] o.s.b.f.s.DefaultListableBeanFactory     : Creating shared instance of singleton bean 'org.springdoc.core.properties.SpringDocConfigProperties'
2025-10-23T17:05:51.059-05:00 DEBUG 31772 --- [ms-negocio-gestion-alquileres] [    Test worker] o.s.b.f.s.DefaultListableBeanFactory     : Creating shared instance of singleton bean 'springWebProvider'
2025-10-23T17:05:51.059-05:00 DEBUG 31772 --- [ms-negocio-gestion-alquileres] [    Test worker] o.s.b.f.s.DefaultListableBeanFactory     : Creating shared instance of singleton bean 'org.springdoc.webmvc.core.configuration.SpringDocWebMvcConfiguration'
2025-10-23T17:05:51.066-05:00 DEBUG 31772 --- [ms-negocio-gestion-alquileres] [    Test worker] o.s.b.f.s.DefaultListableBeanFactory     : Autowiring by type from bean name 'swaggerWelcome' via factory method to bean named 'org.springdoc.core.properties.SwaggerUiConfigProperties'
2025-10-23T17:05:51.066-05:00 DEBUG 31772 --- [ms-negocio-gestion-alquileres] [    Test worker] o.s.b.f.s.DefaultListableBeanFactory     : Autowiring by type from bean name 'swaggerWelcome' via factory method to bean named 'org.springdoc.core.properties.SpringDocConfigProperties'
2025-10-23T17:05:51.066-05:00 DEBUG 31772 --- [ms-negocio-gestion-alquileres] [    Test worker] o.s.b.f.s.DefaultListableBeanFactory     : Autowiring by type from bean name 'swaggerWelcome' via factory method to bean named 'springWebProvider'
2025-10-23T17:05:51.081-05:00 DEBUG 31772 --- [ms-negocio-gestion-alquileres] [    Test worker] o.s.b.f.s.DefaultListableBeanFactory     : Creating shared instance of singleton bean 'springdocObjectMapperProvider'
2025-10-23T17:05:51.081-05:00 DEBUG 31772 --- [ms-negocio-gestion-alquileres] [    Test worker] o.s.b.f.s.DefaultListableBeanFactory     : Creating shared instance of singleton bean 'org.springdoc.core.configuration.SpringDocConfiguration'
2025-10-23T17:05:51.087-05:00 DEBUG 31772 --- [ms-negocio-gestion-alquileres] [    Test worker] o.s.b.f.s.DefaultListableBeanFactory     : Autowiring by type from bean name 'springdocObjectMapperProvider' via factory method to bean named 'org.springdoc.core.properties.SpringDocConfigProperties'
2025-10-23T17:05:51.112-05:00 DEBUG 31772 --- [ms-negocio-gestion-alquileres] [    Test worker] o.s.b.f.s.DefaultListableBeanFactory     : Autowiring by type from bean name 'indexPageTransformer' via factory method to bean named 'org.springdoc.core.properties.SwaggerUiConfigProperties'
2025-10-23T17:05:51.112-05:00 DEBUG 31772 --- [ms-negocio-gestion-alquileres] [    Test worker] o.s.b.f.s.DefaultListableBeanFactory     : Autowiring by type from bean name 'indexPageTransformer' via factory method to bean named 'org.springdoc.core.properties.SwaggerUiOAuthProperties'
2025-10-23T17:05:51.112-05:00 DEBUG 31772 --- [ms-negocio-gestion-alquileres] [    Test worker] o.s.b.f.s.DefaultListableBeanFactory     : Autowiring by type from bean name 'indexPageTransformer' via factory method to bean named 'swaggerWelcome'
2025-10-23T17:05:51.112-05:00 DEBUG 31772 --- [ms-negocio-gestion-alquileres] [    Test worker] o.s.b.f.s.DefaultListableBeanFactory     : Autowiring by type from bean name 'indexPageTransformer' via factory method to bean named 'springdocObjectMapperProvider'
2025-10-23T17:05:51.112-05:00 DEBUG 31772 --- [ms-negocio-gestion-alquileres] [    Test worker] o.s.b.f.s.DefaultListableBeanFactory     : Creating shared instance of singleton bean 'swaggerResourceResolver'
2025-10-23T17:05:51.112-05:00 DEBUG 31772 --- [ms-negocio-gestion-alquileres] [    Test worker] o.s.b.f.s.DefaultListableBeanFactory     : Autowiring by type from bean name 'swaggerResourceResolver' via factory method to bean named 'org.springdoc.core.properties.SwaggerUiConfigProperties'
2025-10-23T17:05:51.112-05:00 DEBUG 31772 --- [ms-negocio-gestion-alquileres] [    Test worker] o.s.b.f.s.DefaultListableBeanFactory     : Autowiring by type from bean name 'swaggerWebMvcConfigurer' via factory method to bean named 'org.springdoc.core.properties.SwaggerUiConfigProperties'
2025-10-23T17:05:51.112-05:00 DEBUG 31772 --- [ms-negocio-gestion-alquileres] [    Test worker] o.s.b.f.s.DefaultListableBeanFactory     : Autowiring by type from bean name 'swaggerWebMvcConfigurer' via factory method to bean named 'indexPageTransformer'
2025-10-23T17:05:51.112-05:00 DEBUG 31772 --- [ms-negocio-gestion-alquileres] [    Test worker] o.s.b.f.s.DefaultListableBeanFactory     : Autowiring by type from bean name 'swaggerWebMvcConfigurer' via factory method to bean named 'swaggerResourceResolver'
2025-10-23T17:05:51.121-05:00 DEBUG 31772 --- [ms-negocio-gestion-alquileres] [    Test worker] o.s.b.f.s.DefaultListableBeanFactory     : Creating shared instance of singleton bean 'openEntityManagerInViewInterceptorConfigurer'
2025-10-23T17:05:51.121-05:00 DEBUG 31772 --- [ms-negocio-gestion-alquileres] [    Test worker] o.s.b.f.s.DefaultListableBeanFactory     : Creating shared instance of singleton bean 'org.springframework.boot.autoconfigure.orm.jpa.JpaBaseConfiguration$JpaWebConfiguration'
2025-10-23T17:05:51.121-05:00 DEBUG 31772 --- [ms-negocio-gestion-alquileres] [    Test worker] o.s.b.f.s.DefaultListableBeanFactory     : Autowiring by type from bean name 'org.springframework.boot.autoconfigure.orm.jpa.JpaBaseConfiguration$JpaWebConfiguration' via constructor to bean named 'spring.jpa-org.springframework.boot.autoconfigure.orm.jpa.JpaProperties'
2025-10-23T17:05:51.123-05:00 DEBUG 31772 --- [ms-negocio-gestion-alquileres] [    Test worker] o.s.b.f.s.DefaultListableBeanFactory     : Creating shared instance of singleton bean 'openEntityManagerInViewInterceptor'
2025-10-23T17:05:51.123-05:00  WARN 31772 --- [ms-negocio-gestion-alquileres] [    Test worker] JpaBaseConfiguration$JpaWebConfiguration : spring.jpa.open-in-view is enabled by default. Therefore, database queries may be performed during view rendering. Explicitly configure spring.jpa.open-in-view to disable this warning
2025-10-23T17:05:51.123-05:00 DEBUG 31772 --- [ms-negocio-gestion-alquileres] [    Test worker] o.s.b.f.s.DefaultListableBeanFactory     : Autowiring by type from bean name 'openEntityManagerInViewInterceptorConfigurer' via factory method to bean named 'openEntityManagerInViewInterceptor'
2025-10-23T17:05:51.123-05:00 DEBUG 31772 --- [ms-negocio-gestion-alquileres] [    Test worker] o.s.b.f.s.DefaultListableBeanFactory     : Creating shared instance of singleton bean 'org.springframework.data.web.config.SpringDataWebConfiguration'
2025-10-23T17:05:51.123-05:00 DEBUG 31772 --- [ms-negocio-gestion-alquileres] [    Test worker] o.s.b.f.s.DefaultListableBeanFactory     : Autowiring by type from bean name 'org.springframework.data.web.config.SpringDataWebConfiguration' via constructor to bean named 'org.springframework.web.context.support.GenericWebApplicationContext@77bc2e16'
2025-10-23T17:05:51.123-05:00 DEBUG 31772 --- [ms-negocio-gestion-alquileres] [    Test worker] o.s.b.f.s.DefaultListableBeanFactory     : Creating shared instance of singleton bean 'org.springframework.cloud.commons.security.ResourceServerTokenRelayAutoConfiguration$ResourceServerTokenRelayRegistrationAutoConfiguration'
2025-10-23T17:05:51.123-05:00 DEBUG 31772 --- [ms-negocio-gestion-alquileres] [    Test worker] o.s.b.f.s.DefaultListableBeanFactory     : Creating shared instance of singleton bean 'endpointObjectMapperWebMvcConfigurer'
2025-10-23T17:05:51.123-05:00 DEBUG 31772 --- [ms-negocio-gestion-alquileres] [    Test worker] o.s.b.f.s.DefaultListableBeanFactory     : Creating shared instance of singleton bean 'endpointObjectMapper'
2025-10-23T17:05:51.123-05:00 DEBUG 31772 --- [ms-negocio-gestion-alquileres] [    Test worker] o.s.b.f.s.DefaultListableBeanFactory     : Creating shared instance of singleton bean 'org.springframework.boot.actuate.autoconfigure.endpoint.jackson.JacksonEndpointAutoConfiguration'
2025-10-23T17:05:51.131-05:00 DEBUG 31772 --- [ms-negocio-gestion-alquileres] [    Test worker] o.s.b.f.s.DefaultListableBeanFactory     : Autowiring by type from bean name 'endpointObjectMapperWebMvcConfigurer' via factory method to bean named 'endpointObjectMapper'
2025-10-23T17:05:51.134-05:00 DEBUG 31772 --- [ms-negocio-gestion-alquileres] [    Test worker] o.s.b.f.s.DefaultListableBeanFactory     : Creating shared instance of singleton bean 'welcomePageHandlerMapping'
2025-10-23T17:05:51.134-05:00 DEBUG 31772 --- [ms-negocio-gestion-alquileres] [    Test worker] o.s.b.f.s.DefaultListableBeanFactory     : Creating shared instance of singleton bean 'mvcConversionService'
2025-10-23T17:05:51.144-05:00 DEBUG 31772 --- [ms-negocio-gestion-alquileres] [    Test worker] o.s.b.f.s.DefaultListableBeanFactory     : Creating shared instance of singleton bean 'mvcResourceUrlProvider'
2025-10-23T17:05:51.145-05:00 DEBUG 31772 --- [ms-negocio-gestion-alquileres] [    Test worker] o.s.b.f.s.DefaultListableBeanFactory     : Autowiring by type from bean name 'welcomePageHandlerMapping' via factory method to bean named 'org.springframework.web.context.support.GenericWebApplicationContext@77bc2e16'
2025-10-23T17:05:51.145-05:00 DEBUG 31772 --- [ms-negocio-gestion-alquileres] [    Test worker] o.s.b.f.s.DefaultListableBeanFactory     : Autowiring by type from bean name 'welcomePageHandlerMapping' via factory method to bean named 'mvcConversionService'
2025-10-23T17:05:51.145-05:00 DEBUG 31772 --- [ms-negocio-gestion-alquileres] [    Test worker] o.s.b.f.s.DefaultListableBeanFactory     : Autowiring by type from bean name 'welcomePageHandlerMapping' via factory method to bean named 'mvcResourceUrlProvider'
2025-10-23T17:05:51.159-05:00 DEBUG 31772 --- [ms-negocio-gestion-alquileres] [    Test worker] o.s.b.f.s.DefaultListableBeanFactory     : Creating shared instance of singleton bean 'welcomePageNotAcceptableHandlerMapping'
2025-10-23T17:05:51.159-05:00 DEBUG 31772 --- [ms-negocio-gestion-alquileres] [    Test worker] o.s.b.f.s.DefaultListableBeanFactory     : Autowiring by type from bean name 'welcomePageNotAcceptableHandlerMapping' via factory method to bean named 'org.springframework.web.context.support.GenericWebApplicationContext@77bc2e16'
2025-10-23T17:05:51.159-05:00 DEBUG 31772 --- [ms-negocio-gestion-alquileres] [    Test worker] o.s.b.f.s.DefaultListableBeanFactory     : Autowiring by type from bean name 'welcomePageNotAcceptableHandlerMapping' via factory method to bean named 'mvcConversionService'
2025-10-23T17:05:51.159-05:00 DEBUG 31772 --- [ms-negocio-gestion-alquileres] [    Test worker] o.s.b.f.s.DefaultListableBeanFactory     : Autowiring by type from bean name 'welcomePageNotAcceptableHandlerMapping' via factory method to bean named 'mvcResourceUrlProvider'
2025-10-23T17:05:51.162-05:00 DEBUG 31772 --- [ms-negocio-gestion-alquileres] [    Test worker] o.s.b.f.s.DefaultListableBeanFactory     : Creating shared instance of singleton bean 'localeResolver'
2025-10-23T17:05:51.163-05:00 DEBUG 31772 --- [ms-negocio-gestion-alquileres] [    Test worker] o.s.b.f.s.DefaultListableBeanFactory     : Creating shared instance of singleton bean 'themeResolver'
2025-10-23T17:05:51.164-05:00 DEBUG 31772 --- [ms-negocio-gestion-alquileres] [    Test worker] o.s.b.f.s.DefaultListableBeanFactory     : Creating shared instance of singleton bean 'flashMapManager'
2025-10-23T17:05:51.165-05:00 DEBUG 31772 --- [ms-negocio-gestion-alquileres] [    Test worker] o.s.b.f.s.DefaultListableBeanFactory     : Creating shared instance of singleton bean 'viewNameTranslator'
2025-10-23T17:05:51.166-05:00 DEBUG 31772 --- [ms-negocio-gestion-alquileres] [    Test worker] o.s.b.f.s.DefaultListableBeanFactory     : Creating shared instance of singleton bean 'mvcValidator'
2025-10-23T17:05:51.168-05:00 DEBUG 31772 --- [ms-negocio-gestion-alquileres] [    Test worker] o.s.b.f.s.DefaultListableBeanFactory     : Creating shared instance of singleton bean 'mvcContentNegotiationManager'
2025-10-23T17:05:51.171-05:00 DEBUG 31772 --- [ms-negocio-gestion-alquileres] [    Test worker] o.s.b.f.s.DefaultListableBeanFactory     : Creating shared instance of singleton bean 'requestMappingHandlerMapping'
2025-10-23T17:05:51.172-05:00 DEBUG 31772 --- [ms-negocio-gestion-alquileres] [    Test worker] o.s.b.f.s.DefaultListableBeanFactory     : Autowiring by type from bean name 'requestMappingHandlerMapping' via factory method to bean named 'mvcContentNegotiationManager'
2025-10-23T17:05:51.172-05:00 DEBUG 31772 --- [ms-negocio-gestion-alquileres] [    Test worker] o.s.b.f.s.DefaultListableBeanFactory     : Autowiring by type from bean name 'requestMappingHandlerMapping' via factory method to bean named 'mvcConversionService'
2025-10-23T17:05:51.172-05:00 DEBUG 31772 --- [ms-negocio-gestion-alquileres] [    Test worker] o.s.b.f.s.DefaultListableBeanFactory     : Autowiring by type from bean name 'requestMappingHandlerMapping' via factory method to bean named 'mvcResourceUrlProvider'
2025-10-23T17:05:51.194-05:00 DEBUG 31772 --- [ms-negocio-gestion-alquileres] [    Test worker] _.s.web.servlet.HandlerMapping.Mappings  : 
	p.e.g.t.m.n.g.a.c.AlquilerController:
	{GET [/api/v1/alquileres/{id}]}: obtenerPorId(Long)
	{GET [/api/v1/alquileres]}: listar()
2025-10-23T17:05:51.201-05:00 DEBUG 31772 --- [ms-negocio-gestion-alquileres] [    Test worker] _.s.web.servlet.HandlerMapping.Mappings  : 
	o.s.b.a.w.s.e.BasicErrorController:
	{ [/error]}: error(HttpServletRequest)
	{ [/error], produces [text/html]}: errorHtml(HttpServletRequest,HttpServletResponse)
2025-10-23T17:05:51.223-05:00 DEBUG 31772 --- [ms-negocio-gestion-alquileres] [    Test worker] _.s.web.servlet.HandlerMapping.Mappings  : 
	o.s.w.a.OpenApiWebMvcResource:
	{GET [/v3/api-docs.yaml], produces [application/vnd.oai.openapi]}: openapiYaml(HttpServletRequest,String,Locale)
	{GET [/v3/api-docs], produces [application/json]}: openapiJson(HttpServletRequest,String,Locale)
2025-10-23T17:05:51.226-05:00 DEBUG 31772 --- [ms-negocio-gestion-alquileres] [    Test worker] _.s.web.servlet.HandlerMapping.Mappings  : 
	o.s.w.u.SwaggerWelcomeWebMvc:
	{GET [/swagger-ui.html]}: redirectToUi(HttpServletRequest)
2025-10-23T17:05:51.229-05:00 DEBUG 31772 --- [ms-negocio-gestion-alquileres] [    Test worker] _.s.web.servlet.HandlerMapping.Mappings  : 
	o.s.w.u.SwaggerConfigResource:
	{GET [/v3/api-docs/swagger-config], produces [application/json]}: openapiJson(HttpServletRequest)
2025-10-23T17:05:51.238-05:00 DEBUG 31772 --- [ms-negocio-gestion-alquileres] [    Test worker] o.s.b.f.s.DefaultListableBeanFactory     : Creating shared instance of singleton bean 'eurekaClient'
2025-10-23T17:05:51.257-05:00 DEBUG 31772 --- [ms-negocio-gestion-alquileres] [    Test worker] o.s.b.f.s.DefaultListableBeanFactory     : Creating shared instance of singleton bean 'eurekaApplicationInfoManager'
2025-10-23T17:05:51.368-05:00 DEBUG 31772 --- [ms-negocio-gestion-alquileres] [    Test worker] o.s.b.f.s.DefaultListableBeanFactory     : Creating shared instance of singleton bean 'eurekaRegistration'
2025-10-23T17:05:51.388-05:00 DEBUG 31772 --- [ms-negocio-gestion-alquileres] [    Test worker] s.w.s.m.m.a.RequestMappingHandlerMapping : 8 mappings in 'requestMappingHandlerMapping'
2025-10-23T17:05:51.391-05:00 DEBUG 31772 --- [ms-negocio-gestion-alquileres] [    Test worker] o.s.b.f.s.DefaultListableBeanFactory     : Creating shared instance of singleton bean 'mvcPatternParser'
2025-10-23T17:05:51.392-05:00 DEBUG 31772 --- [ms-negocio-gestion-alquileres] [    Test worker] o.s.b.f.s.DefaultListableBeanFactory     : Creating shared instance of singleton bean 'mvcUrlPathHelper'
2025-10-23T17:05:51.393-05:00 DEBUG 31772 --- [ms-negocio-gestion-alquileres] [    Test worker] o.s.b.f.s.DefaultListableBeanFactory     : Creating shared instance of singleton bean 'mvcPathMatcher'
2025-10-23T17:05:51.394-05:00 DEBUG 31772 --- [ms-negocio-gestion-alquileres] [    Test worker] o.s.b.f.s.DefaultListableBeanFactory     : Creating shared instance of singleton bean 'viewControllerHandlerMapping'
2025-10-23T17:05:51.395-05:00 DEBUG 31772 --- [ms-negocio-gestion-alquileres] [    Test worker] o.s.b.f.s.DefaultListableBeanFactory     : Autowiring by type from bean name 'viewControllerHandlerMapping' via factory method to bean named 'mvcConversionService'
2025-10-23T17:05:51.395-05:00 DEBUG 31772 --- [ms-negocio-gestion-alquileres] [    Test worker] o.s.b.f.s.DefaultListableBeanFactory     : Autowiring by type from bean name 'viewControllerHandlerMapping' via factory method to bean named 'mvcResourceUrlProvider'
2025-10-23T17:05:51.395-05:00 DEBUG 31772 --- [ms-negocio-gestion-alquileres] [    Test worker] o.s.b.f.s.DefaultListableBeanFactory     : Creating shared instance of singleton bean 'beanNameHandlerMapping'
2025-10-23T17:05:51.396-05:00 DEBUG 31772 --- [ms-negocio-gestion-alquileres] [    Test worker] o.s.b.f.s.DefaultListableBeanFactory     : Autowiring by type from bean name 'beanNameHandlerMapping' via factory method to bean named 'mvcConversionService'
2025-10-23T17:05:51.396-05:00 DEBUG 31772 --- [ms-negocio-gestion-alquileres] [    Test worker] o.s.b.f.s.DefaultListableBeanFactory     : Autowiring by type from bean name 'beanNameHandlerMapping' via factory method to bean named 'mvcResourceUrlProvider'
2025-10-23T17:05:51.398-05:00 DEBUG 31772 --- [ms-negocio-gestion-alquileres] [    Test worker] _.s.web.servlet.HandlerMapping.Mappings  : 'beanNameHandlerMapping' {}
2025-10-23T17:05:51.400-05:00 DEBUG 31772 --- [ms-negocio-gestion-alquileres] [    Test worker] o.s.b.f.s.DefaultListableBeanFactory     : Creating shared instance of singleton bean 'routerFunctionMapping'
2025-10-23T17:05:51.402-05:00 DEBUG 31772 --- [ms-negocio-gestion-alquileres] [    Test worker] o.s.b.f.s.DefaultListableBeanFactory     : Autowiring by type from bean name 'routerFunctionMapping' via factory method to bean named 'mvcConversionService'
2025-10-23T17:05:51.402-05:00 DEBUG 31772 --- [ms-negocio-gestion-alquileres] [    Test worker] o.s.b.f.s.DefaultListableBeanFactory     : Autowiring by type from bean name 'routerFunctionMapping' via factory method to bean named 'mvcResourceUrlProvider'
2025-10-23T17:05:51.404-05:00 DEBUG 31772 --- [ms-negocio-gestion-alquileres] [    Test worker] o.s.b.f.s.DefaultListableBeanFactory     : Creating shared instance of singleton bean 'messageConverters'
2025-10-23T17:05:51.404-05:00 DEBUG 31772 --- [ms-negocio-gestion-alquileres] [    Test worker] o.s.b.f.s.DefaultListableBeanFactory     : Creating shared instance of singleton bean 'org.springframework.boot.autoconfigure.http.HttpMessageConvertersAutoConfiguration'
2025-10-23T17:05:51.407-05:00 DEBUG 31772 --- [ms-negocio-gestion-alquileres] [    Test worker] o.s.b.f.s.DefaultListableBeanFactory     : Creating shared instance of singleton bean 'stringHttpMessageConverter'
2025-10-23T17:05:51.407-05:00 DEBUG 31772 --- [ms-negocio-gestion-alquileres] [    Test worker] o.s.b.f.s.DefaultListableBeanFactory     : Creating shared instance of singleton bean 'org.springframework.boot.autoconfigure.http.HttpMessageConvertersAutoConfiguration$StringHttpMessageConverterConfiguration'
2025-10-23T17:05:51.408-05:00 DEBUG 31772 --- [ms-negocio-gestion-alquileres] [    Test worker] o.s.b.f.s.DefaultListableBeanFactory     : Autowiring by type from bean name 'stringHttpMessageConverter' via factory method to bean named 'environment'
2025-10-23T17:05:51.410-05:00 DEBUG 31772 --- [ms-negocio-gestion-alquileres] [    Test worker] o.s.b.f.s.DefaultListableBeanFactory     : Creating shared instance of singleton bean 'mappingJackson2HttpMessageConverter'
2025-10-23T17:05:51.410-05:00 DEBUG 31772 --- [ms-negocio-gestion-alquileres] [    Test worker] o.s.b.f.s.DefaultListableBeanFactory     : Creating shared instance of singleton bean 'org.springframework.boot.autoconfigure.http.JacksonHttpMessageConvertersConfiguration$MappingJackson2HttpMessageConverterConfiguration'
2025-10-23T17:05:51.410-05:00 DEBUG 31772 --- [ms-negocio-gestion-alquileres] [    Test worker] o.s.b.f.s.DefaultListableBeanFactory     : Creating shared instance of singleton bean 'jacksonObjectMapper'
2025-10-23T17:05:51.410-05:00 DEBUG 31772 --- [ms-negocio-gestion-alquileres] [    Test worker] o.s.b.f.s.DefaultListableBeanFactory     : Creating shared instance of singleton bean 'org.springframework.boot.autoconfigure.jackson.JacksonAutoConfiguration$JacksonObjectMapperConfiguration'
2025-10-23T17:05:51.413-05:00 DEBUG 31772 --- [ms-negocio-gestion-alquileres] [    Test worker] o.s.b.f.s.DefaultListableBeanFactory     : Creating shared instance of singleton bean 'org.springframework.boot.autoconfigure.jackson.JacksonAutoConfiguration$JacksonObjectMapperBuilderConfiguration'
2025-10-23T17:05:51.413-05:00 DEBUG 31772 --- [ms-negocio-gestion-alquileres] [    Test worker] o.s.b.f.s.DefaultListableBeanFactory     : Creating shared instance of singleton bean 'standardJacksonObjectMapperBuilderCustomizer'
2025-10-23T17:05:51.413-05:00 DEBUG 31772 --- [ms-negocio-gestion-alquileres] [    Test worker] o.s.b.f.s.DefaultListableBeanFactory     : Creating shared instance of singleton bean 'org.springframework.boot.autoconfigure.jackson.JacksonAutoConfiguration$Jackson2ObjectMapperBuilderCustomizerConfiguration'
2025-10-23T17:05:51.413-05:00 DEBUG 31772 --- [ms-negocio-gestion-alquileres] [    Test worker] o.s.b.f.s.DefaultListableBeanFactory     : Creating shared instance of singleton bean 'spring.jackson-org.springframework.boot.autoconfigure.jackson.JacksonProperties'
2025-10-23T17:05:51.415-05:00 DEBUG 31772 --- [ms-negocio-gestion-alquileres] [    Test worker] o.s.b.f.s.DefaultListableBeanFactory     : Autowiring by type from bean name 'standardJacksonObjectMapperBuilderCustomizer' via factory method to bean named 'spring.jackson-org.springframework.boot.autoconfigure.jackson.JacksonProperties'
2025-10-23T17:05:51.415-05:00 DEBUG 31772 --- [ms-negocio-gestion-alquileres] [    Test worker] o.s.b.f.s.DefaultListableBeanFactory     : Creating shared instance of singleton bean 'parameterNamesModule'
2025-10-23T17:05:51.415-05:00 DEBUG 31772 --- [ms-negocio-gestion-alquileres] [    Test worker] o.s.b.f.s.DefaultListableBeanFactory     : Creating shared instance of singleton bean 'org.springframework.boot.autoconfigure.jackson.JacksonAutoConfiguration$ParameterNamesModuleConfiguration'
2025-10-23T17:05:51.421-05:00 DEBUG 31772 --- [ms-negocio-gestion-alquileres] [    Test worker] o.s.b.f.s.DefaultListableBeanFactory     : Creating shared instance of singleton bean 'jsonMixinModule'
2025-10-23T17:05:51.421-05:00 DEBUG 31772 --- [ms-negocio-gestion-alquileres] [    Test worker] o.s.b.f.s.DefaultListableBeanFactory     : Creating shared instance of singleton bean 'org.springframework.boot.autoconfigure.jackson.JacksonAutoConfiguration$JacksonMixinConfiguration'
2025-10-23T17:05:51.421-05:00 DEBUG 31772 --- [ms-negocio-gestion-alquileres] [    Test worker] o.s.b.f.s.DefaultListableBeanFactory     : Creating shared instance of singleton bean 'jsonMixinModuleEntries'
2025-10-23T17:05:51.421-05:00 DEBUG 31772 --- [ms-negocio-gestion-alquileres] [    Test worker] o.s.b.f.s.DefaultListableBeanFactory     : Autowiring by type from bean name 'jsonMixinModuleEntries' via factory method to bean named 'org.springframework.web.context.support.GenericWebApplicationContext@77bc2e16'
2025-10-23T17:05:51.431-05:00 DEBUG 31772 --- [ms-negocio-gestion-alquileres] [    Test worker] o.s.b.f.s.DefaultListableBeanFactory     : Autowiring by type from bean name 'jsonMixinModule' via factory method to bean named 'org.springframework.web.context.support.GenericWebApplicationContext@77bc2e16'
2025-10-23T17:05:51.431-05:00 DEBUG 31772 --- [ms-negocio-gestion-alquileres] [    Test worker] o.s.b.f.s.DefaultListableBeanFactory     : Autowiring by type from bean name 'jsonMixinModule' via factory method to bean named 'jsonMixinModuleEntries'
2025-10-23T17:05:51.437-05:00 DEBUG 31772 --- [ms-negocio-gestion-alquileres] [    Test worker] o.s.b.f.s.DefaultListableBeanFactory     : Creating shared instance of singleton bean 'jsonComponentModule'
2025-10-23T17:05:51.438-05:00 DEBUG 31772 --- [ms-negocio-gestion-alquileres] [    Test worker] o.s.b.f.s.DefaultListableBeanFactory     : Creating shared instance of singleton bean 'org.springframework.boot.autoconfigure.jackson.JacksonAutoConfiguration'
2025-10-23T17:05:51.441-05:00 DEBUG 31772 --- [ms-negocio-gestion-alquileres] [    Test worker] o.s.b.f.s.DefaultListableBeanFactory     : Creating shared instance of singleton bean 'jacksonGeoModule'
2025-10-23T17:05:51.441-05:00 DEBUG 31772 --- [ms-negocio-gestion-alquileres] [    Test worker] o.s.b.f.s.DefaultListableBeanFactory     : Creating shared instance of singleton bean 'org.springframework.data.web.config.SpringDataJacksonConfiguration'
2025-10-23T17:05:51.444-05:00 DEBUG 31772 --- [ms-negocio-gestion-alquileres] [    Test worker] o.s.b.f.s.DefaultListableBeanFactory     : Creating shared instance of singleton bean 'springDataWebSettings'
2025-10-23T17:05:51.444-05:00 DEBUG 31772 --- [ms-negocio-gestion-alquileres] [    Test worker] o.s.b.f.s.DefaultListableBeanFactory     : Creating shared instance of singleton bean 'org.springframework.boot.autoconfigure.data.web.SpringDataWebAutoConfiguration'
2025-10-23T17:05:51.444-05:00 DEBUG 31772 --- [ms-negocio-gestion-alquileres] [    Test worker] o.s.b.f.s.DefaultListableBeanFactory     : Creating shared instance of singleton bean 'spring.data.web-org.springframework.boot.autoconfigure.data.web.SpringDataWebProperties'
2025-10-23T17:05:51.444-05:00 DEBUG 31772 --- [ms-negocio-gestion-alquileres] [    Test worker] o.s.b.f.s.DefaultListableBeanFactory     : Autowiring by type from bean name 'org.springframework.boot.autoconfigure.data.web.SpringDataWebAutoConfiguration' via constructor to bean named 'spring.data.web-org.springframework.boot.autoconfigure.data.web.SpringDataWebProperties'
2025-10-23T17:05:51.454-05:00 DEBUG 31772 --- [ms-negocio-gestion-alquileres] [    Test worker] o.s.b.f.s.DefaultListableBeanFactory     : Creating shared instance of singleton bean 'pageModule'
2025-10-23T17:05:51.462-05:00 DEBUG 31772 --- [ms-negocio-gestion-alquileres] [    Test worker] o.s.b.f.s.DefaultListableBeanFactory     : Autowiring by type from bean name 'jacksonObjectMapperBuilder' via factory method to bean named 'org.springframework.web.context.support.GenericWebApplicationContext@77bc2e16'
2025-10-23T17:05:51.462-05:00 DEBUG 31772 --- [ms-negocio-gestion-alquileres] [    Test worker] o.s.b.f.s.DefaultListableBeanFactory     : Autowiring by type from bean name 'jacksonObjectMapperBuilder' via factory method to bean named 'standardJacksonObjectMapperBuilderCustomizer'
2025-10-23T17:05:51.462-05:00 DEBUG 31772 --- [ms-negocio-gestion-alquileres] [    Test worker] o.s.b.f.s.DefaultListableBeanFactory     : Autowiring by type from bean name 'jacksonObjectMapper' via factory method to bean named 'jacksonObjectMapperBuilder'
2025-10-23T17:05:51.473-05:00 DEBUG 31772 --- [ms-negocio-gestion-alquileres] [    Test worker] o.s.b.f.s.DefaultListableBeanFactory     : Autowiring by type from bean name 'mappingJackson2HttpMessageConverter' via factory method to bean named 'jacksonObjectMapper'
2025-10-23T17:05:51.508-05:00 DEBUG 31772 --- [ms-negocio-gestion-alquileres] [    Test worker] o.s.b.f.s.DefaultListableBeanFactory     : Creating shared instance of singleton bean 'resourceHandlerMapping'
2025-10-23T17:05:51.508-05:00 DEBUG 31772 --- [ms-negocio-gestion-alquileres] [    Test worker] o.s.b.f.s.DefaultListableBeanFactory     : Autowiring by type from bean name 'resourceHandlerMapping' via factory method to bean named 'mvcContentNegotiationManager'
2025-10-23T17:05:51.509-05:00 DEBUG 31772 --- [ms-negocio-gestion-alquileres] [    Test worker] o.s.b.f.s.DefaultListableBeanFactory     : Autowiring by type from bean name 'resourceHandlerMapping' via factory method to bean named 'mvcConversionService'
2025-10-23T17:05:51.509-05:00 DEBUG 31772 --- [ms-negocio-gestion-alquileres] [    Test worker] o.s.b.f.s.DefaultListableBeanFactory     : Autowiring by type from bean name 'resourceHandlerMapping' via factory method to bean named 'mvcResourceUrlProvider'
2025-10-23T17:05:51.545-05:00 DEBUG 31772 --- [ms-negocio-gestion-alquileres] [    Test worker] _.s.web.servlet.HandlerMapping.Mappings  : 'resourceHandlerMapping' {/webjars/**=ResourceHttpRequestHandler [classpath [META-INF/resources/webjars/]], /**=ResourceHttpRequestHandler [classpath [META-INF/resources/], classpath [resources/], classpath [static/], classpath [public/], ServletContext [/]], /swagger-ui*/*swagger-initializer.js=ResourceHttpRequestHandler [classpath [META-INF/resources/webjars/]], /swagger-ui*/**=ResourceHttpRequestHandler [classpath [META-INF/resources/webjars/]]}
2025-10-23T17:05:51.547-05:00 DEBUG 31772 --- [ms-negocio-gestion-alquileres] [    Test worker] o.s.b.f.s.DefaultListableBeanFactory     : Creating shared instance of singleton bean 'defaultServletHandlerMapping'
2025-10-23T17:05:51.547-05:00 DEBUG 31772 --- [ms-negocio-gestion-alquileres] [    Test worker] o.s.b.f.s.DefaultListableBeanFactory     : Creating shared instance of singleton bean 'requestMappingHandlerAdapter'
2025-10-23T17:05:51.547-05:00 DEBUG 31772 --- [ms-negocio-gestion-alquileres] [    Test worker] o.s.b.f.s.DefaultListableBeanFactory     : Autowiring by type from bean name 'requestMappingHandlerAdapter' via factory method to bean named 'mvcContentNegotiationManager'
2025-10-23T17:05:51.547-05:00 DEBUG 31772 --- [ms-negocio-gestion-alquileres] [    Test worker] o.s.b.f.s.DefaultListableBeanFactory     : Autowiring by type from bean name 'requestMappingHandlerAdapter' via factory method to bean named 'mvcConversionService'
2025-10-23T17:05:51.547-05:00 DEBUG 31772 --- [ms-negocio-gestion-alquileres] [    Test worker] o.s.b.f.s.DefaultListableBeanFactory     : Autowiring by type from bean name 'requestMappingHandlerAdapter' via factory method to bean named 'mvcValidator'
2025-10-23T17:05:51.564-05:00 DEBUG 31772 --- [ms-negocio-gestion-alquileres] [    Test worker] o.s.b.f.s.DefaultListableBeanFactory     : Creating shared instance of singleton bean 'sortResolver'
2025-10-23T17:05:51.570-05:00 DEBUG 31772 --- [ms-negocio-gestion-alquileres] [    Test worker] o.s.b.f.s.DefaultListableBeanFactory     : Creating shared instance of singleton bean 'sortCustomizer'
2025-10-23T17:05:51.576-05:00 DEBUG 31772 --- [ms-negocio-gestion-alquileres] [    Test worker] o.s.b.f.s.DefaultListableBeanFactory     : Creating shared instance of singleton bean 'pageableResolver'
2025-10-23T17:05:51.580-05:00 DEBUG 31772 --- [ms-negocio-gestion-alquileres] [    Test worker] o.s.b.f.s.DefaultListableBeanFactory     : Creating shared instance of singleton bean 'pageableCustomizer'
2025-10-23T17:05:51.603-05:00 DEBUG 31772 --- [ms-negocio-gestion-alquileres] [    Test worker] s.w.s.m.m.a.RequestMappingHandlerAdapter : ControllerAdvice beans: 0 @ModelAttribute, 0 @InitBinder, 1 RequestBodyAdvice, 1 ResponseBodyAdvice
2025-10-23T17:05:51.648-05:00 DEBUG 31772 --- [ms-negocio-gestion-alquileres] [    Test worker] o.s.b.f.s.DefaultListableBeanFactory     : Creating shared instance of singleton bean 'mvcViewResolver'
2025-10-23T17:05:51.648-05:00 DEBUG 31772 --- [ms-negocio-gestion-alquileres] [    Test worker] o.s.b.f.s.DefaultListableBeanFactory     : Autowiring by type from bean name 'mvcViewResolver' via factory method to bean named 'mvcContentNegotiationManager'
2025-10-23T17:05:51.651-05:00 DEBUG 31772 --- [ms-negocio-gestion-alquileres] [    Test worker] o.s.b.f.s.DefaultListableBeanFactory     : Creating shared instance of singleton bean 'defaultViewResolver'
2025-10-23T17:05:51.658-05:00 DEBUG 31772 --- [ms-negocio-gestion-alquileres] [    Test worker] o.s.b.f.s.DefaultListableBeanFactory     : Creating shared instance of singleton bean 'viewResolver'
2025-10-23T17:05:51.658-05:00 DEBUG 31772 --- [ms-negocio-gestion-alquileres] [    Test worker] o.s.b.f.s.DefaultListableBeanFactory     : Autowiring by type from bean name 'viewResolver' via factory method to bean named 'org.springframework.beans.factory.support.DefaultListableBeanFactory@5b47731f'
2025-10-23T17:05:51.658-05:00 DEBUG 31772 --- [ms-negocio-gestion-alquileres] [    Test worker] o.s.b.f.s.DefaultListableBeanFactory     : Creating shared instance of singleton bean 'viewResolver'
2025-10-23T17:05:51.678-05:00 DEBUG 31772 --- [ms-negocio-gestion-alquileres] [    Test worker] o.s.b.f.s.DefaultListableBeanFactory     : Creating shared instance of singleton bean 'handlerFunctionAdapter'
2025-10-23T17:05:51.678-05:00 DEBUG 31772 --- [ms-negocio-gestion-alquileres] [    Test worker] o.s.b.f.s.DefaultListableBeanFactory     : Creating shared instance of singleton bean 'mvcUriComponentsContributor'
2025-10-23T17:05:51.678-05:00 DEBUG 31772 --- [ms-negocio-gestion-alquileres] [    Test worker] o.s.b.f.s.DefaultListableBeanFactory     : Autowiring by type from bean name 'mvcUriComponentsContributor' via factory method to bean named 'mvcConversionService'
2025-10-23T17:05:51.678-05:00 DEBUG 31772 --- [ms-negocio-gestion-alquileres] [    Test worker] o.s.b.f.s.DefaultListableBeanFactory     : Autowiring by type from bean name 'mvcUriComponentsContributor' via factory method to bean named 'requestMappingHandlerAdapter'
2025-10-23T17:05:51.678-05:00 DEBUG 31772 --- [ms-negocio-gestion-alquileres] [    Test worker] o.s.b.f.s.DefaultListableBeanFactory     : Creating shared instance of singleton bean 'httpRequestHandlerAdapter'
2025-10-23T17:05:51.678-05:00 DEBUG 31772 --- [ms-negocio-gestion-alquileres] [    Test worker] o.s.b.f.s.DefaultListableBeanFactory     : Creating shared instance of singleton bean 'simpleControllerHandlerAdapter'
2025-10-23T17:05:51.678-05:00 DEBUG 31772 --- [ms-negocio-gestion-alquileres] [    Test worker] o.s.b.f.s.DefaultListableBeanFactory     : Creating shared instance of singleton bean 'handlerExceptionResolver'
2025-10-23T17:05:51.678-05:00 DEBUG 31772 --- [ms-negocio-gestion-alquileres] [    Test worker] o.s.b.f.s.DefaultListableBeanFactory     : Autowiring by type from bean name 'handlerExceptionResolver' via factory method to bean named 'mvcContentNegotiationManager'
2025-10-23T17:05:51.688-05:00 DEBUG 31772 --- [ms-negocio-gestion-alquileres] [    Test worker] .m.m.a.ExceptionHandlerExceptionResolver : ControllerAdvice beans: 1 @ExceptionHandler, 1 ResponseBodyAdvice
2025-10-23T17:05:51.691-05:00 DEBUG 31772 --- [ms-negocio-gestion-alquileres] [    Test worker] o.s.b.f.s.DefaultListableBeanFactory     : Creating shared instance of singleton bean 'requestContextFilter'
2025-10-23T17:05:51.693-05:00 DEBUG 31772 --- [ms-negocio-gestion-alquileres] [    Test worker] o.s.b.f.s.DefaultListableBeanFactory     : Creating shared instance of singleton bean 'org.springframework.boot.autoconfigure.web.servlet.WebMvcAutoConfiguration'
2025-10-23T17:05:51.693-05:00 DEBUG 31772 --- [ms-negocio-gestion-alquileres] [    Test worker] o.s.b.f.s.DefaultListableBeanFactory     : Creating shared instance of singleton bean 'formContentFilter'
2025-10-23T17:05:51.695-05:00 DEBUG 31772 --- [ms-negocio-gestion-alquileres] [    Test worker] o.s.b.f.s.DefaultListableBeanFactory     : Creating shared instance of singleton bean 'org.springframework.boot.actuate.autoconfigure.endpoint.EndpointAutoConfiguration'
2025-10-23T17:05:51.695-05:00 DEBUG 31772 --- [ms-negocio-gestion-alquileres] [    Test worker] o.s.b.f.s.DefaultListableBeanFactory     : Creating shared instance of singleton bean 'endpointOperationParameterMapper'
2025-10-23T17:05:51.699-05:00 DEBUG 31772 --- [ms-negocio-gestion-alquileres] [    Test worker] o.s.b.f.s.DefaultListableBeanFactory     : Creating shared instance of singleton bean 'endpointCachingOperationInvokerAdvisor'
2025-10-23T17:05:51.700-05:00 DEBUG 31772 --- [ms-negocio-gestion-alquileres] [    Test worker] o.s.b.f.s.DefaultListableBeanFactory     : Autowiring by type from bean name 'endpointCachingOperationInvokerAdvisor' via factory method to bean named 'environment'
2025-10-23T17:05:51.702-05:00 DEBUG 31772 --- [ms-negocio-gestion-alquileres] [    Test worker] o.s.b.f.s.DefaultListableBeanFactory     : Creating shared instance of singleton bean 'propertiesEndpointAccessResolver'
2025-10-23T17:05:51.702-05:00 DEBUG 31772 --- [ms-negocio-gestion-alquileres] [    Test worker] o.s.b.f.s.DefaultListableBeanFactory     : Autowiring by type from bean name 'propertiesEndpointAccessResolver' via factory method to bean named 'environment'
2025-10-23T17:05:51.702-05:00 DEBUG 31772 --- [ms-negocio-gestion-alquileres] [    Test worker] o.s.b.f.s.DefaultListableBeanFactory     : Creating shared instance of singleton bean 'org.springframework.boot.actuate.autoconfigure.endpoint.web.WebEndpointAutoConfiguration$WebEndpointServletConfiguration'
2025-10-23T17:05:51.702-05:00 DEBUG 31772 --- [ms-negocio-gestion-alquileres] [    Test worker] o.s.b.f.s.DefaultListableBeanFactory     : Creating shared instance of singleton bean 'servletEndpointDiscoverer'
2025-10-23T17:05:51.702-05:00 DEBUG 31772 --- [ms-negocio-gestion-alquileres] [    Test worker] o.s.b.f.s.DefaultListableBeanFactory     : Autowiring by type from bean name 'servletEndpointDiscoverer' via factory method to bean named 'org.springframework.web.context.support.GenericWebApplicationContext@77bc2e16'
2025-10-23T17:05:51.706-05:00 DEBUG 31772 --- [ms-negocio-gestion-alquileres] [    Test worker] o.s.b.f.s.DefaultListableBeanFactory     : Creating shared instance of singleton bean 'webEndpointPathMapper'
2025-10-23T17:05:51.706-05:00 DEBUG 31772 --- [ms-negocio-gestion-alquileres] [    Test worker] o.s.b.f.s.DefaultListableBeanFactory     : Creating shared instance of singleton bean 'org.springframework.boot.actuate.autoconfigure.endpoint.web.WebEndpointAutoConfiguration'
2025-10-23T17:05:51.707-05:00 DEBUG 31772 --- [ms-negocio-gestion-alquileres] [    Test worker] o.s.b.f.s.DefaultListableBeanFactory     : Creating shared instance of singleton bean 'management.endpoints.web-org.springframework.boot.actuate.autoconfigure.endpoint.web.WebEndpointProperties'
2025-10-23T17:05:51.709-05:00 DEBUG 31772 --- [ms-negocio-gestion-alquileres] [    Test worker] o.s.b.f.s.DefaultListableBeanFactory     : Autowiring by type from bean name 'org.springframework.boot.actuate.autoconfigure.endpoint.web.WebEndpointAutoConfiguration' via constructor to bean named 'org.springframework.web.context.support.GenericWebApplicationContext@77bc2e16'
2025-10-23T17:05:51.709-05:00 DEBUG 31772 --- [ms-negocio-gestion-alquileres] [    Test worker] o.s.b.f.s.DefaultListableBeanFactory     : Autowiring by type from bean name 'org.springframework.boot.actuate.autoconfigure.endpoint.web.WebEndpointAutoConfiguration' via constructor to bean named 'management.endpoints.web-org.springframework.boot.actuate.autoconfigure.endpoint.web.WebEndpointProperties'
2025-10-23T17:05:51.713-05:00 DEBUG 31772 --- [ms-negocio-gestion-alquileres] [    Test worker] o.s.b.f.s.DefaultListableBeanFactory     : Creating shared instance of singleton bean 'servletExposeExcludePropertyEndpointFilter'
2025-10-23T17:05:51.713-05:00 DEBUG 31772 --- [ms-negocio-gestion-alquileres] [    Test worker] o.s.b.f.s.DefaultListableBeanFactory     : Creating shared instance of singleton bean 'org.springframework.boot.actuate.autoconfigure.endpoint.web.ServletEndpointManagementContextConfiguration'
2025-10-23T17:05:51.714-05:00 DEBUG 31772 --- [ms-negocio-gestion-alquileres] [    Test worker] o.s.b.f.s.DefaultListableBeanFactory     : Autowiring by type from bean name 'servletExposeExcludePropertyEndpointFilter' via factory method to bean named 'management.endpoints.web-org.springframework.boot.actuate.autoconfigure.endpoint.web.WebEndpointProperties'
2025-10-23T17:05:51.719-05:00 DEBUG 31772 --- [ms-negocio-gestion-alquileres] [    Test worker] o.s.b.f.s.DefaultListableBeanFactory     : Creating shared instance of singleton bean 'endpointMediaTypes'
2025-10-23T17:05:51.720-05:00 DEBUG 31772 --- [ms-negocio-gestion-alquileres] [    Test worker] o.s.b.f.s.DefaultListableBeanFactory     : Creating shared instance of singleton bean 'webEndpointDiscoverer'
2025-10-23T17:05:51.722-05:00 DEBUG 31772 --- [ms-negocio-gestion-alquileres] [    Test worker] o.s.b.f.s.DefaultListableBeanFactory     : Autowiring by type from bean name 'webEndpointDiscoverer' via factory method to bean named 'endpointOperationParameterMapper'
2025-10-23T17:05:51.722-05:00 DEBUG 31772 --- [ms-negocio-gestion-alquileres] [    Test worker] o.s.b.f.s.DefaultListableBeanFactory     : Autowiring by type from bean name 'webEndpointDiscoverer' via factory method to bean named 'endpointMediaTypes'
2025-10-23T17:05:51.724-05:00 DEBUG 31772 --- [ms-negocio-gestion-alquileres] [    Test worker] o.s.b.f.s.DefaultListableBeanFactory     : Creating shared instance of singleton bean 'healthEndpointGroups'
2025-10-23T17:05:51.724-05:00 DEBUG 31772 --- [ms-negocio-gestion-alquileres] [    Test worker] o.s.b.f.s.DefaultListableBeanFactory     : Creating shared instance of singleton bean 'org.springframework.boot.actuate.autoconfigure.health.HealthEndpointConfiguration'
2025-10-23T17:05:51.725-05:00 DEBUG 31772 --- [ms-negocio-gestion-alquileres] [    Test worker] o.s.b.f.s.DefaultListableBeanFactory     : Creating shared instance of singleton bean 'management.endpoint.health-org.springframework.boot.actuate.autoconfigure.health.HealthEndpointProperties'
2025-10-23T17:05:51.727-05:00 DEBUG 31772 --- [ms-negocio-gestion-alquileres] [    Test worker] o.s.b.f.s.DefaultListableBeanFactory     : Autowiring by type from bean name 'healthEndpointGroups' via factory method to bean named 'org.springframework.web.context.support.GenericWebApplicationContext@77bc2e16'
2025-10-23T17:05:51.727-05:00 DEBUG 31772 --- [ms-negocio-gestion-alquileres] [    Test worker] o.s.b.f.s.DefaultListableBeanFactory     : Autowiring by type from bean name 'healthEndpointGroups' via factory method to bean named 'management.endpoint.health-org.springframework.boot.actuate.autoconfigure.health.HealthEndpointProperties'
2025-10-23T17:05:51.729-05:00 DEBUG 31772 --- [ms-negocio-gestion-alquileres] [    Test worker] o.s.b.f.s.DefaultListableBeanFactory     : Creating shared instance of singleton bean 'healthStatusAggregator'
2025-10-23T17:05:51.730-05:00 DEBUG 31772 --- [ms-negocio-gestion-alquileres] [    Test worker] o.s.b.f.s.DefaultListableBeanFactory     : Autowiring by type from bean name 'healthStatusAggregator' via factory method to bean named 'management.endpoint.health-org.springframework.boot.actuate.autoconfigure.health.HealthEndpointProperties'
2025-10-23T17:05:51.732-05:00 DEBUG 31772 --- [ms-negocio-gestion-alquileres] [    Test worker] o.s.b.f.s.DefaultListableBeanFactory     : Creating shared instance of singleton bean 'healthHttpCodeStatusMapper'
2025-10-23T17:05:51.733-05:00 DEBUG 31772 --- [ms-negocio-gestion-alquileres] [    Test worker] o.s.b.f.s.DefaultListableBeanFactory     : Autowiring by type from bean name 'healthHttpCodeStatusMapper' via factory method to bean named 'management.endpoint.health-org.springframework.boot.actuate.autoconfigure.health.HealthEndpointProperties'
2025-10-23T17:05:51.736-05:00 DEBUG 31772 --- [ms-negocio-gestion-alquileres] [    Test worker] o.s.b.f.s.DefaultListableBeanFactory     : Creating shared instance of singleton bean 'availabilityProbesHealthEndpointGroupsPostProcessor'
2025-10-23T17:05:51.737-05:00 DEBUG 31772 --- [ms-negocio-gestion-alquileres] [    Test worker] o.s.b.f.s.DefaultListableBeanFactory     : Creating shared instance of singleton bean 'org.springframework.boot.actuate.autoconfigure.availability.AvailabilityProbesAutoConfiguration'
2025-10-23T17:05:51.738-05:00 DEBUG 31772 --- [ms-negocio-gestion-alquileres] [    Test worker] o.s.b.f.s.DefaultListableBeanFactory     : Autowiring by type from bean name 'availabilityProbesHealthEndpointGroupsPostProcessor' via factory method to bean named 'environment'
2025-10-23T17:05:51.741-05:00 DEBUG 31772 --- [ms-negocio-gestion-alquileres] [    Test worker] o.s.b.f.s.DefaultListableBeanFactory     : Creating shared instance of singleton bean 'webExposeExcludePropertyEndpointFilter'
2025-10-23T17:05:51.742-05:00 DEBUG 31772 --- [ms-negocio-gestion-alquileres] [    Test worker] o.s.b.f.s.DefaultListableBeanFactory     : Creating shared instance of singleton bean 'webAccessPropertiesOperationFilter'
2025-10-23T17:05:51.742-05:00 DEBUG 31772 --- [ms-negocio-gestion-alquileres] [    Test worker] o.s.b.f.s.DefaultListableBeanFactory     : Autowiring by type from bean name 'webAccessPropertiesOperationFilter' via factory method to bean named 'propertiesEndpointAccessResolver'
2025-10-23T17:05:51.745-05:00 DEBUG 31772 --- [ms-negocio-gestion-alquileres] [    Test worker] o.s.b.f.s.DefaultListableBeanFactory     : Creating shared instance of singleton bean 'controllerEndpointDiscoverer'
2025-10-23T17:05:51.746-05:00 DEBUG 31772 --- [ms-negocio-gestion-alquileres] [    Test worker] o.s.b.f.s.DefaultListableBeanFactory     : Creating shared instance of singleton bean 'controllerExposeExcludePropertyEndpointFilter'
2025-10-23T17:05:51.747-05:00 DEBUG 31772 --- [ms-negocio-gestion-alquileres] [    Test worker] o.s.b.f.s.DefaultListableBeanFactory     : Creating shared instance of singleton bean 'pathMappedEndpoints'
2025-10-23T17:05:51.748-05:00 DEBUG 31772 --- [ms-negocio-gestion-alquileres] [    Test worker] o.s.b.f.s.DefaultListableBeanFactory     : Autowiring by type from bean name 'pathMappedEndpoints' via factory method to bean named 'servletEndpointDiscoverer'
2025-10-23T17:05:51.748-05:00 DEBUG 31772 --- [ms-negocio-gestion-alquileres] [    Test worker] o.s.b.f.s.DefaultListableBeanFactory     : Autowiring by type from bean name 'pathMappedEndpoints' via factory method to bean named 'webEndpointDiscoverer'
2025-10-23T17:05:51.748-05:00 DEBUG 31772 --- [ms-negocio-gestion-alquileres] [    Test worker] o.s.b.f.s.DefaultListableBeanFactory     : Autowiring by type from bean name 'pathMappedEndpoints' via factory method to bean named 'controllerEndpointDiscoverer'
2025-10-23T17:05:51.764-05:00 DEBUG 31772 --- [ms-negocio-gestion-alquileres] [    Test worker] o.s.b.f.s.DefaultListableBeanFactory     : Creating shared instance of singleton bean 'cachesEndpoint'
2025-10-23T17:05:51.764-05:00 DEBUG 31772 --- [ms-negocio-gestion-alquileres] [    Test worker] o.s.b.f.s.DefaultListableBeanFactory     : Creating shared instance of singleton bean 'org.springframework.boot.actuate.autoconfigure.cache.CachesEndpointAutoConfiguration'
2025-10-23T17:05:51.766-05:00 DEBUG 31772 --- [ms-negocio-gestion-alquileres] [    Test worker] o.s.b.f.s.DefaultListableBeanFactory     : Autowiring by type from bean name 'cachesEndpoint' via factory method to bean named 'org.springframework.beans.factory.support.DefaultListableBeanFactory@5b47731f'
2025-10-23T17:05:51.775-05:00 DEBUG 31772 --- [ms-negocio-gestion-alquileres] [    Test worker] o.s.b.f.s.DefaultListableBeanFactory     : Creating shared instance of singleton bean 'healthEndpoint'
2025-10-23T17:05:51.776-05:00 DEBUG 31772 --- [ms-negocio-gestion-alquileres] [    Test worker] o.s.b.f.s.DefaultListableBeanFactory     : Creating shared instance of singleton bean 'healthContributorRegistry'
2025-10-23T17:05:51.777-05:00 DEBUG 31772 --- [ms-negocio-gestion-alquileres] [    Test worker] o.s.b.f.s.DefaultListableBeanFactory     : Creating shared instance of singleton bean 'livenessStateHealthIndicator'
2025-10-23T17:05:51.777-05:00 DEBUG 31772 --- [ms-negocio-gestion-alquileres] [    Test worker] o.s.b.f.s.DefaultListableBeanFactory     : Creating shared instance of singleton bean 'org.springframework.boot.actuate.autoconfigure.availability.AvailabilityHealthContributorAutoConfiguration'
2025-10-23T17:05:51.777-05:00 DEBUG 31772 --- [ms-negocio-gestion-alquileres] [    Test worker] o.s.b.f.s.DefaultListableBeanFactory     : Creating shared instance of singleton bean 'applicationAvailability'
2025-10-23T17:05:51.777-05:00 DEBUG 31772 --- [ms-negocio-gestion-alquileres] [    Test worker] o.s.b.f.s.DefaultListableBeanFactory     : Creating shared instance of singleton bean 'org.springframework.boot.autoconfigure.availability.ApplicationAvailabilityAutoConfiguration'
2025-10-23T17:05:51.779-05:00 DEBUG 31772 --- [ms-negocio-gestion-alquileres] [    Test worker] o.s.b.f.s.DefaultListableBeanFactory     : Autowiring by type from bean name 'livenessStateHealthIndicator' via factory method to bean named 'applicationAvailability'
2025-10-23T17:05:51.782-05:00 DEBUG 31772 --- [ms-negocio-gestion-alquileres] [    Test worker] o.s.b.f.s.DefaultListableBeanFactory     : Creating shared instance of singleton bean 'readinessStateHealthIndicator'
2025-10-23T17:05:51.782-05:00 DEBUG 31772 --- [ms-negocio-gestion-alquileres] [    Test worker] o.s.b.f.s.DefaultListableBeanFactory     : Autowiring by type from bean name 'readinessStateHealthIndicator' via factory method to bean named 'applicationAvailability'
2025-10-23T17:05:51.783-05:00 DEBUG 31772 --- [ms-negocio-gestion-alquileres] [    Test worker] o.s.b.f.s.DefaultListableBeanFactory     : Creating shared instance of singleton bean 'sslHealthIndicator'
2025-10-23T17:05:51.783-05:00 DEBUG 31772 --- [ms-negocio-gestion-alquileres] [    Test worker] o.s.b.f.s.DefaultListableBeanFactory     : Creating shared instance of singleton bean 'org.springframework.boot.actuate.autoconfigure.ssl.SslHealthContributorAutoConfiguration'
2025-10-23T17:05:51.784-05:00 DEBUG 31772 --- [ms-negocio-gestion-alquileres] [    Test worker] o.s.b.f.s.DefaultListableBeanFactory     : Creating shared instance of singleton bean 'sslInfo'
2025-10-23T17:05:51.784-05:00 DEBUG 31772 --- [ms-negocio-gestion-alquileres] [    Test worker] o.s.b.f.s.DefaultListableBeanFactory     : Creating shared instance of singleton bean 'management.health.ssl-org.springframework.boot.actuate.autoconfigure.ssl.SslHealthIndicatorProperties'
2025-10-23T17:05:51.785-05:00 DEBUG 31772 --- [ms-negocio-gestion-alquileres] [    Test worker] o.s.b.f.s.DefaultListableBeanFactory     : Autowiring by type from bean name 'sslInfo' via factory method to bean named 'sslBundleRegistry'
2025-10-23T17:05:51.785-05:00 DEBUG 31772 --- [ms-negocio-gestion-alquileres] [    Test worker] o.s.b.f.s.DefaultListableBeanFactory     : Autowiring by type from bean name 'sslInfo' via factory method to bean named 'management.health.ssl-org.springframework.boot.actuate.autoconfigure.ssl.SslHealthIndicatorProperties'
2025-10-23T17:05:51.786-05:00 DEBUG 31772 --- [ms-negocio-gestion-alquileres] [    Test worker] o.s.b.f.s.DefaultListableBeanFactory     : Autowiring by type from bean name 'sslHealthIndicator' via factory method to bean named 'sslInfo'
2025-10-23T17:05:51.787-05:00 DEBUG 31772 --- [ms-negocio-gestion-alquileres] [    Test worker] o.s.b.f.s.DefaultListableBeanFactory     : Creating shared instance of singleton bean 'diskSpaceHealthIndicator'
2025-10-23T17:05:51.787-05:00 DEBUG 31772 --- [ms-negocio-gestion-alquileres] [    Test worker] o.s.b.f.s.DefaultListableBeanFactory     : Creating shared instance of singleton bean 'org.springframework.boot.actuate.autoconfigure.system.DiskSpaceHealthContributorAutoConfiguration'
2025-10-23T17:05:51.787-05:00 DEBUG 31772 --- [ms-negocio-gestion-alquileres] [    Test worker] o.s.b.f.s.DefaultListableBeanFactory     : Creating shared instance of singleton bean 'management.health.diskspace-org.springframework.boot.actuate.autoconfigure.system.DiskSpaceHealthIndicatorProperties'
2025-10-23T17:05:51.787-05:00 DEBUG 31772 --- [ms-negocio-gestion-alquileres] [    Test worker] o.s.b.f.s.DefaultListableBeanFactory     : Autowiring by type from bean name 'diskSpaceHealthIndicator' via factory method to bean named 'management.health.diskspace-org.springframework.boot.actuate.autoconfigure.system.DiskSpaceHealthIndicatorProperties'
2025-10-23T17:05:51.787-05:00 DEBUG 31772 --- [ms-negocio-gestion-alquileres] [    Test worker] o.s.b.f.s.DefaultListableBeanFactory     : Creating shared instance of singleton bean 'pingHealthContributor'
2025-10-23T17:05:51.787-05:00 DEBUG 31772 --- [ms-negocio-gestion-alquileres] [    Test worker] o.s.b.f.s.DefaultListableBeanFactory     : Creating shared instance of singleton bean 'org.springframework.boot.actuate.autoconfigure.health.HealthContributorAutoConfiguration'
2025-10-23T17:05:51.787-05:00 DEBUG 31772 --- [ms-negocio-gestion-alquileres] [    Test worker] o.s.b.f.s.DefaultListableBeanFactory     : Creating shared instance of singleton bean 'dbHealthContributor'
2025-10-23T17:05:51.787-05:00 DEBUG 31772 --- [ms-negocio-gestion-alquileres] [    Test worker] o.s.b.f.s.DefaultListableBeanFactory     : Creating shared instance of singleton bean 'org.springframework.boot.actuate.autoconfigure.jdbc.DataSourceHealthContributorAutoConfiguration'
2025-10-23T17:05:51.792-05:00 DEBUG 31772 --- [ms-negocio-gestion-alquileres] [    Test worker] o.s.b.f.s.DefaultListableBeanFactory     : Creating shared instance of singleton bean 'management.health.db-org.springframework.boot.actuate.autoconfigure.jdbc.DataSourceHealthIndicatorProperties'
2025-10-23T17:05:51.792-05:00 DEBUG 31772 --- [ms-negocio-gestion-alquileres] [    Test worker] o.s.b.f.s.DefaultListableBeanFactory     : Autowiring by type from bean name 'dbHealthContributor' via factory method to bean named 'org.springframework.beans.factory.support.DefaultListableBeanFactory@5b47731f'
2025-10-23T17:05:51.792-05:00 DEBUG 31772 --- [ms-negocio-gestion-alquileres] [    Test worker] o.s.b.f.s.DefaultListableBeanFactory     : Autowiring by type from bean name 'dbHealthContributor' via factory method to bean named 'management.health.db-org.springframework.boot.actuate.autoconfigure.jdbc.DataSourceHealthIndicatorProperties'
2025-10-23T17:05:51.802-05:00 DEBUG 31772 --- [ms-negocio-gestion-alquileres] [    Test worker] o.s.b.f.s.DefaultListableBeanFactory     : Creating shared instance of singleton bean 'refreshScopeHealthIndicator'
2025-10-23T17:05:51.802-05:00 DEBUG 31772 --- [ms-negocio-gestion-alquileres] [    Test worker] o.s.b.f.s.DefaultListableBeanFactory     : Creating shared instance of singleton bean 'org.springframework.cloud.autoconfigure.RefreshEndpointAutoConfiguration'
2025-10-23T17:05:51.804-05:00 DEBUG 31772 --- [ms-negocio-gestion-alquileres] [    Test worker] o.s.b.f.s.DefaultListableBeanFactory     : Creating shared instance of singleton bean 'configurationPropertiesRebinder'
2025-10-23T17:05:51.804-05:00 DEBUG 31772 --- [ms-negocio-gestion-alquileres] [    Test worker] o.s.b.f.s.DefaultListableBeanFactory     : Creating shared instance of singleton bean 'org.springframework.cloud.autoconfigure.ConfigurationPropertiesRebinderAutoConfiguration'
2025-10-23T17:05:51.804-05:00 DEBUG 31772 --- [ms-negocio-gestion-alquileres] [    Test worker] o.s.b.f.s.DefaultListableBeanFactory     : Autowiring by type from bean name 'configurationPropertiesRebinder' via factory method to bean named 'configurationPropertiesBeans'
2025-10-23T17:05:51.804-05:00 DEBUG 31772 --- [ms-negocio-gestion-alquileres] [    Test worker] o.s.b.f.s.DefaultListableBeanFactory     : Autowiring by type from bean name 'refreshScopeHealthIndicator' via factory method to bean named 'configurationPropertiesRebinder'
2025-10-23T17:05:51.804-05:00 DEBUG 31772 --- [ms-negocio-gestion-alquileres] [    Test worker] o.s.b.f.s.DefaultListableBeanFactory     : Creating shared instance of singleton bean 'discoveryCompositeHealthContributor'
2025-10-23T17:05:51.804-05:00 DEBUG 31772 --- [ms-negocio-gestion-alquileres] [    Test worker] o.s.b.f.s.DefaultListableBeanFactory     : Creating shared instance of singleton bean 'org.springframework.cloud.client.CommonsClientAutoConfiguration$DiscoveryLoadBalancerConfiguration'
2025-10-23T17:05:51.804-05:00 DEBUG 31772 --- [ms-negocio-gestion-alquileres] [    Test worker] o.s.b.f.s.DefaultListableBeanFactory     : Creating shared instance of singleton bean 'eurekaHealthIndicator'
2025-10-23T17:05:51.804-05:00 DEBUG 31772 --- [ms-negocio-gestion-alquileres] [    Test worker] o.s.b.f.s.DefaultListableBeanFactory     : Creating shared instance of singleton bean 'org.springframework.cloud.netflix.eureka.EurekaClientAutoConfiguration$EurekaHealthIndicatorConfiguration'
2025-10-23T17:05:51.804-05:00 DEBUG 31772 --- [ms-negocio-gestion-alquileres] [    Test worker] o.s.b.f.s.DefaultListableBeanFactory     : Creating shared instance of singleton bean 'eurekaInstanceConfigBean'
2025-10-23T17:05:51.804-05:00 DEBUG 31772 --- [ms-negocio-gestion-alquileres] [    Test worker] o.s.b.f.s.DefaultListableBeanFactory     : Creating shared instance of singleton bean 'org.springframework.cloud.netflix.eureka.EurekaClientAutoConfiguration'
2025-10-23T17:05:51.804-05:00 DEBUG 31772 --- [ms-negocio-gestion-alquileres] [    Test worker] o.s.b.f.s.DefaultListableBeanFactory     : Autowiring by type from bean name 'org.springframework.cloud.netflix.eureka.EurekaClientAutoConfiguration' via constructor to bean named 'environment'
2025-10-23T17:05:51.804-05:00 DEBUG 31772 --- [ms-negocio-gestion-alquileres] [    Test worker] o.s.b.f.s.DefaultListableBeanFactory     : Creating shared instance of singleton bean 'inetUtils'
2025-10-23T17:05:51.804-05:00 DEBUG 31772 --- [ms-negocio-gestion-alquileres] [    Test worker] o.s.b.f.s.DefaultListableBeanFactory     : Creating shared instance of singleton bean 'org.springframework.cloud.commons.util.UtilAutoConfiguration'
2025-10-23T17:05:51.804-05:00 DEBUG 31772 --- [ms-negocio-gestion-alquileres] [    Test worker] o.s.b.f.s.DefaultListableBeanFactory     : Creating shared instance of singleton bean 'inetUtilsProperties'
2025-10-23T17:05:51.813-05:00 DEBUG 31772 --- [ms-negocio-gestion-alquileres] [    Test worker] o.s.b.f.s.DefaultListableBeanFactory     : Autowiring by type from bean name 'inetUtils' via factory method to bean named 'inetUtilsProperties'
2025-10-23T17:05:51.813-05:00 DEBUG 31772 --- [ms-negocio-gestion-alquileres] [    Test worker] o.s.b.f.s.DefaultListableBeanFactory     : Creating shared instance of singleton bean 'serviceManagementMetadataProvider'
2025-10-23T17:05:51.813-05:00 DEBUG 31772 --- [ms-negocio-gestion-alquileres] [    Test worker] o.s.b.f.s.DefaultListableBeanFactory     : Autowiring by type from bean name 'eurekaInstanceConfigBean' via factory method to bean named 'inetUtils'
2025-10-23T17:05:51.813-05:00 DEBUG 31772 --- [ms-negocio-gestion-alquileres] [    Test worker] o.s.b.f.s.DefaultListableBeanFactory     : Autowiring by type from bean name 'eurekaInstanceConfigBean' via factory method to bean named 'serviceManagementMetadataProvider'
2025-10-23T17:05:51.833-05:00 DEBUG 31772 --- [ms-negocio-gestion-alquileres] [    Test worker] .n.e.m.DefaultManagementMetadataProvider : Constructed eureka meta-data healthcheckUrl: http://localhost:8083/actuator/health
2025-10-23T17:05:51.833-05:00 DEBUG 31772 --- [ms-negocio-gestion-alquileres] [    Test worker] .n.e.m.DefaultManagementMetadataProvider : Constructed eureka meta-data statusPageUrl: http://localhost:8083/actuator/info
2025-10-23T17:05:51.843-05:00 DEBUG 31772 --- [ms-negocio-gestion-alquileres] [    Test worker] o.s.b.f.s.DefaultListableBeanFactory     : Creating shared instance of singleton bean 'eurekaClientConfigBean'
2025-10-23T17:05:51.843-05:00 DEBUG 31772 --- [ms-negocio-gestion-alquileres] [    Test worker] o.s.b.f.s.DefaultListableBeanFactory     : Autowiring by type from bean name 'eurekaClientConfigBean' via factory method to bean named 'environment'
2025-10-23T17:05:51.858-05:00 DEBUG 31772 --- [ms-negocio-gestion-alquileres] [    Test worker] o.s.b.f.s.DefaultListableBeanFactory     : Autowiring by type from bean name 'eurekaHealthIndicator' via factory method to bean named 'eurekaClient'
2025-10-23T17:05:51.858-05:00 DEBUG 31772 --- [ms-negocio-gestion-alquileres] [    Test worker] o.s.b.f.s.DefaultListableBeanFactory     : Autowiring by type from bean name 'eurekaHealthIndicator' via factory method to bean named 'eurekaInstanceConfigBean'
2025-10-23T17:05:51.858-05:00 DEBUG 31772 --- [ms-negocio-gestion-alquileres] [    Test worker] o.s.b.f.s.DefaultListableBeanFactory     : Autowiring by type from bean name 'eurekaHealthIndicator' via factory method to bean named 'eurekaClientConfigBean'
2025-10-23T17:05:51.858-05:00 DEBUG 31772 --- [ms-negocio-gestion-alquileres] [    Test worker] o.s.b.f.s.DefaultListableBeanFactory     : Creating shared instance of singleton bean 'discoveryClientHealthIndicator'
2025-10-23T17:05:51.860-05:00 DEBUG 31772 --- [ms-negocio-gestion-alquileres] [    Test worker] o.s.b.f.s.DefaultListableBeanFactory     : Creating shared instance of singleton bean 'spring.cloud.discovery.client.health-indicator-org.springframework.cloud.client.discovery.health.DiscoveryClientHealthIndicatorProperties'
2025-10-23T17:05:51.860-05:00 DEBUG 31772 --- [ms-negocio-gestion-alquileres] [    Test worker] o.s.b.f.s.DefaultListableBeanFactory     : Autowiring by type from bean name 'discoveryClientHealthIndicator' via factory method to bean named 'spring.cloud.discovery.client.health-indicator-org.springframework.cloud.client.discovery.health.DiscoveryClientHealthIndicatorProperties'
2025-10-23T17:05:51.862-05:00 DEBUG 31772 --- [ms-negocio-gestion-alquileres] [    Test worker] o.s.b.f.s.DefaultListableBeanFactory     : Autowiring by type from bean name 'discoveryCompositeHealthContributor' via factory method to bean named 'eurekaHealthIndicator'
2025-10-23T17:05:51.862-05:00 DEBUG 31772 --- [ms-negocio-gestion-alquileres] [    Test worker] o.s.b.f.s.DefaultListableBeanFactory     : Autowiring by type from bean name 'discoveryCompositeHealthContributor' via factory method to bean named 'discoveryClientHealthIndicator'
2025-10-23T17:05:51.864-05:00 DEBUG 31772 --- [ms-negocio-gestion-alquileres] [    Test worker] o.s.b.f.s.DefaultListableBeanFactory     : Creating shared instance of singleton bean 'clientConfigServerHealthIndicator'
2025-10-23T17:05:51.864-05:00 DEBUG 31772 --- [ms-negocio-gestion-alquileres] [    Test worker] o.s.b.f.s.DefaultListableBeanFactory     : Creating shared instance of singleton bean 'org.springframework.cloud.config.client.ConfigClientAutoConfiguration$ConfigServerHealthIndicatorConfiguration'
2025-10-23T17:05:51.865-05:00 DEBUG 31772 --- [ms-negocio-gestion-alquileres] [    Test worker] o.s.b.f.s.DefaultListableBeanFactory     : Creating shared instance of singleton bean 'configClientHealthProperties'
2025-10-23T17:05:51.867-05:00 DEBUG 31772 --- [ms-negocio-gestion-alquileres] [    Test worker] o.s.b.f.s.DefaultListableBeanFactory     : Autowiring by type from bean name 'clientConfigServerHealthIndicator' via factory method to bean named 'configClientHealthProperties'
2025-10-23T17:05:51.867-05:00 DEBUG 31772 --- [ms-negocio-gestion-alquileres] [    Test worker] o.s.b.f.s.DefaultListableBeanFactory     : Autowiring by type from bean name 'clientConfigServerHealthIndicator' via factory method to bean named 'environment'
2025-10-23T17:05:51.870-05:00 DEBUG 31772 --- [ms-negocio-gestion-alquileres] [    Test worker] o.s.b.f.s.DefaultListableBeanFactory     : Autowiring by type from bean name 'healthContributorRegistry' via factory method to bean named 'org.springframework.web.context.support.GenericWebApplicationContext@77bc2e16'
2025-10-23T17:05:51.870-05:00 DEBUG 31772 --- [ms-negocio-gestion-alquileres] [    Test worker] o.s.b.f.s.DefaultListableBeanFactory     : Autowiring by type from bean name 'healthContributorRegistry' via factory method to bean named 'healthEndpointGroups'
2025-10-23T17:05:51.870-05:00 DEBUG 31772 --- [ms-negocio-gestion-alquileres] [    Test worker] o.s.b.f.s.DefaultListableBeanFactory     : Autowiring by type from bean name 'healthContributorRegistry' via factory method to bean named 'livenessStateHealthIndicator'
2025-10-23T17:05:51.870-05:00 DEBUG 31772 --- [ms-negocio-gestion-alquileres] [    Test worker] o.s.b.f.s.DefaultListableBeanFactory     : Autowiring by type from bean name 'healthContributorRegistry' via factory method to bean named 'readinessStateHealthIndicator'
2025-10-23T17:05:51.870-05:00 DEBUG 31772 --- [ms-negocio-gestion-alquileres] [    Test worker] o.s.b.f.s.DefaultListableBeanFactory     : Autowiring by type from bean name 'healthContributorRegistry' via factory method to bean named 'sslHealthIndicator'
2025-10-23T17:05:51.870-05:00 DEBUG 31772 --- [ms-negocio-gestion-alquileres] [    Test worker] o.s.b.f.s.DefaultListableBeanFactory     : Autowiring by type from bean name 'healthContributorRegistry' via factory method to bean named 'diskSpaceHealthIndicator'
2025-10-23T17:05:51.870-05:00 DEBUG 31772 --- [ms-negocio-gestion-alquileres] [    Test worker] o.s.b.f.s.DefaultListableBeanFactory     : Autowiring by type from bean name 'healthContributorRegistry' via factory method to bean named 'pingHealthContributor'
2025-10-23T17:05:51.870-05:00 DEBUG 31772 --- [ms-negocio-gestion-alquileres] [    Test worker] o.s.b.f.s.DefaultListableBeanFactory     : Autowiring by type from bean name 'healthContributorRegistry' via factory method to bean named 'dbHealthContributor'
2025-10-23T17:05:51.870-05:00 DEBUG 31772 --- [ms-negocio-gestion-alquileres] [    Test worker] o.s.b.f.s.DefaultListableBeanFactory     : Autowiring by type from bean name 'healthContributorRegistry' via factory method to bean named 'refreshScopeHealthIndicator'
2025-10-23T17:05:51.870-05:00 DEBUG 31772 --- [ms-negocio-gestion-alquileres] [    Test worker] o.s.b.f.s.DefaultListableBeanFactory     : Autowiring by type from bean name 'healthContributorRegistry' via factory method to bean named 'discoveryCompositeHealthContributor'
2025-10-23T17:05:51.870-05:00 DEBUG 31772 --- [ms-negocio-gestion-alquileres] [    Test worker] o.s.b.f.s.DefaultListableBeanFactory     : Autowiring by type from bean name 'healthContributorRegistry' via factory method to bean named 'clientConfigServerHealthIndicator'
2025-10-23T17:05:51.875-05:00 DEBUG 31772 --- [ms-negocio-gestion-alquileres] [    Test worker] o.s.b.f.s.DefaultListableBeanFactory     : Autowiring by type from bean name 'healthEndpoint' via factory method to bean named 'healthContributorRegistry'
2025-10-23T17:05:51.875-05:00 DEBUG 31772 --- [ms-negocio-gestion-alquileres] [    Test worker] o.s.b.f.s.DefaultListableBeanFactory     : Autowiring by type from bean name 'healthEndpoint' via factory method to bean named 'healthEndpointGroups'
2025-10-23T17:05:51.875-05:00 DEBUG 31772 --- [ms-negocio-gestion-alquileres] [    Test worker] o.s.b.f.s.DefaultListableBeanFactory     : Autowiring by type from bean name 'healthEndpoint' via factory method to bean named 'management.endpoint.health-org.springframework.boot.actuate.autoconfigure.health.HealthEndpointProperties'
2025-10-23T17:05:51.875-05:00 DEBUG 31772 --- [ms-negocio-gestion-alquileres] [    Test worker] o.s.b.f.s.DefaultListableBeanFactory     : Creating shared instance of singleton bean 'configurationPropertiesReportEndpoint'
2025-10-23T17:05:51.875-05:00 DEBUG 31772 --- [ms-negocio-gestion-alquileres] [    Test worker] o.s.b.f.s.DefaultListableBeanFactory     : Creating shared instance of singleton bean 'org.springframework.boot.actuate.autoconfigure.context.properties.ConfigurationPropertiesReportEndpointAutoConfiguration'
2025-10-23T17:05:51.884-05:00 DEBUG 31772 --- [ms-negocio-gestion-alquileres] [    Test worker] o.s.b.f.s.DefaultListableBeanFactory     : Creating shared instance of singleton bean 'management.endpoint.configprops-org.springframework.boot.actuate.autoconfigure.context.properties.ConfigurationPropertiesReportEndpointProperties'
2025-10-23T17:05:51.887-05:00 DEBUG 31772 --- [ms-negocio-gestion-alquileres] [    Test worker] o.s.b.f.s.DefaultListableBeanFactory     : Autowiring by type from bean name 'configurationPropertiesReportEndpoint' via factory method to bean named 'management.endpoint.configprops-org.springframework.boot.actuate.autoconfigure.context.properties.ConfigurationPropertiesReportEndpointProperties'
2025-10-23T17:05:51.895-05:00 DEBUG 31772 --- [ms-negocio-gestion-alquileres] [    Test worker] o.s.b.f.s.DefaultListableBeanFactory     : Creating shared instance of singleton bean 'environmentEndpoint'
2025-10-23T17:05:51.895-05:00 DEBUG 31772 --- [ms-negocio-gestion-alquileres] [    Test worker] o.s.b.f.s.DefaultListableBeanFactory     : Creating shared instance of singleton bean 'org.springframework.boot.actuate.autoconfigure.env.EnvironmentEndpointAutoConfiguration'
2025-10-23T17:05:51.895-05:00 DEBUG 31772 --- [ms-negocio-gestion-alquileres] [    Test worker] o.s.b.f.s.DefaultListableBeanFactory     : Creating shared instance of singleton bean 'management.endpoint.env-org.springframework.boot.actuate.autoconfigure.env.EnvironmentEndpointProperties'
2025-10-23T17:05:51.895-05:00 DEBUG 31772 --- [ms-negocio-gestion-alquileres] [    Test worker] o.s.b.f.s.DefaultListableBeanFactory     : Autowiring by type from bean name 'environmentEndpoint' via factory method to bean named 'environment'
2025-10-23T17:05:51.895-05:00 DEBUG 31772 --- [ms-negocio-gestion-alquileres] [    Test worker] o.s.b.f.s.DefaultListableBeanFactory     : Autowiring by type from bean name 'environmentEndpoint' via factory method to bean named 'management.endpoint.env-org.springframework.boot.actuate.autoconfigure.env.EnvironmentEndpointProperties'
2025-10-23T17:05:51.895-05:00 DEBUG 31772 --- [ms-negocio-gestion-alquileres] [    Test worker] o.s.b.f.s.DefaultListableBeanFactory     : Creating shared instance of singleton bean 'sbomEndpoint'
2025-10-23T17:05:51.895-05:00 DEBUG 31772 --- [ms-negocio-gestion-alquileres] [    Test worker] o.s.b.f.s.DefaultListableBeanFactory     : Creating shared instance of singleton bean 'org.springframework.boot.actuate.autoconfigure.sbom.SbomEndpointAutoConfiguration'
2025-10-23T17:05:51.903-05:00 DEBUG 31772 --- [ms-negocio-gestion-alquileres] [    Test worker] o.s.b.f.s.DefaultListableBeanFactory     : Creating shared instance of singleton bean 'management.endpoint.sbom-org.springframework.boot.actuate.sbom.SbomProperties'
2025-10-23T17:05:51.903-05:00 DEBUG 31772 --- [ms-negocio-gestion-alquileres] [    Test worker] o.s.b.f.s.DefaultListableBeanFactory     : Autowiring by type from bean name 'org.springframework.boot.actuate.autoconfigure.sbom.SbomEndpointAutoConfiguration' via constructor to bean named 'management.endpoint.sbom-org.springframework.boot.actuate.sbom.SbomProperties'
2025-10-23T17:05:51.904-05:00 DEBUG 31772 --- [ms-negocio-gestion-alquileres] [    Test worker] o.s.b.f.s.DefaultListableBeanFactory     : Autowiring by type from bean name 'sbomEndpoint' via factory method to bean named 'org.springframework.web.context.support.GenericWebApplicationContext@77bc2e16'
2025-10-23T17:05:51.905-05:00 DEBUG 31772 --- [ms-negocio-gestion-alquileres] [    Test worker] o.s.b.f.s.DefaultListableBeanFactory     : Creating shared instance of singleton bean 'beansEndpoint'
2025-10-23T17:05:51.905-05:00 DEBUG 31772 --- [ms-negocio-gestion-alquileres] [    Test worker] o.s.b.f.s.DefaultListableBeanFactory     : Creating shared instance of singleton bean 'org.springframework.boot.actuate.autoconfigure.beans.BeansEndpointAutoConfiguration'
2025-10-23T17:05:51.905-05:00 DEBUG 31772 --- [ms-negocio-gestion-alquileres] [    Test worker] o.s.b.f.s.DefaultListableBeanFactory     : Autowiring by type from bean name 'beansEndpoint' via factory method to bean named 'org.springframework.web.context.support.GenericWebApplicationContext@77bc2e16'
2025-10-23T17:05:51.921-05:00 DEBUG 31772 --- [ms-negocio-gestion-alquileres] [    Test worker] o.s.b.f.s.DefaultListableBeanFactory     : Creating shared instance of singleton bean 'cachesEndpointWebExtension'
2025-10-23T17:05:51.926-05:00 DEBUG 31772 --- [ms-negocio-gestion-alquileres] [    Test worker] o.s.b.f.s.DefaultListableBeanFactory     : Autowiring by type from bean name 'cachesEndpointWebExtension' via factory method to bean named 'cachesEndpoint'
2025-10-23T17:05:51.926-05:00 DEBUG 31772 --- [ms-negocio-gestion-alquileres] [    Test worker] o.s.b.f.s.DefaultListableBeanFactory     : Creating shared instance of singleton bean 'healthEndpointWebExtension'
2025-10-23T17:05:51.926-05:00 DEBUG 31772 --- [ms-negocio-gestion-alquileres] [    Test worker] o.s.b.f.s.DefaultListableBeanFactory     : Creating shared instance of singleton bean 'org.springframework.boot.actuate.autoconfigure.health.HealthEndpointWebExtensionConfiguration'
2025-10-23T17:05:51.926-05:00 DEBUG 31772 --- [ms-negocio-gestion-alquileres] [    Test worker] o.s.b.f.s.DefaultListableBeanFactory     : Autowiring by type from bean name 'healthEndpointWebExtension' via factory method to bean named 'healthContributorRegistry'
2025-10-23T17:05:51.926-05:00 DEBUG 31772 --- [ms-negocio-gestion-alquileres] [    Test worker] o.s.b.f.s.DefaultListableBeanFactory     : Autowiring by type from bean name 'healthEndpointWebExtension' via factory method to bean named 'healthEndpointGroups'
2025-10-23T17:05:51.926-05:00 DEBUG 31772 --- [ms-negocio-gestion-alquileres] [    Test worker] o.s.b.f.s.DefaultListableBeanFactory     : Autowiring by type from bean name 'healthEndpointWebExtension' via factory method to bean named 'management.endpoint.health-org.springframework.boot.actuate.autoconfigure.health.HealthEndpointProperties'
2025-10-23T17:05:51.926-05:00 DEBUG 31772 --- [ms-negocio-gestion-alquileres] [    Test worker] o.s.b.f.s.DefaultListableBeanFactory     : Creating shared instance of singleton bean 'infoEndpoint'
2025-10-23T17:05:51.926-05:00 DEBUG 31772 --- [ms-negocio-gestion-alquileres] [    Test worker] o.s.b.f.s.DefaultListableBeanFactory     : Creating shared instance of singleton bean 'org.springframework.boot.actuate.autoconfigure.info.InfoEndpointAutoConfiguration'
2025-10-23T17:05:51.926-05:00 DEBUG 31772 --- [ms-negocio-gestion-alquileres] [    Test worker] o.s.b.f.s.DefaultListableBeanFactory     : Creating shared instance of singleton bean 'conditionsReportEndpoint'
2025-10-23T17:05:51.926-05:00 DEBUG 31772 --- [ms-negocio-gestion-alquileres] [    Test worker] o.s.b.f.s.DefaultListableBeanFactory     : Creating shared instance of singleton bean 'org.springframework.boot.actuate.autoconfigure.condition.ConditionsReportEndpointAutoConfiguration'
2025-10-23T17:05:51.926-05:00 DEBUG 31772 --- [ms-negocio-gestion-alquileres] [    Test worker] o.s.b.f.s.DefaultListableBeanFactory     : Autowiring by type from bean name 'conditionsReportEndpoint' via factory method to bean named 'org.springframework.web.context.support.GenericWebApplicationContext@77bc2e16'
2025-10-23T17:05:51.935-05:00 DEBUG 31772 --- [ms-negocio-gestion-alquileres] [    Test worker] o.s.b.f.s.DefaultListableBeanFactory     : Creating shared instance of singleton bean 'configurationPropertiesReportEndpointWebExtension'
2025-10-23T17:05:51.937-05:00 DEBUG 31772 --- [ms-negocio-gestion-alquileres] [    Test worker] o.s.b.f.s.DefaultListableBeanFactory     : Autowiring by type from bean name 'configurationPropertiesReportEndpointWebExtension' via factory method to bean named 'configurationPropertiesReportEndpoint'
2025-10-23T17:05:51.937-05:00 DEBUG 31772 --- [ms-negocio-gestion-alquileres] [    Test worker] o.s.b.f.s.DefaultListableBeanFactory     : Autowiring by type from bean name 'configurationPropertiesReportEndpointWebExtension' via factory method to bean named 'management.endpoint.configprops-org.springframework.boot.actuate.autoconfigure.context.properties.ConfigurationPropertiesReportEndpointProperties'
2025-10-23T17:05:51.937-05:00 DEBUG 31772 --- [ms-negocio-gestion-alquileres] [    Test worker] o.s.b.f.s.DefaultListableBeanFactory     : Creating shared instance of singleton bean 'environmentEndpointWebExtension'
2025-10-23T17:05:51.937-05:00 DEBUG 31772 --- [ms-negocio-gestion-alquileres] [    Test worker] o.s.b.f.s.DefaultListableBeanFactory     : Autowiring by type from bean name 'environmentEndpointWebExtension' via factory method to bean named 'environmentEndpoint'
2025-10-23T17:05:51.937-05:00 DEBUG 31772 --- [ms-negocio-gestion-alquileres] [    Test worker] o.s.b.f.s.DefaultListableBeanFactory     : Autowiring by type from bean name 'environmentEndpointWebExtension' via factory method to bean named 'management.endpoint.env-org.springframework.boot.actuate.autoconfigure.env.EnvironmentEndpointProperties'
2025-10-23T17:05:51.937-05:00 DEBUG 31772 --- [ms-negocio-gestion-alquileres] [    Test worker] o.s.b.f.s.DefaultListableBeanFactory     : Creating shared instance of singleton bean 'loggersEndpoint'
2025-10-23T17:05:51.937-05:00 DEBUG 31772 --- [ms-negocio-gestion-alquileres] [    Test worker] o.s.b.f.s.DefaultListableBeanFactory     : Creating shared instance of singleton bean 'org.springframework.boot.actuate.autoconfigure.logging.LoggersEndpointAutoConfiguration'
2025-10-23T17:05:51.937-05:00 DEBUG 31772 --- [ms-negocio-gestion-alquileres] [    Test worker] o.s.b.f.s.DefaultListableBeanFactory     : Autowiring by type from bean name 'loggersEndpoint' via factory method to bean named 'springBootLoggingSystem'
2025-10-23T17:05:51.937-05:00 DEBUG 31772 --- [ms-negocio-gestion-alquileres] [    Test worker] o.s.b.f.s.DefaultListableBeanFactory     : Creating shared instance of singleton bean 'dumpEndpoint'
2025-10-23T17:05:51.937-05:00 DEBUG 31772 --- [ms-negocio-gestion-alquileres] [    Test worker] o.s.b.f.s.DefaultListableBeanFactory     : Creating shared instance of singleton bean 'org.springframework.boot.actuate.autoconfigure.management.ThreadDumpEndpointAutoConfiguration'
2025-10-23T17:05:51.947-05:00 DEBUG 31772 --- [ms-negocio-gestion-alquileres] [    Test worker] o.s.b.f.s.DefaultListableBeanFactory     : Creating shared instance of singleton bean 'metricsEndpoint'
2025-10-23T17:05:51.947-05:00 DEBUG 31772 --- [ms-negocio-gestion-alquileres] [    Test worker] o.s.b.f.s.DefaultListableBeanFactory     : Creating shared instance of singleton bean 'org.springframework.boot.actuate.autoconfigure.metrics.MetricsEndpointAutoConfiguration'
2025-10-23T17:05:51.947-05:00 DEBUG 31772 --- [ms-negocio-gestion-alquileres] [    Test worker] o.s.b.f.s.DefaultListableBeanFactory     : Creating shared instance of singleton bean 'simpleMeterRegistry'
2025-10-23T17:05:51.947-05:00 DEBUG 31772 --- [ms-negocio-gestion-alquileres] [    Test worker] o.s.b.f.s.DefaultListableBeanFactory     : Creating shared instance of singleton bean 'org.springframework.boot.actuate.autoconfigure.metrics.export.simple.SimpleMetricsExportAutoConfiguration'
2025-10-23T17:05:51.947-05:00 DEBUG 31772 --- [ms-negocio-gestion-alquileres] [    Test worker] o.s.b.f.s.DefaultListableBeanFactory     : Creating shared instance of singleton bean 'simpleConfig'
2025-10-23T17:05:51.947-05:00 DEBUG 31772 --- [ms-negocio-gestion-alquileres] [    Test worker] o.s.b.f.s.DefaultListableBeanFactory     : Creating shared instance of singleton bean 'management.simple.metrics.export-org.springframework.boot.actuate.autoconfigure.metrics.export.simple.SimpleProperties'
2025-10-23T17:05:51.947-05:00 DEBUG 31772 --- [ms-negocio-gestion-alquileres] [    Test worker] o.s.b.f.s.DefaultListableBeanFactory     : Autowiring by type from bean name 'simpleConfig' via factory method to bean named 'management.simple.metrics.export-org.springframework.boot.actuate.autoconfigure.metrics.export.simple.SimpleProperties'
2025-10-23T17:05:51.960-05:00 DEBUG 31772 --- [ms-negocio-gestion-alquileres] [    Test worker] o.s.b.f.s.DefaultListableBeanFactory     : Creating shared instance of singleton bean 'micrometerClock'
2025-10-23T17:05:51.961-05:00 DEBUG 31772 --- [ms-negocio-gestion-alquileres] [    Test worker] o.s.b.f.s.DefaultListableBeanFactory     : Creating shared instance of singleton bean 'org.springframework.boot.actuate.autoconfigure.metrics.MetricsAutoConfiguration'
2025-10-23T17:05:51.962-05:00 DEBUG 31772 --- [ms-negocio-gestion-alquileres] [    Test worker] o.s.b.f.s.DefaultListableBeanFactory     : Autowiring by type from bean name 'simpleMeterRegistry' via factory method to bean named 'simpleConfig'
2025-10-23T17:05:51.962-05:00 DEBUG 31772 --- [ms-negocio-gestion-alquileres] [    Test worker] o.s.b.f.s.DefaultListableBeanFactory     : Autowiring by type from bean name 'simpleMeterRegistry' via factory method to bean named 'micrometerClock'
2025-10-23T17:05:51.982-05:00 DEBUG 31772 --- [ms-negocio-gestion-alquileres] [    Test worker] o.s.b.f.s.DefaultListableBeanFactory     : Creating shared instance of singleton bean 'propertiesMeterFilter'
2025-10-23T17:05:51.983-05:00 DEBUG 31772 --- [ms-negocio-gestion-alquileres] [    Test worker] o.s.b.f.s.DefaultListableBeanFactory     : Autowiring by type from bean name 'propertiesMeterFilter' via factory method to bean named 'management.metrics-org.springframework.boot.actuate.autoconfigure.metrics.MetricsProperties'
2025-10-23T17:05:51.985-05:00 DEBUG 31772 --- [ms-negocio-gestion-alquileres] [    Test worker] o.s.b.f.s.DefaultListableBeanFactory     : Creating shared instance of singleton bean 'metricsHttpClientUriTagFilter'
2025-10-23T17:05:51.985-05:00 DEBUG 31772 --- [ms-negocio-gestion-alquileres] [    Test worker] o.s.b.f.s.DefaultListableBeanFactory     : Creating shared instance of singleton bean 'org.springframework.boot.actuate.autoconfigure.observation.web.client.HttpClientObservationsAutoConfiguration$MeterFilterConfiguration'
2025-10-23T17:05:51.987-05:00 DEBUG 31772 --- [ms-negocio-gestion-alquileres] [    Test worker] o.s.b.f.s.DefaultListableBeanFactory     : Creating shared instance of singleton bean 'management.observations-org.springframework.boot.actuate.autoconfigure.observation.ObservationProperties'
2025-10-23T17:05:51.989-05:00 DEBUG 31772 --- [ms-negocio-gestion-alquileres] [    Test worker] o.s.b.f.s.DefaultListableBeanFactory     : Autowiring by type from bean name 'metricsHttpClientUriTagFilter' via factory method to bean named 'management.observations-org.springframework.boot.actuate.autoconfigure.observation.ObservationProperties'
2025-10-23T17:05:51.989-05:00 DEBUG 31772 --- [ms-negocio-gestion-alquileres] [    Test worker] o.s.b.f.s.DefaultListableBeanFactory     : Autowiring by type from bean name 'metricsHttpClientUriTagFilter' via factory method to bean named 'management.metrics-org.springframework.boot.actuate.autoconfigure.metrics.MetricsProperties'
2025-10-23T17:05:51.992-05:00 DEBUG 31772 --- [ms-negocio-gestion-alquileres] [    Test worker] o.s.b.f.s.DefaultListableBeanFactory     : Creating shared instance of singleton bean 'metricsHttpServerUriTagFilter'
2025-10-23T17:05:51.992-05:00 DEBUG 31772 --- [ms-negocio-gestion-alquileres] [    Test worker] o.s.b.f.s.DefaultListableBeanFactory     : Creating shared instance of singleton bean 'org.springframework.boot.actuate.autoconfigure.observation.web.servlet.WebMvcObservationAutoConfiguration$MeterFilterConfiguration'
2025-10-23T17:05:51.993-05:00 DEBUG 31772 --- [ms-negocio-gestion-alquileres] [    Test worker] o.s.b.f.s.DefaultListableBeanFactory     : Autowiring by type from bean name 'metricsHttpServerUriTagFilter' via factory method to bean named 'management.observations-org.springframework.boot.actuate.autoconfigure.observation.ObservationProperties'
2025-10-23T17:05:51.993-05:00 DEBUG 31772 --- [ms-negocio-gestion-alquileres] [    Test worker] o.s.b.f.s.DefaultListableBeanFactory     : Autowiring by type from bean name 'metricsHttpServerUriTagFilter' via factory method to bean named 'management.metrics-org.springframework.boot.actuate.autoconfigure.metrics.MetricsProperties'
2025-10-23T17:05:51.997-05:00 DEBUG 31772 --- [ms-negocio-gestion-alquileres] [    Test worker] o.s.b.f.s.DefaultListableBeanFactory     : Autowiring by type from bean name 'metricsEndpoint' via factory method to bean named 'simpleMeterRegistry'
2025-10-23T17:05:51.999-05:00 DEBUG 31772 --- [ms-negocio-gestion-alquileres] [    Test worker] o.s.b.f.s.DefaultListableBeanFactory     : Creating shared instance of singleton bean 'sbomEndpointWebExtension'
2025-10-23T17:05:51.999-05:00 DEBUG 31772 --- [ms-negocio-gestion-alquileres] [    Test worker] o.s.b.f.s.DefaultListableBeanFactory     : Autowiring by type from bean name 'sbomEndpointWebExtension' via factory method to bean named 'sbomEndpoint'
2025-10-23T17:05:52.000-05:00 DEBUG 31772 --- [ms-negocio-gestion-alquileres] [    Test worker] o.s.b.f.s.DefaultListableBeanFactory     : Creating shared instance of singleton bean 'scheduledTasksEndpoint'
2025-10-23T17:05:52.001-05:00 DEBUG 31772 --- [ms-negocio-gestion-alquileres] [    Test worker] o.s.b.f.s.DefaultListableBeanFactory     : Creating shared instance of singleton bean 'org.springframework.boot.actuate.autoconfigure.scheduling.ScheduledTasksEndpointAutoConfiguration'
2025-10-23T17:05:52.004-05:00 DEBUG 31772 --- [ms-negocio-gestion-alquileres] [    Test worker] o.s.b.f.s.DefaultListableBeanFactory     : Creating shared instance of singleton bean 'mappingsEndpoint'
2025-10-23T17:05:52.004-05:00 DEBUG 31772 --- [ms-negocio-gestion-alquileres] [    Test worker] o.s.b.f.s.DefaultListableBeanFactory     : Creating shared instance of singleton bean 'org.springframework.boot.actuate.autoconfigure.web.mappings.MappingsEndpointAutoConfiguration'
2025-10-23T17:05:52.004-05:00 DEBUG 31772 --- [ms-negocio-gestion-alquileres] [    Test worker] o.s.b.f.s.DefaultListableBeanFactory     : Autowiring by type from bean name 'mappingsEndpoint' via factory method to bean named 'org.springframework.web.context.support.GenericWebApplicationContext@77bc2e16'
2025-10-23T17:05:52.004-05:00 DEBUG 31772 --- [ms-negocio-gestion-alquileres] [    Test worker] o.s.b.f.s.DefaultListableBeanFactory     : Creating shared instance of singleton bean 'dispatcherServletMappingDescriptionProvider'
2025-10-23T17:05:52.004-05:00 DEBUG 31772 --- [ms-negocio-gestion-alquileres] [    Test worker] o.s.b.f.s.DefaultListableBeanFactory     : Creating shared instance of singleton bean 'org.springframework.boot.actuate.autoconfigure.web.mappings.MappingsEndpointAutoConfiguration$ServletWebConfiguration$SpringMvcConfiguration'
2025-10-23T17:05:52.004-05:00 DEBUG 31772 --- [ms-negocio-gestion-alquileres] [    Test worker] o.s.b.f.s.DefaultListableBeanFactory     : Creating shared instance of singleton bean 'servletMappingDescriptionProvider'
2025-10-23T17:05:52.004-05:00 DEBUG 31772 --- [ms-negocio-gestion-alquileres] [    Test worker] o.s.b.f.s.DefaultListableBeanFactory     : Creating shared instance of singleton bean 'org.springframework.boot.actuate.autoconfigure.web.mappings.MappingsEndpointAutoConfiguration$ServletWebConfiguration'
2025-10-23T17:05:52.009-05:00 DEBUG 31772 --- [ms-negocio-gestion-alquileres] [    Test worker] o.s.b.f.s.DefaultListableBeanFactory     : Creating shared instance of singleton bean 'filterMappingDescriptionProvider'
2025-10-23T17:05:52.009-05:00 DEBUG 31772 --- [ms-negocio-gestion-alquileres] [    Test worker] o.s.b.f.s.DefaultListableBeanFactory     : Creating shared instance of singleton bean 'refreshEndpoint'
2025-10-23T17:05:52.009-05:00 DEBUG 31772 --- [ms-negocio-gestion-alquileres] [    Test worker] o.s.b.f.s.DefaultListableBeanFactory     : Creating shared instance of singleton bean 'org.springframework.cloud.autoconfigure.RefreshEndpointAutoConfiguration$RefreshEndpointConfiguration'
2025-10-23T17:05:52.009-05:00 DEBUG 31772 --- [ms-negocio-gestion-alquileres] [    Test worker] o.s.b.f.s.DefaultListableBeanFactory     : Creating shared instance of singleton bean 'configDataContextRefresher'
2025-10-23T17:05:52.009-05:00 DEBUG 31772 --- [ms-negocio-gestion-alquileres] [    Test worker] o.s.b.f.s.DefaultListableBeanFactory     : Creating shared instance of singleton bean 'org.springframework.cloud.autoconfigure.RefreshAutoConfiguration'
2025-10-23T17:05:52.009-05:00 DEBUG 31772 --- [ms-negocio-gestion-alquileres] [    Test worker] o.s.b.f.s.DefaultListableBeanFactory     : Creating shared instance of singleton bean 'spring.cloud.refresh-org.springframework.cloud.autoconfigure.RefreshAutoConfiguration$RefreshProperties'
2025-10-23T17:05:52.009-05:00 DEBUG 31772 --- [ms-negocio-gestion-alquileres] [    Test worker] o.s.b.f.s.DefaultListableBeanFactory     : Autowiring by type from bean name 'configDataContextRefresher' via factory method to bean named 'org.springframework.web.context.support.GenericWebApplicationContext@77bc2e16'
2025-10-23T17:05:52.009-05:00 DEBUG 31772 --- [ms-negocio-gestion-alquileres] [    Test worker] o.s.b.f.s.DefaultListableBeanFactory     : Autowiring by type from bean name 'configDataContextRefresher' via factory method to bean named 'refreshScope'
2025-10-23T17:05:52.009-05:00 DEBUG 31772 --- [ms-negocio-gestion-alquileres] [    Test worker] o.s.b.f.s.DefaultListableBeanFactory     : Autowiring by type from bean name 'configDataContextRefresher' via factory method to bean named 'spring.cloud.refresh-org.springframework.cloud.autoconfigure.RefreshAutoConfiguration$RefreshProperties'
2025-10-23T17:05:52.009-05:00 DEBUG 31772 --- [ms-negocio-gestion-alquileres] [    Test worker] o.s.b.f.s.DefaultListableBeanFactory     : Autowiring by type from bean name 'refreshEndpoint' via factory method to bean named 'configDataContextRefresher'
2025-10-23T17:05:52.009-05:00 DEBUG 31772 --- [ms-negocio-gestion-alquileres] [    Test worker] o.s.b.f.s.DefaultListableBeanFactory     : Creating shared instance of singleton bean 'featuresEndpoint'
2025-10-23T17:05:52.009-05:00 DEBUG 31772 --- [ms-negocio-gestion-alquileres] [    Test worker] o.s.b.f.s.DefaultListableBeanFactory     : Creating shared instance of singleton bean 'org.springframework.cloud.client.CommonsClientAutoConfiguration$ActuatorConfiguration'
2025-10-23T17:05:52.018-05:00 DEBUG 31772 --- [ms-negocio-gestion-alquileres] [    Test worker] o.s.b.f.s.DefaultListableBeanFactory     : Creating shared instance of singleton bean 'eurekaFeature'
2025-10-23T17:05:52.019-05:00 DEBUG 31772 --- [ms-negocio-gestion-alquileres] [    Test worker] o.s.b.f.s.DefaultListableBeanFactory     : Creating shared instance of singleton bean 'springCloudCommonsFeatures'
2025-10-23T17:05:52.021-05:00 DEBUG 31772 --- [ms-negocio-gestion-alquileres] [    Test worker] o.s.b.f.s.DefaultListableBeanFactory     : Creating shared instance of singleton bean 'serviceRegistryEndpoint'
2025-10-23T17:05:52.021-05:00 DEBUG 31772 --- [ms-negocio-gestion-alquileres] [    Test worker] o.s.b.f.s.DefaultListableBeanFactory     : Creating shared instance of singleton bean 'org.springframework.cloud.client.serviceregistry.ServiceRegistryAutoConfiguration$ServiceRegistryEndpointConfiguration'
2025-10-23T17:05:52.022-05:00 DEBUG 31772 --- [ms-negocio-gestion-alquileres] [    Test worker] o.s.b.f.s.DefaultListableBeanFactory     : Creating shared instance of singleton bean 'org.springframework.cloud.client.serviceregistry.ServiceRegistryAutoConfiguration'
2025-10-23T17:05:52.022-05:00 DEBUG 31772 --- [ms-negocio-gestion-alquileres] [    Test worker] o.s.b.f.s.DefaultListableBeanFactory     : Autowiring by type from bean name 'org.springframework.cloud.client.serviceregistry.ServiceRegistryAutoConfiguration$ServiceRegistryEndpointConfiguration' via constructor to bean named 'org.springframework.cloud.client.serviceregistry.ServiceRegistryAutoConfiguration'
2025-10-23T17:05:52.023-05:00 DEBUG 31772 --- [ms-negocio-gestion-alquileres] [    Test worker] o.s.b.f.s.DefaultListableBeanFactory     : Creating shared instance of singleton bean 'eurekaServiceRegistry'
2025-10-23T17:05:52.023-05:00 DEBUG 31772 --- [ms-negocio-gestion-alquileres] [    Test worker] o.s.b.f.s.DefaultListableBeanFactory     : Autowiring by type from bean name 'eurekaServiceRegistry' via factory method to bean named 'eurekaInstanceConfigBean'
2025-10-23T17:05:52.024-05:00 DEBUG 31772 --- [ms-negocio-gestion-alquileres] [    Test worker] o.s.b.f.s.DefaultListableBeanFactory     : Autowiring by type from bean name 'serviceRegistryEndpoint' via factory method to bean named 'eurekaServiceRegistry'
2025-10-23T17:05:52.029-05:00 DEBUG 31772 --- [ms-negocio-gestion-alquileres] [    Test worker] o.s.b.f.s.DefaultListableBeanFactory     : Creating shared instance of singleton bean 'org.springframework.boot.autoconfigure.gson.GsonAutoConfiguration'
2025-10-23T17:05:52.031-05:00 DEBUG 31772 --- [ms-negocio-gestion-alquileres] [    Test worker] o.s.b.f.s.DefaultListableBeanFactory     : Creating shared instance of singleton bean 'gsonBuilder'
2025-10-23T17:05:52.032-05:00 DEBUG 31772 --- [ms-negocio-gestion-alquileres] [    Test worker] o.s.b.f.s.DefaultListableBeanFactory     : Creating shared instance of singleton bean 'standardGsonBuilderCustomizer'
2025-10-23T17:05:52.032-05:00 DEBUG 31772 --- [ms-negocio-gestion-alquileres] [    Test worker] o.s.b.f.s.DefaultListableBeanFactory     : Creating shared instance of singleton bean 'spring.gson-org.springframework.boot.autoconfigure.gson.GsonProperties'
2025-10-23T17:05:52.033-05:00 DEBUG 31772 --- [ms-negocio-gestion-alquileres] [    Test worker] o.s.b.f.s.DefaultListableBeanFactory     : Autowiring by type from bean name 'standardGsonBuilderCustomizer' via factory method to bean named 'spring.gson-org.springframework.boot.autoconfigure.gson.GsonProperties'
2025-10-23T17:05:52.035-05:00 DEBUG 31772 --- [ms-negocio-gestion-alquileres] [    Test worker] o.s.b.f.s.DefaultListableBeanFactory     : Autowiring by type from bean name 'gsonBuilder' via factory method to bean named 'standardGsonBuilderCustomizer'
2025-10-23T17:05:52.053-05:00 DEBUG 31772 --- [ms-negocio-gestion-alquileres] [    Test worker] o.s.b.f.s.DefaultListableBeanFactory     : Creating shared instance of singleton bean 'gson'
2025-10-23T17:05:52.053-05:00 DEBUG 31772 --- [ms-negocio-gestion-alquileres] [    Test worker] o.s.b.f.s.DefaultListableBeanFactory     : Autowiring by type from bean name 'gson' via factory method to bean named 'gsonBuilder'
2025-10-23T17:05:52.091-05:00 DEBUG 31772 --- [ms-negocio-gestion-alquileres] [    Test worker] o.s.b.f.s.DefaultListableBeanFactory     : Creating shared instance of singleton bean 'org.springframework.boot.autoconfigure.http.JacksonHttpMessageConvertersConfiguration'
2025-10-23T17:05:52.091-05:00 DEBUG 31772 --- [ms-negocio-gestion-alquileres] [    Test worker] o.s.b.f.s.DefaultListableBeanFactory     : Creating shared instance of singleton bean 'org.springframework.boot.autoconfigure.http.GsonHttpMessageConvertersConfiguration'
2025-10-23T17:05:52.091-05:00 DEBUG 31772 --- [ms-negocio-gestion-alquileres] [    Test worker] o.s.b.f.s.DefaultListableBeanFactory     : Creating shared instance of singleton bean 'org.springframework.boot.autoconfigure.http.client.HttpClientAutoConfiguration'
2025-10-23T17:05:52.092-05:00 DEBUG 31772 --- [ms-negocio-gestion-alquileres] [    Test worker] o.s.b.f.s.DefaultListableBeanFactory     : Creating shared instance of singleton bean 'spring.http.client-org.springframework.boot.autoconfigure.http.client.HttpClientProperties'
2025-10-23T17:05:52.095-05:00 DEBUG 31772 --- [ms-negocio-gestion-alquileres] [    Test worker] o.s.b.f.s.DefaultListableBeanFactory     : Autowiring by type from bean name 'org.springframework.boot.autoconfigure.http.client.HttpClientAutoConfiguration' via constructor to bean named 'spring.http.client-org.springframework.boot.autoconfigure.http.client.HttpClientProperties'
2025-10-23T17:05:52.095-05:00 DEBUG 31772 --- [ms-negocio-gestion-alquileres] [    Test worker] o.s.b.f.s.DefaultListableBeanFactory     : Creating shared instance of singleton bean 'clientHttpRequestFactoryBuilder'
2025-10-23T17:05:52.107-05:00 DEBUG 31772 --- [ms-negocio-gestion-alquileres] [    Test worker] o.s.b.f.s.DefaultListableBeanFactory     : Creating shared instance of singleton bean 'clientHttpRequestFactorySettings'
2025-10-23T17:05:52.116-05:00 DEBUG 31772 --- [ms-negocio-gestion-alquileres] [    Test worker] o.s.b.f.s.DefaultListableBeanFactory     : Creating shared instance of singleton bean 'org.springframework.boot.autoconfigure.web.client.RestClientAutoConfiguration'
2025-10-23T17:05:52.116-05:00 DEBUG 31772 --- [ms-negocio-gestion-alquileres] [    Test worker] o.s.b.f.s.DefaultListableBeanFactory     : Creating shared instance of singleton bean 'httpMessageConvertersRestClientCustomizer'
2025-10-23T17:05:52.116-05:00 DEBUG 31772 --- [ms-negocio-gestion-alquileres] [    Test worker] o.s.b.f.s.DefaultListableBeanFactory     : Creating shared instance of singleton bean 'restClientSsl'
2025-10-23T17:05:52.116-05:00 DEBUG 31772 --- [ms-negocio-gestion-alquileres] [    Test worker] o.s.b.f.s.DefaultListableBeanFactory     : Autowiring by type from bean name 'restClientSsl' via factory method to bean named 'sslBundleRegistry'
2025-10-23T17:05:52.116-05:00 DEBUG 31772 --- [ms-negocio-gestion-alquileres] [    Test worker] o.s.b.f.s.DefaultListableBeanFactory     : Creating shared instance of singleton bean 'restClientBuilderConfigurer'
2025-10-23T17:05:52.116-05:00 DEBUG 31772 --- [ms-negocio-gestion-alquileres] [    Test worker] o.s.b.f.s.DefaultListableBeanFactory     : Creating shared instance of singleton bean 'observationRestClientCustomizer'
2025-10-23T17:05:52.116-05:00 DEBUG 31772 --- [ms-negocio-gestion-alquileres] [    Test worker] o.s.b.f.s.DefaultListableBeanFactory     : Creating shared instance of singleton bean 'org.springframework.boot.actuate.autoconfigure.observation.web.client.RestClientObservationConfiguration'
2025-10-23T17:05:52.116-05:00 DEBUG 31772 --- [ms-negocio-gestion-alquileres] [    Test worker] o.s.b.f.s.DefaultListableBeanFactory     : Creating shared instance of singleton bean 'observationRegistry'
2025-10-23T17:05:52.116-05:00 DEBUG 31772 --- [ms-negocio-gestion-alquileres] [    Test worker] o.s.b.f.s.DefaultListableBeanFactory     : Creating shared instance of singleton bean 'org.springframework.boot.actuate.autoconfigure.observation.ObservationAutoConfiguration'
2025-10-23T17:05:52.123-05:00 DEBUG 31772 --- [ms-negocio-gestion-alquileres] [    Test worker] o.s.b.f.s.DefaultListableBeanFactory     : Creating shared instance of singleton bean 'propertiesObservationFilter'
2025-10-23T17:05:52.123-05:00 DEBUG 31772 --- [ms-negocio-gestion-alquileres] [    Test worker] o.s.b.f.s.DefaultListableBeanFactory     : Autowiring by type from bean name 'propertiesObservationFilter' via factory method to bean named 'management.observations-org.springframework.boot.actuate.autoconfigure.observation.ObservationProperties'
2025-10-23T17:05:52.126-05:00 DEBUG 31772 --- [ms-negocio-gestion-alquileres] [    Test worker] o.s.b.f.s.DefaultListableBeanFactory     : Creating shared instance of singleton bean 'metricsObservationHandlerGrouping'
2025-10-23T17:05:52.126-05:00 DEBUG 31772 --- [ms-negocio-gestion-alquileres] [    Test worker] o.s.b.f.s.DefaultListableBeanFactory     : Creating shared instance of singleton bean 'org.springframework.boot.actuate.autoconfigure.observation.ObservationAutoConfiguration$OnlyMetricsConfiguration'
2025-10-23T17:05:52.126-05:00 DEBUG 31772 --- [ms-negocio-gestion-alquileres] [    Test worker] o.s.b.f.s.DefaultListableBeanFactory     : Creating shared instance of singleton bean 'defaultMeterObservationHandler'
2025-10-23T17:05:52.126-05:00 DEBUG 31772 --- [ms-negocio-gestion-alquileres] [    Test worker] o.s.b.f.s.DefaultListableBeanFactory     : Creating shared instance of singleton bean 'org.springframework.boot.actuate.autoconfigure.observation.ObservationAutoConfiguration$MeterObservationHandlerConfiguration$OnlyMetricsMeterObservationHandlerConfiguration'
2025-10-23T17:05:52.126-05:00 DEBUG 31772 --- [ms-negocio-gestion-alquileres] [    Test worker] o.s.b.f.s.DefaultListableBeanFactory     : Autowiring by type from bean name 'defaultMeterObservationHandler' via factory method to bean named 'simpleMeterRegistry'
2025-10-23T17:05:52.126-05:00 DEBUG 31772 --- [ms-negocio-gestion-alquileres] [    Test worker] o.s.b.f.s.DefaultListableBeanFactory     : Autowiring by type from bean name 'defaultMeterObservationHandler' via factory method to bean named 'management.observations-org.springframework.boot.actuate.autoconfigure.observation.ObservationProperties'
2025-10-23T17:05:52.132-05:00 DEBUG 31772 --- [ms-negocio-gestion-alquileres] [    Test worker] o.s.b.f.s.DefaultListableBeanFactory     : Autowiring by type from bean name 'observationRestClientCustomizer' via factory method to bean named 'observationRegistry'
2025-10-23T17:05:52.132-05:00 DEBUG 31772 --- [ms-negocio-gestion-alquileres] [    Test worker] o.s.b.f.s.DefaultListableBeanFactory     : Autowiring by type from bean name 'observationRestClientCustomizer' via factory method to bean named 'management.observations-org.springframework.boot.actuate.autoconfigure.observation.ObservationProperties'
2025-10-23T17:05:52.132-05:00 DEBUG 31772 --- [ms-negocio-gestion-alquileres] [    Test worker] o.s.b.f.s.DefaultListableBeanFactory     : Creating shared instance of singleton bean 'org.springframework.boot.autoconfigure.web.client.RestTemplateAutoConfiguration'
2025-10-23T17:05:52.132-05:00 DEBUG 31772 --- [ms-negocio-gestion-alquileres] [    Test worker] o.s.b.f.s.DefaultListableBeanFactory     : Creating shared instance of singleton bean 'org.springframework.boot.autoconfigure.http.client.reactive.ClientHttpConnectorAutoConfiguration'
2025-10-23T17:05:52.132-05:00 DEBUG 31772 --- [ms-negocio-gestion-alquileres] [    Test worker] o.s.b.f.s.DefaultListableBeanFactory     : Creating shared instance of singleton bean 'spring.http.reactiveclient-org.springframework.boot.autoconfigure.http.client.reactive.HttpReactiveClientProperties'
2025-10-23T17:05:52.132-05:00 DEBUG 31772 --- [ms-negocio-gestion-alquileres] [    Test worker] o.s.b.f.s.DefaultListableBeanFactory     : Autowiring by type from bean name 'org.springframework.boot.autoconfigure.http.client.reactive.ClientHttpConnectorAutoConfiguration' via constructor to bean named 'spring.http.reactiveclient-org.springframework.boot.autoconfigure.http.client.reactive.HttpReactiveClientProperties'
2025-10-23T17:05:52.132-05:00 DEBUG 31772 --- [ms-negocio-gestion-alquileres] [    Test worker] o.s.b.f.s.DefaultListableBeanFactory     : Creating shared instance of singleton bean 'clientHttpConnectorBuilder'
2025-10-23T17:05:52.147-05:00 DEBUG 31772 --- [ms-negocio-gestion-alquileres] [    Test worker] o.s.b.f.s.DefaultListableBeanFactory     : Creating shared instance of singleton bean 'clientHttpConnectorSettings'
2025-10-23T17:05:52.150-05:00 DEBUG 31772 --- [ms-negocio-gestion-alquileres] [    Test worker] o.s.b.f.s.DefaultListableBeanFactory     : Creating shared instance of singleton bean 'de.codecentric.boot.admin.client.config.SpringBootAdminClientAutoConfiguration$RestClientRegistrationClientConfig'
2025-10-23T17:05:52.150-05:00 DEBUG 31772 --- [ms-negocio-gestion-alquileres] [    Test worker] o.s.b.f.s.DefaultListableBeanFactory     : Creating shared instance of singleton bean 'registrationClient'
2025-10-23T17:05:52.151-05:00 DEBUG 31772 --- [ms-negocio-gestion-alquileres] [    Test worker] o.s.b.f.s.DefaultListableBeanFactory     : Creating shared instance of singleton bean 'spring.boot.admin.client-de.codecentric.boot.admin.client.config.ClientProperties'
2025-10-23T17:05:52.153-05:00 DEBUG 31772 --- [ms-negocio-gestion-alquileres] [    Test worker] o.s.b.f.s.DefaultListableBeanFactory     : Autowiring by type from bean name 'restClientBuilder' via factory method to bean named 'restClientBuilderConfigurer'
2025-10-23T17:05:52.163-05:00 DEBUG 31772 --- [ms-negocio-gestion-alquileres] [    Test worker] o.s.b.f.s.DefaultListableBeanFactory     : Autowiring by type from bean name 'registrationClient' via factory method to bean named 'spring.boot.admin.client-de.codecentric.boot.admin.client.config.ClientProperties'
2025-10-23T17:05:52.163-05:00 DEBUG 31772 --- [ms-negocio-gestion-alquileres] [    Test worker] o.s.b.f.s.DefaultListableBeanFactory     : Autowiring by type from bean name 'registrationClient' via factory method to bean named 'restClientBuilder'
2025-10-23T17:05:52.163-05:00 DEBUG 31772 --- [ms-negocio-gestion-alquileres] [    Test worker] o.s.b.f.s.DefaultListableBeanFactory     : Autowiring by type from bean name 'registrationClient' via factory method to bean named 'clientHttpRequestFactoryBuilder'
2025-10-23T17:05:52.166-05:00 DEBUG 31772 --- [ms-negocio-gestion-alquileres] [    Test worker] o.s.b.f.s.DefaultListableBeanFactory     : Creating shared instance of singleton bean 'de.codecentric.boot.admin.client.config.SpringBootAdminClientAutoConfiguration$BlockingRegistrationClientConfig'
2025-10-23T17:05:52.166-05:00 DEBUG 31772 --- [ms-negocio-gestion-alquileres] [    Test worker] o.s.b.f.s.DefaultListableBeanFactory     : Creating shared instance of singleton bean 'de.codecentric.boot.admin.client.config.SpringBootAdminClientAutoConfiguration$ServletConfiguration'
2025-10-23T17:05:52.166-05:00 DEBUG 31772 --- [ms-negocio-gestion-alquileres] [    Test worker] o.s.b.f.s.DefaultListableBeanFactory     : Creating shared instance of singleton bean 'applicationFactory'
2025-10-23T17:05:52.166-05:00 DEBUG 31772 --- [ms-negocio-gestion-alquileres] [    Test worker] o.s.b.f.s.DefaultListableBeanFactory     : Creating shared instance of singleton bean 'spring.boot.admin.client.instance-de.codecentric.boot.admin.client.config.InstanceProperties'
2025-10-23T17:05:52.166-05:00 DEBUG 31772 --- [ms-negocio-gestion-alquileres] [    Test worker] o.s.c.e.PropertySourcesPropertyResolver  : Found key 'spring.application.name' in PropertySource 'environmentProperties' with value of type String
2025-10-23T17:05:52.166-05:00 DEBUG 31772 --- [ms-negocio-gestion-alquileres] [    Test worker] o.s.b.f.s.DefaultListableBeanFactory     : Creating shared instance of singleton bean 'management.server-org.springframework.boot.actuate.autoconfigure.web.server.ManagementServerProperties'
2025-10-23T17:05:52.174-05:00 DEBUG 31772 --- [ms-negocio-gestion-alquileres] [    Test worker] o.s.b.f.s.DefaultListableBeanFactory     : Autowiring by type from bean name 'applicationFactory' via factory method to bean named 'spring.boot.admin.client.instance-de.codecentric.boot.admin.client.config.InstanceProperties'
2025-10-23T17:05:52.174-05:00 DEBUG 31772 --- [ms-negocio-gestion-alquileres] [    Test worker] o.s.b.f.s.DefaultListableBeanFactory     : Autowiring by type from bean name 'applicationFactory' via factory method to bean named 'management.server-org.springframework.boot.actuate.autoconfigure.web.server.ManagementServerProperties'
2025-10-23T17:05:52.174-05:00 DEBUG 31772 --- [ms-negocio-gestion-alquileres] [    Test worker] o.s.b.f.s.DefaultListableBeanFactory     : Autowiring by type from bean name 'applicationFactory' via factory method to bean named 'server-org.springframework.boot.autoconfigure.web.ServerProperties'
2025-10-23T17:05:52.174-05:00 DEBUG 31772 --- [ms-negocio-gestion-alquileres] [    Test worker] o.s.b.f.s.DefaultListableBeanFactory     : Autowiring by type from bean name 'applicationFactory' via factory method to bean named 'servletContext'
2025-10-23T17:05:52.174-05:00 DEBUG 31772 --- [ms-negocio-gestion-alquileres] [    Test worker] o.s.b.f.s.DefaultListableBeanFactory     : Autowiring by type from bean name 'applicationFactory' via factory method to bean named 'pathMappedEndpoints'
2025-10-23T17:05:52.174-05:00 DEBUG 31772 --- [ms-negocio-gestion-alquileres] [    Test worker] o.s.b.f.s.DefaultListableBeanFactory     : Autowiring by type from bean name 'applicationFactory' via factory method to bean named 'management.endpoints.web-org.springframework.boot.actuate.autoconfigure.endpoint.web.WebEndpointProperties'
2025-10-23T17:05:52.174-05:00 DEBUG 31772 --- [ms-negocio-gestion-alquileres] [    Test worker] o.s.b.f.s.DefaultListableBeanFactory     : Autowiring by type from bean name 'applicationFactory' via factory method to bean named 'dispatcherServletRegistration'
2025-10-23T17:05:52.174-05:00 DEBUG 31772 --- [ms-negocio-gestion-alquileres] [    Test worker] o.s.b.f.s.DefaultListableBeanFactory     : Creating shared instance of singleton bean 'startupDateMetadataContributor'
2025-10-23T17:05:52.174-05:00 DEBUG 31772 --- [ms-negocio-gestion-alquileres] [    Test worker] o.s.b.f.s.DefaultListableBeanFactory     : Creating shared instance of singleton bean 'de.codecentric.boot.admin.client.config.SpringBootAdminClientAutoConfiguration'
2025-10-23T17:05:52.183-05:00 DEBUG 31772 --- [ms-negocio-gestion-alquileres] [    Test worker] o.s.b.f.s.DefaultListableBeanFactory     : Creating shared instance of singleton bean 'registrator'
2025-10-23T17:05:52.183-05:00 DEBUG 31772 --- [ms-negocio-gestion-alquileres] [    Test worker] o.s.b.f.s.DefaultListableBeanFactory     : Autowiring by type from bean name 'registrator' via factory method to bean named 'registrationClient'
2025-10-23T17:05:52.183-05:00 DEBUG 31772 --- [ms-negocio-gestion-alquileres] [    Test worker] o.s.b.f.s.DefaultListableBeanFactory     : Autowiring by type from bean name 'registrator' via factory method to bean named 'spring.boot.admin.client-de.codecentric.boot.admin.client.config.ClientProperties'
2025-10-23T17:05:52.183-05:00 DEBUG 31772 --- [ms-negocio-gestion-alquileres] [    Test worker] o.s.b.f.s.DefaultListableBeanFactory     : Autowiring by type from bean name 'registrator' via factory method to bean named 'applicationFactory'
2025-10-23T17:05:52.189-05:00 DEBUG 31772 --- [ms-negocio-gestion-alquileres] [    Test worker] o.s.b.f.s.DefaultListableBeanFactory     : Creating shared instance of singleton bean 'registrationListener'
2025-10-23T17:05:52.189-05:00 DEBUG 31772 --- [ms-negocio-gestion-alquileres] [    Test worker] o.s.b.f.s.DefaultListableBeanFactory     : Autowiring by type from bean name 'registrationListener' via factory method to bean named 'spring.boot.admin.client-de.codecentric.boot.admin.client.config.ClientProperties'
2025-10-23T17:05:52.189-05:00 DEBUG 31772 --- [ms-negocio-gestion-alquileres] [    Test worker] o.s.b.f.s.DefaultListableBeanFactory     : Autowiring by type from bean name 'registrationListener' via factory method to bean named 'registrator'
2025-10-23T17:05:52.189-05:00 DEBUG 31772 --- [ms-negocio-gestion-alquileres] [    Test worker] o.s.b.f.s.DefaultListableBeanFactory     : Autowiring by type from bean name 'registrationListener' via factory method to bean named 'environment'
2025-10-23T17:05:52.189-05:00 DEBUG 31772 --- [ms-negocio-gestion-alquileres] [    Test worker] o.s.s.c.ThreadPoolTaskScheduler          : Initializing ExecutorService
2025-10-23T17:05:52.189-05:00 DEBUG 31772 --- [ms-negocio-gestion-alquileres] [    Test worker] o.s.b.f.s.DefaultListableBeanFactory     : Creating shared instance of singleton bean 'de.codecentric.boot.admin.client.config.SpringNativeClientAutoConfiguration'
2025-10-23T17:05:52.189-05:00 DEBUG 31772 --- [ms-negocio-gestion-alquileres] [    Test worker] o.s.b.f.s.DefaultListableBeanFactory     : Creating shared instance of singleton bean 'org.springdoc.core.configuration.SpringDocConfiguration$QuerydslProvider'
2025-10-23T17:05:52.189-05:00 DEBUG 31772 --- [ms-negocio-gestion-alquileres] [    Test worker] o.s.b.f.s.DefaultListableBeanFactory     : Creating shared instance of singleton bean 'queryDslQuerydslPredicateOperationCustomizer'
2025-10-23T17:05:52.194-05:00 DEBUG 31772 --- [ms-negocio-gestion-alquileres] [    Test worker] o.s.b.f.s.DefaultListableBeanFactory     : Autowiring by type from bean name 'queryDslQuerydslPredicateOperationCustomizer' via factory method to bean named 'org.springdoc.core.properties.SpringDocConfigProperties'
2025-10-23T17:05:52.194-05:00 DEBUG 31772 --- [ms-negocio-gestion-alquileres] [    Test worker] o.s.b.f.s.DefaultListableBeanFactory     : Creating shared instance of singleton bean 'org.springdoc.core.configuration.SpringDocConfiguration$OpenApiResourceAdvice'
2025-10-23T17:05:52.194-05:00 DEBUG 31772 --- [ms-negocio-gestion-alquileres] [    Test worker] o.s.b.f.s.DefaultListableBeanFactory     : Autowiring by type from bean name 'org.springdoc.core.configuration.SpringDocConfiguration$OpenApiResourceAdvice' via constructor to bean named 'org.springdoc.core.configuration.SpringDocConfiguration'
2025-10-23T17:05:52.194-05:00 DEBUG 31772 --- [ms-negocio-gestion-alquileres] [    Test worker] o.s.b.f.s.DefaultListableBeanFactory     : Creating shared instance of singleton bean 'org.springdoc.core.configuration.SpringDocConfiguration$SpringDocWebFluxSupportConfiguration'
2025-10-23T17:05:52.194-05:00 DEBUG 31772 --- [ms-negocio-gestion-alquileres] [    Test worker] o.s.b.f.s.DefaultListableBeanFactory     : Creating shared instance of singleton bean 'webFluxSupportConverter'
2025-10-23T17:05:52.194-05:00 DEBUG 31772 --- [ms-negocio-gestion-alquileres] [    Test worker] o.s.b.f.s.DefaultListableBeanFactory     : Autowiring by type from bean name 'webFluxSupportConverter' via factory method to bean named 'springdocObjectMapperProvider'
2025-10-23T17:05:52.194-05:00 DEBUG 31772 --- [ms-negocio-gestion-alquileres] [    Test worker] o.s.b.f.s.DefaultListableBeanFactory     : Creating shared instance of singleton bean 'org.springdoc.core.configuration.SpringDocConfiguration$SpringDocSpringDataWebPropertiesProvider'
2025-10-23T17:05:52.194-05:00 DEBUG 31772 --- [ms-negocio-gestion-alquileres] [    Test worker] o.s.b.f.s.DefaultListableBeanFactory     : Creating shared instance of singleton bean 'springDataWebPropertiesProvider'
2025-10-23T17:05:52.194-05:00 DEBUG 31772 --- [ms-negocio-gestion-alquileres] [    Test worker] o.s.b.f.s.DefaultListableBeanFactory     : Creating shared instance of singleton bean 'org.springdoc.core.configuration.SpringDocConfiguration$WebConversionServiceConfiguration'
2025-10-23T17:05:52.194-05:00 DEBUG 31772 --- [ms-negocio-gestion-alquileres] [    Test worker] o.s.b.f.s.DefaultListableBeanFactory     : Creating shared instance of singleton bean 'webConversionServiceProvider'
2025-10-23T17:05:52.194-05:00 DEBUG 31772 --- [ms-negocio-gestion-alquileres] [    Test worker] o.s.b.f.s.DefaultListableBeanFactory     : Creating shared instance of singleton bean 'initExtraSchemas'
2025-10-23T17:05:52.194-05:00 DEBUG 31772 --- [ms-negocio-gestion-alquileres] [    Test worker] o.s.b.f.s.DefaultListableBeanFactory     : Creating shared instance of singleton bean 'localSpringDocParameterNameDiscoverer'
2025-10-23T17:05:52.203-05:00 DEBUG 31772 --- [ms-negocio-gestion-alquileres] [    Test worker] o.s.b.f.s.DefaultListableBeanFactory     : Creating shared instance of singleton bean 'additionalModelsConverter'
2025-10-23T17:05:52.203-05:00 DEBUG 31772 --- [ms-negocio-gestion-alquileres] [    Test worker] o.s.b.f.s.DefaultListableBeanFactory     : Autowiring by type from bean name 'additionalModelsConverter' via factory method to bean named 'springdocObjectMapperProvider'
2025-10-23T17:05:52.203-05:00 DEBUG 31772 --- [ms-negocio-gestion-alquileres] [    Test worker] o.s.b.f.s.DefaultListableBeanFactory     : Creating shared instance of singleton bean 'fileSupportConverter'
2025-10-23T17:05:52.203-05:00 DEBUG 31772 --- [ms-negocio-gestion-alquileres] [    Test worker] o.s.b.f.s.DefaultListableBeanFactory     : Autowiring by type from bean name 'fileSupportConverter' via factory method to bean named 'springdocObjectMapperProvider'
2025-10-23T17:05:52.203-05:00 DEBUG 31772 --- [ms-negocio-gestion-alquileres] [    Test worker] o.s.b.f.s.DefaultListableBeanFactory     : Creating shared instance of singleton bean 'responseSupportConverter'
2025-10-23T17:05:52.204-05:00 DEBUG 31772 --- [ms-negocio-gestion-alquileres] [    Test worker] o.s.b.f.s.DefaultListableBeanFactory     : Autowiring by type from bean name 'responseSupportConverter' via factory method to bean named 'springdocObjectMapperProvider'
2025-10-23T17:05:52.204-05:00 DEBUG 31772 --- [ms-negocio-gestion-alquileres] [    Test worker] o.s.b.f.s.DefaultListableBeanFactory     : Creating shared instance of singleton bean 'schemaPropertyDeprecatingConverter'
2025-10-23T17:05:52.205-05:00 DEBUG 31772 --- [ms-negocio-gestion-alquileres] [    Test worker] o.s.b.f.s.DefaultListableBeanFactory     : Creating shared instance of singleton bean 'polymorphicModelConverter'
2025-10-23T17:05:52.205-05:00 DEBUG 31772 --- [ms-negocio-gestion-alquileres] [    Test worker] o.s.b.f.s.DefaultListableBeanFactory     : Autowiring by type from bean name 'polymorphicModelConverter' via factory method to bean named 'springdocObjectMapperProvider'
2025-10-23T17:05:52.205-05:00 DEBUG 31772 --- [ms-negocio-gestion-alquileres] [    Test worker] o.s.b.f.s.DefaultListableBeanFactory     : Creating shared instance of singleton bean 'openAPIBuilder'
2025-10-23T17:05:52.207-05:00 DEBUG 31772 --- [ms-negocio-gestion-alquileres] [    Test worker] o.s.b.f.s.DefaultListableBeanFactory     : Creating shared instance of singleton bean 'securityParser'
2025-10-23T17:05:52.207-05:00 DEBUG 31772 --- [ms-negocio-gestion-alquileres] [    Test worker] o.s.b.f.s.DefaultListableBeanFactory     : Creating shared instance of singleton bean 'propertyResolverUtils'
2025-10-23T17:05:52.209-05:00 DEBUG 31772 --- [ms-negocio-gestion-alquileres] [    Test worker] o.s.b.f.s.DefaultListableBeanFactory     : Autowiring by type from bean name 'propertyResolverUtils' via factory method to bean named 'org.springframework.beans.factory.support.DefaultListableBeanFactory@5b47731f'
2025-10-23T17:05:52.209-05:00 DEBUG 31772 --- [ms-negocio-gestion-alquileres] [    Test worker] o.s.b.f.s.DefaultListableBeanFactory     : Autowiring by type from bean name 'propertyResolverUtils' via factory method to bean named 'messageSource'
2025-10-23T17:05:52.209-05:00 DEBUG 31772 --- [ms-negocio-gestion-alquileres] [    Test worker] o.s.b.f.s.DefaultListableBeanFactory     : Autowiring by type from bean name 'propertyResolverUtils' via factory method to bean named 'org.springdoc.core.properties.SpringDocConfigProperties'
2025-10-23T17:05:52.209-05:00 DEBUG 31772 --- [ms-negocio-gestion-alquileres] [    Test worker] o.s.b.f.s.DefaultListableBeanFactory     : Autowiring by type from bean name 'securityParser' via factory method to bean named 'propertyResolverUtils'
2025-10-23T17:05:52.209-05:00 DEBUG 31772 --- [ms-negocio-gestion-alquileres] [    Test worker] o.s.b.f.s.DefaultListableBeanFactory     : Autowiring by type from bean name 'openAPIBuilder' via factory method to bean named 'securityParser'
2025-10-23T17:05:52.209-05:00 DEBUG 31772 --- [ms-negocio-gestion-alquileres] [    Test worker] o.s.b.f.s.DefaultListableBeanFactory     : Autowiring by type from bean name 'openAPIBuilder' via factory method to bean named 'org.springdoc.core.properties.SpringDocConfigProperties'
2025-10-23T17:05:52.209-05:00 DEBUG 31772 --- [ms-negocio-gestion-alquileres] [    Test worker] o.s.b.f.s.DefaultListableBeanFactory     : Autowiring by type from bean name 'openAPIBuilder' via factory method to bean named 'propertyResolverUtils'
2025-10-23T17:05:52.214-05:00 DEBUG 31772 --- [ms-negocio-gestion-alquileres] [    Test worker] o.s.b.f.s.DefaultListableBeanFactory     : Creating shared instance of singleton bean 'modelConverterRegistrar'
2025-10-23T17:05:52.214-05:00 DEBUG 31772 --- [ms-negocio-gestion-alquileres] [    Test worker] o.s.b.f.s.DefaultListableBeanFactory     : Creating shared instance of singleton bean 'oas31ModelConverter'
2025-10-23T17:05:52.214-05:00 DEBUG 31772 --- [ms-negocio-gestion-alquileres] [    Test worker] o.s.b.f.s.DefaultListableBeanFactory     : Autowiring by type from bean name 'oas31ModelConverter' via factory method to bean named 'org.springdoc.core.properties.SpringDocConfigProperties'
2025-10-23T17:05:52.214-05:00 DEBUG 31772 --- [ms-negocio-gestion-alquileres] [    Test worker] o.s.b.f.s.DefaultListableBeanFactory     : Creating shared instance of singleton bean 'pageableOpenAPIConverter'
2025-10-23T17:05:52.214-05:00 DEBUG 31772 --- [ms-negocio-gestion-alquileres] [    Test worker] o.s.b.f.s.DefaultListableBeanFactory     : Creating shared instance of singleton bean 'org.springdoc.core.configuration.SpringDocPageableConfiguration'
2025-10-23T17:05:52.214-05:00 DEBUG 31772 --- [ms-negocio-gestion-alquileres] [    Test worker] o.s.b.f.s.DefaultListableBeanFactory     : Autowiring by type from bean name 'pageableOpenAPIConverter' via factory method to bean named 'springdocObjectMapperProvider'
2025-10-23T17:05:52.214-05:00 DEBUG 31772 --- [ms-negocio-gestion-alquileres] [    Test worker] o.s.b.f.s.DefaultListableBeanFactory     : Creating shared instance of singleton bean 'pageOpenAPIConverter'
2025-10-23T17:05:52.220-05:00 DEBUG 31772 --- [ms-negocio-gestion-alquileres] [    Test worker] o.s.b.f.s.DefaultListableBeanFactory     : Autowiring by type from bean name 'pageOpenAPIConverter' via factory method to bean named 'springdocObjectMapperProvider'
2025-10-23T17:05:52.221-05:00 DEBUG 31772 --- [ms-negocio-gestion-alquileres] [    Test worker] o.s.b.f.s.DefaultListableBeanFactory     : Creating shared instance of singleton bean 'sortOpenAPIConverter'
2025-10-23T17:05:52.221-05:00 DEBUG 31772 --- [ms-negocio-gestion-alquileres] [    Test worker] o.s.b.f.s.DefaultListableBeanFactory     : Creating shared instance of singleton bean 'org.springdoc.core.configuration.SpringDocSortConfiguration'
2025-10-23T17:05:52.221-05:00 DEBUG 31772 --- [ms-negocio-gestion-alquileres] [    Test worker] o.s.b.f.s.DefaultListableBeanFactory     : Autowiring by type from bean name 'sortOpenAPIConverter' via factory method to bean named 'springdocObjectMapperProvider'
2025-10-23T17:05:52.221-05:00 DEBUG 31772 --- [ms-negocio-gestion-alquileres] [    Test worker] o.s.b.f.s.DefaultListableBeanFactory     : Autowiring by type from bean name 'modelConverterRegistrar' via factory method to bean named 'org.springdoc.core.properties.SpringDocConfigProperties'
2025-10-23T17:05:52.237-05:00 DEBUG 31772 --- [ms-negocio-gestion-alquileres] [    Test worker] o.s.b.f.s.DefaultListableBeanFactory     : Creating shared instance of singleton bean 'operationBuilder'
2025-10-23T17:05:52.237-05:00 DEBUG 31772 --- [ms-negocio-gestion-alquileres] [    Test worker] o.s.b.f.s.DefaultListableBeanFactory     : Creating shared instance of singleton bean 'parameterBuilder'
2025-10-23T17:05:52.238-05:00 DEBUG 31772 --- [ms-negocio-gestion-alquileres] [    Test worker] o.s.b.f.s.DefaultListableBeanFactory     : Creating shared instance of singleton bean 'parameterObjectNamingStrategyCustomizer'
2025-10-23T17:05:52.239-05:00 DEBUG 31772 --- [ms-negocio-gestion-alquileres] [    Test worker] o.s.b.f.s.DefaultListableBeanFactory     : Creating shared instance of singleton bean 'dataRestDelegatingMethodParameterCustomizer'
2025-10-23T17:05:52.243-05:00 DEBUG 31772 --- [ms-negocio-gestion-alquileres] [    Test worker] o.s.b.f.s.DefaultListableBeanFactory     : Autowiring by type from bean name 'parameterBuilder' via factory method to bean named 'propertyResolverUtils'
2025-10-23T17:05:52.243-05:00 DEBUG 31772 --- [ms-negocio-gestion-alquileres] [    Test worker] o.s.b.f.s.DefaultListableBeanFactory     : Autowiring by type from bean name 'parameterBuilder' via factory method to bean named 'springdocObjectMapperProvider'
2025-10-23T17:05:52.247-05:00 DEBUG 31772 --- [ms-negocio-gestion-alquileres] [    Test worker] o.s.b.f.s.DefaultListableBeanFactory     : Creating shared instance of singleton bean 'requestBodyBuilder'
2025-10-23T17:05:52.248-05:00 DEBUG 31772 --- [ms-negocio-gestion-alquileres] [    Test worker] o.s.b.f.s.DefaultListableBeanFactory     : Autowiring by type from bean name 'requestBodyBuilder' via factory method to bean named 'parameterBuilder'
2025-10-23T17:05:52.248-05:00 DEBUG 31772 --- [ms-negocio-gestion-alquileres] [    Test worker] o.s.b.f.s.DefaultListableBeanFactory     : Autowiring by type from bean name 'requestBodyBuilder' via factory method to bean named 'propertyResolverUtils'
2025-10-23T17:05:52.249-05:00 DEBUG 31772 --- [ms-negocio-gestion-alquileres] [    Test worker] o.s.b.f.s.DefaultListableBeanFactory     : Autowiring by type from bean name 'operationBuilder' via factory method to bean named 'parameterBuilder'
2025-10-23T17:05:52.249-05:00 DEBUG 31772 --- [ms-negocio-gestion-alquileres] [    Test worker] o.s.b.f.s.DefaultListableBeanFactory     : Autowiring by type from bean name 'operationBuilder' via factory method to bean named 'requestBodyBuilder'
2025-10-23T17:05:52.249-05:00 DEBUG 31772 --- [ms-negocio-gestion-alquileres] [    Test worker] o.s.b.f.s.DefaultListableBeanFactory     : Autowiring by type from bean name 'operationBuilder' via factory method to bean named 'securityParser'
2025-10-23T17:05:52.249-05:00 DEBUG 31772 --- [ms-negocio-gestion-alquileres] [    Test worker] o.s.b.f.s.DefaultListableBeanFactory     : Autowiring by type from bean name 'operationBuilder' via factory method to bean named 'propertyResolverUtils'
2025-10-23T17:05:52.250-05:00 DEBUG 31772 --- [ms-negocio-gestion-alquileres] [    Test worker] o.s.b.f.s.DefaultListableBeanFactory     : Creating shared instance of singleton bean 'springDocProviders'
2025-10-23T17:05:52.253-05:00 DEBUG 31772 --- [ms-negocio-gestion-alquileres] [    Test worker] o.s.b.f.s.DefaultListableBeanFactory     : Creating shared instance of singleton bean 'routerFunctionProvider'
2025-10-23T17:05:52.253-05:00 DEBUG 31772 --- [ms-negocio-gestion-alquileres] [    Test worker] o.s.b.f.s.DefaultListableBeanFactory     : Creating shared instance of singleton bean 'org.springdoc.webmvc.core.configuration.SpringDocWebMvcConfiguration$SpringDocWebMvcRouterConfiguration'
2025-10-23T17:05:52.254-05:00 DEBUG 31772 --- [ms-negocio-gestion-alquileres] [    Test worker] o.s.b.f.s.DefaultListableBeanFactory     : Autowiring by type from bean name 'springDocProviders' via factory method to bean named 'springdocObjectMapperProvider'
2025-10-23T17:05:52.256-05:00 DEBUG 31772 --- [ms-negocio-gestion-alquileres] [    Test worker] o.s.b.f.s.DefaultListableBeanFactory     : Creating shared instance of singleton bean 'springDocCustomizers'
2025-10-23T17:05:52.258-05:00 DEBUG 31772 --- [ms-negocio-gestion-alquileres] [    Test worker] o.s.b.f.s.DefaultListableBeanFactory     : Creating shared instance of singleton bean 'globalOpenApiCustomizer'
2025-10-23T17:05:52.263-05:00 DEBUG 31772 --- [ms-negocio-gestion-alquileres] [    Test worker] o.s.b.f.s.DefaultListableBeanFactory     : Creating shared instance of singleton bean 'org.springdoc.webmvc.core.configuration.SpringDocWebMvcConfiguration$SpringDocWebMvcActuatorConfiguration'
2025-10-23T17:05:52.264-05:00 DEBUG 31772 --- [ms-negocio-gestion-alquileres] [    Test worker] o.s.b.f.s.DefaultListableBeanFactory     : Creating shared instance of singleton bean 'openApiResource'
2025-10-23T17:05:52.265-05:00 DEBUG 31772 --- [ms-negocio-gestion-alquileres] [    Test worker] o.s.b.f.s.DefaultListableBeanFactory     : Creating shared instance of singleton bean 'requestBuilder'
2025-10-23T17:05:52.266-05:00 DEBUG 31772 --- [ms-negocio-gestion-alquileres] [    Test worker] o.s.b.f.s.DefaultListableBeanFactory     : Autowiring by type from bean name 'requestBuilder' via factory method to bean named 'parameterBuilder'
2025-10-23T17:05:52.266-05:00 DEBUG 31772 --- [ms-negocio-gestion-alquileres] [    Test worker] o.s.b.f.s.DefaultListableBeanFactory     : Autowiring by type from bean name 'requestBuilder' via factory method to bean named 'requestBodyBuilder'
2025-10-23T17:05:52.266-05:00 DEBUG 31772 --- [ms-negocio-gestion-alquileres] [    Test worker] o.s.b.f.s.DefaultListableBeanFactory     : Autowiring by type from bean name 'requestBuilder' via factory method to bean named 'localSpringDocParameterNameDiscoverer'
2025-10-23T17:05:52.267-05:00 DEBUG 31772 --- [ms-negocio-gestion-alquileres] [    Test worker] o.s.b.f.s.DefaultListableBeanFactory     : Creating shared instance of singleton bean 'responseBuilder'
2025-10-23T17:05:52.270-05:00 DEBUG 31772 --- [ms-negocio-gestion-alquileres] [    Test worker] o.s.b.f.s.DefaultListableBeanFactory     : Autowiring by type from bean name 'responseBuilder' via factory method to bean named 'operationBuilder'
2025-10-23T17:05:52.270-05:00 DEBUG 31772 --- [ms-negocio-gestion-alquileres] [    Test worker] o.s.b.f.s.DefaultListableBeanFactory     : Autowiring by type from bean name 'responseBuilder' via factory method to bean named 'org.springdoc.core.properties.SpringDocConfigProperties'
2025-10-23T17:05:52.270-05:00 DEBUG 31772 --- [ms-negocio-gestion-alquileres] [    Test worker] o.s.b.f.s.DefaultListableBeanFactory     : Autowiring by type from bean name 'responseBuilder' via factory method to bean named 'propertyResolverUtils'
2025-10-23T17:05:52.275-05:00 DEBUG 31772 --- [ms-negocio-gestion-alquileres] [    Test worker] o.s.b.f.s.DefaultListableBeanFactory     : Autowiring by type from bean name 'openApiResource' via factory method to bean named 'requestBuilder'
2025-10-23T17:05:52.275-05:00 DEBUG 31772 --- [ms-negocio-gestion-alquileres] [    Test worker] o.s.b.f.s.DefaultListableBeanFactory     : Autowiring by type from bean name 'openApiResource' via factory method to bean named 'responseBuilder'
2025-10-23T17:05:52.275-05:00 DEBUG 31772 --- [ms-negocio-gestion-alquileres] [    Test worker] o.s.b.f.s.DefaultListableBeanFactory     : Autowiring by type from bean name 'openApiResource' via factory method to bean named 'operationBuilder'
2025-10-23T17:05:52.275-05:00 DEBUG 31772 --- [ms-negocio-gestion-alquileres] [    Test worker] o.s.b.f.s.DefaultListableBeanFactory     : Autowiring by type from bean name 'openApiResource' via factory method to bean named 'org.springdoc.core.properties.SpringDocConfigProperties'
2025-10-23T17:05:52.275-05:00 DEBUG 31772 --- [ms-negocio-gestion-alquileres] [    Test worker] o.s.b.f.s.DefaultListableBeanFactory     : Autowiring by type from bean name 'openApiResource' via factory method to bean named 'springDocProviders'
2025-10-23T17:05:52.275-05:00 DEBUG 31772 --- [ms-negocio-gestion-alquileres] [    Test worker] o.s.b.f.s.DefaultListableBeanFactory     : Autowiring by type from bean name 'openApiResource' via factory method to bean named 'springDocCustomizers'
2025-10-23T17:05:52.278-05:00 DEBUG 31772 --- [ms-negocio-gestion-alquileres] [    Test worker] o.s.b.f.s.DefaultListableBeanFactory     : Creating shared instance of singleton bean 'swaggerConfigResource'
2025-10-23T17:05:52.279-05:00 DEBUG 31772 --- [ms-negocio-gestion-alquileres] [    Test worker] o.s.b.f.s.DefaultListableBeanFactory     : Autowiring by type from bean name 'swaggerConfigResource' via factory method to bean named 'swaggerWelcome'
2025-10-23T17:05:52.279-05:00 DEBUG 31772 --- [ms-negocio-gestion-alquileres] [    Test worker] o.s.b.f.s.DefaultListableBeanFactory     : Creating shared instance of singleton bean 'org.springframework.boot.actuate.autoconfigure.audit.AuditEventsEndpointAutoConfiguration'
2025-10-23T17:05:52.281-05:00 DEBUG 31772 --- [ms-negocio-gestion-alquileres] [    Test worker] o.s.b.f.s.DefaultListableBeanFactory     : Creating shared instance of singleton bean 'org.springframework.boot.autoconfigure.transaction.jta.JtaAutoConfiguration'
2025-10-23T17:05:52.281-05:00 DEBUG 31772 --- [ms-negocio-gestion-alquileres] [    Test worker] o.s.b.f.s.DefaultListableBeanFactory     : Creating shared instance of singleton bean 'org.springframework.boot.autoconfigure.jdbc.metadata.DataSourcePoolMetadataProvidersConfiguration'
2025-10-23T17:05:52.281-05:00 DEBUG 31772 --- [ms-negocio-gestion-alquileres] [    Test worker] o.s.b.f.s.DefaultListableBeanFactory     : Creating shared instance of singleton bean 'org.springframework.boot.autoconfigure.jdbc.DataSourceAutoConfiguration'
2025-10-23T17:05:52.281-05:00 DEBUG 31772 --- [ms-negocio-gestion-alquileres] [    Test worker] o.s.b.f.s.DefaultListableBeanFactory     : Creating shared instance of singleton bean 'org.springframework.boot.autoconfigure.transaction.TransactionManagerCustomizationAutoConfiguration'
2025-10-23T17:05:52.281-05:00 DEBUG 31772 --- [ms-negocio-gestion-alquileres] [    Test worker] o.s.b.f.s.DefaultListableBeanFactory     : Creating shared instance of singleton bean 'platformTransactionManagerCustomizers'
2025-10-23T17:05:52.282-05:00 DEBUG 31772 --- [ms-negocio-gestion-alquileres] [    Test worker] o.s.b.f.s.DefaultListableBeanFactory     : Creating shared instance of singleton bean 'transactionExecutionListeners'
2025-10-23T17:05:52.283-05:00 DEBUG 31772 --- [ms-negocio-gestion-alquileres] [    Test worker] o.s.b.f.s.DefaultListableBeanFactory     : Creating shared instance of singleton bean 'spring.transaction-org.springframework.boot.autoconfigure.transaction.TransactionProperties'
2025-10-23T17:05:52.284-05:00 DEBUG 31772 --- [ms-negocio-gestion-alquileres] [    Test worker] o.s.b.f.s.DefaultListableBeanFactory     : Creating shared instance of singleton bean 'loggingRebinder'
2025-10-23T17:05:52.285-05:00 DEBUG 31772 --- [ms-negocio-gestion-alquileres] [    Test worker] o.s.b.f.s.DefaultListableBeanFactory     : Creating shared instance of singleton bean 'refreshScopeLifecycle'
2025-10-23T17:05:52.285-05:00 DEBUG 31772 --- [ms-negocio-gestion-alquileres] [    Test worker] o.s.b.f.s.DefaultListableBeanFactory     : Autowiring by type from bean name 'refreshScopeLifecycle' via factory method to bean named 'configDataContextRefresher'
2025-10-23T17:05:52.285-05:00 DEBUG 31772 --- [ms-negocio-gestion-alquileres] [    Test worker] o.s.b.f.s.DefaultListableBeanFactory     : Creating shared instance of singleton bean 'refreshEventListener'
2025-10-23T17:05:52.286-05:00 DEBUG 31772 --- [ms-negocio-gestion-alquileres] [    Test worker] o.s.b.f.s.DefaultListableBeanFactory     : Autowiring by type from bean name 'refreshEventListener' via factory method to bean named 'configDataContextRefresher'
2025-10-23T17:05:52.291-05:00 DEBUG 31772 --- [ms-negocio-gestion-alquileres] [    Test worker] o.s.b.f.s.DefaultListableBeanFactory     : Creating shared instance of singleton bean 'org.springframework.boot.autoconfigure.orm.jpa.JpaBaseConfiguration$PersistenceManagedTypesConfiguration'
2025-10-23T17:05:52.293-05:00 DEBUG 31772 --- [ms-negocio-gestion-alquileres] [    Test worker] o.s.b.f.s.DefaultListableBeanFactory     : Creating shared instance of singleton bean 'transactionManager'
2025-10-23T17:05:52.302-05:00 DEBUG 31772 --- [ms-negocio-gestion-alquileres] [    Test worker] o.s.b.f.s.DefaultListableBeanFactory     : Creating shared instance of singleton bean 'org.springframework.boot.autoconfigure.orm.jpa.HibernateJpaAutoConfiguration'
2025-10-23T17:05:52.302-05:00 DEBUG 31772 --- [ms-negocio-gestion-alquileres] [    Test worker] o.s.b.f.s.DefaultListableBeanFactory     : Creating shared instance of singleton bean 'healthEndpointGroupMembershipValidator'
2025-10-23T17:05:52.303-05:00 DEBUG 31772 --- [ms-negocio-gestion-alquileres] [    Test worker] o.s.b.f.s.DefaultListableBeanFactory     : Autowiring by type from bean name 'healthEndpointGroupMembershipValidator' via factory method to bean named 'management.endpoint.health-org.springframework.boot.actuate.autoconfigure.health.HealthEndpointProperties'
2025-10-23T17:05:52.303-05:00 DEBUG 31772 --- [ms-negocio-gestion-alquileres] [    Test worker] o.s.b.f.s.DefaultListableBeanFactory     : Autowiring by type from bean name 'healthEndpointGroupMembershipValidator' via factory method to bean named 'healthContributorRegistry'
2025-10-23T17:05:52.307-05:00 DEBUG 31772 --- [ms-negocio-gestion-alquileres] [    Test worker] o.s.b.f.s.DefaultListableBeanFactory     : Creating shared instance of singleton bean 'org.springframework.boot.actuate.autoconfigure.health.ReactiveHealthEndpointConfiguration'
2025-10-23T17:05:52.312-05:00 DEBUG 31772 --- [ms-negocio-gestion-alquileres] [    Test worker] o.s.b.f.s.DefaultListableBeanFactory     : Creating shared instance of singleton bean 'reactiveHealthContributorRegistry'
2025-10-23T17:05:52.312-05:00 DEBUG 31772 --- [ms-negocio-gestion-alquileres] [    Test worker] o.s.b.f.s.DefaultListableBeanFactory     : Autowiring by type from bean name 'reactiveHealthContributorRegistry' via factory method to bean named 'livenessStateHealthIndicator'
2025-10-23T17:05:52.312-05:00 DEBUG 31772 --- [ms-negocio-gestion-alquileres] [    Test worker] o.s.b.f.s.DefaultListableBeanFactory     : Autowiring by type from bean name 'reactiveHealthContributorRegistry' via factory method to bean named 'readinessStateHealthIndicator'
2025-10-23T17:05:52.312-05:00 DEBUG 31772 --- [ms-negocio-gestion-alquileres] [    Test worker] o.s.b.f.s.DefaultListableBeanFactory     : Autowiring by type from bean name 'reactiveHealthContributorRegistry' via factory method to bean named 'sslHealthIndicator'
2025-10-23T17:05:52.312-05:00 DEBUG 31772 --- [ms-negocio-gestion-alquileres] [    Test worker] o.s.b.f.s.DefaultListableBeanFactory     : Autowiring by type from bean name 'reactiveHealthContributorRegistry' via factory method to bean named 'diskSpaceHealthIndicator'
2025-10-23T17:05:52.312-05:00 DEBUG 31772 --- [ms-negocio-gestion-alquileres] [    Test worker] o.s.b.f.s.DefaultListableBeanFactory     : Autowiring by type from bean name 'reactiveHealthContributorRegistry' via factory method to bean named 'pingHealthContributor'
2025-10-23T17:05:52.312-05:00 DEBUG 31772 --- [ms-negocio-gestion-alquileres] [    Test worker] o.s.b.f.s.DefaultListableBeanFactory     : Autowiring by type from bean name 'reactiveHealthContributorRegistry' via factory method to bean named 'dbHealthContributor'
2025-10-23T17:05:52.312-05:00 DEBUG 31772 --- [ms-negocio-gestion-alquileres] [    Test worker] o.s.b.f.s.DefaultListableBeanFactory     : Autowiring by type from bean name 'reactiveHealthContributorRegistry' via factory method to bean named 'refreshScopeHealthIndicator'
2025-10-23T17:05:52.312-05:00 DEBUG 31772 --- [ms-negocio-gestion-alquileres] [    Test worker] o.s.b.f.s.DefaultListableBeanFactory     : Autowiring by type from bean name 'reactiveHealthContributorRegistry' via factory method to bean named 'discoveryCompositeHealthContributor'
2025-10-23T17:05:52.312-05:00 DEBUG 31772 --- [ms-negocio-gestion-alquileres] [    Test worker] o.s.b.f.s.DefaultListableBeanFactory     : Autowiring by type from bean name 'reactiveHealthContributorRegistry' via factory method to bean named 'clientConfigServerHealthIndicator'
2025-10-23T17:05:52.312-05:00 DEBUG 31772 --- [ms-negocio-gestion-alquileres] [    Test worker] o.s.b.f.s.DefaultListableBeanFactory     : Autowiring by type from bean name 'reactiveHealthContributorRegistry' via factory method to bean named 'healthEndpointGroups'
2025-10-23T17:05:52.318-05:00 DEBUG 31772 --- [ms-negocio-gestion-alquileres] [    Test worker] o.s.b.f.s.DefaultListableBeanFactory     : Creating shared instance of singleton bean 'org.springframework.boot.actuate.autoconfigure.health.HealthEndpointWebExtensionConfiguration$MvcAdditionalHealthEndpointPathsConfiguration'
2025-10-23T17:05:52.318-05:00 DEBUG 31772 --- [ms-negocio-gestion-alquileres] [    Test worker] o.s.b.f.s.DefaultListableBeanFactory     : Creating shared instance of singleton bean 'healthEndpointWebMvcHandlerMapping'
2025-10-23T17:05:52.319-05:00 DEBUG 31772 --- [ms-negocio-gestion-alquileres] [    Test worker] o.s.b.f.s.DefaultListableBeanFactory     : Autowiring by type from bean name 'healthEndpointWebMvcHandlerMapping' via factory method to bean named 'webEndpointDiscoverer'
2025-10-23T17:05:52.319-05:00 DEBUG 31772 --- [ms-negocio-gestion-alquileres] [    Test worker] o.s.b.f.s.DefaultListableBeanFactory     : Autowiring by type from bean name 'healthEndpointWebMvcHandlerMapping' via factory method to bean named 'healthEndpointGroups'
2025-10-23T17:05:52.328-05:00 DEBUG 31772 --- [ms-negocio-gestion-alquileres] [    Test worker] o.s.b.f.s.DefaultListableBeanFactory     : Creating shared instance of singleton bean 'org.springframework.boot.actuate.autoconfigure.health.HealthEndpointAutoConfiguration'
2025-10-23T17:05:52.328-05:00 DEBUG 31772 --- [ms-negocio-gestion-alquileres] [    Test worker] o.s.b.f.s.DefaultListableBeanFactory     : Creating shared instance of singleton bean 'org.springframework.boot.autoconfigure.info.ProjectInfoAutoConfiguration'
2025-10-23T17:05:52.328-05:00 DEBUG 31772 --- [ms-negocio-gestion-alquileres] [    Test worker] o.s.b.f.s.DefaultListableBeanFactory     : Creating shared instance of singleton bean 'spring.info-org.springframework.boot.autoconfigure.info.ProjectInfoProperties'
2025-10-23T17:05:52.328-05:00 DEBUG 31772 --- [ms-negocio-gestion-alquileres] [    Test worker] o.s.b.f.s.DefaultListableBeanFactory     : Autowiring by type from bean name 'org.springframework.boot.autoconfigure.info.ProjectInfoAutoConfiguration' via constructor to bean named 'spring.info-org.springframework.boot.autoconfigure.info.ProjectInfoProperties'
2025-10-23T17:05:52.328-05:00 DEBUG 31772 --- [ms-negocio-gestion-alquileres] [    Test worker] o.s.b.f.s.DefaultListableBeanFactory     : Creating shared instance of singleton bean 'org.springframework.boot.actuate.autoconfigure.info.InfoContributorAutoConfiguration'
2025-10-23T17:05:52.328-05:00 DEBUG 31772 --- [ms-negocio-gestion-alquileres] [    Test worker] o.s.b.f.s.DefaultListableBeanFactory     : Creating shared instance of singleton bean 'management.info-org.springframework.boot.actuate.autoconfigure.info.InfoContributorProperties'
2025-10-23T17:05:52.328-05:00 DEBUG 31772 --- [ms-negocio-gestion-alquileres] [    Test worker] o.s.b.f.s.DefaultListableBeanFactory     : Creating shared instance of singleton bean 'org.springframework.boot.actuate.autoconfigure.web.servlet.ServletManagementContextAutoConfiguration'
2025-10-23T17:05:52.328-05:00 DEBUG 31772 --- [ms-negocio-gestion-alquileres] [    Test worker] o.s.b.f.s.DefaultListableBeanFactory     : Creating shared instance of singleton bean 'servletWebChildContextFactory'
2025-10-23T17:05:52.328-05:00 DEBUG 31772 --- [ms-negocio-gestion-alquileres] [    Test worker] o.s.b.f.s.DefaultListableBeanFactory     : Creating shared instance of singleton bean 'managementServletContext'
2025-10-23T17:05:52.328-05:00 DEBUG 31772 --- [ms-negocio-gestion-alquileres] [    Test worker] o.s.b.f.s.DefaultListableBeanFactory     : Autowiring by type from bean name 'managementServletContext' via factory method to bean named 'management.endpoints.web-org.springframework.boot.actuate.autoconfigure.endpoint.web.WebEndpointProperties'
2025-10-23T17:05:52.336-05:00 DEBUG 31772 --- [ms-negocio-gestion-alquileres] [    Test worker] o.s.b.f.s.DefaultListableBeanFactory     : Creating shared instance of singleton bean 'org.springframework.cloud.autoconfigure.LifecycleMvcEndpointAutoConfiguration'
2025-10-23T17:05:52.336-05:00 DEBUG 31772 --- [ms-negocio-gestion-alquileres] [    Test worker] o.s.b.f.s.DefaultListableBeanFactory     : Creating shared instance of singleton bean 'environmentManager'
2025-10-23T17:05:52.336-05:00 DEBUG 31772 --- [ms-negocio-gestion-alquileres] [    Test worker] o.s.b.f.s.DefaultListableBeanFactory     : Autowiring by type from bean name 'environmentManager' via factory method to bean named 'environment'
2025-10-23T17:05:52.337-05:00 DEBUG 31772 --- [ms-negocio-gestion-alquileres] [    Test worker] o.s.b.f.s.DefaultListableBeanFactory     : Creating shared instance of singleton bean 'org.springframework.boot.actuate.autoconfigure.logging.LogFileWebEndpointAutoConfiguration'
2025-10-23T17:05:52.337-05:00 DEBUG 31772 --- [ms-negocio-gestion-alquileres] [    Test worker] o.s.b.f.s.DefaultListableBeanFactory     : Creating shared instance of singleton bean 'management.endpoint.logfile-org.springframework.boot.actuate.autoconfigure.logging.LogFileWebEndpointProperties'
2025-10-23T17:05:52.337-05:00 DEBUG 31772 --- [ms-negocio-gestion-alquileres] [    Test worker] o.s.b.f.s.DefaultListableBeanFactory     : Creating shared instance of singleton bean 'meterRegistryCloser'
2025-10-23T17:05:52.338-05:00 DEBUG 31772 --- [ms-negocio-gestion-alquileres] [    Test worker] o.s.b.f.s.DefaultListableBeanFactory     : Creating shared instance of singleton bean 'org.springframework.boot.actuate.autoconfigure.metrics.CompositeMeterRegistryAutoConfiguration'
2025-10-23T17:05:52.338-05:00 DEBUG 31772 --- [ms-negocio-gestion-alquileres] [    Test worker] o.s.b.f.s.DefaultListableBeanFactory     : Creating shared instance of singleton bean 'org.springframework.boot.actuate.autoconfigure.metrics.JvmMetricsAutoConfiguration'
2025-10-23T17:05:52.338-05:00 DEBUG 31772 --- [ms-negocio-gestion-alquileres] [    Test worker] o.s.b.f.s.DefaultListableBeanFactory     : Creating shared instance of singleton bean 'jvmGcMetrics'
2025-10-23T17:05:52.344-05:00 DEBUG 31772 --- [ms-negocio-gestion-alquileres] [    Test worker] o.s.b.f.s.DefaultListableBeanFactory     : Creating shared instance of singleton bean 'jvmHeapPressureMetrics'
2025-10-23T17:05:52.346-05:00 DEBUG 31772 --- [ms-negocio-gestion-alquileres] [    Test worker] o.s.b.f.s.DefaultListableBeanFactory     : Creating shared instance of singleton bean 'jvmMemoryMetrics'
2025-10-23T17:05:52.346-05:00 DEBUG 31772 --- [ms-negocio-gestion-alquileres] [    Test worker] o.s.b.f.s.DefaultListableBeanFactory     : Creating shared instance of singleton bean 'jvmThreadMetrics'
2025-10-23T17:05:52.347-05:00 DEBUG 31772 --- [ms-negocio-gestion-alquileres] [    Test worker] o.s.b.f.s.DefaultListableBeanFactory     : Creating shared instance of singleton bean 'classLoaderMetrics'
2025-10-23T17:05:52.347-05:00 DEBUG 31772 --- [ms-negocio-gestion-alquileres] [    Test worker] o.s.b.f.s.DefaultListableBeanFactory     : Creating shared instance of singleton bean 'jvmInfoMetrics'
2025-10-23T17:05:52.347-05:00 DEBUG 31772 --- [ms-negocio-gestion-alquileres] [    Test worker] o.s.b.f.s.DefaultListableBeanFactory     : Creating shared instance of singleton bean 'jvmCompilationMetrics'
2025-10-23T17:05:52.349-05:00 DEBUG 31772 --- [ms-negocio-gestion-alquileres] [    Test worker] o.s.b.f.s.DefaultListableBeanFactory     : Creating shared instance of singleton bean 'org.springframework.boot.actuate.autoconfigure.metrics.LogbackMetricsAutoConfiguration'
2025-10-23T17:05:52.349-05:00 DEBUG 31772 --- [ms-negocio-gestion-alquileres] [    Test worker] o.s.b.f.s.DefaultListableBeanFactory     : Creating shared instance of singleton bean 'logbackMetrics'
2025-10-23T17:05:52.350-05:00 DEBUG 31772 --- [ms-negocio-gestion-alquileres] [    Test worker] o.s.b.f.s.DefaultListableBeanFactory     : Creating shared instance of singleton bean 'org.springframework.boot.actuate.autoconfigure.metrics.SystemMetricsAutoConfiguration'
2025-10-23T17:05:52.350-05:00 DEBUG 31772 --- [ms-negocio-gestion-alquileres] [    Test worker] o.s.b.f.s.DefaultListableBeanFactory     : Creating shared instance of singleton bean 'uptimeMetrics'
2025-10-23T17:05:52.350-05:00 DEBUG 31772 --- [ms-negocio-gestion-alquileres] [    Test worker] o.s.b.f.s.DefaultListableBeanFactory     : Creating shared instance of singleton bean 'processorMetrics'
2025-10-23T17:05:52.352-05:00 DEBUG 31772 --- [ms-negocio-gestion-alquileres] [    Test worker] o.s.b.f.s.DefaultListableBeanFactory     : Creating shared instance of singleton bean 'fileDescriptorMetrics'
2025-10-23T17:05:52.353-05:00 DEBUG 31772 --- [ms-negocio-gestion-alquileres] [    Test worker] o.s.b.f.s.DefaultListableBeanFactory     : Creating shared instance of singleton bean 'diskSpaceMetrics'
2025-10-23T17:05:52.353-05:00 DEBUG 31772 --- [ms-negocio-gestion-alquileres] [    Test worker] o.s.b.f.s.DefaultListableBeanFactory     : Autowiring by type from bean name 'diskSpaceMetrics' via factory method to bean named 'management.metrics-org.springframework.boot.actuate.autoconfigure.metrics.MetricsProperties'
2025-10-23T17:05:52.354-05:00 DEBUG 31772 --- [ms-negocio-gestion-alquileres] [    Test worker] o.s.b.f.s.DefaultListableBeanFactory     : Creating shared instance of singleton bean 'org.springframework.boot.actuate.autoconfigure.metrics.integration.IntegrationMetricsAutoConfiguration'
2025-10-23T17:05:52.354-05:00 DEBUG 31772 --- [ms-negocio-gestion-alquileres] [    Test worker] o.s.b.f.s.DefaultListableBeanFactory     : Creating shared instance of singleton bean 'org.springframework.boot.actuate.autoconfigure.metrics.jdbc.DataSourcePoolMetricsAutoConfiguration$HikariDataSourceMetricsConfiguration'
2025-10-23T17:05:52.354-05:00 DEBUG 31772 --- [ms-negocio-gestion-alquileres] [    Test worker] o.s.b.f.s.DefaultListableBeanFactory     : Creating shared instance of singleton bean 'hikariDataSourceMeterBinder'
2025-10-23T17:05:52.355-05:00 DEBUG 31772 --- [ms-negocio-gestion-alquileres] [    Test worker] o.s.b.f.s.DefaultListableBeanFactory     : Creating shared instance of singleton bean 'org.springframework.boot.actuate.autoconfigure.metrics.jdbc.DataSourcePoolMetricsAutoConfiguration$DataSourcePoolMetadataMetricsConfiguration'
2025-10-23T17:05:52.355-05:00 DEBUG 31772 --- [ms-negocio-gestion-alquileres] [    Test worker] o.s.b.f.s.DefaultListableBeanFactory     : Creating shared instance of singleton bean 'dataSourcePoolMetadataMeterBinder'
2025-10-23T17:05:52.355-05:00 DEBUG 31772 --- [ms-negocio-gestion-alquileres] [    Test worker] o.s.b.f.s.DefaultListableBeanFactory     : Autowiring by type from bean name 'dataSourcePoolMetadataMeterBinder' via factory method to bean named 'org.springframework.beans.factory.support.DefaultListableBeanFactory@5b47731f'
2025-10-23T17:05:52.356-05:00 DEBUG 31772 --- [ms-negocio-gestion-alquileres] [    Test worker] o.s.b.f.s.DefaultListableBeanFactory     : Creating shared instance of singleton bean 'org.springframework.boot.actuate.autoconfigure.metrics.jdbc.DataSourcePoolMetricsAutoConfiguration'
2025-10-23T17:05:52.356-05:00 DEBUG 31772 --- [ms-negocio-gestion-alquileres] [    Test worker] o.s.b.f.s.DefaultListableBeanFactory     : Creating shared instance of singleton bean 'org.springframework.boot.actuate.autoconfigure.metrics.startup.StartupTimeMetricsListenerAutoConfiguration'
2025-10-23T17:05:52.356-05:00 DEBUG 31772 --- [ms-negocio-gestion-alquileres] [    Test worker] o.s.b.f.s.DefaultListableBeanFactory     : Creating shared instance of singleton bean 'startupTimeMetrics'
2025-10-23T17:05:52.356-05:00 DEBUG 31772 --- [ms-negocio-gestion-alquileres] [    Test worker] o.s.b.f.s.DefaultListableBeanFactory     : Autowiring by type from bean name 'startupTimeMetrics' via factory method to bean named 'simpleMeterRegistry'
2025-10-23T17:05:52.357-05:00 DEBUG 31772 --- [ms-negocio-gestion-alquileres] [    Test worker] o.s.b.f.s.DefaultListableBeanFactory     : Creating shared instance of singleton bean 'org.springframework.boot.autoconfigure.task.TaskSchedulingConfigurations$ThreadPoolTaskSchedulerBuilderConfiguration'
2025-10-23T17:05:52.357-05:00 DEBUG 31772 --- [ms-negocio-gestion-alquileres] [    Test worker] o.s.b.f.s.DefaultListableBeanFactory     : Creating shared instance of singleton bean 'threadPoolTaskSchedulerBuilder'
2025-10-23T17:05:52.358-05:00 DEBUG 31772 --- [ms-negocio-gestion-alquileres] [    Test worker] o.s.b.f.s.DefaultListableBeanFactory     : Creating shared instance of singleton bean 'spring.task.scheduling-org.springframework.boot.autoconfigure.task.TaskSchedulingProperties'
2025-10-23T17:05:52.358-05:00 DEBUG 31772 --- [ms-negocio-gestion-alquileres] [    Test worker] o.s.b.f.s.DefaultListableBeanFactory     : Autowiring by type from bean name 'threadPoolTaskSchedulerBuilder' via factory method to bean named 'spring.task.scheduling-org.springframework.boot.autoconfigure.task.TaskSchedulingProperties'
2025-10-23T17:05:52.360-05:00 DEBUG 31772 --- [ms-negocio-gestion-alquileres] [    Test worker] o.s.b.f.s.DefaultListableBeanFactory     : Creating shared instance of singleton bean 'org.springframework.boot.autoconfigure.task.TaskSchedulingConfigurations$SimpleAsyncTaskSchedulerBuilderConfiguration'
2025-10-23T17:05:52.361-05:00 DEBUG 31772 --- [ms-negocio-gestion-alquileres] [    Test worker] o.s.b.f.s.DefaultListableBeanFactory     : Autowiring by type from bean name 'org.springframework.boot.autoconfigure.task.TaskSchedulingConfigurations$SimpleAsyncTaskSchedulerBuilderConfiguration' via constructor to bean named 'spring.task.scheduling-org.springframework.boot.autoconfigure.task.TaskSchedulingProperties'
2025-10-23T17:05:52.361-05:00 DEBUG 31772 --- [ms-negocio-gestion-alquileres] [    Test worker] o.s.b.f.s.DefaultListableBeanFactory     : Creating shared instance of singleton bean 'simpleAsyncTaskSchedulerBuilder'
2025-10-23T17:05:52.364-05:00 DEBUG 31772 --- [ms-negocio-gestion-alquileres] [    Test worker] o.s.b.f.s.DefaultListableBeanFactory     : Creating shared instance of singleton bean 'org.springframework.boot.autoconfigure.task.TaskSchedulingAutoConfiguration'
2025-10-23T17:05:52.365-05:00 DEBUG 31772 --- [ms-negocio-gestion-alquileres] [    Test worker] o.s.b.f.s.DefaultListableBeanFactory     : Creating shared instance of singleton bean 'org.springframework.boot.actuate.autoconfigure.metrics.task.TaskExecutorMetricsAutoConfiguration'
2025-10-23T17:05:52.370-05:00 DEBUG 31772 --- [ms-negocio-gestion-alquileres] [    Test worker] o.s.b.f.s.DefaultListableBeanFactory     : Creating shared instance of singleton bean 'eagerTaskExecutorMetrics'
2025-10-23T17:05:52.370-05:00 DEBUG 31772 --- [ms-negocio-gestion-alquileres] [    Test worker] o.s.b.f.s.DefaultListableBeanFactory     : Creating shared instance of singleton bean 'org.springframework.boot.actuate.autoconfigure.metrics.web.tomcat.TomcatMetricsAutoConfiguration'
2025-10-23T17:05:52.370-05:00 DEBUG 31772 --- [ms-negocio-gestion-alquileres] [    Test worker] o.s.b.f.s.DefaultListableBeanFactory     : Creating shared instance of singleton bean 'tomcatMetricsBinder'
2025-10-23T17:05:52.370-05:00 DEBUG 31772 --- [ms-negocio-gestion-alquileres] [    Test worker] o.s.b.f.s.DefaultListableBeanFactory     : Autowiring by type from bean name 'tomcatMetricsBinder' via factory method to bean named 'simpleMeterRegistry'
2025-10-23T17:05:52.370-05:00 DEBUG 31772 --- [ms-negocio-gestion-alquileres] [    Test worker] o.s.b.f.s.DefaultListableBeanFactory     : Creating shared instance of singleton bean 'org.springframework.boot.actuate.autoconfigure.observation.ObservationAutoConfiguration$MeterObservationHandlerConfiguration'
2025-10-23T17:05:52.370-05:00 DEBUG 31772 --- [ms-negocio-gestion-alquileres] [    Test worker] o.s.b.f.s.DefaultListableBeanFactory     : Creating shared instance of singleton bean 'org.springframework.boot.actuate.autoconfigure.observation.web.client.RestTemplateObservationConfiguration'
2025-10-23T17:05:52.370-05:00 DEBUG 31772 --- [ms-negocio-gestion-alquileres] [    Test worker] o.s.b.f.s.DefaultListableBeanFactory     : Creating shared instance of singleton bean 'observationRestTemplateCustomizer'
2025-10-23T17:05:52.370-05:00 DEBUG 31772 --- [ms-negocio-gestion-alquileres] [    Test worker] o.s.b.f.s.DefaultListableBeanFactory     : Autowiring by type from bean name 'observationRestTemplateCustomizer' via factory method to bean named 'observationRegistry'
2025-10-23T17:05:52.370-05:00 DEBUG 31772 --- [ms-negocio-gestion-alquileres] [    Test worker] o.s.b.f.s.DefaultListableBeanFactory     : Autowiring by type from bean name 'observationRestTemplateCustomizer' via factory method to bean named 'management.observations-org.springframework.boot.actuate.autoconfigure.observation.ObservationProperties'
2025-10-23T17:05:52.370-05:00 DEBUG 31772 --- [ms-negocio-gestion-alquileres] [    Test worker] o.s.b.f.s.DefaultListableBeanFactory     : Creating shared instance of singleton bean 'org.springframework.boot.actuate.autoconfigure.observation.web.client.HttpClientObservationsAutoConfiguration'
2025-10-23T17:05:52.370-05:00 DEBUG 31772 --- [ms-negocio-gestion-alquileres] [    Test worker] o.s.b.f.s.DefaultListableBeanFactory     : Creating shared instance of singleton bean 'org.springframework.boot.actuate.autoconfigure.observation.web.servlet.WebMvcObservationAutoConfiguration'
2025-10-23T17:05:52.370-05:00 DEBUG 31772 --- [ms-negocio-gestion-alquileres] [    Test worker] o.s.b.f.s.DefaultListableBeanFactory     : Creating shared instance of singleton bean 'webMvcObservationFilter'
2025-10-23T17:05:52.370-05:00 DEBUG 31772 --- [ms-negocio-gestion-alquileres] [    Test worker] o.s.b.f.s.DefaultListableBeanFactory     : Autowiring by type from bean name 'webMvcObservationFilter' via factory method to bean named 'observationRegistry'
2025-10-23T17:05:52.370-05:00 DEBUG 31772 --- [ms-negocio-gestion-alquileres] [    Test worker] o.s.b.f.s.DefaultListableBeanFactory     : Autowiring by type from bean name 'webMvcObservationFilter' via factory method to bean named 'management.observations-org.springframework.boot.actuate.autoconfigure.observation.ObservationProperties'
2025-10-23T17:05:52.385-05:00 DEBUG 31772 --- [ms-negocio-gestion-alquileres] [    Test worker] o.s.b.f.s.DefaultListableBeanFactory     : Creating shared instance of singleton bean 'org.springframework.boot.actuate.autoconfigure.scheduling.ScheduledTasksObservabilityAutoConfiguration'
2025-10-23T17:05:52.385-05:00 DEBUG 31772 --- [ms-negocio-gestion-alquileres] [    Test worker] o.s.b.f.s.DefaultListableBeanFactory     : Creating shared instance of singleton bean 'observabilitySchedulingConfigurer'
2025-10-23T17:05:52.385-05:00 DEBUG 31772 --- [ms-negocio-gestion-alquileres] [    Test worker] o.s.b.f.s.DefaultListableBeanFactory     : Autowiring by type from bean name 'observabilitySchedulingConfigurer' via factory method to bean named 'observationRegistry'
2025-10-23T17:05:52.386-05:00 DEBUG 31772 --- [ms-negocio-gestion-alquileres] [    Test worker] o.s.b.f.s.DefaultListableBeanFactory     : Creating shared instance of singleton bean 'org.springframework.boot.actuate.autoconfigure.ssl.SslObservabilityAutoConfiguration'
2025-10-23T17:05:52.386-05:00 DEBUG 31772 --- [ms-negocio-gestion-alquileres] [    Test worker] o.s.b.f.s.DefaultListableBeanFactory     : Creating shared instance of singleton bean 'sslMeterBinder'
2025-10-23T17:05:52.386-05:00 DEBUG 31772 --- [ms-negocio-gestion-alquileres] [    Test worker] o.s.b.f.s.DefaultListableBeanFactory     : Autowiring by type from bean name 'sslMeterBinder' via factory method to bean named 'sslInfo'
2025-10-23T17:05:52.386-05:00 DEBUG 31772 --- [ms-negocio-gestion-alquileres] [    Test worker] o.s.b.f.s.DefaultListableBeanFactory     : Autowiring by type from bean name 'sslMeterBinder' via factory method to bean named 'sslBundleRegistry'
2025-10-23T17:05:52.386-05:00 DEBUG 31772 --- [ms-negocio-gestion-alquileres] [    Test worker] o.s.b.f.s.DefaultListableBeanFactory     : Creating shared instance of singleton bean 'org.springframework.boot.actuate.autoconfigure.web.exchanges.HttpExchangesEndpointAutoConfiguration'
2025-10-23T17:05:52.386-05:00 DEBUG 31772 --- [ms-negocio-gestion-alquileres] [    Test worker] o.s.b.f.s.DefaultListableBeanFactory     : Creating shared instance of singleton bean 'org.springframework.boot.autoconfigure.aop.AopAutoConfiguration$AspectJAutoProxyingConfiguration$CglibAutoProxyConfiguration'
2025-10-23T17:05:52.386-05:00 DEBUG 31772 --- [ms-negocio-gestion-alquileres] [    Test worker] o.s.b.f.s.DefaultListableBeanFactory     : Creating shared instance of singleton bean 'org.springframework.boot.autoconfigure.aop.AopAutoConfiguration$AspectJAutoProxyingConfiguration'
2025-10-23T17:05:52.386-05:00 DEBUG 31772 --- [ms-negocio-gestion-alquileres] [    Test worker] o.s.b.f.s.DefaultListableBeanFactory     : Creating shared instance of singleton bean 'org.springframework.boot.autoconfigure.aop.AopAutoConfiguration'
2025-10-23T17:05:52.386-05:00 DEBUG 31772 --- [ms-negocio-gestion-alquileres] [    Test worker] o.s.b.f.s.DefaultListableBeanFactory     : Creating shared instance of singleton bean 'org.springframework.boot.autoconfigure.context.ConfigurationPropertiesAutoConfiguration'
2025-10-23T17:05:52.386-05:00 DEBUG 31772 --- [ms-negocio-gestion-alquileres] [    Test worker] o.s.b.f.s.DefaultListableBeanFactory     : Creating shared instance of singleton bean 'org.springframework.boot.autoconfigure.context.LifecycleAutoConfiguration'
2025-10-23T17:05:52.386-05:00 DEBUG 31772 --- [ms-negocio-gestion-alquileres] [    Test worker] o.s.b.f.s.DefaultListableBeanFactory     : Creating shared instance of singleton bean 'lifecycleProcessor'
2025-10-23T17:05:52.391-05:00 DEBUG 31772 --- [ms-negocio-gestion-alquileres] [    Test worker] o.s.b.f.s.DefaultListableBeanFactory     : Creating shared instance of singleton bean 'spring.lifecycle-org.springframework.boot.autoconfigure.context.LifecycleProperties'
2025-10-23T17:05:52.391-05:00 DEBUG 31772 --- [ms-negocio-gestion-alquileres] [    Test worker] o.s.b.f.s.DefaultListableBeanFactory     : Autowiring by type from bean name 'lifecycleProcessor' via factory method to bean named 'spring.lifecycle-org.springframework.boot.autoconfigure.context.LifecycleProperties'
2025-10-23T17:05:52.391-05:00 DEBUG 31772 --- [ms-negocio-gestion-alquileres] [    Test worker] o.s.b.f.s.DefaultListableBeanFactory     : Creating shared instance of singleton bean 'org.springframework.boot.autoconfigure.dao.PersistenceExceptionTranslationAutoConfiguration'
2025-10-23T17:05:52.391-05:00 DEBUG 31772 --- [ms-negocio-gestion-alquileres] [    Test worker] o.s.b.f.s.DefaultListableBeanFactory     : Creating shared instance of singleton bean 'org.springframework.boot.autoconfigure.data.jpa.JpaRepositoriesAutoConfiguration'
2025-10-23T17:05:52.391-05:00 DEBUG 31772 --- [ms-negocio-gestion-alquileres] [    Test worker] o.s.b.f.s.DefaultListableBeanFactory     : Creating shared instance of singleton bean 'eagerJpaMetamodelCacheCleanup'
2025-10-23T17:05:52.391-05:00 DEBUG 31772 --- [ms-negocio-gestion-alquileres] [    Test worker] o.s.b.f.s.DefaultListableBeanFactory     : Creating shared instance of singleton bean 'org.springframework.data.jpa.util.JpaMetamodelCacheCleanup'
2025-10-23T17:05:52.391-05:00 DEBUG 31772 --- [ms-negocio-gestion-alquileres] [    Test worker] o.s.b.f.s.DefaultListableBeanFactory     : Creating shared instance of singleton bean 'org.springframework.data.jpa.repository.support.JpaEvaluationContextExtension'
2025-10-23T17:05:52.391-05:00 DEBUG 31772 --- [ms-negocio-gestion-alquileres] [    Test worker] o.s.b.f.s.DefaultListableBeanFactory     : Creating shared instance of singleton bean 'jpa.named-queries#1'
2025-10-23T17:05:52.391-05:00 DEBUG 31772 --- [ms-negocio-gestion-alquileres] [    Test worker] o.s.b.f.s.DefaultListableBeanFactory     : Creating shared instance of singleton bean 'jpa.AlquilerDetalleRepository.fragments#0'
2025-10-23T17:05:52.391-05:00 DEBUG 31772 --- [ms-negocio-gestion-alquileres] [    Test worker] o.s.b.f.s.DefaultListableBeanFactory     : Creating shared instance of singleton bean 'alquilerDetalleRepository'
2025-10-23T17:05:52.391-05:00 DEBUG 31772 --- [ms-negocio-gestion-alquileres] [    Test worker] o.s.d.r.c.s.RepositoryFactorySupport     : Initializing repository instance for pe.edu.galaxy.training.ms.negocio.gestion.alquiler.repository.AlquilerDetalleRepository…
2025-10-23T17:05:52.402-05:00 DEBUG 31772 --- [ms-negocio-gestion-alquileres] [    Test worker] o.s.d.r.c.s.RepositoryFactorySupport     : Finished creation of repository instance for pe.edu.galaxy.training.ms.negocio.gestion.alquiler.repository.AlquilerDetalleRepository.
2025-10-23T17:05:52.402-05:00 DEBUG 31772 --- [ms-negocio-gestion-alquileres] [    Test worker] o.s.b.f.s.DefaultListableBeanFactory     : Creating shared instance of singleton bean 'data-jpa.repository-aot-processor#0'
2025-10-23T17:05:52.402-05:00 DEBUG 31772 --- [ms-negocio-gestion-alquileres] [    Test worker] o.s.b.f.s.DefaultListableBeanFactory     : Creating shared instance of singleton bean 'org.springframework.data.web.config.ProjectingArgumentResolverRegistrar'
2025-10-23T17:05:52.402-05:00 DEBUG 31772 --- [ms-negocio-gestion-alquileres] [    Test worker] o.s.b.f.s.DefaultListableBeanFactory     : Creating shared instance of singleton bean 'offsetResolver'
2025-10-23T17:05:52.411-05:00 DEBUG 31772 --- [ms-negocio-gestion-alquileres] [    Test worker] o.s.b.f.s.DefaultListableBeanFactory     : Creating shared instance of singleton bean 'org.springframework.boot.autoconfigure.jdbc.JdbcTemplateConfiguration'
2025-10-23T17:05:52.411-05:00 DEBUG 31772 --- [ms-negocio-gestion-alquileres] [    Test worker] o.s.b.f.s.DefaultListableBeanFactory     : Creating shared instance of singleton bean 'jdbcTemplate'
2025-10-23T17:05:52.411-05:00 DEBUG 31772 --- [ms-negocio-gestion-alquileres] [    Test worker] o.s.b.f.s.DefaultListableBeanFactory     : Creating shared instance of singleton bean 'spring.jdbc-org.springframework.boot.autoconfigure.jdbc.JdbcProperties'
2025-10-23T17:05:52.411-05:00 DEBUG 31772 --- [ms-negocio-gestion-alquileres] [    Test worker] o.s.b.f.s.DefaultListableBeanFactory     : Autowiring by type from bean name 'jdbcTemplate' via factory method to bean named 'dataSource'
2025-10-23T17:05:52.411-05:00 DEBUG 31772 --- [ms-negocio-gestion-alquileres] [    Test worker] o.s.b.f.s.DefaultListableBeanFactory     : Autowiring by type from bean name 'jdbcTemplate' via factory method to bean named 'spring.jdbc-org.springframework.boot.autoconfigure.jdbc.JdbcProperties'
2025-10-23T17:05:52.417-05:00 DEBUG 31772 --- [ms-negocio-gestion-alquileres] [    Test worker] o.s.b.f.s.DefaultListableBeanFactory     : Creating shared instance of singleton bean 'org.springframework.boot.autoconfigure.jdbc.NamedParameterJdbcTemplateConfiguration'
2025-10-23T17:05:52.417-05:00 DEBUG 31772 --- [ms-negocio-gestion-alquileres] [    Test worker] o.s.b.f.s.DefaultListableBeanFactory     : Creating shared instance of singleton bean 'namedParameterJdbcTemplate'
2025-10-23T17:05:52.417-05:00 DEBUG 31772 --- [ms-negocio-gestion-alquileres] [    Test worker] o.s.b.f.s.DefaultListableBeanFactory     : Autowiring by type from bean name 'namedParameterJdbcTemplate' via factory method to bean named 'jdbcTemplate'
2025-10-23T17:05:52.421-05:00 DEBUG 31772 --- [ms-negocio-gestion-alquileres] [    Test worker] o.s.b.f.s.DefaultListableBeanFactory     : Creating shared instance of singleton bean 'org.springframework.boot.autoconfigure.jdbc.JdbcTemplateAutoConfiguration'
2025-10-23T17:05:52.421-05:00 DEBUG 31772 --- [ms-negocio-gestion-alquileres] [    Test worker] o.s.b.f.s.DefaultListableBeanFactory     : Creating shared instance of singleton bean 'org.springframework.boot.autoconfigure.jdbc.JdbcClientAutoConfiguration'
2025-10-23T17:05:52.421-05:00 DEBUG 31772 --- [ms-negocio-gestion-alquileres] [    Test worker] o.s.b.f.s.DefaultListableBeanFactory     : Creating shared instance of singleton bean 'jdbcClient'
2025-10-23T17:05:52.421-05:00 DEBUG 31772 --- [ms-negocio-gestion-alquileres] [    Test worker] o.s.b.f.s.DefaultListableBeanFactory     : Autowiring by type from bean name 'jdbcClient' via factory method to bean named 'namedParameterJdbcTemplate'
2025-10-23T17:05:52.421-05:00 DEBUG 31772 --- [ms-negocio-gestion-alquileres] [    Test worker] o.s.b.f.s.DefaultListableBeanFactory     : Creating shared instance of singleton bean 'org.springframework.boot.autoconfigure.reactor.ReactorAutoConfiguration'
2025-10-23T17:05:52.421-05:00 DEBUG 31772 --- [ms-negocio-gestion-alquileres] [    Test worker] o.s.b.f.s.DefaultListableBeanFactory     : Creating shared instance of singleton bean 'spring.reactor-org.springframework.boot.autoconfigure.reactor.ReactorProperties'
2025-10-23T17:05:52.421-05:00 DEBUG 31772 --- [ms-negocio-gestion-alquileres] [    Test worker] o.s.b.f.s.DefaultListableBeanFactory     : Autowiring by type from bean name 'org.springframework.boot.autoconfigure.reactor.ReactorAutoConfiguration' via constructor to bean named 'spring.reactor-org.springframework.boot.autoconfigure.reactor.ReactorProperties'
2025-10-23T17:05:52.421-05:00 DEBUG 31772 --- [ms-negocio-gestion-alquileres] [    Test worker] o.s.b.f.s.DefaultListableBeanFactory     : Creating shared instance of singleton bean 'reactorAutoConfigurationLazyInitializationExcludeFilter'
2025-10-23T17:05:52.421-05:00 DEBUG 31772 --- [ms-negocio-gestion-alquileres] [    Test worker] o.s.b.f.s.DefaultListableBeanFactory     : Creating shared instance of singleton bean 'org.springframework.boot.autoconfigure.sql.init.SqlInitializationAutoConfiguration'
2025-10-23T17:05:52.421-05:00 DEBUG 31772 --- [ms-negocio-gestion-alquileres] [    Test worker] o.s.b.f.s.DefaultListableBeanFactory     : Creating shared instance of singleton bean 'org.springframework.boot.autoconfigure.jdbc.DataSourceTransactionManagerAutoConfiguration$JdbcTransactionManagerConfiguration'
2025-10-23T17:05:52.421-05:00 DEBUG 31772 --- [ms-negocio-gestion-alquileres] [    Test worker] o.s.b.f.s.DefaultListableBeanFactory     : Creating shared instance of singleton bean 'org.springframework.boot.autoconfigure.jdbc.DataSourceTransactionManagerAutoConfiguration'
2025-10-23T17:05:52.421-05:00 DEBUG 31772 --- [ms-negocio-gestion-alquileres] [    Test worker] o.s.b.f.s.DefaultListableBeanFactory     : Creating shared instance of singleton bean 'org.springframework.boot.autoconfigure.transaction.TransactionAutoConfiguration$EnableTransactionManagementConfiguration$CglibAutoProxyConfiguration'
2025-10-23T17:05:52.421-05:00 DEBUG 31772 --- [ms-negocio-gestion-alquileres] [    Test worker] o.s.b.f.s.DefaultListableBeanFactory     : Creating shared instance of singleton bean 'org.springframework.boot.autoconfigure.transaction.TransactionAutoConfiguration$EnableTransactionManagementConfiguration'
2025-10-23T17:05:52.421-05:00 DEBUG 31772 --- [ms-negocio-gestion-alquileres] [    Test worker] o.s.b.f.s.DefaultListableBeanFactory     : Creating shared instance of singleton bean 'org.springframework.boot.autoconfigure.transaction.TransactionAutoConfiguration$TransactionTemplateConfiguration'
2025-10-23T17:05:52.421-05:00 DEBUG 31772 --- [ms-negocio-gestion-alquileres] [    Test worker] o.s.b.f.s.DefaultListableBeanFactory     : Creating shared instance of singleton bean 'transactionTemplate'
2025-10-23T17:05:52.421-05:00 DEBUG 31772 --- [ms-negocio-gestion-alquileres] [    Test worker] o.s.b.f.s.DefaultListableBeanFactory     : Autowiring by type from bean name 'transactionTemplate' via factory method to bean named 'transactionManager'
2025-10-23T17:05:52.432-05:00 DEBUG 31772 --- [ms-negocio-gestion-alquileres] [    Test worker] o.s.b.f.s.DefaultListableBeanFactory     : Creating shared instance of singleton bean 'org.springframework.boot.autoconfigure.transaction.TransactionAutoConfiguration'
2025-10-23T17:05:52.433-05:00 DEBUG 31772 --- [ms-negocio-gestion-alquileres] [    Test worker] o.s.b.f.s.DefaultListableBeanFactory     : Creating shared instance of singleton bean 'characterEncodingFilter'
2025-10-23T17:05:52.434-05:00 DEBUG 31772 --- [ms-negocio-gestion-alquileres] [    Test worker] o.s.b.f.s.DefaultListableBeanFactory     : Creating shared instance of singleton bean 'multipartResolver'
2025-10-23T17:05:52.435-05:00 DEBUG 31772 --- [ms-negocio-gestion-alquileres] [    Test worker] o.s.b.f.s.DefaultListableBeanFactory     : Creating shared instance of singleton bean 'org.springframework.cloud.autoconfigure.RestartEndpointWithoutIntegrationConfiguration'
2025-10-23T17:05:52.436-05:00 DEBUG 31772 --- [ms-negocio-gestion-alquileres] [    Test worker] o.s.b.f.s.DefaultListableBeanFactory     : Creating shared instance of singleton bean 'org.springframework.cloud.autoconfigure.PauseResumeEndpointsConfiguration'
2025-10-23T17:05:52.437-05:00 DEBUG 31772 --- [ms-negocio-gestion-alquileres] [    Test worker] o.s.b.f.s.DefaultListableBeanFactory     : Creating shared instance of singleton bean 'org.springframework.cloud.client.discovery.composite.CompositeDiscoveryClientAutoConfiguration'
2025-10-23T17:05:52.437-05:00 DEBUG 31772 --- [ms-negocio-gestion-alquileres] [    Test worker] o.s.b.f.s.DefaultListableBeanFactory     : Creating shared instance of singleton bean 'compositeDiscoveryClient'
2025-10-23T17:05:52.438-05:00 DEBUG 31772 --- [ms-negocio-gestion-alquileres] [    Test worker] o.s.b.f.s.DefaultListableBeanFactory     : Creating shared instance of singleton bean 'simpleDiscoveryClient'
2025-10-23T17:05:52.438-05:00 DEBUG 31772 --- [ms-negocio-gestion-alquileres] [    Test worker] o.s.b.f.s.DefaultListableBeanFactory     : Creating shared instance of singleton bean 'org.springframework.cloud.client.discovery.simple.SimpleDiscoveryClientAutoConfiguration'
2025-10-23T17:05:52.442-05:00 DEBUG 31772 --- [ms-negocio-gestion-alquileres] [    Test worker] o.s.b.f.s.DefaultListableBeanFactory     : Creating shared instance of singleton bean 'simpleDiscoveryProperties'
2025-10-23T17:05:52.442-05:00 DEBUG 31772 --- [ms-negocio-gestion-alquileres] [    Test worker] o.s.c.e.PropertySourcesPropertyResolver  : Found key 'spring.application.name' in PropertySource 'environmentProperties' with value of type String
2025-10-23T17:05:52.452-05:00 DEBUG 31772 --- [ms-negocio-gestion-alquileres] [    Test worker] o.s.b.f.s.DefaultListableBeanFactory     : Autowiring by type from bean name 'simpleDiscoveryClient' via factory method to bean named 'simpleDiscoveryProperties'
2025-10-23T17:05:52.452-05:00 DEBUG 31772 --- [ms-negocio-gestion-alquileres] [    Test worker] o.s.b.f.s.DefaultListableBeanFactory     : Creating shared instance of singleton bean 'discoveryClient'
2025-10-23T17:05:52.452-05:00 DEBUG 31772 --- [ms-negocio-gestion-alquileres] [    Test worker] o.s.b.f.s.DefaultListableBeanFactory     : Creating shared instance of singleton bean 'org.springframework.cloud.netflix.eureka.EurekaDiscoveryClientConfiguration'
2025-10-23T17:05:52.452-05:00 DEBUG 31772 --- [ms-negocio-gestion-alquileres] [    Test worker] o.s.b.f.s.DefaultListableBeanFactory     : Autowiring by type from bean name 'discoveryClient' via factory method to bean named 'eurekaClient'
2025-10-23T17:05:52.452-05:00 DEBUG 31772 --- [ms-negocio-gestion-alquileres] [    Test worker] o.s.b.f.s.DefaultListableBeanFactory     : Autowiring by type from bean name 'discoveryClient' via factory method to bean named 'eurekaClientConfigBean'
2025-10-23T17:05:52.463-05:00 DEBUG 31772 --- [ms-negocio-gestion-alquileres] [    Test worker] o.s.b.f.s.DefaultListableBeanFactory     : Autowiring by type from bean name 'compositeDiscoveryClient' via factory method to bean named 'simpleDiscoveryClient'
2025-10-23T17:05:52.463-05:00 DEBUG 31772 --- [ms-negocio-gestion-alquileres] [    Test worker] o.s.b.f.s.DefaultListableBeanFactory     : Autowiring by type from bean name 'compositeDiscoveryClient' via factory method to bean named 'discoveryClient'
2025-10-23T17:05:52.463-05:00 DEBUG 31772 --- [ms-negocio-gestion-alquileres] [    Test worker] o.s.b.f.s.DefaultListableBeanFactory     : Creating shared instance of singleton bean 'org.springframework.cloud.client.serviceregistry.AutoServiceRegistrationConfiguration'
2025-10-23T17:05:52.463-05:00 DEBUG 31772 --- [ms-negocio-gestion-alquileres] [    Test worker] o.s.b.f.s.DefaultListableBeanFactory     : Creating shared instance of singleton bean 'spring.cloud.service-registry.auto-registration-org.springframework.cloud.client.serviceregistry.AutoServiceRegistrationProperties'
2025-10-23T17:05:52.464-05:00 DEBUG 31772 --- [ms-negocio-gestion-alquileres] [    Test worker] o.s.b.f.s.DefaultListableBeanFactory     : Creating shared instance of singleton bean 'org.springframework.cloud.client.serviceregistry.AutoServiceRegistrationAutoConfiguration'
2025-10-23T17:05:52.465-05:00 DEBUG 31772 --- [ms-negocio-gestion-alquileres] [    Test worker] o.s.b.f.s.DefaultListableBeanFactory     : Creating shared instance of singleton bean 'eurekaAutoServiceRegistration'
2025-10-23T17:05:52.466-05:00 DEBUG 31772 --- [ms-negocio-gestion-alquileres] [    Test worker] o.s.b.f.s.DefaultListableBeanFactory     : Autowiring by type from bean name 'eurekaAutoServiceRegistration' via factory method to bean named 'org.springframework.web.context.support.GenericWebApplicationContext@77bc2e16'
2025-10-23T17:05:52.466-05:00 DEBUG 31772 --- [ms-negocio-gestion-alquileres] [    Test worker] o.s.b.f.s.DefaultListableBeanFactory     : Autowiring by type from bean name 'eurekaAutoServiceRegistration' via factory method to bean named 'eurekaServiceRegistry'
2025-10-23T17:05:52.466-05:00 DEBUG 31772 --- [ms-negocio-gestion-alquileres] [    Test worker] o.s.b.f.s.DefaultListableBeanFactory     : Autowiring by type from bean name 'eurekaAutoServiceRegistration' via factory method to bean named 'eurekaRegistration'
2025-10-23T17:05:52.468-05:00 DEBUG 31772 --- [ms-negocio-gestion-alquileres] [    Test worker] o.s.b.f.s.DefaultListableBeanFactory     : Creating shared instance of singleton bean 'org.springframework.cloud.netflix.eureka.EurekaDiscoveryClientConfiguration$EurekaClientConfigurationRefresher'
2025-10-23T17:05:52.469-05:00 DEBUG 31772 --- [ms-negocio-gestion-alquileres] [    Test worker] o.s.b.f.s.DefaultListableBeanFactory     : Creating shared instance of singleton bean 'org.springframework.cloud.netflix.eureka.config.DiscoveryClientOptionalArgsConfiguration$RestTemplateConfiguration'
2025-10-23T17:05:52.469-05:00 DEBUG 31772 --- [ms-negocio-gestion-alquileres] [    Test worker] o.s.b.f.s.DefaultListableBeanFactory     : Creating shared instance of singleton bean 'defaultEurekaClientHttpRequestFactorySupplier'
2025-10-23T17:05:52.470-05:00 DEBUG 31772 --- [ms-negocio-gestion-alquileres] [    Test worker] o.s.b.f.s.DefaultListableBeanFactory     : Creating shared instance of singleton bean 'eureka.client.rest-template-timeout-org.springframework.cloud.netflix.eureka.RestTemplateTimeoutProperties'
2025-10-23T17:05:52.471-05:00 DEBUG 31772 --- [ms-negocio-gestion-alquileres] [    Test worker] o.s.b.f.s.DefaultListableBeanFactory     : Autowiring by type from bean name 'defaultEurekaClientHttpRequestFactorySupplier' via factory method to bean named 'eureka.client.rest-template-timeout-org.springframework.cloud.netflix.eureka.RestTemplateTimeoutProperties'
2025-10-23T17:05:52.474-05:00 DEBUG 31772 --- [ms-negocio-gestion-alquileres] [    Test worker] o.s.b.f.s.DefaultListableBeanFactory     : Creating shared instance of singleton bean 'restTemplateDiscoveryClientOptionalArgs'
2025-10-23T17:05:52.474-05:00 DEBUG 31772 --- [ms-negocio-gestion-alquileres] [    Test worker] o.s.b.f.s.DefaultListableBeanFactory     : Creating shared instance of singleton bean 'tlsProperties'
2025-10-23T17:05:52.474-05:00 DEBUG 31772 --- [ms-negocio-gestion-alquileres] [    Test worker] o.s.b.f.s.DefaultListableBeanFactory     : Creating shared instance of singleton bean 'org.springframework.cloud.netflix.eureka.config.DiscoveryClientOptionalArgsConfiguration'
2025-10-23T17:05:52.476-05:00 DEBUG 31772 --- [ms-negocio-gestion-alquileres] [    Test worker] o.s.b.f.s.DefaultListableBeanFactory     : Autowiring by type from bean name 'restTemplateDiscoveryClientOptionalArgs' via factory method to bean named 'tlsProperties'
2025-10-23T17:05:52.476-05:00 DEBUG 31772 --- [ms-negocio-gestion-alquileres] [    Test worker] o.s.b.f.s.DefaultListableBeanFactory     : Autowiring by type from bean name 'restTemplateDiscoveryClientOptionalArgs' via factory method to bean named 'defaultEurekaClientHttpRequestFactorySupplier'
2025-10-23T17:05:52.476-05:00  INFO 31772 --- [ms-negocio-gestion-alquileres] [    Test worker] DiscoveryClientOptionalArgsConfiguration : Eureka HTTP Client uses RestTemplate.
2025-10-23T17:05:52.479-05:00 DEBUG 31772 --- [ms-negocio-gestion-alquileres] [    Test worker] o.s.b.f.s.DefaultListableBeanFactory     : Creating shared instance of singleton bean 'restTemplateTransportClientFactories'
2025-10-23T17:05:52.479-05:00 DEBUG 31772 --- [ms-negocio-gestion-alquileres] [    Test worker] o.s.b.f.s.DefaultListableBeanFactory     : Autowiring by type from bean name 'restTemplateTransportClientFactories' via factory method to bean named 'restTemplateDiscoveryClientOptionalArgs'
2025-10-23T17:05:52.479-05:00 DEBUG 31772 --- [ms-negocio-gestion-alquileres] [    Test worker] o.s.b.f.s.DefaultListableBeanFactory     : Creating shared instance of singleton bean 'eureka.client.restclient.timeout-org.springframework.cloud.netflix.eureka.RestClientTimeoutProperties'
2025-10-23T17:05:52.480-05:00 DEBUG 31772 --- [ms-negocio-gestion-alquileres] [    Test worker] o.s.b.f.s.DefaultListableBeanFactory     : Creating shared instance of singleton bean 'org.springframework.cloud.netflix.eureka.EurekaClientAutoConfiguration$RefreshableEurekaClientConfiguration'
2025-10-23T17:05:52.481-05:00 DEBUG 31772 --- [ms-negocio-gestion-alquileres] [    Test worker] o.s.b.f.s.DefaultListableBeanFactory     : Creating shared instance of singleton bean 'org.springframework.cloud.client.CommonsClientAutoConfiguration'
2025-10-23T17:05:52.481-05:00 DEBUG 31772 --- [ms-negocio-gestion-alquileres] [    Test worker] o.s.b.f.s.DefaultListableBeanFactory     : Creating shared instance of singleton bean 'org.springframework.cloud.client.ReactiveCommonsClientAutoConfiguration'
2025-10-23T17:05:52.481-05:00 DEBUG 31772 --- [ms-negocio-gestion-alquileres] [    Test worker] o.s.b.f.s.DefaultListableBeanFactory     : Creating shared instance of singleton bean 'org.springframework.cloud.loadbalancer.config.LoadBalancerAutoConfiguration'
2025-10-23T17:05:52.481-05:00 DEBUG 31772 --- [ms-negocio-gestion-alquileres] [    Test worker] o.s.b.f.s.DefaultListableBeanFactory     : Creating shared instance of singleton bean 'zoneConfig'
2025-10-23T17:05:52.482-05:00 DEBUG 31772 --- [ms-negocio-gestion-alquileres] [    Test worker] o.s.b.f.s.DefaultListableBeanFactory     : Autowiring by type from bean name 'zoneConfig' via factory method to bean named 'environment'
2025-10-23T17:05:52.482-05:00 DEBUG 31772 --- [ms-negocio-gestion-alquileres] [    Test worker] o.s.b.f.s.DefaultListableBeanFactory     : Creating shared instance of singleton bean 'loadBalancerClientFactory'
2025-10-23T17:05:52.483-05:00 DEBUG 31772 --- [ms-negocio-gestion-alquileres] [    Test worker] o.s.b.f.s.DefaultListableBeanFactory     : Creating shared instance of singleton bean 'spring.cloud.loadbalancer-org.springframework.cloud.client.loadbalancer.LoadBalancerClientsProperties'
2025-10-23T17:05:52.485-05:00 DEBUG 31772 --- [ms-negocio-gestion-alquileres] [    Test worker] o.s.b.f.s.DefaultListableBeanFactory     : Autowiring by type from bean name 'loadBalancerClientFactory' via factory method to bean named 'spring.cloud.loadbalancer-org.springframework.cloud.client.loadbalancer.LoadBalancerClientsProperties'
2025-10-23T17:05:52.485-05:00 DEBUG 31772 --- [ms-negocio-gestion-alquileres] [    Test worker] o.s.b.f.s.DefaultListableBeanFactory     : Creating shared instance of singleton bean 'default.org.springframework.cloud.loadbalancer.config.LoadBalancerAutoConfiguration.LoadBalancerClientSpecification'
2025-10-23T17:05:52.493-05:00 DEBUG 31772 --- [ms-negocio-gestion-alquileres] [    Test worker] o.s.b.f.s.DefaultListableBeanFactory     : Creating shared instance of singleton bean 'default.org.springframework.cloud.loadbalancer.config.BlockingLoadBalancerClientAutoConfiguration.LoadBalancerClientSpecification'
2025-10-23T17:05:52.493-05:00 DEBUG 31772 --- [ms-negocio-gestion-alquileres] [    Test worker] o.s.b.f.s.DefaultListableBeanFactory     : Creating shared instance of singleton bean 'default.org.springframework.cloud.netflix.eureka.loadbalancer.LoadBalancerEurekaAutoConfiguration.LoadBalancerClientSpecification'
2025-10-23T17:05:52.493-05:00 DEBUG 31772 --- [ms-negocio-gestion-alquileres] [    Test worker] o.s.b.f.s.DefaultListableBeanFactory     : Creating shared instance of singleton bean 'loadBalancerEagerContextInitializer'
2025-10-23T17:05:52.493-05:00 DEBUG 31772 --- [ms-negocio-gestion-alquileres] [    Test worker] o.s.b.f.s.DefaultListableBeanFactory     : Creating shared instance of singleton bean 'spring.cloud.loadbalancer.eager-load-org.springframework.cloud.client.loadbalancer.LoadBalancerEagerLoadProperties'
2025-10-23T17:05:52.493-05:00 DEBUG 31772 --- [ms-negocio-gestion-alquileres] [    Test worker] o.s.b.f.s.DefaultListableBeanFactory     : Autowiring by type from bean name 'loadBalancerEagerContextInitializer' via factory method to bean named 'loadBalancerClientFactory'
2025-10-23T17:05:52.493-05:00 DEBUG 31772 --- [ms-negocio-gestion-alquileres] [    Test worker] o.s.b.f.s.DefaultListableBeanFactory     : Autowiring by type from bean name 'loadBalancerEagerContextInitializer' via factory method to bean named 'spring.cloud.loadbalancer.eager-load-org.springframework.cloud.client.loadbalancer.LoadBalancerEagerLoadProperties'
2025-10-23T17:05:52.493-05:00 DEBUG 31772 --- [ms-negocio-gestion-alquileres] [    Test worker] o.s.b.f.s.DefaultListableBeanFactory     : Creating shared instance of singleton bean 'loadBalancerChildContextInitializer'
2025-10-23T17:05:52.493-05:00 DEBUG 31772 --- [ms-negocio-gestion-alquileres] [    Test worker] o.s.b.f.s.DefaultListableBeanFactory     : Autowiring by type from bean name 'loadBalancerChildContextInitializer' via factory method to bean named 'loadBalancerClientFactory'
2025-10-23T17:05:52.493-05:00 DEBUG 31772 --- [ms-negocio-gestion-alquileres] [    Test worker] o.s.b.f.s.DefaultListableBeanFactory     : Autowiring by type from bean name 'loadBalancerChildContextInitializer' via factory method to bean named 'org.springframework.web.context.support.GenericWebApplicationContext@77bc2e16'
2025-10-23T17:05:52.493-05:00 DEBUG 31772 --- [ms-negocio-gestion-alquileres] [    Test worker] o.s.b.f.s.DefaultListableBeanFactory     : Creating shared instance of singleton bean 'org.springframework.cloud.loadbalancer.config.BlockingLoadBalancerClientAutoConfiguration'
2025-10-23T17:05:52.493-05:00 DEBUG 31772 --- [ms-negocio-gestion-alquileres] [    Test worker] o.s.b.f.s.DefaultListableBeanFactory     : Creating shared instance of singleton bean 'blockingLoadBalancerClient'
2025-10-23T17:05:52.493-05:00 DEBUG 31772 --- [ms-negocio-gestion-alquileres] [    Test worker] o.s.b.f.s.DefaultListableBeanFactory     : Autowiring by type from bean name 'blockingLoadBalancerClient' via factory method to bean named 'loadBalancerClientFactory'
2025-10-23T17:05:52.501-05:00 DEBUG 31772 --- [ms-negocio-gestion-alquileres] [    Test worker] o.s.b.f.s.DefaultListableBeanFactory     : Creating shared instance of singleton bean 'loadBalancerServiceInstanceCookieTransformer'
2025-10-23T17:05:52.501-05:00 DEBUG 31772 --- [ms-negocio-gestion-alquileres] [    Test worker] o.s.b.f.s.DefaultListableBeanFactory     : Autowiring by type from bean name 'loadBalancerServiceInstanceCookieTransformer' via factory method to bean named 'loadBalancerClientFactory'
2025-10-23T17:05:52.504-05:00 DEBUG 31772 --- [ms-negocio-gestion-alquileres] [    Test worker] o.s.b.f.s.DefaultListableBeanFactory     : Creating shared instance of singleton bean 'xForwarderHeadersTransformer'
2025-10-23T17:05:52.504-05:00 DEBUG 31772 --- [ms-negocio-gestion-alquileres] [    Test worker] o.s.b.f.s.DefaultListableBeanFactory     : Autowiring by type from bean name 'xForwarderHeadersTransformer' via factory method to bean named 'loadBalancerClientFactory'
2025-10-23T17:05:52.504-05:00 DEBUG 31772 --- [ms-negocio-gestion-alquileres] [    Test worker] o.s.b.f.s.DefaultListableBeanFactory     : Creating shared instance of singleton bean 'org.springframework.cloud.client.loadbalancer.LoadBalancerAutoConfiguration$LoadBalancerInterceptorConfig'
2025-10-23T17:05:52.504-05:00 DEBUG 31772 --- [ms-negocio-gestion-alquileres] [    Test worker] o.s.b.f.s.DefaultListableBeanFactory     : Creating shared instance of singleton bean 'loadBalancerInterceptor'
2025-10-23T17:05:52.504-05:00 DEBUG 31772 --- [ms-negocio-gestion-alquileres] [    Test worker] o.s.b.f.s.DefaultListableBeanFactory     : Creating shared instance of singleton bean 'loadBalancerRequestFactory'
2025-10-23T17:05:52.504-05:00 DEBUG 31772 --- [ms-negocio-gestion-alquileres] [    Test worker] o.s.b.f.s.DefaultListableBeanFactory     : Creating shared instance of singleton bean 'org.springframework.cloud.client.loadbalancer.LoadBalancerAutoConfiguration'
2025-10-23T17:05:52.504-05:00 DEBUG 31772 --- [ms-negocio-gestion-alquileres] [    Test worker] o.s.b.f.s.DefaultListableBeanFactory     : Autowiring by type from bean name 'loadBalancerRequestFactory' via factory method to bean named 'blockingLoadBalancerClient'
2025-10-23T17:05:52.504-05:00 DEBUG 31772 --- [ms-negocio-gestion-alquileres] [    Test worker] o.s.b.f.s.DefaultListableBeanFactory     : Autowiring by type from bean name 'loadBalancerInterceptor' via factory method to bean named 'blockingLoadBalancerClient'
2025-10-23T17:05:52.504-05:00 DEBUG 31772 --- [ms-negocio-gestion-alquileres] [    Test worker] o.s.b.f.s.DefaultListableBeanFactory     : Autowiring by type from bean name 'loadBalancerInterceptor' via factory method to bean named 'loadBalancerRequestFactory'
2025-10-23T17:05:52.504-05:00 DEBUG 31772 --- [ms-negocio-gestion-alquileres] [    Test worker] o.s.b.f.s.DefaultListableBeanFactory     : Creating shared instance of singleton bean 'restTemplateCustomizer'
2025-10-23T17:05:52.504-05:00 DEBUG 31772 --- [ms-negocio-gestion-alquileres] [    Test worker] o.s.b.f.s.DefaultListableBeanFactory     : Autowiring by type from bean name 'restTemplateCustomizer' via factory method to bean named 'loadBalancerInterceptor'
2025-10-23T17:05:52.504-05:00 DEBUG 31772 --- [ms-negocio-gestion-alquileres] [    Test worker] o.s.b.f.s.DefaultListableBeanFactory     : Creating shared instance of singleton bean 'org.springframework.cloud.client.loadbalancer.LoadBalancerAutoConfiguration$DeferringLoadBalancerInterceptorConfig'
2025-10-23T17:05:52.504-05:00 DEBUG 31772 --- [ms-negocio-gestion-alquileres] [    Test worker] o.s.b.f.s.DefaultListableBeanFactory     : Creating shared instance of singleton bean 'deferringLoadBalancerInterceptor'
2025-10-23T17:05:52.504-05:00 DEBUG 31772 --- [ms-negocio-gestion-alquileres] [    Test worker] o.s.b.f.s.DefaultListableBeanFactory     : Creating shared instance of singleton bean 'loadBalancedRestTemplateInitializerDeprecated'
2025-10-23T17:05:52.504-05:00 DEBUG 31772 --- [ms-negocio-gestion-alquileres] [    Test worker] o.s.b.f.s.DefaultListableBeanFactory     : Creating shared instance of singleton bean 'org.springframework.cloud.commons.security.ResourceServerTokenRelayAutoConfiguration'
2025-10-23T17:05:52.504-05:00 DEBUG 31772 --- [ms-negocio-gestion-alquileres] [    Test worker] o.s.b.f.s.DefaultListableBeanFactory     : Creating shared instance of singleton bean 'org.springframework.cloud.config.client.ConfigClientAutoConfiguration'
2025-10-23T17:05:52.504-05:00 DEBUG 31772 --- [ms-negocio-gestion-alquileres] [    Test worker] o.s.b.f.s.DefaultListableBeanFactory     : Creating shared instance of singleton bean 'org.springframework.cloud.configuration.CompatibilityVerifierAutoConfiguration'
2025-10-23T17:05:52.504-05:00 DEBUG 31772 --- [ms-negocio-gestion-alquileres] [    Test worker] o.s.b.f.s.DefaultListableBeanFactory     : Creating shared instance of singleton bean 'compositeCompatibilityVerifier'
2025-10-23T17:05:52.504-05:00 DEBUG 31772 --- [ms-negocio-gestion-alquileres] [    Test worker] o.s.b.f.s.DefaultListableBeanFactory     : Creating shared instance of singleton bean 'springBootVersionVerifier'
2025-10-23T17:05:52.504-05:00 DEBUG 31772 --- [ms-negocio-gestion-alquileres] [    Test worker] o.s.b.f.s.DefaultListableBeanFactory     : Creating shared instance of singleton bean 'spring.cloud.compatibility-verifier-org.springframework.cloud.configuration.CompatibilityVerifierProperties'
2025-10-23T17:05:52.504-05:00 DEBUG 31772 --- [ms-negocio-gestion-alquileres] [    Test worker] o.s.b.f.s.DefaultListableBeanFactory     : Autowiring by type from bean name 'springBootVersionVerifier' via factory method to bean named 'spring.cloud.compatibility-verifier-org.springframework.cloud.configuration.CompatibilityVerifierProperties'
2025-10-23T17:05:52.514-05:00 DEBUG 31772 --- [ms-negocio-gestion-alquileres] [    Test worker] o.s.b.f.s.DefaultListableBeanFactory     : Creating shared instance of singleton bean 'sleuthPresentVerifier'
2025-10-23T17:05:52.514-05:00 DEBUG 31772 --- [ms-negocio-gestion-alquileres] [    Test worker] o.s.b.f.s.DefaultListableBeanFactory     : Autowiring by type from bean name 'compositeCompatibilityVerifier' via factory method to bean named 'springBootVersionVerifier'
2025-10-23T17:05:52.514-05:00 DEBUG 31772 --- [ms-negocio-gestion-alquileres] [    Test worker] o.s.b.f.s.DefaultListableBeanFactory     : Autowiring by type from bean name 'compositeCompatibilityVerifier' via factory method to bean named 'sleuthPresentVerifier'
2025-10-23T17:05:52.514-05:00 DEBUG 31772 --- [ms-negocio-gestion-alquileres] [    Test worker] o.s.c.c.SpringBootVersionVerifier        : Version found in Boot manifest [3.5.6]
2025-10-23T17:05:52.516-05:00 DEBUG 31772 --- [ms-negocio-gestion-alquileres] [    Test worker] o.s.c.c.CompositeCompatibilityVerifier   : All conditions are passing
2025-10-23T17:05:52.516-05:00 DEBUG 31772 --- [ms-negocio-gestion-alquileres] [    Test worker] o.s.b.f.s.DefaultListableBeanFactory     : Creating shared instance of singleton bean 'org.springframework.cloud.loadbalancer.config.LoadBalancerCacheAutoConfiguration$DefaultLoadBalancerCacheManagerConfiguration'
2025-10-23T17:05:52.517-05:00 DEBUG 31772 --- [ms-negocio-gestion-alquileres] [    Test worker] o.s.b.f.s.DefaultListableBeanFactory     : Creating shared instance of singleton bean 'defaultLoadBalancerCacheManager'
2025-10-23T17:05:52.517-05:00 DEBUG 31772 --- [ms-negocio-gestion-alquileres] [    Test worker] o.s.b.f.s.DefaultListableBeanFactory     : Creating shared instance of singleton bean 'spring.cloud.loadbalancer.cache-org.springframework.cloud.loadbalancer.cache.LoadBalancerCacheProperties'
2025-10-23T17:05:52.517-05:00 DEBUG 31772 --- [ms-negocio-gestion-alquileres] [    Test worker] o.s.b.f.s.DefaultListableBeanFactory     : Autowiring by type from bean name 'defaultLoadBalancerCacheManager' via factory method to bean named 'spring.cloud.loadbalancer.cache-org.springframework.cloud.loadbalancer.cache.LoadBalancerCacheProperties'
2025-10-23T17:05:52.524-05:00 DEBUG 31772 --- [ms-negocio-gestion-alquileres] [    Test worker] o.s.b.f.s.DefaultListableBeanFactory     : Creating shared instance of singleton bean 'org.springframework.cloud.loadbalancer.config.LoadBalancerCacheAutoConfiguration$LoadBalancerCacheManagerWarnConfiguration'
2025-10-23T17:05:52.524-05:00 DEBUG 31772 --- [ms-negocio-gestion-alquileres] [    Test worker] o.s.b.f.s.DefaultListableBeanFactory     : Creating shared instance of singleton bean 'caffeineWarnLogger'
2025-10-23T17:05:52.524-05:00  WARN 31772 --- [ms-negocio-gestion-alquileres] [    Test worker] iguration$LoadBalancerCaffeineWarnLogger : Spring Cloud LoadBalancer is currently working with the default cache. While this cache implementation is useful for development and tests, it's recommended to use Caffeine cache in production.You can switch to using Caffeine cache, by adding it and org.springframework.cache.caffeine.CaffeineCacheManager to the classpath.
2025-10-23T17:05:52.524-05:00 DEBUG 31772 --- [ms-negocio-gestion-alquileres] [    Test worker] o.s.b.f.s.DefaultListableBeanFactory     : Creating shared instance of singleton bean 'org.springframework.cloud.loadbalancer.config.LoadBalancerCacheAutoConfiguration'
2025-10-23T17:05:52.524-05:00 DEBUG 31772 --- [ms-negocio-gestion-alquileres] [    Test worker] o.s.b.f.s.DefaultListableBeanFactory     : Creating shared instance of singleton bean 'org.springframework.cloud.netflix.eureka.loadbalancer.LoadBalancerEurekaAutoConfiguration'
2025-10-23T17:05:52.524-05:00 DEBUG 31772 --- [ms-negocio-gestion-alquileres] [    Test worker] o.s.b.f.s.DefaultListableBeanFactory     : Creating shared instance of singleton bean 'eurekaLoadBalancerProperties'
2025-10-23T17:05:52.524-05:00 DEBUG 31772 --- [ms-negocio-gestion-alquileres] [    Test worker] o.s.b.f.s.DefaultListableBeanFactory     : Creating shared instance of singleton bean 'org.springframework.boot.actuate.autoconfigure.endpoint.web.ServletEndpointManagementContextConfiguration$WebMvcServletEndpointManagementContextConfiguration'
2025-10-23T17:05:52.524-05:00 DEBUG 31772 --- [ms-negocio-gestion-alquileres] [    Test worker] o.s.b.f.s.DefaultListableBeanFactory     : Creating shared instance of singleton bean 'servletEndpointRegistrar'
2025-10-23T17:05:52.524-05:00 DEBUG 31772 --- [ms-negocio-gestion-alquileres] [    Test worker] o.s.b.f.s.DefaultListableBeanFactory     : Autowiring by type from bean name 'servletEndpointRegistrar' via factory method to bean named 'management.endpoints.web-org.springframework.boot.actuate.autoconfigure.endpoint.web.WebEndpointProperties'
2025-10-23T17:05:52.524-05:00 DEBUG 31772 --- [ms-negocio-gestion-alquileres] [    Test worker] o.s.b.f.s.DefaultListableBeanFactory     : Autowiring by type from bean name 'servletEndpointRegistrar' via factory method to bean named 'servletEndpointDiscoverer'
2025-10-23T17:05:52.524-05:00 DEBUG 31772 --- [ms-negocio-gestion-alquileres] [    Test worker] o.s.b.f.s.DefaultListableBeanFactory     : Autowiring by type from bean name 'servletEndpointRegistrar' via factory method to bean named 'dispatcherServletRegistration'
2025-10-23T17:05:52.524-05:00 DEBUG 31772 --- [ms-negocio-gestion-alquileres] [    Test worker] o.s.b.f.s.DefaultListableBeanFactory     : Autowiring by type from bean name 'servletEndpointRegistrar' via factory method to bean named 'propertiesEndpointAccessResolver'
2025-10-23T17:05:52.524-05:00 DEBUG 31772 --- [ms-negocio-gestion-alquileres] [    Test worker] o.s.b.f.s.DefaultListableBeanFactory     : Creating shared instance of singleton bean 'org.springframework.boot.actuate.autoconfigure.endpoint.web.servlet.WebMvcEndpointManagementContextConfiguration'
2025-10-23T17:05:52.524-05:00 DEBUG 31772 --- [ms-negocio-gestion-alquileres] [    Test worker] o.s.b.f.s.DefaultListableBeanFactory     : Creating shared instance of singleton bean 'webEndpointServletHandlerMapping'
2025-10-23T17:05:52.524-05:00 DEBUG 31772 --- [ms-negocio-gestion-alquileres] [    Test worker] o.s.b.f.s.DefaultListableBeanFactory     : Creating shared instance of singleton bean 'management.endpoints.web.cors-org.springframework.boot.actuate.autoconfigure.endpoint.web.CorsEndpointProperties'
2025-10-23T17:05:52.533-05:00 DEBUG 31772 --- [ms-negocio-gestion-alquileres] [    Test worker] o.s.b.f.s.DefaultListableBeanFactory     : Autowiring by type from bean name 'webEndpointServletHandlerMapping' via factory method to bean named 'webEndpointDiscoverer'
2025-10-23T17:05:52.533-05:00 DEBUG 31772 --- [ms-negocio-gestion-alquileres] [    Test worker] o.s.b.f.s.DefaultListableBeanFactory     : Autowiring by type from bean name 'webEndpointServletHandlerMapping' via factory method to bean named 'servletEndpointDiscoverer'
2025-10-23T17:05:52.533-05:00 DEBUG 31772 --- [ms-negocio-gestion-alquileres] [    Test worker] o.s.b.f.s.DefaultListableBeanFactory     : Autowiring by type from bean name 'webEndpointServletHandlerMapping' via factory method to bean named 'controllerEndpointDiscoverer'
2025-10-23T17:05:52.533-05:00 DEBUG 31772 --- [ms-negocio-gestion-alquileres] [    Test worker] o.s.b.f.s.DefaultListableBeanFactory     : Autowiring by type from bean name 'webEndpointServletHandlerMapping' via factory method to bean named 'endpointMediaTypes'
2025-10-23T17:05:52.533-05:00 DEBUG 31772 --- [ms-negocio-gestion-alquileres] [    Test worker] o.s.b.f.s.DefaultListableBeanFactory     : Autowiring by type from bean name 'webEndpointServletHandlerMapping' via factory method to bean named 'management.endpoints.web.cors-org.springframework.boot.actuate.autoconfigure.endpoint.web.CorsEndpointProperties'
2025-10-23T17:05:52.533-05:00 DEBUG 31772 --- [ms-negocio-gestion-alquileres] [    Test worker] o.s.b.f.s.DefaultListableBeanFactory     : Autowiring by type from bean name 'webEndpointServletHandlerMapping' via factory method to bean named 'management.endpoints.web-org.springframework.boot.actuate.autoconfigure.endpoint.web.WebEndpointProperties'
2025-10-23T17:05:52.533-05:00 DEBUG 31772 --- [ms-negocio-gestion-alquileres] [    Test worker] o.s.b.f.s.DefaultListableBeanFactory     : Autowiring by type from bean name 'webEndpointServletHandlerMapping' via factory method to bean named 'environment'
2025-10-23T17:05:52.534-05:00  INFO 31772 --- [ms-negocio-gestion-alquileres] [    Test worker] o.s.b.a.e.web.EndpointLinksResolver      : Exposing 16 endpoints beneath base path '/actuator'
2025-10-23T17:05:52.549-05:00 DEBUG 31772 --- [ms-negocio-gestion-alquileres] [    Test worker] o.s.b.f.s.DefaultListableBeanFactory     : Creating shared instance of singleton bean 'controllerEndpointHandlerMapping'
2025-10-23T17:05:52.549-05:00 DEBUG 31772 --- [ms-negocio-gestion-alquileres] [    Test worker] o.s.b.f.s.DefaultListableBeanFactory     : Autowiring by type from bean name 'controllerEndpointHandlerMapping' via factory method to bean named 'controllerEndpointDiscoverer'
2025-10-23T17:05:52.549-05:00 DEBUG 31772 --- [ms-negocio-gestion-alquileres] [    Test worker] o.s.b.f.s.DefaultListableBeanFactory     : Autowiring by type from bean name 'controllerEndpointHandlerMapping' via factory method to bean named 'management.endpoints.web.cors-org.springframework.boot.actuate.autoconfigure.endpoint.web.CorsEndpointProperties'
2025-10-23T17:05:52.549-05:00 DEBUG 31772 --- [ms-negocio-gestion-alquileres] [    Test worker] o.s.b.f.s.DefaultListableBeanFactory     : Autowiring by type from bean name 'controllerEndpointHandlerMapping' via factory method to bean named 'management.endpoints.web-org.springframework.boot.actuate.autoconfigure.endpoint.web.WebEndpointProperties'
2025-10-23T17:05:52.549-05:00 DEBUG 31772 --- [ms-negocio-gestion-alquileres] [    Test worker] o.s.b.f.s.DefaultListableBeanFactory     : Autowiring by type from bean name 'controllerEndpointHandlerMapping' via factory method to bean named 'propertiesEndpointAccessResolver'
2025-10-23T17:05:52.549-05:00 DEBUG 31772 --- [ms-negocio-gestion-alquileres] [    Test worker] o.s.b.f.s.DefaultListableBeanFactory     : Creating shared instance of singleton bean 'org.springframework.boot.actuate.autoconfigure.web.server.ManagementContextAutoConfiguration$SameManagementContextConfiguration$EnableSameManagementContextConfiguration'
2025-10-23T17:05:52.549-05:00 DEBUG 31772 --- [ms-negocio-gestion-alquileres] [    Test worker] o.s.b.f.s.DefaultListableBeanFactory     : Creating shared instance of singleton bean 'org.springframework.boot.actuate.autoconfigure.web.server.ManagementContextAutoConfiguration$SameManagementContextConfiguration'
2025-10-23T17:05:52.549-05:00 DEBUG 31772 --- [ms-negocio-gestion-alquileres] [    Test worker] o.s.b.f.s.DefaultListableBeanFactory     : Autowiring by type from bean name 'org.springframework.boot.actuate.autoconfigure.web.server.ManagementContextAutoConfiguration$SameManagementContextConfiguration' via constructor to bean named 'environment'
2025-10-23T17:05:52.549-05:00 DEBUG 31772 --- [ms-negocio-gestion-alquileres] [    Test worker] o.s.b.f.s.DefaultListableBeanFactory     : Creating shared instance of singleton bean 'org.springframework.boot.actuate.autoconfigure.web.server.ManagementContextAutoConfiguration'
2025-10-23T17:05:52.555-05:00 DEBUG 31772 --- [ms-negocio-gestion-alquileres] [    Test worker] o.s.c.e.EventListenerMethodProcessor     : 1 @EventListener methods processed on bean 'applicationFactory': {public void de.codecentric.boot.admin.client.registration.DefaultApplicationFactory.onWebServerInitialized(org.springframework.boot.web.context.WebServerInitializedEvent)=@org.springframework.context.event.EventListener(classes={}, condition="", defaultExecution=true, id="", value={})}
2025-10-23T17:05:52.555-05:00 DEBUG 31772 --- [ms-negocio-gestion-alquileres] [    Test worker] o.s.c.e.EventListenerMethodProcessor     : 2 @EventListener methods processed on bean 'registrationListener': {public void de.codecentric.boot.admin.client.registration.RegistrationApplicationListener.onApplicationReady(org.springframework.boot.context.event.ApplicationReadyEvent)=@org.springframework.context.event.EventListener(classes={}, condition="", defaultExecution=true, id="", value={}), public void de.codecentric.boot.admin.client.registration.RegistrationApplicationListener.onClosedContext(org.springframework.context.event.ContextClosedEvent)=@org.springframework.context.event.EventListener(classes={}, condition="", defaultExecution=true, id="", value={})}
2025-10-23T17:05:52.607-05:00 DEBUG 31772 --- [ms-negocio-gestion-alquileres] [    Test worker] o.s.c.support.DefaultLifecycleProcessor  : Starting beans in phase -2147483647
2025-10-23T17:05:52.607-05:00 DEBUG 31772 --- [ms-negocio-gestion-alquileres] [    Test worker] o.s.c.support.DefaultLifecycleProcessor  : Successfully started bean 'springBootLoggingLifecycle'
2025-10-23T17:05:52.607-05:00 DEBUG 31772 --- [ms-negocio-gestion-alquileres] [    Test worker] o.s.c.support.DefaultLifecycleProcessor  : Starting beans in phase 0
2025-10-23T17:05:52.618-05:00 DEBUG 31772 --- [ms-negocio-gestion-alquileres] [    Test worker] o.s.b.f.s.DefaultListableBeanFactory     : Autowiring by type from bean name 'scopedTarget.eurekaRegistration' via factory method to bean named 'eurekaClient'
2025-10-23T17:05:52.618-05:00 DEBUG 31772 --- [ms-negocio-gestion-alquileres] [    Test worker] o.s.b.f.s.DefaultListableBeanFactory     : Autowiring by type from bean name 'scopedTarget.eurekaRegistration' via factory method to bean named 'eurekaInstanceConfigBean'
2025-10-23T17:05:52.618-05:00 DEBUG 31772 --- [ms-negocio-gestion-alquileres] [    Test worker] o.s.b.f.s.DefaultListableBeanFactory     : Autowiring by type from bean name 'scopedTarget.eurekaRegistration' via factory method to bean named 'eurekaApplicationInfoManager'
2025-10-23T17:05:52.619-05:00 DEBUG 31772 --- [ms-negocio-gestion-alquileres] [    Test worker] o.s.b.f.s.DefaultListableBeanFactory     : Autowiring by type from bean name 'scopedTarget.eurekaApplicationInfoManager' via factory method to bean named 'eurekaInstanceConfigBean'
2025-10-23T17:05:52.627-05:00  INFO 31772 --- [ms-negocio-gestion-alquileres] [    Test worker] o.s.c.n.eureka.InstanceInfoFactory       : Setting initial instance status as: STARTING
2025-10-23T17:05:52.627-05:00 DEBUG 31772 --- [ms-negocio-gestion-alquileres] [    Test worker] o.s.b.f.s.DefaultListableBeanFactory     : Autowiring by type from bean name 'scopedTarget.eurekaClient' via factory method to bean named 'eurekaApplicationInfoManager'
2025-10-23T17:05:52.627-05:00 DEBUG 31772 --- [ms-negocio-gestion-alquileres] [    Test worker] o.s.b.f.s.DefaultListableBeanFactory     : Autowiring by type from bean name 'scopedTarget.eurekaClient' via factory method to bean named 'eurekaClientConfigBean'
2025-10-23T17:05:52.627-05:00 DEBUG 31772 --- [ms-negocio-gestion-alquileres] [    Test worker] o.s.b.f.s.DefaultListableBeanFactory     : Autowiring by type from bean name 'scopedTarget.eurekaClient' via factory method to bean named 'eurekaInstanceConfigBean'
2025-10-23T17:05:52.627-05:00 DEBUG 31772 --- [ms-negocio-gestion-alquileres] [    Test worker] o.s.b.f.s.DefaultListableBeanFactory     : Autowiring by type from bean name 'scopedTarget.eurekaClient' via factory method to bean named 'restTemplateTransportClientFactories'
2025-10-23T17:05:52.652-05:00  INFO 31772 --- [ms-negocio-gestion-alquileres] [    Test worker] com.netflix.discovery.DiscoveryClient    : Initializing Eureka in region us-east-1
2025-10-23T17:05:52.659-05:00  INFO 31772 --- [ms-negocio-gestion-alquileres] [    Test worker] c.n.d.s.r.aws.ConfigClusterResolver      : Resolving eureka endpoints via configuration
2025-10-23T17:05:52.659-05:00 DEBUG 31772 --- [ms-negocio-gestion-alquileres] [    Test worker] c.n.discovery.endpoint.EndpointUtils     : The availability zone for the given region us-east-1 are [defaultZone]
2025-10-23T17:05:52.659-05:00 DEBUG 31772 --- [ms-negocio-gestion-alquileres] [    Test worker] c.n.d.s.r.aws.ConfigClusterResolver      : Config resolved to [AwsEndpoint{ serviceUrl='http://localhost:8889/eureka/', region='us-east-1', zone='defaultZone'}]
2025-10-23T17:05:52.659-05:00 DEBUG 31772 --- [ms-negocio-gestion-alquileres] [    Test worker] c.n.d.s.r.a.ZoneAffinityClusterResolver  : Local zone=defaultZone; resolved to: [AwsEndpoint{ serviceUrl='http://localhost:8889/eureka/', region='us-east-1', zone='defaultZone'}]
2025-10-23T17:05:52.669-05:00  INFO 31772 --- [ms-negocio-gestion-alquileres] [    Test worker] com.netflix.discovery.DiscoveryClient    : Disable delta property : false
2025-10-23T17:05:52.669-05:00  INFO 31772 --- [ms-negocio-gestion-alquileres] [    Test worker] com.netflix.discovery.DiscoveryClient    : Single vip registry refresh property : null
2025-10-23T17:05:52.669-05:00  INFO 31772 --- [ms-negocio-gestion-alquileres] [    Test worker] com.netflix.discovery.DiscoveryClient    : Force full registry fetch : false
2025-10-23T17:05:52.669-05:00  INFO 31772 --- [ms-negocio-gestion-alquileres] [    Test worker] com.netflix.discovery.DiscoveryClient    : Application is null : false
2025-10-23T17:05:52.669-05:00  INFO 31772 --- [ms-negocio-gestion-alquileres] [    Test worker] com.netflix.discovery.DiscoveryClient    : Registered Applications size is zero : true
2025-10-23T17:05:52.669-05:00  INFO 31772 --- [ms-negocio-gestion-alquileres] [    Test worker] com.netflix.discovery.DiscoveryClient    : Application version is -1: true
2025-10-23T17:05:52.669-05:00  INFO 31772 --- [ms-negocio-gestion-alquileres] [    Test worker] com.netflix.discovery.DiscoveryClient    : Getting all instance registry info from the eureka server
2025-10-23T17:05:52.669-05:00 DEBUG 31772 --- [ms-negocio-gestion-alquileres] [    Test worker] c.n.d.s.t.d.SessionedEurekaHttpClient    : Ending a session and starting anew
2025-10-23T17:05:52.679-05:00 DEBUG 31772 --- [ms-negocio-gestion-alquileres] [    Test worker] o.s.b.f.s.DefaultListableBeanFactory     : Creating shared instance of singleton bean 'restTemplateBuilder'
2025-10-23T17:05:52.679-05:00 DEBUG 31772 --- [ms-negocio-gestion-alquileres] [    Test worker] o.s.b.f.s.DefaultListableBeanFactory     : Creating shared instance of singleton bean 'restTemplateBuilderConfigurer'
2025-10-23T17:05:52.679-05:00 DEBUG 31772 --- [ms-negocio-gestion-alquileres] [    Test worker] o.s.b.f.s.DefaultListableBeanFactory     : Autowiring by type from bean name 'restTemplateBuilder' via factory method to bean named 'restTemplateBuilderConfigurer'
2025-10-23T17:05:52.690-05:00 DEBUG 31772 --- [ms-negocio-gestion-alquileres] [    Test worker] o.s.web.client.RestTemplate              : HTTP GET http://localhost:8889/eureka/apps/
2025-10-23T17:05:52.769-05:00 DEBUG 31772 --- [ms-negocio-gestion-alquileres] [    Test worker] o.s.web.client.RestTemplate              : Accept=[application/json, application/yaml, application/*+json]
2025-10-23T17:05:52.778-05:00 DEBUG 31772 --- [ms-negocio-gestion-alquileres] [    Test worker] o.a.h.c.h.i.classic.InternalHttpClient   : ex-0000000001 preparing request execution
2025-10-23T17:05:52.786-05:00 DEBUG 31772 --- [ms-negocio-gestion-alquileres] [    Test worker] o.a.h.c.http.impl.classic.ProtocolExec   : ex-0000000001 target auth state: UNCHALLENGED
2025-10-23T17:05:52.787-05:00 DEBUG 31772 --- [ms-negocio-gestion-alquileres] [    Test worker] o.a.h.c.http.impl.classic.ProtocolExec   : ex-0000000001 proxy auth state: UNCHALLENGED
2025-10-23T17:05:52.787-05:00 DEBUG 31772 --- [ms-negocio-gestion-alquileres] [    Test worker] o.a.h.c.http.impl.classic.ConnectExec    : ex-0000000001 acquiring connection with route {}->[http://localhost:8889]
2025-10-23T17:05:52.788-05:00 DEBUG 31772 --- [ms-negocio-gestion-alquileres] [    Test worker] o.a.h.c.h.i.classic.InternalHttpClient   : ex-0000000001 acquiring endpoint (180000 MILLISECONDS)
2025-10-23T17:05:52.789-05:00 DEBUG 31772 --- [ms-negocio-gestion-alquileres] [    Test worker] h.i.i.PoolingHttpClientConnectionManager : ex-0000000001 endpoint lease request (180000 MILLISECONDS) [route: {}->[http://localhost:8889]][total available: 0; route allocated: 0 of 5; total allocated: 0 of 25]
2025-10-23T17:05:52.792-05:00 DEBUG 31772 --- [ms-negocio-gestion-alquileres] [    Test worker] h.i.i.PoolingHttpClientConnectionManager : ex-0000000001 endpoint leased [route: {}->[http://localhost:8889]][total available: 0; route allocated: 1 of 5; total allocated: 1 of 25]
2025-10-23T17:05:52.802-05:00 DEBUG 31772 --- [ms-negocio-gestion-alquileres] [    Test worker] h.i.i.PoolingHttpClientConnectionManager : ex-0000000001 acquired ep-0000000001
2025-10-23T17:05:52.802-05:00 DEBUG 31772 --- [ms-negocio-gestion-alquileres] [    Test worker] o.a.h.c.h.i.classic.InternalHttpClient   : ex-0000000001 acquired endpoint ep-0000000001
2025-10-23T17:05:52.802-05:00 DEBUG 31772 --- [ms-negocio-gestion-alquileres] [    Test worker] o.a.h.c.http.impl.classic.ConnectExec    : ex-0000000001 opening connection {}->[http://localhost:8889]
2025-10-23T17:05:52.803-05:00 DEBUG 31772 --- [ms-negocio-gestion-alquileres] [    Test worker] o.a.h.c.h.i.classic.InternalHttpClient   : ep-0000000001 connecting endpoint (null)
2025-10-23T17:05:52.803-05:00 DEBUG 31772 --- [ms-negocio-gestion-alquileres] [    Test worker] h.i.i.PoolingHttpClientConnectionManager : ep-0000000001 connecting endpoint to http://localhost:8889 (180000 MILLISECONDS)
2025-10-23T17:05:52.805-05:00 DEBUG 31772 --- [ms-negocio-gestion-alquileres] [    Test worker] .i.i.DefaultHttpClientConnectionOperator : http://localhost:8889 connecting null->localhost/127.0.0.1:8889 (180000 MILLISECONDS)
2025-10-23T17:05:52.807-05:00 DEBUG 31772 --- [ms-negocio-gestion-alquileres] [    Test worker] .i.i.DefaultHttpClientConnectionOperator : http-outgoing-0 http://localhost:8889 connected /127.0.0.1:54713->localhost/127.0.0.1:8889
2025-10-23T17:05:52.807-05:00 DEBUG 31772 --- [ms-negocio-gestion-alquileres] [    Test worker] h.i.i.DefaultManagedHttpClientConnection : http-outgoing-0 set socket timeout to 180000 MILLISECONDS
2025-10-23T17:05:52.807-05:00 DEBUG 31772 --- [ms-negocio-gestion-alquileres] [    Test worker] h.i.i.PoolingHttpClientConnectionManager : ep-0000000001 connected http-outgoing-0
2025-10-23T17:05:52.807-05:00 DEBUG 31772 --- [ms-negocio-gestion-alquileres] [    Test worker] o.a.h.c.h.i.classic.InternalHttpClient   : ep-0000000001 endpoint connected
2025-10-23T17:05:52.807-05:00 DEBUG 31772 --- [ms-negocio-gestion-alquileres] [    Test worker] o.a.h.c.h.impl.classic.MainClientExec    : ex-0000000001 executing GET /eureka/apps/
2025-10-23T17:05:52.808-05:00 DEBUG 31772 --- [ms-negocio-gestion-alquileres] [    Test worker] o.a.h.c.http.protocol.RequestAddCookies  : ex-0000000001 Cookie spec selected: strict
2025-10-23T17:05:52.812-05:00 DEBUG 31772 --- [ms-negocio-gestion-alquileres] [    Test worker] o.a.h.c.h.i.classic.InternalHttpClient   : ep-0000000001 start execution ex-0000000001
2025-10-23T17:05:52.812-05:00 DEBUG 31772 --- [ms-negocio-gestion-alquileres] [    Test worker] h.i.i.PoolingHttpClientConnectionManager : ep-0000000001 executing exchange ex-0000000001 over http-outgoing-0
2025-10-23T17:05:52.812-05:00 DEBUG 31772 --- [ms-negocio-gestion-alquileres] [    Test worker] org.apache.hc.client5.http.headers       : http-outgoing-0 >> GET /eureka/apps/ HTTP/1.1
2025-10-23T17:05:52.812-05:00 DEBUG 31772 --- [ms-negocio-gestion-alquileres] [    Test worker] org.apache.hc.client5.http.headers       : http-outgoing-0 >> Accept: application/json, application/yaml, application/*+json
2025-10-23T17:05:52.812-05:00 DEBUG 31772 --- [ms-negocio-gestion-alquileres] [    Test worker] org.apache.hc.client5.http.headers       : http-outgoing-0 >> Accept-Encoding: gzip, x-gzip, deflate
2025-10-23T17:05:52.812-05:00 DEBUG 31772 --- [ms-negocio-gestion-alquileres] [    Test worker] org.apache.hc.client5.http.headers       : http-outgoing-0 >> Host: localhost:8889
2025-10-23T17:05:52.812-05:00 DEBUG 31772 --- [ms-negocio-gestion-alquileres] [    Test worker] org.apache.hc.client5.http.headers       : http-outgoing-0 >> Connection: keep-alive
2025-10-23T17:05:52.812-05:00 DEBUG 31772 --- [ms-negocio-gestion-alquileres] [    Test worker] org.apache.hc.client5.http.headers       : http-outgoing-0 >> User-Agent: Apache-HttpClient/5.5 (Java/21.0.4)
2025-10-23T17:05:52.812-05:00 DEBUG 31772 --- [ms-negocio-gestion-alquileres] [    Test worker] org.apache.hc.client5.http.wire          : http-outgoing-0 >> "GET /eureka/apps/ HTTP/1.1[\r][\n]"
2025-10-23T17:05:52.812-05:00 DEBUG 31772 --- [ms-negocio-gestion-alquileres] [    Test worker] org.apache.hc.client5.http.wire          : http-outgoing-0 >> "Accept: application/json, application/yaml, application/*+json[\r][\n]"
2025-10-23T17:05:52.812-05:00 DEBUG 31772 --- [ms-negocio-gestion-alquileres] [    Test worker] org.apache.hc.client5.http.wire          : http-outgoing-0 >> "Accept-Encoding: gzip, x-gzip, deflate[\r][\n]"
2025-10-23T17:05:52.812-05:00 DEBUG 31772 --- [ms-negocio-gestion-alquileres] [    Test worker] org.apache.hc.client5.http.wire          : http-outgoing-0 >> "Host: localhost:8889[\r][\n]"
2025-10-23T17:05:52.812-05:00 DEBUG 31772 --- [ms-negocio-gestion-alquileres] [    Test worker] org.apache.hc.client5.http.wire          : http-outgoing-0 >> "Connection: keep-alive[\r][\n]"
2025-10-23T17:05:52.812-05:00 DEBUG 31772 --- [ms-negocio-gestion-alquileres] [    Test worker] org.apache.hc.client5.http.wire          : http-outgoing-0 >> "User-Agent: Apache-HttpClient/5.5 (Java/21.0.4)[\r][\n]"
2025-10-23T17:05:52.812-05:00 DEBUG 31772 --- [ms-negocio-gestion-alquileres] [    Test worker] org.apache.hc.client5.http.wire          : http-outgoing-0 >> "[\r][\n]"
2025-10-23T17:05:52.812-05:00 DEBUG 31772 --- [ms-negocio-gestion-alquileres] [    Test worker] org.apache.hc.client5.http.wire          : http-outgoing-0 << "HTTP/1.1 200 [\r][\n]"
2025-10-23T17:05:52.812-05:00 DEBUG 31772 --- [ms-negocio-gestion-alquileres] [    Test worker] org.apache.hc.client5.http.wire          : http-outgoing-0 << "Content-Encoding: gzip[\r][\n]"
2025-10-23T17:05:52.812-05:00 DEBUG 31772 --- [ms-negocio-gestion-alquileres] [    Test worker] org.apache.hc.client5.http.wire          : http-outgoing-0 << "Content-Type: application/json[\r][\n]"
2025-10-23T17:05:52.812-05:00 DEBUG 31772 --- [ms-negocio-gestion-alquileres] [    Test worker] org.apache.hc.client5.http.wire          : http-outgoing-0 << "Content-Length: 766[\r][\n]"
2025-10-23T17:05:52.812-05:00 DEBUG 31772 --- [ms-negocio-gestion-alquileres] [    Test worker] org.apache.hc.client5.http.wire          : http-outgoing-0 << "Date: Thu, 23 Oct 2025 22:05:52 GMT[\r][\n]"
2025-10-23T17:05:52.812-05:00 DEBUG 31772 --- [ms-negocio-gestion-alquileres] [    Test worker] org.apache.hc.client5.http.wire          : http-outgoing-0 << "Keep-Alive: timeout=60[\r][\n]"
2025-10-23T17:05:52.812-05:00 DEBUG 31772 --- [ms-negocio-gestion-alquileres] [    Test worker] org.apache.hc.client5.http.wire          : http-outgoing-0 << "Connection: keep-alive[\r][\n]"
2025-10-23T17:05:52.812-05:00 DEBUG 31772 --- [ms-negocio-gestion-alquileres] [    Test worker] org.apache.hc.client5.http.wire          : http-outgoing-0 << "[\r][\n]"
2025-10-23T17:05:52.812-05:00 DEBUG 31772 --- [ms-negocio-gestion-alquileres] [    Test worker] org.apache.hc.client5.http.wire          : http-outgoing-0 << "[0x1f][0xffffff8b][0x8][0x0][0x0][0x0][0x0][0x0][0x0][0xffffffff][0xffffffed][0xffffff95][0xffffffdd]o[0xffffffda]0[0x10][0xffffffc0][0xffffffff][0xffffff97][0xffffffa8][0xffffff8f][0x4][0x12][0xffffffc2]G[0xffffffe0][0xffffffa9][0xffffff88][0xffffffa0].Z[0x17]P[0xffffff81]V[0xffffffd3]T![0xffffffcf]9[0xffffff88][0xffffffb5][0xffffffc4][0xffffff89]l[0xffffff87][0xe]U[0xfffffffc][0xffffffef];'[0xffffff85][0xffffff95]M@[0xffffff8a]x[0xffffffec][0x13][0xfffffff8]|[0xffffffdf]w[0xfffffffe][0xffffffe5][0xffffffd5] Y[0x16]3J[0x14]K[0xffffffb9]4[0xfffffffa][0xffffffaf][0xffffffc6][0x1a][0xffffff84][0xffffffd4][0xffffffff][0x17][0xffffff8b][0x10]bE[0xffffff8c][0xffffffbe]a[0x1b]5[0xffffffad][0xffffff85][0xffffff92][0xffffff88][0xffffffc8][0xffffff88][0xffffffa6]![0xffffffa0]p>Y8[0xffffff8b][0xfffffff2]bgn[0xfffffff4][0x7f][0xffffffbc][0x1a][0xffffff9c]$[0xfffffffa][0xfffffffa][0xffffffdb][0xffffffd4][0xc]Fw[0xffffffe3][0xffffffa1]?6[0xffffffef]F[0xffffffd3][0xffffff99]?[0xe][0xffffffcc][0xffffffe1][0xffffffbd]?[\n]"
2025-10-23T17:05:52.812-05:00 DEBUG 31772 --- [ms-negocio-gestion-alquileres] [    Test worker] org.apache.hc.client5.http.wire          : http-outgoing-0 << "f[0xffffffa3])[0x1a]1.[0x15][0xffffffe1][0x14][\n]"
2025-10-23T17:05:52.812-05:00 DEBUG 31772 --- [ms-negocio-gestion-alquileres] [    Test worker] org.apache.hc.client5.http.wire          : http-outgoing-0 << "[0xffffff8b][0xffffffdd][0xffffffc1][0xf][0xffffffd1].[0xffffff91]&[0xffffff87]UJYj[0xffffffae]@j[0xffffffaf]&[0xffffff8d][0x19]p[0x5][0xffffffb2][0xffffffef]Zn[0x13][0xffffff8d][0xffffffa3]T[0xffffffaa][0xffffffa0][0xffffff8c][0x12][0xffffffa7][0xffffff94][0xffffffc4][0xfffffffa]\&r>n6[0x8]C[0xffffffa1]K[0xffffffea]6[0xffffffeb][0xffffff8e]U[0xffffffb7];u][0x1c][0xffffffc6]W[0xffffffb9],[0xffffff8a][0xffffffc2]S[0xffffff8a][0x1d][0x10],[0xc][0xffffff81]O[0xfffffff7][0xfffffff2][0xffffffe0]k0~[\n]"
2025-10-23T17:05:52.812-05:00 DEBUG 31772 --- [ms-negocio-gestion-alquileres] [    Test worker] org.apache.hc.client5.http.wire          : http-outgoing-0 << "[0xfffffff0]2K[0xffffff85][0xffffffd2]][0xffffffba]1[0xffffff8a]tj[0xffffffc6]-p[0xfffffff2]3[0x6][0xffffff9d][0xffffffbb][0x12]9[0x18][t[0x7]4[0x17]0[0xfffffff9][0xffffffab][0xffffffd9]j9[0x7][0xffffff8a]K[0x12][0xffffffcb]B[0xffffff93][0xffffffa6]9Wb[0xffffffa3]+[0xffffffb7]kFH[0x14][0x19][0xffffffea]R[0xffffff85][0xffffffcf][0xffffff97][0xffffffa9][0xffffffb6][0xffffffbd][0xffffffa5]1[0xffffff91]:[0x1][0xffffff9a]&u[0xe]j[0x19][0xffffffb3][0xffffffdf]u,[0xffffff94][0xffffffe1]}[0xffffffdd][0xffffffdf][0xfffffff5][\r][0xf]7[0x1e],I[0x1e]+[0xffffffef][0xffffffd0]Em?[0xffffff8e][0xffffffcd][0xfffffff8][0xffffff85][0xffffffeb][0xffffff88]1[0x10][0x9];[0xfffffff7][0x2]8[0xffffffbc][0xffffff90][0xffffffd8][0xffffffd7][0xfffffffa]k[0xfffffffd];[0x5][0xffffff8a][0xffffffd1][0x1c][0xb]s[0xffffffc9]E1[0xffffffd3][0xffffff9d][0xffffffac][0xffffff87]2[0x1]+&U)[0xffffff9f][0xffffffb1][0x4][0xffffffc7]C[0x12][0xffffffec][0xffffffb9][0xffffffdd][0xffffffed][0xffffffd8][0xffffffcd]v[0xffffffc7]j[0xffffffb9]n[0xffffffbb][0xffffff8b][0x11][0xffffff88]T[0xf][0xffffffa5][0xffffffe3][0xffffffff][0xffffff94][0xffffffba]M[0xffffffbb][0xffffffd7][0xffffffb6][0xffffffb0]k[0xffffffb0]f[0xfffffff4][0x1f]7[0xffffff96]n[0xffffff9c]@9[0xffffffcc][0xffffffb3]c[0xffffffde][0xffffffb1][0xffffff80][0x4][0x14][0xffffffd1][0xffffff8d][0xffffffd2][0xfffffff9]'[0xffffff84][0xffffff93][0x15]$Xo[0xffffffbd][0xffffff9c][0xffffff8b]Q[0xffffffac][0xffffffc8]V[0xffffffef]H[0x2][0x13][0xffffffbc][0xffffff9b][0xffffff8b][0x18][0xffffffa5][0xffffff91]RY[0xffffffbf][0xffffffd1][0xffffffd8]oK1[0xffffffba][0xffffffc6]~[0xfffffff0][0xffffffe7][0x14][0x9]U9Q[0xffffffa9]h[0xffffffb0][0xffffffb2][0xffffffa7][0x11][0xffffff90]XE[0xffffffc3][0x8][0xffffffe8][0xffffffaf]Jf[0xffffffa5]>[0x1a][0xffffffae][0xffffffcb][0xfffffffd][0xffffff83]b[0xffffffa4]'6[0xffffffdd][0xffffffd8][0xffffffed][0xffffffd0]cu[0x3]&[0xffffff87]i*B[0xffffffc6]q<|[0xffffffe5]1I[0xfffffff5][0x1e]o[0xffffffa6][0xffffffd8]R[0x10][0xfffffffb][0xffffff9d]+[0xffffffc7]3[0xffffffcf][0xffffffb0][0xffffff83][0x10][0xffffffbe][0xffffffeb][0xffffffb2]q[0xffffffd0][0xffffffe6]75[0xffffff8f][0x9][0xffffffb5]9[0xffffffa2][0xffffffd4]j[0xffffffe9]'W[0xffffffce]p[0xffffff93][0xffffffe9][0x15][0x1b]x[0xffffffde][0xffffffc8]3[0xffffffb6][0xffffffcf][0xffffffdb][0xffffffda])[0x8]<[0xffffff8e][0xffffffbe][0xfffffff8][0xffffffc3][0xfffffff9][0xfffffffd][0xfffffff8][0xffffffc3][0x14]XC[0xffffffc4]h[0x1e][0xffffffa7][0x5][0x6][0xffffffec][0xb]0p[0x10][0xfffffff9][0xffffffca][0x1c][0xffffffb0]?9[0xffffffb0]{[0xffffffa9]m[0xffffffa7][0xffffffe9]Z[0xffffffdd][0xffffffde]y[0xe]t[0xffffffac][0xffffffce][0xffffffc7]9[0xfffffff0][0xffffffe6][0xffffffbd][\n]"
2025-10-23T17:05:52.812-05:00 DEBUG 31772 --- [ms-negocio-gestion-alquileres] [    Test worker] org.apache.hc.client5.http.wire          : http-outgoing-0 << "[0x7][0xffffffec]j[0x1c][0xffffffb0][0xffffffab]r[0xffffffc0][0xffffffbe][0xffffff8c][0x3][0xfffffff6][0x5][0x1c][0xffffffd8][0xffffffef]ze[0x10][0xffffffbc][0xffffffb7][0xffffffb8][\n]"
2025-10-23T17:05:52.812-05:00 DEBUG 31772 --- [ms-negocio-gestion-alquileres] [    Test worker] org.apache.hc.client5.http.wire          : http-outgoing-0 << "[0x9][0xffffffde][0x1a]}[0xffffff9a][0x4][0xffffff85][0xffffff92][0xffffffe3]V#[0xffffffc1][0xffffffc0][0xfffffffb][0xffffffe6][0x7][0xfffffffe]t[0xfffffff6]0[0x18][0xffffffea][0xffffffe7]8[0xffffff98][0xfffffff8][0xffffffe6][0xffffffdd]`6z[0x1a]|?[0xffffff87][0x2][0x12]&[0xffffff8c][0x17][0x1b]Gu[0xffffffad]$c[0xffffffe6][\n]"
2025-10-23T17:05:52.812-05:00 DEBUG 31772 --- [ms-negocio-gestion-alquileres] [    Test worker] org.apache.hc.client5.http.wire          : http-outgoing-0 << "[0xffffffb3]~![0xffffff9b][0xffffffbe][0xffffffeb][0xffffffba][0xffffffdd][\n]"
2025-10-23T17:05:52.812-05:00 DEBUG 31772 --- [ms-negocio-gestion-alquileres] [    Test worker] org.apache.hc.client5.http.wire          : http-outgoing-0 << ",8[0x1d][0xfffffffb][0xffffffaa]0[0xffffffc0][0xffffff84]>a[0xffffffb0][0x7f][0xffffffae]M[0xffffffab][0xffffffe5][0xfffffff4][0xffffffec][0xffffffb3]0[0xffffffc0]O[0xffffff8a]s[0x1][0xc]J[0xffffffef][0xffffffe7]a[0xffffffa0][0xffffff97][0xffffffa4][0x2][0xc]P[0xffffffad][0x1a][0xc][0xffffffb4][0xffffffe2][0x5]080;[\n]"
2025-10-23T17:05:52.812-05:00 DEBUG 31772 --- [ms-negocio-gestion-alquileres] [    Test worker] org.apache.hc.client5.http.wire          : http-outgoing-0 << "[0xffffff83][0xffffffe3][0xffffffdb]~[0xffffff94][0x6]'M[0xffffffae][0xffffff83][0xffffff83][0xffffffb2][0xffffffd5]gp[0xffffffa0][0xffffff95][0xffffffda][0xffffff9d][0xffffffa3]8x[0xffffffde]n[0xffffffff][0x0]:[0xffffff86][0xffffffce]Co[0xc][0x0][0x0]"
2025-10-23T17:05:52.812-05:00 DEBUG 31772 --- [ms-negocio-gestion-alquileres] [    Test worker] org.apache.hc.client5.http.headers       : http-outgoing-0 << HTTP/1.1 200 
2025-10-23T17:05:52.812-05:00 DEBUG 31772 --- [ms-negocio-gestion-alquileres] [    Test worker] org.apache.hc.client5.http.headers       : http-outgoing-0 << Content-Encoding: gzip
2025-10-23T17:05:52.812-05:00 DEBUG 31772 --- [ms-negocio-gestion-alquileres] [    Test worker] org.apache.hc.client5.http.headers       : http-outgoing-0 << Content-Type: application/json
2025-10-23T17:05:52.812-05:00 DEBUG 31772 --- [ms-negocio-gestion-alquileres] [    Test worker] org.apache.hc.client5.http.headers       : http-outgoing-0 << Content-Length: 766
2025-10-23T17:05:52.812-05:00 DEBUG 31772 --- [ms-negocio-gestion-alquileres] [    Test worker] org.apache.hc.client5.http.headers       : http-outgoing-0 << Date: Thu, 23 Oct 2025 22:05:52 GMT
2025-10-23T17:05:52.812-05:00 DEBUG 31772 --- [ms-negocio-gestion-alquileres] [    Test worker] org.apache.hc.client5.http.headers       : http-outgoing-0 << Keep-Alive: timeout=60
2025-10-23T17:05:52.812-05:00 DEBUG 31772 --- [ms-negocio-gestion-alquileres] [    Test worker] org.apache.hc.client5.http.headers       : http-outgoing-0 << Connection: keep-alive
2025-10-23T17:05:52.823-05:00 DEBUG 31772 --- [ms-negocio-gestion-alquileres] [    Test worker] o.a.h.c.h.impl.classic.MainClientExec    : ex-0000000001 connection can be kept alive for 60 SECONDS
2025-10-23T17:05:52.823-05:00 DEBUG 31772 --- [ms-negocio-gestion-alquileres] [    Test worker] o.s.web.client.RestTemplate              : Response 200 OK
2025-10-23T17:05:52.829-05:00 DEBUG 31772 --- [ms-negocio-gestion-alquileres] [    Test worker] o.s.web.client.RestTemplate              : Reading to [org.springframework.cloud.netflix.eureka.http.EurekaApplications]
2025-10-23T17:05:52.847-05:00 DEBUG 31772 --- [ms-negocio-gestion-alquileres] [    Test worker] o.a.h.c.h.i.classic.InternalHttpClient   : ep-0000000001 releasing valid endpoint
2025-10-23T17:05:52.847-05:00 DEBUG 31772 --- [ms-negocio-gestion-alquileres] [    Test worker] h.i.i.PoolingHttpClientConnectionManager : ep-0000000001 releasing endpoint
2025-10-23T17:05:52.847-05:00 DEBUG 31772 --- [ms-negocio-gestion-alquileres] [    Test worker] h.i.i.PoolingHttpClientConnectionManager : ep-0000000001 connection http-outgoing-0 can be kept alive for 60 SECONDS
2025-10-23T17:05:52.847-05:00 DEBUG 31772 --- [ms-negocio-gestion-alquileres] [    Test worker] h.i.i.PoolingHttpClientConnectionManager : ep-0000000001 connection released [route: {}->[http://localhost:8889]][total available: 1; route allocated: 1 of 5; total allocated: 1 of 25]
2025-10-23T17:05:52.854-05:00 DEBUG 31772 --- [ms-negocio-gestion-alquileres] [    Test worker] c.n.d.s.t.d.RedirectingEurekaHttpClient  : Pinning to endpoint null
2025-10-23T17:05:52.854-05:00  INFO 31772 --- [ms-negocio-gestion-alquileres] [    Test worker] com.netflix.discovery.DiscoveryClient    : The response status is 200
2025-10-23T17:05:52.854-05:00 DEBUG 31772 --- [ms-negocio-gestion-alquileres] [    Test worker] com.netflix.discovery.DiscoveryClient    : Got full registry with apps hashcode UP_3_
2025-10-23T17:05:52.854-05:00 DEBUG 31772 --- [ms-negocio-gestion-alquileres] [    Test worker] com.netflix.discovery.DiscoveryClient    : The total number of all instances in the client now is 3
2025-10-23T17:05:52.854-05:00  INFO 31772 --- [ms-negocio-gestion-alquileres] [    Test worker] com.netflix.discovery.DiscoveryClient    : Starting heartbeat executor: renew interval is: 30
2025-10-23T17:05:52.854-05:00  INFO 31772 --- [ms-negocio-gestion-alquileres] [    Test worker] c.n.discovery.InstanceInfoReplicator     : InstanceInfoReplicator onDemand update allowed rate per min is 4
2025-10-23T17:05:52.861-05:00  INFO 31772 --- [ms-negocio-gestion-alquileres] [    Test worker] com.netflix.discovery.DiscoveryClient    : Discovery Client initialized at timestamp 1761257152861 with initial instances count: 3
2025-10-23T17:05:52.864-05:00  INFO 31772 --- [ms-negocio-gestion-alquileres] [    Test worker] o.s.c.n.e.s.EurekaServiceRegistry        : Registering application MS-NEGOCIO-GESTION-ALQUILERES with eureka with status UP
2025-10-23T17:05:52.864-05:00  INFO 31772 --- [ms-negocio-gestion-alquileres] [    Test worker] com.netflix.discovery.DiscoveryClient    : Saw local status change event StatusChangeEvent [timestamp=1761257152864, current=UP, previous=STARTING]
2025-10-23T17:05:52.864-05:00 DEBUG 31772 --- [ms-negocio-gestion-alquileres] [foReplicator-%d] c.n.discovery.InstanceInfoReplicator     : Executing on-demand update of local InstanceInfo
2025-10-23T17:05:52.864-05:00 DEBUG 31772 --- [ms-negocio-gestion-alquileres] [foReplicator-%d] c.n.discovery.InstanceInfoReplicator     : Canceling the latest scheduled update, it will be rescheduled at the end of on demand update
2025-10-23T17:05:52.864-05:00 DEBUG 31772 --- [ms-negocio-gestion-alquileres] [    Test worker] s.c.c.d.h.DiscoveryClientHealthIndicator : Discovery Client has been initialized
2025-10-23T17:05:52.864-05:00 DEBUG 31772 --- [ms-negocio-gestion-alquileres] [    Test worker] o.s.c.support.DefaultLifecycleProcessor  : Successfully started bean 'eurekaAutoServiceRegistration'
2025-10-23T17:05:52.864-05:00 DEBUG 31772 --- [ms-negocio-gestion-alquileres] [    Test worker] o.s.c.support.DefaultLifecycleProcessor  : Starting beans in phase 1073741823
2025-10-23T17:05:52.864-05:00  INFO 31772 --- [ms-negocio-gestion-alquileres] [foReplicator-%d] com.netflix.discovery.DiscoveryClient    : DiscoveryClient_MS-NEGOCIO-GESTION-ALQUILERES/ms-negocio-gestion-alquileres:8083: registering service...
2025-10-23T17:05:52.864-05:00 DEBUG 31772 --- [ms-negocio-gestion-alquileres] [foReplicator-%d] c.n.d.s.t.d.SessionedEurekaHttpClient    : Ending a session and starting anew
2025-10-23T17:05:52.864-05:00 DEBUG 31772 --- [ms-negocio-gestion-alquileres] [foReplicator-%d] o.s.web.client.RestTemplate              : HTTP POST http://localhost:8889/eureka/apps/MS-NEGOCIO-GESTION-ALQUILERES
2025-10-23T17:05:52.864-05:00 DEBUG 31772 --- [ms-negocio-gestion-alquileres] [foReplicator-%d] o.s.web.client.RestTemplate              : Accept=[application/json, application/yaml, application/*+json]
2025-10-23T17:05:52.896-05:00 DEBUG 31772 --- [ms-negocio-gestion-alquileres] [    Test worker] .s.b.a.l.ConditionEvaluationReportLogger : 


============================
CONDITIONS EVALUATION REPORT
============================


Positive matches:
-----------------

   AopAutoConfiguration matched:
      - @ConditionalOnBooleanProperty (spring.aop.auto=true) matched (OnPropertyCondition)

   AopAutoConfiguration.AspectJAutoProxyingConfiguration matched:
      - @ConditionalOnClass found required class 'org.aspectj.weaver.Advice' (OnClassCondition)

   AopAutoConfiguration.AspectJAutoProxyingConfiguration.CglibAutoProxyConfiguration matched:
      - @ConditionalOnBooleanProperty (spring.aop.proxy-target-class=true) matched (OnPropertyCondition)

   ApplicationAvailabilityAutoConfiguration#applicationAvailability matched:
      - @ConditionalOnMissingBean (types: org.springframework.boot.availability.ApplicationAvailability; SearchStrategy: all) did not find any beans (OnBeanCondition)

   AuditEventsEndpointAutoConfiguration matched:
      - @ConditionalOnAvailableEndpoint marked as exposed by a 'management.endpoints.web.exposure' property (OnAvailableEndpointCondition)

   AutoServiceRegistrationAutoConfiguration matched:
      - @ConditionalOnProperty (spring.cloud.service-registry.auto-registration.enabled) matched (OnPropertyCondition)

   AutoServiceRegistrationConfiguration matched:
      - @ConditionalOnProperty (spring.cloud.service-registry.auto-registration.enabled) matched (OnPropertyCondition)

   AvailabilityHealthContributorAutoConfiguration#livenessStateHealthIndicator matched:
      - @ConditionalOnBooleanProperty (management.health.livenessstate.enabled=true) matched (OnPropertyCondition)
      - @ConditionalOnMissingBean (names: livenessStateHealthIndicator; SearchStrategy: all) did not find any beans (OnBeanCondition)

   AvailabilityHealthContributorAutoConfiguration#readinessStateHealthIndicator matched:
      - @ConditionalOnBooleanProperty (management.health.readinessstate.enabled=true) matched (OnPropertyCondition)
      - @ConditionalOnMissingBean (names: readinessStateHealthIndicator; SearchStrategy: all) did not find any beans (OnBeanCondition)

   AvailabilityProbesAutoConfiguration matched:
      - Probes availability 'management.endpoint.health.probes.enabled' set to 'true' (AvailabilityProbesAutoConfiguration.ProbesCondition)

   BeansEndpointAutoConfiguration matched:
      - @ConditionalOnAvailableEndpoint marked as exposed by a 'management.endpoints.web.exposure' property (OnAvailableEndpointCondition)

   BeansEndpointAutoConfiguration#beansEndpoint matched:
      - @ConditionalOnMissingBean (types: org.springframework.boot.actuate.beans.BeansEndpoint; SearchStrategy: all) did not find any beans (OnBeanCondition)

   BlockingLoadBalancerClientAutoConfiguration matched:
      - @ConditionalOnProperty (spring.cloud.loadbalancer.enabled=true) matched (OnPropertyCondition)
      - AnyNestedCondition 2 matched 0 did not; NestedCondition on BlockingRestClassesPresentCondition.RestClientPresent @ConditionalOnClass found required class 'org.springframework.web.client.RestClient'; NestedCondition on BlockingRestClassesPresentCondition.RestTemplatePresent @ConditionalOnClass found required class 'org.springframework.web.client.RestTemplate' (BlockingRestClassesPresentCondition)

   BlockingLoadBalancerClientAutoConfiguration#blockingLoadBalancerClient matched:
      - @ConditionalOnBean (types: org.springframework.cloud.loadbalancer.support.LoadBalancerClientFactory; SearchStrategy: all) found bean 'loadBalancerClientFactory'; @ConditionalOnMissingBean (types: org.springframework.cloud.client.loadbalancer.LoadBalancerClient; SearchStrategy: all) did not find any beans (OnBeanCondition)

   BlockingLoadBalancerClientAutoConfiguration#loadBalancerServiceInstanceCookieTransformer matched:
      - @ConditionalOnBean (types: org.springframework.cloud.loadbalancer.support.LoadBalancerClientFactory; SearchStrategy: all) found bean 'loadBalancerClientFactory'; @ConditionalOnMissingBean (types: org.springframework.cloud.loadbalancer.core.LoadBalancerServiceInstanceCookieTransformer; SearchStrategy: all) did not find any beans (OnBeanCondition)

   BlockingLoadBalancerClientAutoConfiguration#xForwarderHeadersTransformer matched:
      - @ConditionalOnBean (types: org.springframework.cloud.loadbalancer.support.LoadBalancerClientFactory; SearchStrategy: all) found bean 'loadBalancerClientFactory'; @ConditionalOnMissingBean (types: org.springframework.cloud.loadbalancer.blocking.XForwardedHeadersTransformer; SearchStrategy: all) did not find any beans (OnBeanCondition)

   CacheMeterBinderProvidersConfiguration matched:
      - @ConditionalOnClass found required class 'io.micrometer.core.instrument.binder.MeterBinder' (OnClassCondition)

   CachesEndpointAutoConfiguration matched:
      - @ConditionalOnClass found required class 'org.springframework.cache.CacheManager' (OnClassCondition)
      - @ConditionalOnAvailableEndpoint marked as exposed by a 'management.endpoints.web.exposure' property (OnAvailableEndpointCondition)

   CachesEndpointAutoConfiguration#cachesEndpoint matched:
      - @ConditionalOnMissingBean (types: org.springframework.boot.actuate.cache.CachesEndpoint; SearchStrategy: all) did not find any beans (OnBeanCondition)

   CachesEndpointAutoConfiguration#cachesEndpointWebExtension matched:
      - @ConditionalOnBean (types: org.springframework.boot.actuate.cache.CachesEndpoint; SearchStrategy: all) found bean 'cachesEndpoint'; @ConditionalOnMissingBean (types: org.springframework.boot.actuate.cache.CachesEndpointWebExtension; SearchStrategy: all) did not find any beans (OnBeanCondition)
      - @ConditionalOnAvailableEndpoint marked as exposed by a 'management.endpoints.web.exposure' property (OnAvailableEndpointCondition)

   org.springframework.boot.autoconfigure.http.client.reactive.ClientHttpConnectorAutoConfiguration matched:
      - @ConditionalOnClass found required classes 'org.springframework.http.client.reactive.ClientHttpConnector', 'reactor.core.publisher.Mono' (OnClassCondition)
      - Detected ClientHttpConnectorBuilder (ConditionalOnClientHttpConnectorBuilderDetection)

   ClientHttpConnectorAutoConfiguration#clientHttpConnector matched:
      - @ConditionalOnMissingBean (types: org.springframework.http.client.reactive.ClientHttpConnector; SearchStrategy: all) did not find any beans (OnBeanCondition)

   ClientHttpConnectorAutoConfiguration#clientHttpConnectorBuilder matched:
      - @ConditionalOnMissingBean (types: org.springframework.boot.http.client.reactive.ClientHttpConnectorBuilder<?>; SearchStrategy: all) did not find any beans (OnBeanCondition)

   ClientHttpConnectorAutoConfiguration#clientHttpConnectorSettings matched:
      - @ConditionalOnMissingBean (types: org.springframework.boot.http.client.reactive.ClientHttpConnectorSettings; SearchStrategy: all) did not find any beans (OnBeanCondition)

   CommonsClientAutoConfiguration.ActuatorConfiguration matched:
      - @ConditionalOnClass found required class 'org.springframework.boot.actuate.endpoint.annotation.Endpoint' (OnClassCondition)
      - @ConditionalOnProperty (spring.cloud.features.enabled) matched (OnPropertyCondition)

   CommonsClientAutoConfiguration.ActuatorConfiguration#featuresEndpoint matched:
      - @ConditionalOnAvailableEndpoint marked as exposed by a 'management.endpoints.web.exposure' property (OnAvailableEndpointCondition)

   CommonsClientAutoConfiguration.DiscoveryLoadBalancerConfiguration matched:
      - @ConditionalOnClass found required class 'org.springframework.boot.actuate.health.HealthIndicator' (OnClassCondition)
      - @ConditionalOnProperty (spring.cloud.discovery.enabled) matched; @ConditionalOnProperty (spring.cloud.discovery.blocking.enabled) matched (OnPropertyCondition)
      - @ConditionalOnBean (types: org.springframework.cloud.client.discovery.DiscoveryClient; SearchStrategy: all) found beans 'discoveryClient', 'simpleDiscoveryClient', 'compositeDiscoveryClient' (OnBeanCondition)

   CommonsClientAutoConfiguration.DiscoveryLoadBalancerConfiguration#discoveryClientHealthIndicator matched:
      - @ConditionalOnProperty (spring.cloud.discovery.client.health-indicator.enabled) matched (OnPropertyCondition)

   CommonsClientAutoConfiguration.DiscoveryLoadBalancerConfiguration#discoveryCompositeHealthContributor matched:
      - @ConditionalOnProperty (spring.cloud.discovery.client.composite-indicator.enabled) matched (OnPropertyCondition)
      - @ConditionalOnBean (types: org.springframework.cloud.client.discovery.health.DiscoveryHealthIndicator; SearchStrategy: all) found beans 'eurekaHealthIndicator', 'discoveryClientHealthIndicator' (OnBeanCondition)

   CompatibilityVerifierAutoConfiguration matched:
      - @ConditionalOnProperty (spring.cloud.compatibility-verifier.enabled) matched (OnPropertyCondition)

   CompositeMeterRegistryAutoConfiguration matched:
      - @ConditionalOnClass found required class 'io.micrometer.core.instrument.composite.CompositeMeterRegistry' (OnClassCondition)

   ConditionsReportEndpointAutoConfiguration matched:
      - @ConditionalOnAvailableEndpoint marked as exposed by a 'management.endpoints.web.exposure' property (OnAvailableEndpointCondition)

   ConditionsReportEndpointAutoConfiguration#conditionsReportEndpoint matched:
      - @ConditionalOnMissingBean (types: org.springframework.boot.actuate.autoconfigure.condition.ConditionsReportEndpoint; SearchStrategy: current) did not find any beans (OnBeanCondition)

   ConfigClientAutoConfiguration.ConfigServerHealthIndicatorConfiguration matched:
      - @ConditionalOnClass found required class 'org.springframework.boot.actuate.health.HealthIndicator' (OnClassCondition)
      - @ConditionalOnEnabledHealthIndicator management.health.defaults.enabled is considered true (OnEnabledHealthIndicatorCondition)

   ConfigurationPropertiesRebinderAutoConfiguration matched:
      - @ConditionalOnBean (types: org.springframework.boot.context.properties.ConfigurationPropertiesBindingPostProcessor; SearchStrategy: all) found bean 'org.springframework.boot.context.properties.ConfigurationPropertiesBindingPostProcessor' (OnBeanCondition)

   ConfigurationPropertiesRebinderAutoConfiguration#configurationPropertiesBeans matched:
      - @ConditionalOnMissingBean (types: org.springframework.cloud.context.properties.ConfigurationPropertiesBeans; SearchStrategy: current) did not find any beans (OnBeanCondition)

   ConfigurationPropertiesRebinderAutoConfiguration#configurationPropertiesRebinder matched:
      - @ConditionalOnMissingBean (types: org.springframework.cloud.context.properties.ConfigurationPropertiesRebinder; SearchStrategy: current) did not find any beans (OnBeanCondition)

   ConfigurationPropertiesReportEndpointAutoConfiguration matched:
      - @ConditionalOnAvailableEndpoint marked as exposed by a 'management.endpoints.web.exposure' property (OnAvailableEndpointCondition)

   ConfigurationPropertiesReportEndpointAutoConfiguration#configurationPropertiesReportEndpoint matched:
      - @ConditionalOnMissingBean (types: org.springframework.boot.actuate.context.properties.ConfigurationPropertiesReportEndpoint; SearchStrategy: all) did not find any beans (OnBeanCondition)

   ConfigurationPropertiesReportEndpointAutoConfiguration#configurationPropertiesReportEndpointWebExtension matched:
      - @ConditionalOnBean (types: org.springframework.boot.actuate.context.properties.ConfigurationPropertiesReportEndpoint; SearchStrategy: all) found bean 'configurationPropertiesReportEndpoint'; @ConditionalOnMissingBean (types: org.springframework.boot.actuate.context.properties.ConfigurationPropertiesReportEndpointWebExtension; SearchStrategy: all) did not find any beans (OnBeanCondition)
      - @ConditionalOnAvailableEndpoint marked as exposed by a 'management.endpoints.web.exposure' property (OnAvailableEndpointCondition)

   DataSourceAutoConfiguration matched:
      - @ConditionalOnClass found required classes 'javax.sql.DataSource', 'org.springframework.jdbc.datasource.embedded.EmbeddedDatabaseType' (OnClassCondition)
      - @ConditionalOnMissingBean (types: ?; SearchStrategy: all) did not find any beans (OnBeanCondition)

   DataSourceAutoConfiguration.PooledDataSourceConfiguration matched:
      - AnyNestedCondition 1 matched 1 did not; NestedCondition on DataSourceAutoConfiguration.PooledDataSourceCondition.PooledDataSourceAvailable PooledDataSource found supported DataSource; NestedCondition on DataSourceAutoConfiguration.PooledDataSourceCondition.ExplicitType @ConditionalOnProperty (spring.datasource.type) did not find property 'spring.datasource.type' (DataSourceAutoConfiguration.PooledDataSourceCondition)
      - @ConditionalOnMissingBean (types: javax.sql.DataSource,javax.sql.XADataSource; SearchStrategy: all) did not find any beans (OnBeanCondition)

   DataSourceAutoConfiguration.PooledDataSourceConfiguration#jdbcConnectionDetails matched:
      - @ConditionalOnMissingBean (types: org.springframework.boot.autoconfigure.jdbc.JdbcConnectionDetails; SearchStrategy: all) did not find any beans (OnBeanCondition)

   DataSourceConfiguration.Hikari matched:
      - @ConditionalOnClass found required class 'com.zaxxer.hikari.HikariDataSource' (OnClassCondition)
      - @ConditionalOnProperty (spring.datasource.type=com.zaxxer.hikari.HikariDataSource) matched (OnPropertyCondition)
      - @ConditionalOnMissingBean (types: javax.sql.DataSource; SearchStrategy: all) did not find any beans (OnBeanCondition)

   DataSourceHealthContributorAutoConfiguration matched:
      - @ConditionalOnClass found required classes 'org.springframework.jdbc.core.JdbcTemplate', 'org.springframework.jdbc.datasource.lookup.AbstractRoutingDataSource' (OnClassCondition)
      - @ConditionalOnEnabledHealthIndicator management.health.defaults.enabled is considered true (OnEnabledHealthIndicatorCondition)
      - @ConditionalOnBean (types: javax.sql.DataSource; SearchStrategy: all) found bean 'dataSource' (OnBeanCondition)

   DataSourceHealthContributorAutoConfiguration#dbHealthContributor matched:
      - @ConditionalOnMissingBean (names: dbHealthIndicator,dbHealthContributor; SearchStrategy: all) did not find any beans (OnBeanCondition)

   DataSourceInitializationConfiguration matched:
      - @ConditionalOnClass found required class 'org.springframework.jdbc.datasource.init.DatabasePopulator' (OnClassCondition)
      - @ConditionalOnSingleCandidate (types: javax.sql.DataSource; SearchStrategy: all) found a single bean 'dataSource'; @ConditionalOnMissingBean (types: org.springframework.boot.autoconfigure.sql.init.SqlDataSourceScriptDatabaseInitializer,org.springframework.boot.autoconfigure.sql.init.SqlR2dbcScriptDatabaseInitializer; SearchStrategy: all) did not find any beans (OnBeanCondition)

   DataSourcePoolMetadataProvidersConfiguration.HikariPoolDataSourceMetadataProviderConfiguration matched:
      - @ConditionalOnClass found required class 'com.zaxxer.hikari.HikariDataSource' (OnClassCondition)

   DataSourcePoolMetricsAutoConfiguration matched:
      - @ConditionalOnClass found required classes 'javax.sql.DataSource', 'io.micrometer.core.instrument.MeterRegistry' (OnClassCondition)
      - @ConditionalOnBean (types: javax.sql.DataSource,io.micrometer.core.instrument.MeterRegistry; SearchStrategy: all) found beans 'simpleMeterRegistry', 'dataSource' (OnBeanCondition)

   DataSourcePoolMetricsAutoConfiguration.DataSourcePoolMetadataMetricsConfiguration matched:
      - @ConditionalOnBean (types: org.springframework.boot.jdbc.metadata.DataSourcePoolMetadataProvider; SearchStrategy: all) found bean 'hikariPoolDataSourceMetadataProvider' (OnBeanCondition)

   DataSourcePoolMetricsAutoConfiguration.HikariDataSourceMetricsConfiguration matched:
      - @ConditionalOnClass found required class 'com.zaxxer.hikari.HikariDataSource' (OnClassCondition)

   DataSourceTransactionManagerAutoConfiguration matched:
      - @ConditionalOnClass found required classes 'javax.sql.DataSource', 'org.springframework.jdbc.core.JdbcTemplate', 'org.springframework.transaction.TransactionManager' (OnClassCondition)

   DataSourceTransactionManagerAutoConfiguration.JdbcTransactionManagerConfiguration matched:
      - @ConditionalOnSingleCandidate (types: javax.sql.DataSource; SearchStrategy: all) found a single bean 'dataSource' (OnBeanCondition)

   DiscoveryClientOptionalArgsConfiguration.RestTemplateConfiguration matched:
      - AllNestedConditions 4 matched 0 did not; NestedCondition on DiscoveryClientOptionalArgsConfiguration.OnRestTemplatePresentAndEnabledCondition.OnRestClientDisabled @ConditionalOnProperty (eureka.client.restclient.enabled=false) matched; NestedCondition on DiscoveryClientOptionalArgsConfiguration.OnRestTemplatePresentAndEnabledCondition.OnWebClientDisabled @ConditionalOnProperty (eureka.client.webclient.enabled=false) matched; NestedCondition on DiscoveryClientOptionalArgsConfiguration.OnRestTemplatePresentAndEnabledCondition.OnJerseyClientNotPresentOrNotEnabled AnyNestedCondition 1 matched 1 did not; NestedCondition on DiscoveryClientOptionalArgsConfiguration.OnJerseyClientNotPresentOrNotEnabledCondition.OnJerseyClientDisabled @ConditionalOnProperty (eureka.client.jersey.enabled=false) did not find property 'eureka.client.jersey.enabled'; NestedCondition on DiscoveryClientOptionalArgsConfiguration.OnJerseyClientNotPresentOrNotEnabledCondition.OnJerseyClientMissing @ConditionalOnMissingClass did not find unwanted class 'org.glassfish.jersey.client.JerseyClient'; NestedCondition on DiscoveryClientOptionalArgsConfiguration.OnRestTemplatePresentAndEnabledCondition.OnRestTemplatePresent @ConditionalOnClass found required class 'org.springframework.web.client.RestTemplate' (DiscoveryClientOptionalArgsConfiguration.OnRestTemplatePresentAndEnabledCondition)

   DiscoveryClientOptionalArgsConfiguration.RestTemplateConfiguration#defaultEurekaClientHttpRequestFactorySupplier matched:
      - @ConditionalOnMissingBean (types: org.springframework.cloud.netflix.eureka.http.EurekaClientHttpRequestFactorySupplier; SearchStrategy: all) did not find any beans (OnBeanCondition)

   DiscoveryClientOptionalArgsConfiguration.RestTemplateConfiguration#restTemplateDiscoveryClientOptionalArgs matched:
      - @ConditionalOnMissingBean (types: com.netflix.discovery.AbstractDiscoveryClientOptionalArgs; SearchStrategy: current) did not find any beans (OnBeanCondition)

   DiscoveryClientOptionalArgsConfiguration.RestTemplateConfiguration#restTemplateTransportClientFactories matched:
      - @ConditionalOnMissingBean (types: com.netflix.discovery.shared.transport.jersey.TransportClientFactories; SearchStrategy: current) did not find any beans (OnBeanCondition)

   DiskSpaceHealthContributorAutoConfiguration matched:
      - @ConditionalOnEnabledHealthIndicator management.health.defaults.enabled is considered true (OnEnabledHealthIndicatorCondition)

   DiskSpaceHealthContributorAutoConfiguration#diskSpaceHealthIndicator matched:
      - @ConditionalOnMissingBean (names: diskSpaceHealthIndicator; SearchStrategy: all) did not find any beans (OnBeanCondition)

   DispatcherServletAutoConfiguration matched:
      - @ConditionalOnClass found required class 'org.springframework.web.servlet.DispatcherServlet' (OnClassCondition)
      - found 'session' scope (OnWebApplicationCondition)

   DispatcherServletAutoConfiguration.DispatcherServletConfiguration matched:
      - @ConditionalOnClass found required class 'jakarta.servlet.ServletRegistration' (OnClassCondition)
      - Default DispatcherServlet did not find dispatcher servlet beans (DispatcherServletAutoConfiguration.DefaultDispatcherServletCondition)

   DispatcherServletAutoConfiguration.DispatcherServletRegistrationConfiguration matched:
      - @ConditionalOnClass found required class 'jakarta.servlet.ServletRegistration' (OnClassCondition)
      - DispatcherServlet Registration did not find servlet registration bean (DispatcherServletAutoConfiguration.DispatcherServletRegistrationCondition)

   DispatcherServletAutoConfiguration.DispatcherServletRegistrationConfiguration#dispatcherServletRegistration matched:
      - @ConditionalOnBean (names: dispatcherServlet types: org.springframework.web.servlet.DispatcherServlet; SearchStrategy: all) found bean 'dispatcherServlet' (OnBeanCondition)

   EndpointAutoConfiguration#endpointCachingOperationInvokerAdvisor matched:
      - @ConditionalOnMissingBean (types: org.springframework.boot.actuate.endpoint.invoker.cache.CachingOperationInvokerAdvisor; SearchStrategy: all) did not find any beans (OnBeanCondition)

   EndpointAutoConfiguration#endpointOperationParameterMapper matched:
      - @ConditionalOnMissingBean (types: org.springframework.boot.actuate.endpoint.invoke.ParameterValueMapper; SearchStrategy: all) did not find any beans (OnBeanCondition)

   EndpointAutoConfiguration#propertiesEndpointAccessResolver matched:
      - @ConditionalOnMissingBean (types: org.springframework.boot.actuate.endpoint.EndpointAccessResolver; SearchStrategy: all) did not find any beans (OnBeanCondition)

   EnvironmentEndpointAutoConfiguration matched:
      - @ConditionalOnAvailableEndpoint marked as exposed by a 'management.endpoints.web.exposure' property (OnAvailableEndpointCondition)

   EnvironmentEndpointAutoConfiguration#environmentEndpoint matched:
      - @ConditionalOnMissingBean (types: org.springframework.boot.actuate.env.EnvironmentEndpoint; SearchStrategy: all) did not find any beans (OnBeanCondition)

   EnvironmentEndpointAutoConfiguration#environmentEndpointWebExtension matched:
      - @ConditionalOnBean (types: org.springframework.boot.actuate.env.EnvironmentEndpoint; SearchStrategy: all) found bean 'environmentEndpoint'; @ConditionalOnMissingBean (types: org.springframework.boot.actuate.env.EnvironmentEndpointWebExtension; SearchStrategy: all) did not find any beans (OnBeanCondition)
      - @ConditionalOnAvailableEndpoint marked as exposed by a 'management.endpoints.web.exposure' property (OnAvailableEndpointCondition)

   ErrorMvcAutoConfiguration matched:
      - @ConditionalOnClass found required classes 'jakarta.servlet.Servlet', 'org.springframework.web.servlet.DispatcherServlet' (OnClassCondition)
      - found 'session' scope (OnWebApplicationCondition)

   ErrorMvcAutoConfiguration#basicErrorController matched:
      - @ConditionalOnMissingBean (types: org.springframework.boot.web.servlet.error.ErrorController; SearchStrategy: current) did not find any beans (OnBeanCondition)

   ErrorMvcAutoConfiguration#errorAttributes matched:
      - @ConditionalOnMissingBean (types: org.springframework.boot.web.servlet.error.ErrorAttributes; SearchStrategy: current) did not find any beans (OnBeanCondition)

   ErrorMvcAutoConfiguration.DefaultErrorViewResolverConfiguration#conventionErrorViewResolver matched:
      - @ConditionalOnBean (types: org.springframework.web.servlet.DispatcherServlet; SearchStrategy: all) found bean 'dispatcherServlet'; @ConditionalOnMissingBean (types: org.springframework.boot.autoconfigure.web.servlet.error.ErrorViewResolver; SearchStrategy: all) did not find any beans (OnBeanCondition)

   ErrorMvcAutoConfiguration.WhitelabelErrorViewConfiguration matched:
      - @ConditionalOnBooleanProperty (server.error.whitelabel.enabled=true) matched (OnPropertyCondition)
      - ErrorTemplate Missing did not find error template view (ErrorMvcAutoConfiguration.ErrorTemplateMissingCondition)

   ErrorMvcAutoConfiguration.WhitelabelErrorViewConfiguration#beanNameViewResolver matched:
      - @ConditionalOnMissingBean (types: org.springframework.web.servlet.view.BeanNameViewResolver; SearchStrategy: all) did not find any beans (OnBeanCondition)

   ErrorMvcAutoConfiguration.WhitelabelErrorViewConfiguration#defaultErrorView matched:
      - @ConditionalOnMissingBean (names: error; SearchStrategy: all) did not find any beans (OnBeanCondition)

   EurekaClientAutoConfiguration matched:
      - @ConditionalOnClass found required class 'com.netflix.discovery.EurekaClientConfig' (OnClassCondition)
      - @ConditionalOnProperty (eureka.client.enabled) matched; @ConditionalOnProperty (spring.cloud.discovery.enabled) matched (OnPropertyCondition)

   EurekaClientAutoConfiguration#eurekaAutoServiceRegistration matched:
      - @ConditionalOnProperty (spring.cloud.service-registry.auto-registration.enabled) matched (OnPropertyCondition)
      - @ConditionalOnBean (types: org.springframework.cloud.client.serviceregistry.AutoServiceRegistrationProperties; SearchStrategy: all) found bean 'spring.cloud.service-registry.auto-registration-org.springframework.cloud.client.serviceregistry.AutoServiceRegistrationProperties' (OnBeanCondition)

   EurekaClientAutoConfiguration#eurekaClientConfigBean matched:
      - @ConditionalOnMissingBean (types: com.netflix.discovery.EurekaClientConfig; SearchStrategy: current) did not find any beans (OnBeanCondition)

   EurekaClientAutoConfiguration#eurekaInstanceConfigBean matched:
      - @ConditionalOnMissingBean (types: com.netflix.appinfo.EurekaInstanceConfig; SearchStrategy: current) did not find any beans (OnBeanCondition)

   EurekaClientAutoConfiguration#serviceManagementMetadataProvider matched:
      - @ConditionalOnMissingBean (types: org.springframework.cloud.netflix.eureka.metadata.ManagementMetadataProvider; SearchStrategy: all) did not find any beans (OnBeanCondition)

   EurekaClientAutoConfiguration.EurekaHealthIndicatorConfiguration matched:
      - @ConditionalOnClass found required class 'org.springframework.boot.actuate.health.Health' (OnClassCondition)

   EurekaClientAutoConfiguration.EurekaHealthIndicatorConfiguration#eurekaHealthIndicator matched:
      - @ConditionalOnMissingBean (types: org.springframework.cloud.netflix.eureka.EurekaHealthIndicator; SearchStrategy: all) did not find any beans (OnBeanCondition)
      - @ConditionalOnEnabledHealthIndicator management.health.defaults.enabled is considered true (OnEnabledHealthIndicatorCondition)

   EurekaClientAutoConfiguration.RefreshableEurekaClientConfiguration matched:
      - @ConditionalOnClass found required class 'org.springframework.cloud.context.scope.refresh.RefreshScope' (OnClassCondition)
      - @ConditionalOnProperty (eureka.client.refresh.enable=true) matched (OnPropertyCondition)
      - @ConditionalOnBean (types: org.springframework.cloud.autoconfigure.RefreshAutoConfiguration; SearchStrategy: all) found bean 'org.springframework.cloud.autoconfigure.RefreshAutoConfiguration' (OnBeanCondition)

   EurekaClientAutoConfiguration.RefreshableEurekaClientConfiguration#eurekaApplicationInfoManager matched:
      - @ConditionalOnMissingBean (types: com.netflix.appinfo.ApplicationInfoManager; SearchStrategy: current) did not find any beans (OnBeanCondition)

   EurekaClientAutoConfiguration.RefreshableEurekaClientConfiguration#eurekaClient matched:
      - @ConditionalOnMissingBean (types: com.netflix.discovery.EurekaClient; SearchStrategy: current) did not find any beans (OnBeanCondition)

   EurekaClientAutoConfiguration.RefreshableEurekaClientConfiguration#eurekaRegistration matched:
      - @ConditionalOnProperty (spring.cloud.service-registry.auto-registration.enabled) matched (OnPropertyCondition)
      - @ConditionalOnBean (types: org.springframework.cloud.client.serviceregistry.AutoServiceRegistrationProperties; SearchStrategy: all) found bean 'spring.cloud.service-registry.auto-registration-org.springframework.cloud.client.serviceregistry.AutoServiceRegistrationProperties' (OnBeanCondition)

   EurekaDiscoveryClientConfiguration matched:
      - @ConditionalOnClass found required class 'com.netflix.discovery.EurekaClientConfig' (OnClassCondition)
      - @ConditionalOnProperty (eureka.client.enabled) matched; @ConditionalOnProperty (spring.cloud.discovery.enabled) matched; @ConditionalOnProperty (spring.cloud.discovery.blocking.enabled) matched (OnPropertyCondition)

   EurekaDiscoveryClientConfiguration#discoveryClient matched:
      - @ConditionalOnMissingBean (types: org.springframework.cloud.netflix.eureka.EurekaDiscoveryClient; SearchStrategy: all) did not find any beans (OnBeanCondition)

   EurekaDiscoveryClientConfiguration.EurekaClientConfigurationRefresher matched:
      - @ConditionalOnClass found required class 'org.springframework.cloud.context.scope.refresh.RefreshScopeRefreshedEvent' (OnClassCondition)

   GenericCacheConfiguration matched:
      - Cache org.springframework.boot.autoconfigure.cache.GenericCacheConfiguration automatic cache type (CacheCondition)

   GsonAutoConfiguration matched:
      - @ConditionalOnClass found required class 'com.google.gson.Gson' (OnClassCondition)

   GsonAutoConfiguration#gson matched:
      - @ConditionalOnMissingBean (types: com.google.gson.Gson; SearchStrategy: all) did not find any beans (OnBeanCondition)

   GsonAutoConfiguration#gsonBuilder matched:
      - @ConditionalOnMissingBean (types: com.google.gson.GsonBuilder; SearchStrategy: all) did not find any beans (OnBeanCondition)

   GsonHttpMessageConvertersConfiguration matched:
      - @ConditionalOnClass found required class 'com.google.gson.Gson' (OnClassCondition)

   HealthContributorAutoConfiguration#pingHealthContributor matched:
      - @ConditionalOnEnabledHealthIndicator management.health.defaults.enabled is considered true (OnEnabledHealthIndicatorCondition)

   HealthEndpointAutoConfiguration matched:
      - @ConditionalOnAvailableEndpoint marked as exposed by a 'management.endpoints.web.exposure' property (OnAvailableEndpointCondition)

   HealthEndpointConfiguration#healthContributorRegistry matched:
      - @ConditionalOnMissingBean (types: org.springframework.boot.actuate.health.HealthContributorRegistry; SearchStrategy: all) did not find any beans (OnBeanCondition)

   HealthEndpointConfiguration#healthEndpoint matched:
      - @ConditionalOnMissingBean (types: org.springframework.boot.actuate.health.HealthEndpoint; SearchStrategy: all) did not find any beans (OnBeanCondition)

   HealthEndpointConfiguration#healthEndpointGroupMembershipValidator matched:
      - @ConditionalOnBooleanProperty (management.endpoint.health.validate-group-membership=true) matched (OnPropertyCondition)

   HealthEndpointConfiguration#healthEndpointGroups matched:
      - @ConditionalOnMissingBean (types: org.springframework.boot.actuate.health.HealthEndpointGroups; SearchStrategy: all) did not find any beans (OnBeanCondition)

   HealthEndpointConfiguration#healthHttpCodeStatusMapper matched:
      - @ConditionalOnMissingBean (types: org.springframework.boot.actuate.health.HttpCodeStatusMapper; SearchStrategy: all) did not find any beans (OnBeanCondition)

   HealthEndpointConfiguration#healthStatusAggregator matched:
      - @ConditionalOnMissingBean (types: org.springframework.boot.actuate.health.StatusAggregator; SearchStrategy: all) did not find any beans (OnBeanCondition)

   HealthEndpointWebExtensionConfiguration matched:
      - found 'session' scope (OnWebApplicationCondition)
      - @ConditionalOnAvailableEndpoint marked as exposed by a 'management.endpoints.web.exposure' property (OnAvailableEndpointCondition)
      - @ConditionalOnBean (types: org.springframework.boot.actuate.health.HealthEndpoint; SearchStrategy: all) found bean 'healthEndpoint' (OnBeanCondition)

   HealthEndpointWebExtensionConfiguration#healthEndpointWebExtension matched:
      - @ConditionalOnMissingBean (types: org.springframework.boot.actuate.health.HealthEndpointWebExtension; SearchStrategy: all) did not find any beans (OnBeanCondition)

   HealthEndpointWebExtensionConfiguration.MvcAdditionalHealthEndpointPathsConfiguration matched:
      - @ConditionalOnBean (types: org.springframework.web.servlet.DispatcherServlet; SearchStrategy: all) found bean 'dispatcherServlet' (OnBeanCondition)

   HibernateJpaAutoConfiguration matched:
      - @ConditionalOnClass found required classes 'org.springframework.orm.jpa.LocalContainerEntityManagerFactoryBean', 'jakarta.persistence.EntityManager', 'org.hibernate.engine.spi.SessionImplementor' (OnClassCondition)

   HibernateJpaConfiguration matched:
      - @ConditionalOnSingleCandidate (types: javax.sql.DataSource; SearchStrategy: all) found a single bean 'dataSource' (OnBeanCondition)

   HttpClientAutoConfiguration matched:
      - @ConditionalOnClass found required class 'org.springframework.http.client.ClientHttpRequestFactory' (OnClassCondition)
      - NoneNestedConditions 0 matched 1 did not; NestedCondition on NotReactiveWebApplicationCondition.ReactiveWebApplication did not find reactive web application classes (NotReactiveWebApplicationCondition)

   HttpClientAutoConfiguration#clientHttpRequestFactoryBuilder matched:
      - @ConditionalOnMissingBean (types: org.springframework.boot.http.client.ClientHttpRequestFactoryBuilder<?>; SearchStrategy: all) did not find any beans (OnBeanCondition)

   HttpClientAutoConfiguration#clientHttpRequestFactorySettings matched:
      - @ConditionalOnMissingBean (types: org.springframework.boot.http.client.ClientHttpRequestFactorySettings; SearchStrategy: all) did not find any beans (OnBeanCondition)

   HttpClientObservationsAutoConfiguration matched:
      - @ConditionalOnClass found required class 'io.micrometer.observation.Observation' (OnClassCondition)
      - @ConditionalOnBean (types: io.micrometer.observation.ObservationRegistry; SearchStrategy: all) found bean 'observationRegistry' (OnBeanCondition)

   HttpClientObservationsAutoConfiguration.MeterFilterConfiguration matched:
      - @ConditionalOnClass found required class 'io.micrometer.core.instrument.MeterRegistry' (OnClassCondition)
      - @ConditionalOnBean (types: io.micrometer.core.instrument.MeterRegistry; SearchStrategy: all) found bean 'simpleMeterRegistry' (OnBeanCondition)

   HttpEncodingAutoConfiguration matched:
      - @ConditionalOnClass found required class 'org.springframework.web.filter.CharacterEncodingFilter' (OnClassCondition)
      - found 'session' scope (OnWebApplicationCondition)
      - @ConditionalOnBooleanProperty (server.servlet.encoding.enabled=true) matched (OnPropertyCondition)

   HttpEncodingAutoConfiguration#characterEncodingFilter matched:
      - @ConditionalOnMissingBean (types: org.springframework.web.filter.CharacterEncodingFilter; SearchStrategy: all) did not find any beans (OnBeanCondition)

   HttpExchangesEndpointAutoConfiguration matched:
      - @ConditionalOnAvailableEndpoint marked as exposed by a 'management.endpoints.web.exposure' property (OnAvailableEndpointCondition)

   HttpMessageConvertersAutoConfiguration matched:
      - @ConditionalOnClass found required class 'org.springframework.http.converter.HttpMessageConverter' (OnClassCondition)
      - NoneNestedConditions 0 matched 1 did not; NestedCondition on HttpMessageConvertersAutoConfiguration.NotReactiveWebApplicationCondition.ReactiveWebApplication did not find reactive web application classes (HttpMessageConvertersAutoConfiguration.NotReactiveWebApplicationCondition)

   HttpMessageConvertersAutoConfiguration#messageConverters matched:
      - @ConditionalOnMissingBean (types: org.springframework.boot.autoconfigure.http.HttpMessageConverters; SearchStrategy: all) did not find any beans (OnBeanCondition)

   HttpMessageConvertersAutoConfiguration.StringHttpMessageConverterConfiguration matched:
      - @ConditionalOnClass found required class 'org.springframework.http.converter.StringHttpMessageConverter' (OnClassCondition)

   HttpMessageConvertersAutoConfiguration.StringHttpMessageConverterConfiguration#stringHttpMessageConverter matched:
      - @ConditionalOnMissingBean (types: org.springframework.http.converter.StringHttpMessageConverter; SearchStrategy: all) did not find any beans (OnBeanCondition)

   InfoEndpointAutoConfiguration matched:
      - @ConditionalOnAvailableEndpoint marked as exposed by a 'management.endpoints.web.exposure' property (OnAvailableEndpointCondition)

   InfoEndpointAutoConfiguration#infoEndpoint matched:
      - @ConditionalOnMissingBean (types: org.springframework.boot.actuate.info.InfoEndpoint; SearchStrategy: all) did not find any beans (OnBeanCondition)

   JacksonAutoConfiguration matched:
      - @ConditionalOnClass found required class 'com.fasterxml.jackson.databind.ObjectMapper' (OnClassCondition)

   JacksonAutoConfiguration.Jackson2ObjectMapperBuilderCustomizerConfiguration matched:
      - @ConditionalOnClass found required class 'org.springframework.http.converter.json.Jackson2ObjectMapperBuilder' (OnClassCondition)

   JacksonAutoConfiguration.JacksonObjectMapperBuilderConfiguration matched:
      - @ConditionalOnClass found required class 'org.springframework.http.converter.json.Jackson2ObjectMapperBuilder' (OnClassCondition)

   JacksonAutoConfiguration.JacksonObjectMapperBuilderConfiguration#jacksonObjectMapperBuilder matched:
      - @ConditionalOnMissingBean (types: org.springframework.http.converter.json.Jackson2ObjectMapperBuilder; SearchStrategy: all) did not find any beans (OnBeanCondition)

   JacksonAutoConfiguration.JacksonObjectMapperConfiguration matched:
      - @ConditionalOnClass found required class 'org.springframework.http.converter.json.Jackson2ObjectMapperBuilder' (OnClassCondition)

   JacksonAutoConfiguration.JacksonObjectMapperConfiguration#jacksonObjectMapper matched:
      - @ConditionalOnMissingBean (types: com.fasterxml.jackson.databind.ObjectMapper; SearchStrategy: all) did not find any beans (OnBeanCondition)

   JacksonAutoConfiguration.ParameterNamesModuleConfiguration matched:
      - @ConditionalOnClass found required class 'com.fasterxml.jackson.module.paramnames.ParameterNamesModule' (OnClassCondition)

   JacksonAutoConfiguration.ParameterNamesModuleConfiguration#parameterNamesModule matched:
      - @ConditionalOnMissingBean (types: com.fasterxml.jackson.module.paramnames.ParameterNamesModule; SearchStrategy: all) did not find any beans (OnBeanCondition)

   JacksonEndpointAutoConfiguration#endpointObjectMapper matched:
      - @ConditionalOnClass found required classes 'com.fasterxml.jackson.databind.ObjectMapper', 'org.springframework.http.converter.json.Jackson2ObjectMapperBuilder' (OnClassCondition)
      - @ConditionalOnBooleanProperty (management.endpoints.jackson.isolated-object-mapper=true) matched (OnPropertyCondition)

   JacksonHttpMessageConvertersConfiguration.MappingJackson2HttpMessageConverterConfiguration matched:
      - @ConditionalOnClass found required class 'com.fasterxml.jackson.databind.ObjectMapper' (OnClassCondition)
      - @ConditionalOnPreferredJsonMapper JACKSON no property was configured and Jackson is the default (OnPreferredJsonMapperCondition)
      - @ConditionalOnBean (types: com.fasterxml.jackson.databind.ObjectMapper; SearchStrategy: all) found bean 'jacksonObjectMapper' (OnBeanCondition)

   JacksonHttpMessageConvertersConfiguration.MappingJackson2HttpMessageConverterConfiguration#mappingJackson2HttpMessageConverter matched:
      - @ConditionalOnMissingBean (types: org.springframework.http.converter.json.MappingJackson2HttpMessageConverter ignored: ?; SearchStrategy: all) did not find any beans (OnBeanCondition)

   JdbcClientAutoConfiguration matched:
      - @ConditionalOnSingleCandidate (types: org.springframework.jdbc.core.namedparam.NamedParameterJdbcTemplate; SearchStrategy: all) found a single bean 'namedParameterJdbcTemplate'; @ConditionalOnMissingBean (types: org.springframework.jdbc.core.simple.JdbcClient; SearchStrategy: all) did not find any beans (OnBeanCondition)

   JdbcTemplateAutoConfiguration matched:
      - @ConditionalOnClass found required classes 'javax.sql.DataSource', 'org.springframework.jdbc.core.JdbcTemplate' (OnClassCondition)
      - @ConditionalOnSingleCandidate (types: javax.sql.DataSource; SearchStrategy: all) found a single bean 'dataSource' (OnBeanCondition)

   JdbcTemplateConfiguration matched:
      - @ConditionalOnMissingBean (types: org.springframework.jdbc.core.JdbcOperations; SearchStrategy: all) did not find any beans (OnBeanCondition)

   JpaBaseConfiguration#entityManagerFactory matched:
      - @ConditionalOnMissingBean (types: org.springframework.orm.jpa.LocalContainerEntityManagerFactoryBean,jakarta.persistence.EntityManagerFactory; SearchStrategy: all) did not find any beans (OnBeanCondition)

   JpaBaseConfiguration#entityManagerFactoryBuilder matched:
      - @ConditionalOnMissingBean (types: org.springframework.boot.orm.jpa.EntityManagerFactoryBuilder; SearchStrategy: all) did not find any beans (OnBeanCondition)

   JpaBaseConfiguration#jpaVendorAdapter matched:
      - @ConditionalOnMissingBean (types: org.springframework.orm.jpa.JpaVendorAdapter; SearchStrategy: all) did not find any beans (OnBeanCondition)

   JpaBaseConfiguration#transactionManager matched:
      - @ConditionalOnMissingBean (types: org.springframework.transaction.TransactionManager; SearchStrategy: all) did not find any beans (OnBeanCondition)

   JpaBaseConfiguration.JpaWebConfiguration matched:
      - @ConditionalOnClass found required class 'org.springframework.web.servlet.config.annotation.WebMvcConfigurer' (OnClassCondition)
      - found 'session' scope (OnWebApplicationCondition)
      - @ConditionalOnBooleanProperty (spring.jpa.open-in-view=true) matched (OnPropertyCondition)
      - @ConditionalOnMissingBean (types: org.springframework.orm.jpa.support.OpenEntityManagerInViewInterceptor,org.springframework.orm.jpa.support.OpenEntityManagerInViewFilter; SearchStrategy: all) did not find any beans (OnBeanCondition)

   JpaBaseConfiguration.PersistenceManagedTypesConfiguration matched:
      - @ConditionalOnMissingBean (types: org.springframework.orm.jpa.LocalContainerEntityManagerFactoryBean,jakarta.persistence.EntityManagerFactory; SearchStrategy: all) did not find any beans (OnBeanCondition)

   JpaBaseConfiguration.PersistenceManagedTypesConfiguration#persistenceManagedTypes matched:
      - @ConditionalOnMissingBean (types: org.springframework.orm.jpa.persistenceunit.PersistenceManagedTypes; SearchStrategy: all) did not find any beans (OnBeanCondition)

   JpaRepositoriesAutoConfiguration matched:
      - @ConditionalOnClass found required class 'org.springframework.data.jpa.repository.JpaRepository' (OnClassCondition)
      - @ConditionalOnBooleanProperty (spring.data.jpa.repositories.enabled=true) matched (OnPropertyCondition)
      - @ConditionalOnBean (types: javax.sql.DataSource; SearchStrategy: all) found bean 'dataSource'; @ConditionalOnMissingBean (types: org.springframework.data.jpa.repository.support.JpaRepositoryFactoryBean,org.springframework.data.jpa.repository.config.JpaRepositoryConfigExtension; SearchStrategy: all) did not find any beans (OnBeanCondition)

   JtaAutoConfiguration matched:
      - @ConditionalOnClass found required class 'jakarta.transaction.Transaction' (OnClassCondition)
      - @ConditionalOnBooleanProperty (spring.jta.enabled=true) matched (OnPropertyCondition)

   JvmMetricsAutoConfiguration matched:
      - @ConditionalOnClass found required class 'io.micrometer.core.instrument.MeterRegistry' (OnClassCondition)
      - @ConditionalOnBean (types: io.micrometer.core.instrument.MeterRegistry; SearchStrategy: all) found bean 'simpleMeterRegistry' (OnBeanCondition)

   JvmMetricsAutoConfiguration#classLoaderMetrics matched:
      - @ConditionalOnMissingBean (types: io.micrometer.core.instrument.binder.jvm.ClassLoaderMetrics; SearchStrategy: all) did not find any beans (OnBeanCondition)

   JvmMetricsAutoConfiguration#jvmCompilationMetrics matched:
      - @ConditionalOnMissingBean (types: io.micrometer.core.instrument.binder.jvm.JvmCompilationMetrics; SearchStrategy: all) did not find any beans (OnBeanCondition)

   JvmMetricsAutoConfiguration#jvmGcMetrics matched:
      - @ConditionalOnMissingBean (types: io.micrometer.core.instrument.binder.jvm.JvmGcMetrics; SearchStrategy: all) did not find any beans (OnBeanCondition)

   JvmMetricsAutoConfiguration#jvmHeapPressureMetrics matched:
      - @ConditionalOnMissingBean (types: io.micrometer.core.instrument.binder.jvm.JvmHeapPressureMetrics; SearchStrategy: all) did not find any beans (OnBeanCondition)

   JvmMetricsAutoConfiguration#jvmInfoMetrics matched:
      - @ConditionalOnMissingBean (types: io.micrometer.core.instrument.binder.jvm.JvmInfoMetrics; SearchStrategy: all) did not find any beans (OnBeanCondition)

   JvmMetricsAutoConfiguration#jvmMemoryMetrics matched:
      - @ConditionalOnMissingBean (types: io.micrometer.core.instrument.binder.jvm.JvmMemoryMetrics; SearchStrategy: all) did not find any beans (OnBeanCondition)

   JvmMetricsAutoConfiguration#jvmThreadMetrics matched:
      - @ConditionalOnMissingBean (types: io.micrometer.core.instrument.binder.jvm.JvmThreadMetrics; SearchStrategy: all) did not find any beans (OnBeanCondition)

   LifecycleAutoConfiguration#defaultLifecycleProcessor matched:
      - @ConditionalOnMissingBean (names: lifecycleProcessor; SearchStrategy: current) did not find any beans (OnBeanCondition)

   LifecycleMvcEndpointAutoConfiguration#environmentManager matched:
      - @ConditionalOnMissingBean (types: org.springframework.cloud.context.environment.EnvironmentManager; SearchStrategy: all) did not find any beans (OnBeanCondition)

   org.springframework.cloud.client.loadbalancer.LoadBalancerAutoConfiguration matched:
      - AnyNestedCondition 2 matched 0 did not; NestedCondition on BlockingRestClassesPresentCondition.RestClientPresent @ConditionalOnClass found required class 'org.springframework.web.client.RestClient'; NestedCondition on BlockingRestClassesPresentCondition.RestTemplatePresent @ConditionalOnClass found required class 'org.springframework.web.client.RestTemplate' (BlockingRestClassesPresentCondition)
      - @ConditionalOnBean (types: org.springframework.cloud.client.loadbalancer.LoadBalancerClient; SearchStrategy: all) found bean 'blockingLoadBalancerClient' (OnBeanCondition)

   org.springframework.cloud.loadbalancer.config.LoadBalancerAutoConfiguration matched:
      - @ConditionalOnProperty (spring.cloud.loadbalancer.enabled=true) matched (OnPropertyCondition)

   LoadBalancerAutoConfiguration#loadBalancerClientFactory matched:
      - @ConditionalOnMissingBean (types: org.springframework.cloud.loadbalancer.support.LoadBalancerClientFactory; SearchStrategy: all) did not find any beans (OnBeanCondition)

   LoadBalancerAutoConfiguration#loadBalancerRequestFactory matched:
      - @ConditionalOnMissingBean (types: org.springframework.cloud.client.loadbalancer.LoadBalancerRequestFactory; SearchStrategy: all) did not find any beans (OnBeanCondition)

   LoadBalancerAutoConfiguration#zoneConfig matched:
      - @ConditionalOnMissingBean (types: org.springframework.cloud.loadbalancer.config.LoadBalancerZoneConfig; SearchStrategy: all) did not find any beans (OnBeanCondition)

   LoadBalancerAutoConfiguration.DeferringLoadBalancerInterceptorConfig#deferringLoadBalancerInterceptor matched:
      - @ConditionalOnMissingBean (types: org.springframework.cloud.client.loadbalancer.DeferringLoadBalancerInterceptor; SearchStrategy: all) did not find any beans (OnBeanCondition)

   LoadBalancerAutoConfiguration.DeferringLoadBalancerInterceptorConfig#lbRestClientPostProcessor matched:
      - @ConditionalOnBean (types: org.springframework.cloud.client.loadbalancer.DeferringLoadBalancerInterceptor; SearchStrategy: all) found bean 'deferringLoadBalancerInterceptor'; @ConditionalOnMissingBean (types: org.springframework.cloud.client.loadbalancer.LoadBalancerRestClientBuilderBeanPostProcessor; SearchStrategy: all) did not find any beans (OnBeanCondition)

   LoadBalancerAutoConfiguration.DeferringLoadBalancerInterceptorConfig#lbRestTemplateBuilderPostProcessor matched:
      - @ConditionalOnBean (types: org.springframework.cloud.client.loadbalancer.DeferringLoadBalancerInterceptor; SearchStrategy: all) found bean 'deferringLoadBalancerInterceptor'; @ConditionalOnMissingBean (types: org.springframework.cloud.client.loadbalancer.LoadBalancerRestTemplateBuilderBeanPostProcessor; SearchStrategy: all) did not find any beans (OnBeanCondition)

   LoadBalancerAutoConfiguration.LoadBalancerInterceptorConfig matched:
      - AnyNestedCondition 1 matched 1 did not; NestedCondition on LoadBalancerAutoConfiguration.RetryMissingOrDisabledCondition.RetryDisabled @ConditionalOnProperty (spring.cloud.loadbalancer.retry.enabled=false) did not find property 'spring.cloud.loadbalancer.retry.enabled'; NestedCondition on LoadBalancerAutoConfiguration.RetryMissingOrDisabledCondition.RetryTemplateMissing @ConditionalOnMissingClass did not find unwanted class 'org.springframework.retry.support.RetryTemplate' (LoadBalancerAutoConfiguration.RetryMissingOrDisabledCondition)

   LoadBalancerAutoConfiguration.LoadBalancerInterceptorConfig#restTemplateCustomizer matched:
      - @ConditionalOnMissingBean (types: org.springframework.cloud.client.loadbalancer.RestTemplateCustomizer; SearchStrategy: all) did not find any beans (OnBeanCondition)

   LoadBalancerCacheAutoConfiguration matched:
      - @ConditionalOnClass found required classes 'org.springframework.cache.CacheManager', 'org.springframework.boot.autoconfigure.cache.CacheAutoConfiguration' (OnClassCondition)
      - AllNestedConditions 2 matched 0 did not; NestedCondition on LoadBalancerCacheAutoConfiguration.OnLoadBalancerCachingEnabledCondition.LoadBalancerCacheEnabled @ConditionalOnProperty (spring.cloud.loadbalancer.cache.enabled) matched; NestedCondition on LoadBalancerCacheAutoConfiguration.OnLoadBalancerCachingEnabledCondition.LoadBalancerEnabled @ConditionalOnProperty (spring.cloud.loadbalancer.enabled=true) matched (LoadBalancerCacheAutoConfiguration.OnLoadBalancerCachingEnabledCondition)

   LoadBalancerCacheAutoConfiguration.DefaultLoadBalancerCacheManagerConfiguration matched:
      - @ConditionalOnClass found required class 'com.stoyanr.evictor.ConcurrentMapWithTimedEviction' (OnClassCondition)
      - AnyNestedCondition 1 matched 1 did not; NestedCondition on LoadBalancerCacheAutoConfiguration.OnCaffeineCacheMissingCondition.CaffeineCacheManagerClassMissing @ConditionalOnMissingClass found unwanted class 'org.springframework.cache.caffeine.CaffeineCacheManager'; NestedCondition on LoadBalancerCacheAutoConfiguration.OnCaffeineCacheMissingCondition.CaffeineClassMissing @ConditionalOnMissingClass did not find unwanted class 'com.github.benmanes.caffeine.cache.Caffeine' (LoadBalancerCacheAutoConfiguration.OnCaffeineCacheMissingCondition)

   LoadBalancerCacheAutoConfiguration.DefaultLoadBalancerCacheManagerConfiguration#defaultLoadBalancerCacheManager matched:
      - @ConditionalOnMissingBean (types: org.springframework.cloud.loadbalancer.cache.LoadBalancerCacheManager; SearchStrategy: all) did not find any beans (OnBeanCondition)

   LoadBalancerCacheAutoConfiguration.LoadBalancerCacheManagerWarnConfiguration matched:
      - AnyNestedCondition 1 matched 1 did not; NestedCondition on LoadBalancerCacheAutoConfiguration.OnCaffeineCacheMissingCondition.CaffeineCacheManagerClassMissing @ConditionalOnMissingClass found unwanted class 'org.springframework.cache.caffeine.CaffeineCacheManager'; NestedCondition on LoadBalancerCacheAutoConfiguration.OnCaffeineCacheMissingCondition.CaffeineClassMissing @ConditionalOnMissingClass did not find unwanted class 'com.github.benmanes.caffeine.cache.Caffeine' (LoadBalancerCacheAutoConfiguration.OnCaffeineCacheMissingCondition)

   LoadBalancerEurekaAutoConfiguration matched:
      - @ConditionalOnClass found required class 'org.springframework.cloud.loadbalancer.annotation.LoadBalancerClientConfigurationRegistrar' (OnClassCondition)
      - @ConditionalOnProperty (eureka.client.enabled) matched (OnPropertyCondition)

   LoadBalancerEurekaAutoConfiguration#eurekaLoadBalancerProperties matched:
      - @ConditionalOnMissingBean (types: org.springframework.cloud.netflix.eureka.loadbalancer.EurekaLoadBalancerProperties; SearchStrategy: all) did not find any beans (OnBeanCondition)

   LogFileWebEndpointAutoConfiguration matched:
      - @ConditionalOnAvailableEndpoint marked as exposed by a 'management.endpoints.web.exposure' property (OnAvailableEndpointCondition)

   LogbackMetricsAutoConfiguration matched:
      - @ConditionalOnClass found required classes 'io.micrometer.core.instrument.MeterRegistry', 'ch.qos.logback.classic.LoggerContext', 'org.slf4j.LoggerFactory' (OnClassCondition)
      - LogbackLoggingCondition ILoggerFactory is a Logback LoggerContext (LogbackMetricsAutoConfiguration.LogbackLoggingCondition)
      - @ConditionalOnBean (types: io.micrometer.core.instrument.MeterRegistry; SearchStrategy: all) found bean 'simpleMeterRegistry' (OnBeanCondition)

   LogbackMetricsAutoConfiguration#logbackMetrics matched:
      - @ConditionalOnMissingBean (types: io.micrometer.core.instrument.binder.logging.LogbackMetrics; SearchStrategy: all) did not find any beans (OnBeanCondition)

   LoggersEndpointAutoConfiguration matched:
      - @ConditionalOnAvailableEndpoint marked as exposed by a 'management.endpoints.web.exposure' property (OnAvailableEndpointCondition)

   LoggersEndpointAutoConfiguration#loggersEndpoint matched:
      - Logging System enabled (LoggersEndpointAutoConfiguration.OnEnabledLoggingSystemCondition)
      - @ConditionalOnBean (types: org.springframework.boot.logging.LoggingSystem; SearchStrategy: all) found bean 'springBootLoggingSystem'; @ConditionalOnMissingBean (types: org.springframework.boot.actuate.logging.LoggersEndpoint; SearchStrategy: all) did not find any beans (OnBeanCondition)

   ManagementContextAutoConfiguration.SameManagementContextConfiguration matched:
      - Management Port actual port type (SAME) matched required type (OnManagementPortCondition)

   MappingsEndpointAutoConfiguration matched:
      - @ConditionalOnAvailableEndpoint marked as exposed by a 'management.endpoints.web.exposure' property (OnAvailableEndpointCondition)

   MappingsEndpointAutoConfiguration.ServletWebConfiguration matched:
      - found 'session' scope (OnWebApplicationCondition)

   MappingsEndpointAutoConfiguration.ServletWebConfiguration.SpringMvcConfiguration matched:
      - @ConditionalOnClass found required class 'org.springframework.web.servlet.DispatcherServlet' (OnClassCondition)
      - @ConditionalOnBean (types: org.springframework.web.servlet.DispatcherServlet; SearchStrategy: all) found bean 'dispatcherServlet' (OnBeanCondition)

   MetricsAutoConfiguration matched:
      - @ConditionalOnClass found required class 'io.micrometer.core.annotation.Timed' (OnClassCondition)

   MetricsAutoConfiguration#micrometerClock matched:
      - @ConditionalOnMissingBean (types: io.micrometer.core.instrument.Clock; SearchStrategy: all) did not find any beans (OnBeanCondition)

   MetricsEndpointAutoConfiguration matched:
      - @ConditionalOnClass found required class 'io.micrometer.core.annotation.Timed' (OnClassCondition)
      - @ConditionalOnAvailableEndpoint marked as exposed by a 'management.endpoints.web.exposure' property (OnAvailableEndpointCondition)

   MetricsEndpointAutoConfiguration#metricsEndpoint matched:
      - @ConditionalOnBean (types: io.micrometer.core.instrument.MeterRegistry; SearchStrategy: all) found bean 'simpleMeterRegistry'; @ConditionalOnMissingBean (types: org.springframework.boot.actuate.metrics.MetricsEndpoint; SearchStrategy: all) did not find any beans (OnBeanCondition)

   MultipartAutoConfiguration matched:
      - @ConditionalOnClass found required classes 'jakarta.servlet.Servlet', 'org.springframework.web.multipart.support.StandardServletMultipartResolver', 'jakarta.servlet.MultipartConfigElement' (OnClassCondition)
      - found 'session' scope (OnWebApplicationCondition)
      - @ConditionalOnBooleanProperty (spring.servlet.multipart.enabled=true) matched (OnPropertyCondition)

   MultipartAutoConfiguration#multipartConfigElement matched:
      - @ConditionalOnMissingBean (types: jakarta.servlet.MultipartConfigElement; SearchStrategy: all) did not find any beans (OnBeanCondition)

   MultipartAutoConfiguration#multipartResolver matched:
      - @ConditionalOnMissingBean (types: org.springframework.web.multipart.MultipartResolver; SearchStrategy: all) did not find any beans (OnBeanCondition)

   NamedParameterJdbcTemplateConfiguration matched:
      - @ConditionalOnSingleCandidate (types: org.springframework.jdbc.core.JdbcTemplate; SearchStrategy: all) found a single bean 'jdbcTemplate'; @ConditionalOnMissingBean (types: org.springframework.jdbc.core.namedparam.NamedParameterJdbcOperations; SearchStrategy: all) did not find any beans (OnBeanCondition)

   NoOpCacheConfiguration matched:
      - Cache org.springframework.boot.autoconfigure.cache.NoOpCacheConfiguration automatic cache type (CacheCondition)

   ObservationAutoConfiguration matched:
      - @ConditionalOnClass found required class 'io.micrometer.observation.ObservationRegistry' (OnClassCondition)

   ObservationAutoConfiguration#observationRegistry matched:
      - @ConditionalOnMissingBean (types: io.micrometer.observation.ObservationRegistry; SearchStrategy: all) did not find any beans (OnBeanCondition)

   ObservationAutoConfiguration.MeterObservationHandlerConfiguration matched:
      - @ConditionalOnBean (types: io.micrometer.core.instrument.MeterRegistry; SearchStrategy: all) found bean 'simpleMeterRegistry'; @ConditionalOnMissingBean (types: io.micrometer.core.instrument.observation.MeterObservationHandler; SearchStrategy: all) did not find any beans (OnBeanCondition)

   ObservationAutoConfiguration.MeterObservationHandlerConfiguration.OnlyMetricsMeterObservationHandlerConfiguration matched:
      - @ConditionalOnMissingBean (types: ?; SearchStrategy: all) did not find any beans (OnBeanCondition)

   ObservationAutoConfiguration.OnlyMetricsConfiguration matched:
      - @ConditionalOnClass found required class 'io.micrometer.core.instrument.MeterRegistry'; @ConditionalOnMissingClass did not find unwanted class 'io.micrometer.tracing.Tracer' (OnClassCondition)

   PersistenceExceptionTranslationAutoConfiguration matched:
      - @ConditionalOnClass found required class 'org.springframework.dao.annotation.PersistenceExceptionTranslationPostProcessor' (OnClassCondition)

   PersistenceExceptionTranslationAutoConfiguration#persistenceExceptionTranslationPostProcessor matched:
      - @ConditionalOnBooleanProperty (spring.dao.exceptiontranslation.enabled=true) matched (OnPropertyCondition)
      - @ConditionalOnMissingBean (types: org.springframework.dao.annotation.PersistenceExceptionTranslationPostProcessor; SearchStrategy: all) did not find any beans (OnBeanCondition)

   PropertyPlaceholderAutoConfiguration#propertySourcesPlaceholderConfigurer matched:
      - @ConditionalOnMissingBean (types: org.springframework.context.support.PropertySourcesPlaceholderConfigurer; SearchStrategy: current) did not find any beans (OnBeanCondition)

   ReactiveHealthEndpointConfiguration matched:
      - @ConditionalOnClass found required class 'reactor.core.publisher.Flux' (OnClassCondition)
      - @ConditionalOnBean (types: org.springframework.boot.actuate.health.HealthEndpoint; SearchStrategy: all) found bean 'healthEndpoint' (OnBeanCondition)

   ReactiveHealthEndpointConfiguration#reactiveHealthContributorRegistry matched:
      - @ConditionalOnMissingBean (types: org.springframework.boot.actuate.health.ReactiveHealthContributorRegistry; SearchStrategy: all) did not find any beans (OnBeanCondition)

   ReactorAutoConfiguration matched:
      - @ConditionalOnClass found required class 'reactor.core.publisher.Hooks' (OnClassCondition)

   RefreshAutoConfiguration matched:
      - @ConditionalOnClass found required class 'org.springframework.cloud.context.scope.refresh.RefreshScope' (OnClassCondition)
      - @ConditionalOnProperty (spring.cloud.refresh.enabled) matched (OnPropertyCondition)

   RefreshAutoConfiguration#configDataContextRefresher matched:
      - @ConditionalOnMissingBean (types: org.springframework.cloud.context.refresh.ConfigDataContextRefresher; SearchStrategy: all) did not find any beans (OnBeanCondition)
      - NoneNestedConditions 0 matched 3 did not; NestedCondition on ConditionalOnBootstrapDisabled.OnBootstrapDisabledCondition.OnBootstrapEnabled @ConditionalOnProperty (spring.cloud.bootstrap.enabled) did not find property 'spring.cloud.bootstrap.enabled'; NestedCondition on ConditionalOnBootstrapDisabled.OnBootstrapDisabledCondition.OnUseLegacyProcessingEnabled @ConditionalOnProperty (spring.config.use-legacy-processing) did not find property 'spring.config.use-legacy-processing'; NestedCondition on ConditionalOnBootstrapDisabled.OnBootstrapDisabledCondition.OnBootstrapMarkerClassPresent @ConditionalOnClass did not find required class 'org.springframework.cloud.bootstrap.marker.Marker' (ConditionalOnBootstrapDisabled.OnBootstrapDisabledCondition)

   RefreshAutoConfiguration#loggingRebinder matched:
      - @ConditionalOnMissingBean (types: org.springframework.cloud.logging.LoggingRebinder; SearchStrategy: all) did not find any beans (OnBeanCondition)

   RefreshAutoConfiguration#refreshScope matched:
      - @ConditionalOnMissingBean (types: org.springframework.cloud.context.scope.refresh.RefreshScope; SearchStrategy: all) did not find any beans (OnBeanCondition)

   RefreshAutoConfiguration#refreshScopeLifecycle matched:
      - @ConditionalOnProperty (spring.cloud.refresh.on-restart.enabled) matched (OnPropertyCondition)

   RefreshEndpointAutoConfiguration matched:
      - @ConditionalOnClass found required classes 'org.springframework.boot.actuate.autoconfigure.endpoint.EndpointAutoConfiguration', 'org.springframework.boot.actuate.health.Health' (OnClassCondition)

   RefreshEndpointAutoConfiguration#refreshScopeHealthIndicator matched:
      - @ConditionalOnMissingBean (types: org.springframework.cloud.health.RefreshScopeHealthIndicator; SearchStrategy: all) did not find any beans (OnBeanCondition)
      - @ConditionalOnEnabledHealthIndicator management.health.defaults.enabled is considered true (OnEnabledHealthIndicatorCondition)

   RefreshEndpointAutoConfiguration.RefreshEndpointConfiguration#refreshEndpoint matched:
      - @ConditionalOnBean (types: org.springframework.cloud.context.refresh.ContextRefresher; SearchStrategy: all) found bean 'configDataContextRefresher'; @ConditionalOnMissingBean (types: org.springframework.cloud.endpoint.RefreshEndpoint; SearchStrategy: all) did not find any beans (OnBeanCondition)
      - @ConditionalOnAvailableEndpoint marked as exposed by a 'management.endpoints.web.exposure' property (OnAvailableEndpointCondition)

   RepositoryMetricsAutoConfiguration matched:
      - @ConditionalOnClass found required class 'org.springframework.data.repository.Repository' (OnClassCondition)
      - @ConditionalOnBean (types: io.micrometer.core.instrument.MeterRegistry; SearchStrategy: all) found bean 'simpleMeterRegistry' (OnBeanCondition)

   RepositoryMetricsAutoConfiguration#metricsRepositoryMethodInvocationListener matched:
      - @ConditionalOnMissingBean (types: org.springframework.boot.actuate.metrics.data.MetricsRepositoryMethodInvocationListener; SearchStrategy: all) did not find any beans (OnBeanCondition)

   RepositoryMetricsAutoConfiguration#repositoryTagsProvider matched:
      - @ConditionalOnMissingBean (types: org.springframework.boot.actuate.metrics.data.RepositoryTagsProvider; SearchStrategy: all) did not find any beans (OnBeanCondition)

   ResourceServerTokenRelayAutoConfiguration matched:
      - @ConditionalOnClass found required class 'org.springframework.web.servlet.config.annotation.WebMvcConfigurer' (OnClassCondition)
      - found 'session' scope (OnWebApplicationCondition)
      - @ConditionalOnProperty (spring.cloud.mvc.token-relay.enabled) matched (OnPropertyCondition)

   RestClientAutoConfiguration matched:
      - @ConditionalOnClass found required class 'org.springframework.web.client.RestClient' (OnClassCondition)
      - AnyNestedCondition 1 matched 1 did not; NestedCondition on NotReactiveWebApplicationOrVirtualThreadsExecutorEnabledCondition.VirtualThreadsExecutorEnabled found non-matching nested conditions @ConditionalOnThreading did not find VIRTUAL; NestedCondition on NotReactiveWebApplicationOrVirtualThreadsExecutorEnabledCondition.NotReactiveWebApplication NoneNestedConditions 0 matched 1 did not; NestedCondition on NotReactiveWebApplicationCondition.ReactiveWebApplication did not find reactive web application classes (NotReactiveWebApplicationOrVirtualThreadsExecutorEnabledCondition)

   RestClientAutoConfiguration#httpMessageConvertersRestClientCustomizer matched:
      - @ConditionalOnMissingBean (types: org.springframework.boot.autoconfigure.web.client.HttpMessageConvertersRestClientCustomizer; SearchStrategy: all) did not find any beans (OnBeanCondition)

   RestClientAutoConfiguration#restClientBuilder matched:
      - @ConditionalOnMissingBean (types: org.springframework.web.client.RestClient$Builder; SearchStrategy: all) did not find any beans (OnBeanCondition)

   RestClientAutoConfiguration#restClientBuilderConfigurer matched:
      - @ConditionalOnMissingBean (types: org.springframework.boot.autoconfigure.web.client.RestClientBuilderConfigurer; SearchStrategy: all) did not find any beans (OnBeanCondition)

   RestClientAutoConfiguration#restClientSsl matched:
      - @ConditionalOnBean (types: org.springframework.boot.ssl.SslBundles; SearchStrategy: all) found bean 'sslBundleRegistry'; @ConditionalOnMissingBean (types: org.springframework.boot.autoconfigure.web.client.RestClientSsl; SearchStrategy: all) did not find any beans (OnBeanCondition)

   RestClientObservationConfiguration matched:
      - @ConditionalOnClass found required class 'org.springframework.web.client.RestClient' (OnClassCondition)
      - @ConditionalOnBean (types: org.springframework.web.client.RestClient$Builder; SearchStrategy: all) found bean 'restClientBuilder' (OnBeanCondition)

   RestTemplateAutoConfiguration matched:
      - @ConditionalOnClass found required class 'org.springframework.web.client.RestTemplate' (OnClassCondition)
      - NoneNestedConditions 0 matched 1 did not; NestedCondition on NotReactiveWebApplicationCondition.ReactiveWebApplication did not find reactive web application classes (NotReactiveWebApplicationCondition)

   RestTemplateAutoConfiguration#restTemplateBuilder matched:
      - @ConditionalOnMissingBean (types: org.springframework.boot.web.client.RestTemplateBuilder; SearchStrategy: all) did not find any beans (OnBeanCondition)

   RestTemplateObservationConfiguration matched:
      - @ConditionalOnClass found required class 'org.springframework.web.client.RestTemplate' (OnClassCondition)
      - @ConditionalOnBean (types: org.springframework.boot.web.client.RestTemplateBuilder; SearchStrategy: all) found bean 'restTemplateBuilder' (OnBeanCondition)

   RestartEndpointWithoutIntegrationConfiguration matched:
      - @ConditionalOnMissingClass did not find unwanted class 'org.springframework.integration.monitor.IntegrationMBeanExporter' (OnClassCondition)

   SbomEndpointAutoConfiguration matched:
      - @ConditionalOnAvailableEndpoint marked as exposed by a 'management.endpoints.web.exposure' property (OnAvailableEndpointCondition)

   SbomEndpointAutoConfiguration#sbomEndpoint matched:
      - @ConditionalOnMissingBean (types: org.springframework.boot.actuate.sbom.SbomEndpoint; SearchStrategy: all) did not find any beans (OnBeanCondition)

   SbomEndpointAutoConfiguration#sbomEndpointWebExtension matched:
      - @ConditionalOnBean (types: org.springframework.boot.actuate.sbom.SbomEndpoint; SearchStrategy: all) found bean 'sbomEndpoint'; @ConditionalOnMissingBean (types: org.springframework.boot.actuate.sbom.SbomEndpointWebExtension; SearchStrategy: all) did not find any beans (OnBeanCondition)
      - @ConditionalOnAvailableEndpoint marked as exposed by a 'management.endpoints.web.exposure' property (OnAvailableEndpointCondition)

   ScheduledTasksEndpointAutoConfiguration matched:
      - @ConditionalOnAvailableEndpoint marked as exposed by a 'management.endpoints.web.exposure' property (OnAvailableEndpointCondition)

   ScheduledTasksEndpointAutoConfiguration#scheduledTasksEndpoint matched:
      - @ConditionalOnMissingBean (types: org.springframework.boot.actuate.scheduling.ScheduledTasksEndpoint; SearchStrategy: all) did not find any beans (OnBeanCondition)

   ScheduledTasksObservabilityAutoConfiguration matched:
      - @ConditionalOnClass found required class 'org.springframework.scheduling.concurrent.ThreadPoolTaskScheduler' (OnClassCondition)
      - @ConditionalOnBean (types: io.micrometer.observation.ObservationRegistry; SearchStrategy: all) found bean 'observationRegistry' (OnBeanCondition)

   ServiceRegistryAutoConfiguration.ServiceRegistryEndpointConfiguration matched:
      - @ConditionalOnClass found required class 'org.springframework.boot.actuate.endpoint.annotation.Endpoint' (OnClassCondition)
      - @ConditionalOnBean (types: org.springframework.cloud.client.serviceregistry.ServiceRegistry; SearchStrategy: all) found bean 'eurekaServiceRegistry' (OnBeanCondition)

   ServiceRegistryAutoConfiguration.ServiceRegistryEndpointConfiguration#serviceRegistryEndpoint matched:
      - @ConditionalOnAvailableEndpoint marked as exposed by a 'management.endpoints.web.exposure' property (OnAvailableEndpointCondition)

   ServletEndpointManagementContextConfiguration matched:
      - found 'session' scope (OnWebApplicationCondition)

   ServletEndpointManagementContextConfiguration.WebMvcServletEndpointManagementContextConfiguration matched:
      - @ConditionalOnClass found required class 'org.springframework.web.servlet.DispatcherServlet' (OnClassCondition)

   ServletManagementContextAutoConfiguration matched:
      - @ConditionalOnClass found required class 'jakarta.servlet.Servlet' (OnClassCondition)
      - found 'session' scope (OnWebApplicationCondition)

   ServletWebServerFactoryAutoConfiguration matched:
      - @ConditionalOnClass found required class 'jakarta.servlet.ServletRequest' (OnClassCondition)
      - found 'session' scope (OnWebApplicationCondition)

   ServletWebServerFactoryAutoConfiguration#tomcatServletWebServerFactoryCustomizer matched:
      - @ConditionalOnClass found required class 'org.apache.catalina.startup.Tomcat' (OnClassCondition)

   ServletWebServerFactoryConfiguration.EmbeddedTomcat matched:
      - @ConditionalOnClass found required classes 'jakarta.servlet.Servlet', 'org.apache.catalina.startup.Tomcat', 'org.apache.coyote.UpgradeProtocol' (OnClassCondition)
      - @ConditionalOnMissingBean (types: org.springframework.boot.web.servlet.server.ServletWebServerFactory; SearchStrategy: current) did not find any beans (OnBeanCondition)

   SimpleCacheConfiguration matched:
      - Cache org.springframework.boot.autoconfigure.cache.SimpleCacheConfiguration automatic cache type (CacheCondition)

   SimpleDiscoveryClientAutoConfiguration#simpleDiscoveryProperties matched:
      - @ConditionalOnMissingBean (types: org.springframework.cloud.client.discovery.simple.SimpleDiscoveryProperties; SearchStrategy: all) did not find any beans (OnBeanCondition)

   SimpleMetricsExportAutoConfiguration matched:
      - @ConditionalOnEnabledMetricsExport management.simple.metrics.export.enabled is true (OnMetricsExportEnabledCondition)
      - @ConditionalOnBean (types: io.micrometer.core.instrument.Clock; SearchStrategy: all) found bean 'micrometerClock'; @ConditionalOnMissingBean (types: io.micrometer.core.instrument.MeterRegistry; SearchStrategy: all) did not find any beans (OnBeanCondition)

   SimpleMetricsExportAutoConfiguration#simpleConfig matched:
      - @ConditionalOnMissingBean (types: io.micrometer.core.instrument.simple.SimpleConfig; SearchStrategy: all) did not find any beans (OnBeanCondition)

   SpringBootAdminClientAutoConfiguration matched:
      - @ConditionalOnWebApplication (required) found 'session' scope (OnWebApplicationCondition)
      - matched (SpringBootAdminClientEnabledCondition)

   SpringBootAdminClientAutoConfiguration#registrationListener matched:
      - @ConditionalOnMissingBean (types: de.codecentric.boot.admin.client.registration.RegistrationApplicationListener; SearchStrategy: all) did not find any beans (OnBeanCondition)

   SpringBootAdminClientAutoConfiguration#registrator matched:
      - @ConditionalOnMissingBean (types: de.codecentric.boot.admin.client.registration.ApplicationRegistrator; SearchStrategy: all) did not find any beans (OnBeanCondition)

   SpringBootAdminClientAutoConfiguration#startupDateMetadataContributor matched:
      - @ConditionalOnMissingBean (types: de.codecentric.boot.admin.client.registration.metadata.StartupDateMetadataContributor; SearchStrategy: all) did not find any beans (OnBeanCondition)

   SpringBootAdminClientAutoConfiguration.BlockingRegistrationClientConfig matched:
      - @ConditionalOnBean (types: org.springframework.boot.web.client.RestTemplateBuilder; SearchStrategy: all) found bean 'restTemplateBuilder' (OnBeanCondition)

   SpringBootAdminClientAutoConfiguration.RestClientRegistrationClientConfig matched:
      - @ConditionalOnBean (types: org.springframework.web.client.RestClient$Builder,org.springframework.boot.http.client.ClientHttpRequestFactoryBuilder; SearchStrategy: all) found beans 'clientHttpRequestFactoryBuilder', 'restClientBuilder' (OnBeanCondition)

   SpringBootAdminClientAutoConfiguration.RestClientRegistrationClientConfig#registrationClient matched:
      - @ConditionalOnMissingBean (types: de.codecentric.boot.admin.client.registration.RegistrationClient; SearchStrategy: all) did not find any beans (OnBeanCondition)

   SpringBootAdminClientAutoConfiguration.ServletConfiguration matched:
      - found 'session' scope (OnWebApplicationCondition)

   SpringBootAdminClientAutoConfiguration.ServletConfiguration#applicationFactory matched:
      - @ConditionalOnMissingBean (types: de.codecentric.boot.admin.client.registration.ApplicationFactory; SearchStrategy: all) did not find any beans (OnBeanCondition)

   SpringDataWebAutoConfiguration matched:
      - @ConditionalOnClass found required classes 'org.springframework.data.web.PageableHandlerMethodArgumentResolver', 'org.springframework.web.servlet.config.annotation.WebMvcConfigurer' (OnClassCondition)
      - found 'session' scope (OnWebApplicationCondition)
      - @ConditionalOnMissingBean (types: org.springframework.data.web.PageableHandlerMethodArgumentResolver; SearchStrategy: all) did not find any beans (OnBeanCondition)

   SpringDataWebAutoConfiguration#pageableCustomizer matched:
      - @ConditionalOnMissingBean (types: org.springframework.data.web.config.PageableHandlerMethodArgumentResolverCustomizer; SearchStrategy: all) did not find any beans (OnBeanCondition)

   SpringDataWebAutoConfiguration#sortCustomizer matched:
      - @ConditionalOnMissingBean (types: org.springframework.data.web.config.SortHandlerMethodArgumentResolverCustomizer; SearchStrategy: all) did not find any beans (OnBeanCondition)

   SpringDataWebAutoConfiguration#springDataWebSettings matched:
      - @ConditionalOnMissingBean (types: org.springframework.data.web.config.SpringDataWebSettings; SearchStrategy: all) did not find any beans (OnBeanCondition)

   SpringDocConfigProperties matched:
      - @ConditionalOnProperty (springdoc.api-docs.enabled) matched (OnPropertyCondition)
      - @ConditionalOnBean (types: org.springdoc.core.configuration.SpringDocConfiguration; SearchStrategy: all) found bean 'org.springdoc.core.configuration.SpringDocConfiguration' (OnBeanCondition)

   SpringDocConfiguration matched:
      - @ConditionalOnWebApplication (required) found 'session' scope (OnWebApplicationCondition)
      - @ConditionalOnProperty (springdoc.api-docs.enabled) matched (OnPropertyCondition)

   SpringDocConfiguration#fileSupportConverter matched:
      - @ConditionalOnMissingBean (types: org.springdoc.core.converters.FileSupportConverter; SearchStrategy: all) did not find any beans (OnBeanCondition)

   SpringDocConfiguration#globalOpenApiCustomizer matched:
      - @ConditionalOnMissingBean (names: globalOpenApiCustomizer; SearchStrategy: all) did not find any beans (OnBeanCondition)

   SpringDocConfiguration#initExtraSchemas matched:
      - @ConditionalOnProperty (springdoc.enable-extra-schemas) matched (OnPropertyCondition)

   SpringDocConfiguration#oas31ModelConverter matched:
      - @ConditionalOnMissingBean (types: org.springdoc.core.converters.OAS31ModelConverter; SearchStrategy: all) did not find any beans (OnBeanCondition)

   SpringDocConfiguration#openAPIBuilder matched:
      - @ConditionalOnMissingBean (types: org.springdoc.core.service.OpenAPIService; SearchStrategy: all) did not find any beans (OnBeanCondition)

   SpringDocConfiguration#operationBuilder matched:
      - @ConditionalOnMissingBean (types: org.springdoc.core.service.OperationService; SearchStrategy: all) did not find any beans (OnBeanCondition)

   SpringDocConfiguration#parameterBuilder matched:
      - @ConditionalOnMissingBean (types: org.springdoc.core.service.GenericParameterService; SearchStrategy: all) did not find any beans (OnBeanCondition)

   SpringDocConfiguration#parameterObjectNamingStrategyCustomizer matched:
      - @ConditionalOnMissingBean (types: org.springdoc.core.customizers.ParameterObjectNamingStrategyCustomizer; SearchStrategy: all) did not find any beans (OnBeanCondition)

   SpringDocConfiguration#polymorphicModelConverter matched:
      - @ConditionalOnProperty (springdoc.model-converters.polymorphic-converter.enabled) matched (OnPropertyCondition)
      - @ConditionalOnMissingBean (types: org.springdoc.core.converters.PolymorphicModelConverter; SearchStrategy: all) did not find any beans (OnBeanCondition)

   SpringDocConfiguration#requestBodyBuilder matched:
      - @ConditionalOnMissingBean (types: org.springdoc.core.service.RequestBodyService; SearchStrategy: all) did not find any beans (OnBeanCondition)

   SpringDocConfiguration#responseSupportConverter matched:
      - @ConditionalOnMissingBean (types: org.springdoc.core.converters.ResponseSupportConverter; SearchStrategy: all) did not find any beans (OnBeanCondition)

   SpringDocConfiguration#schemaPropertyDeprecatingConverter matched:
      - @ConditionalOnProperty (springdoc.model-converters.deprecating-converter.enabled) matched (OnPropertyCondition)
      - @ConditionalOnMissingBean (types: org.springdoc.core.converters.SchemaPropertyDeprecatingConverter; SearchStrategy: all) did not find any beans (OnBeanCondition)

   SpringDocConfiguration#securityParser matched:
      - @ConditionalOnMissingBean (types: org.springdoc.core.service.SecurityService; SearchStrategy: all) did not find any beans (OnBeanCondition)

   SpringDocConfiguration#springDocCustomizers matched:
      - @ConditionalOnMissingBean (types: org.springdoc.core.customizers.SpringDocCustomizers; SearchStrategy: all) did not find any beans (OnBeanCondition)

   SpringDocConfiguration#springDocProviders matched:
      - @ConditionalOnMissingBean (types: org.springdoc.core.providers.SpringDocProviders; SearchStrategy: all) did not find any beans (OnBeanCondition)

   SpringDocConfiguration#springdocObjectMapperProvider matched:
      - @ConditionalOnMissingBean (types: org.springdoc.core.providers.ObjectMapperProvider; SearchStrategy: all) did not find any beans (OnBeanCondition)

   SpringDocConfiguration.QuerydslProvider matched:
      - @ConditionalOnClass found required class 'org.springframework.data.querydsl.binding.QuerydslBindingsFactory' (OnClassCondition)

   SpringDocConfiguration.QuerydslProvider#queryDslQuerydslPredicateOperationCustomizer matched:
      - @ConditionalOnMissingBean (types: org.springdoc.core.customizers.QuerydslPredicateOperationCustomizer; SearchStrategy: all) did not find any beans (OnBeanCondition)

   SpringDocConfiguration.SpringDocSpringDataWebPropertiesProvider matched:
      - @ConditionalOnClass found required class 'org.springframework.boot.autoconfigure.data.web.SpringDataWebProperties' (OnClassCondition)

   SpringDocConfiguration.SpringDocSpringDataWebPropertiesProvider#springDataWebPropertiesProvider matched:
      - @ConditionalOnMissingBean (types: org.springdoc.core.providers.SpringDataWebPropertiesProvider; SearchStrategy: all) did not find any beans (OnBeanCondition)

   SpringDocConfiguration.SpringDocWebFluxSupportConfiguration matched:
      - @ConditionalOnClass found required class 'reactor.core.publisher.Flux' (OnClassCondition)

   SpringDocConfiguration.SpringDocWebFluxSupportConfiguration#webFluxSupportConverter matched:
      - @ConditionalOnMissingBean (types: org.springdoc.core.converters.WebFluxSupportConverter; SearchStrategy: all) did not find any beans (OnBeanCondition)

   SpringDocConfiguration.WebConversionServiceConfiguration matched:
      - @ConditionalOnClass found required class 'org.springframework.boot.autoconfigure.web.format.WebConversionService' (OnClassCondition)

   SpringDocPageableConfiguration matched:
      - @ConditionalOnClass found required class 'org.springframework.data.domain.Pageable' (OnClassCondition)
      - @ConditionalOnWebApplication (required) found 'session' scope (OnWebApplicationCondition)
      - @ConditionalOnProperty (springdoc.api-docs.enabled) matched (OnPropertyCondition)
      - @ConditionalOnBean (types: org.springdoc.core.configuration.SpringDocConfiguration; SearchStrategy: all) found bean 'org.springdoc.core.configuration.SpringDocConfiguration' (OnBeanCondition)

   SpringDocPageableConfiguration#dataRestDelegatingMethodParameterCustomizer matched:
      - @ConditionalOnMissingBean (types: org.springdoc.core.customizers.DataRestDelegatingMethodParameterCustomizer; SearchStrategy: all) did not find any beans (OnBeanCondition)

   SpringDocPageableConfiguration#pageOpenAPIConverter matched:
      - @ConditionalOnClass found required classes 'org.springframework.data.web.PagedModel', 'org.springframework.data.web.config.SpringDataWebSettings' (OnClassCondition)
      - @ConditionalOnMissingBean (types: org.springdoc.core.converters.PageOpenAPIConverter; SearchStrategy: all) did not find any beans (OnBeanCondition)

   SpringDocPageableConfiguration#pageableOpenAPIConverter matched:
      - @ConditionalOnProperty (springdoc.model-converters.pageable-converter.enabled) matched (OnPropertyCondition)
      - @ConditionalOnMissingBean (types: org.springdoc.core.converters.PageableOpenAPIConverter; SearchStrategy: all) did not find any beans (OnBeanCondition)

   SpringDocSortConfiguration matched:
      - @ConditionalOnClass found required class 'org.springframework.data.domain.Sort' (OnClassCondition)
      - @ConditionalOnWebApplication (required) found 'session' scope (OnWebApplicationCondition)
      - @ConditionalOnProperty (springdoc.api-docs.enabled) matched (OnPropertyCondition)
      - @ConditionalOnBean (types: org.springdoc.core.configuration.SpringDocConfiguration; SearchStrategy: all) found bean 'org.springdoc.core.configuration.SpringDocConfiguration' (OnBeanCondition)

   SpringDocSortConfiguration#sortOpenAPIConverter matched:
      - @ConditionalOnProperty (springdoc.sort-converter.enabled) matched (OnPropertyCondition)
      - @ConditionalOnMissingBean (types: org.springdoc.core.converters.SortOpenAPIConverter; SearchStrategy: all) did not find any beans (OnBeanCondition)

   SpringDocWebMvcConfiguration matched:
      - found 'session' scope (OnWebApplicationCondition)
      - @ConditionalOnProperty (springdoc.api-docs.enabled) matched (OnPropertyCondition)
      - @ConditionalOnBean (types: org.springdoc.core.configuration.SpringDocConfiguration; SearchStrategy: all) found bean 'org.springdoc.core.configuration.SpringDocConfiguration' (OnBeanCondition)

   SpringDocWebMvcConfiguration#openApiResource matched:
      - @ConditionalOnExpression (#{(${springdoc.use-management-port:false} == false ) and ${springdoc.enable-default-api-docs:true}}) resulted in true (OnExpressionCondition)
      - @ConditionalOnMissingBean (types: org.springdoc.webmvc.api.OpenApiWebMvcResource; SearchStrategy: all) did not find any beans (OnBeanCondition)

   SpringDocWebMvcConfiguration#requestBuilder matched:
      - @ConditionalOnMissingBean (types: org.springdoc.webmvc.core.service.RequestService; SearchStrategy: all) did not find any beans (OnBeanCondition)

   SpringDocWebMvcConfiguration#responseBuilder matched:
      - @ConditionalOnMissingBean (types: org.springdoc.core.service.GenericResponseService; SearchStrategy: all) did not find any beans (OnBeanCondition)

   SpringDocWebMvcConfiguration#springWebProvider matched:
      - @ConditionalOnMissingBean (types: org.springdoc.core.providers.SpringWebProvider; SearchStrategy: all) did not find any beans (OnBeanCondition)

   SpringDocWebMvcConfiguration.SpringDocWebMvcActuatorConfiguration matched:
      - @ConditionalOnClass found required class 'org.springframework.boot.actuate.endpoint.web.servlet.WebMvcEndpointHandlerMapping' (OnClassCondition)

   SpringDocWebMvcConfiguration.SpringDocWebMvcRouterConfiguration matched:
      - @ConditionalOnClass found required class 'org.springframework.web.servlet.function.RouterFunction' (OnClassCondition)

   SpringDocWebMvcConfiguration.SpringDocWebMvcRouterConfiguration#routerFunctionProvider matched:
      - @ConditionalOnMissingBean (types: org.springdoc.webmvc.core.providers.RouterFunctionWebMvcProvider; SearchStrategy: all) did not find any beans (OnBeanCondition)

   SpringNativeClientAutoConfiguration matched:
      - @ConditionalOnWebApplication (required) found 'session' scope (OnWebApplicationCondition)
      - matched (SpringBootAdminClientEnabledCondition)

   SqlInitializationAutoConfiguration matched:
      - @ConditionalOnBooleanProperty (spring.sql.init.enabled=true) matched (OnPropertyCondition)
      - NoneNestedConditions 0 matched 1 did not; NestedCondition on SqlInitializationAutoConfiguration.SqlInitializationModeCondition.ModeIsNever @ConditionalOnProperty (spring.sql.init.mode=never) did not find property 'spring.sql.init.mode' (SqlInitializationAutoConfiguration.SqlInitializationModeCondition)

   SslAutoConfiguration#sslBundleRegistry matched:
      - @ConditionalOnMissingBean (types: org.springframework.boot.ssl.SslBundleRegistry,org.springframework.boot.ssl.SslBundles; SearchStrategy: all) did not find any beans (OnBeanCondition)

   SslHealthContributorAutoConfiguration matched:
      - @ConditionalOnEnabledHealthIndicator management.health.defaults.enabled is considered true (OnEnabledHealthIndicatorCondition)

   SslHealthContributorAutoConfiguration#sslHealthIndicator matched:
      - @ConditionalOnMissingBean (names: sslHealthIndicator; SearchStrategy: all) did not find any beans (OnBeanCondition)

   SslHealthContributorAutoConfiguration#sslInfo matched:
      - @ConditionalOnMissingBean (types: org.springframework.boot.info.SslInfo; SearchStrategy: all) did not find any beans (OnBeanCondition)

   SslObservabilityAutoConfiguration matched:
      - @ConditionalOnClass found required class 'io.micrometer.core.instrument.MeterRegistry' (OnClassCondition)
      - @ConditionalOnBean (types: io.micrometer.core.instrument.MeterRegistry,org.springframework.boot.ssl.SslBundles; SearchStrategy: all) found beans 'sslBundleRegistry', 'simpleMeterRegistry' (OnBeanCondition)

   StartupTimeMetricsListenerAutoConfiguration matched:
      - @ConditionalOnClass found required class 'io.micrometer.core.instrument.MeterRegistry' (OnClassCondition)
      - @ConditionalOnBean (types: io.micrometer.core.instrument.MeterRegistry; SearchStrategy: all) found bean 'simpleMeterRegistry' (OnBeanCondition)

   StartupTimeMetricsListenerAutoConfiguration#startupTimeMetrics matched:
      - @ConditionalOnMissingBean (types: org.springframework.boot.actuate.metrics.startup.StartupTimeMetricsListener; SearchStrategy: all) did not find any beans (OnBeanCondition)

   SwaggerConfig matched:
      - found 'session' scope (OnWebApplicationCondition)
      - @ConditionalOnProperty (springdoc.swagger-ui.enabled) matched (OnPropertyCondition)
      - @ConditionalOnBean (types: org.springdoc.core.configuration.SpringDocConfiguration; SearchStrategy: all) found bean 'org.springdoc.core.configuration.SpringDocConfiguration' (OnBeanCondition)

   SwaggerConfig#indexPageTransformer matched:
      - @ConditionalOnMissingBean (types: org.springdoc.webmvc.ui.SwaggerIndexTransformer; SearchStrategy: all) did not find any beans (OnBeanCondition)

   SwaggerConfig#swaggerConfigResource matched:
      - @ConditionalOnProperty (springdoc.use-management-port=false) matched (OnPropertyCondition)
      - @ConditionalOnMissingBean (types: org.springdoc.webmvc.ui.SwaggerConfigResource; SearchStrategy: all) did not find any beans (OnBeanCondition)

   SwaggerConfig#swaggerResourceResolver matched:
      - @ConditionalOnMissingBean (types: org.springdoc.webmvc.ui.SwaggerResourceResolver; SearchStrategy: all) did not find any beans (OnBeanCondition)

   SwaggerConfig#swaggerWebMvcConfigurer matched:
      - @ConditionalOnMissingBean (types: org.springdoc.webmvc.ui.SwaggerWebMvcConfigurer; SearchStrategy: all) did not find any beans (OnBeanCondition)

   SwaggerConfig#swaggerWelcome matched:
      - @ConditionalOnProperty (springdoc.use-management-port=false) matched (OnPropertyCondition)
      - @ConditionalOnMissingBean (types: org.springdoc.webmvc.ui.SwaggerWelcomeWebMvc; SearchStrategy: all) did not find any beans (OnBeanCondition)

   SwaggerUiConfigProperties matched:
      - @ConditionalOnProperty (springdoc.swagger-ui.enabled) matched (OnPropertyCondition)
      - @ConditionalOnBean (types: org.springdoc.core.configuration.SpringDocConfiguration; SearchStrategy: all) found bean 'org.springdoc.core.configuration.SpringDocConfiguration' (OnBeanCondition)

   SwaggerUiOAuthProperties matched:
      - @ConditionalOnProperty (springdoc.swagger-ui.enabled) matched (OnPropertyCondition)
      - @ConditionalOnBean (types: org.springdoc.core.configuration.SpringDocConfiguration; SearchStrategy: all) found bean 'org.springdoc.core.configuration.SpringDocConfiguration' (OnBeanCondition)

   SystemMetricsAutoConfiguration matched:
      - @ConditionalOnClass found required class 'io.micrometer.core.instrument.MeterRegistry' (OnClassCondition)
      - @ConditionalOnBean (types: io.micrometer.core.instrument.MeterRegistry; SearchStrategy: all) found bean 'simpleMeterRegistry' (OnBeanCondition)

   SystemMetricsAutoConfiguration#diskSpaceMetrics matched:
      - @ConditionalOnMissingBean (types: org.springframework.boot.actuate.metrics.system.DiskSpaceMetricsBinder; SearchStrategy: all) did not find any beans (OnBeanCondition)

   SystemMetricsAutoConfiguration#fileDescriptorMetrics matched:
      - @ConditionalOnMissingBean (types: io.micrometer.core.instrument.binder.system.FileDescriptorMetrics; SearchStrategy: all) did not find any beans (OnBeanCondition)

   SystemMetricsAutoConfiguration#processorMetrics matched:
      - @ConditionalOnMissingBean (types: io.micrometer.core.instrument.binder.system.ProcessorMetrics; SearchStrategy: all) did not find any beans (OnBeanCondition)

   SystemMetricsAutoConfiguration#uptimeMetrics matched:
      - @ConditionalOnMissingBean (types: io.micrometer.core.instrument.binder.system.UptimeMetrics; SearchStrategy: all) did not find any beans (OnBeanCondition)

   TaskExecutionAutoConfiguration matched:
      - @ConditionalOnClass found required class 'org.springframework.scheduling.concurrent.ThreadPoolTaskExecutor' (OnClassCondition)

   TaskExecutorConfigurations.AsyncConfigurerConfiguration matched:
      - @ConditionalOnMissingBean (types: org.springframework.scheduling.annotation.AsyncConfigurer; SearchStrategy: all) did not find any beans (OnBeanCondition)

   TaskExecutorConfigurations.AsyncConfigurerConfiguration#applicationTaskExecutorAsyncConfigurer matched:
      - @ConditionalOnMissingBean (types: org.springframework.scheduling.annotation.AsyncConfigurer; SearchStrategy: all) did not find any beans (OnBeanCondition)

   TaskExecutorConfigurations.SimpleAsyncTaskExecutorBuilderConfiguration#simpleAsyncTaskExecutorBuilder matched:
      - @ConditionalOnMissingBean (types: org.springframework.boot.task.SimpleAsyncTaskExecutorBuilder; SearchStrategy: all) did not find any beans (OnBeanCondition)
      - @ConditionalOnThreading found PLATFORM (OnThreadingCondition)

   TaskExecutorConfigurations.TaskExecutorConfiguration matched:
      - AnyNestedCondition 1 matched 1 did not; NestedCondition on TaskExecutorConfigurations.OnExecutorCondition.ModelCondition @ConditionalOnProperty (spring.task.execution.mode=force) did not find property 'spring.task.execution.mode'; NestedCondition on TaskExecutorConfigurations.OnExecutorCondition.ExecutorBeanCondition @ConditionalOnMissingBean (types: java.util.concurrent.Executor; SearchStrategy: all) did not find any beans (TaskExecutorConfigurations.OnExecutorCondition)

   TaskExecutorConfigurations.TaskExecutorConfiguration#applicationTaskExecutor matched:
      - @ConditionalOnThreading found PLATFORM (OnThreadingCondition)

   TaskExecutorConfigurations.ThreadPoolTaskExecutorBuilderConfiguration#threadPoolTaskExecutorBuilder matched:
      - @ConditionalOnMissingBean (types: org.springframework.boot.task.ThreadPoolTaskExecutorBuilder; SearchStrategy: all) did not find any beans (OnBeanCondition)

   TaskExecutorMetricsAutoConfiguration matched:
      - @ConditionalOnClass found required class 'io.micrometer.core.instrument.binder.jvm.ExecutorServiceMetrics' (OnClassCondition)
      - @ConditionalOnBean (types: java.util.concurrent.Executor,io.micrometer.core.instrument.MeterRegistry; SearchStrategy: all) found beans 'applicationTaskExecutor', 'simpleMeterRegistry' (OnBeanCondition)

   TaskSchedulingAutoConfiguration matched:
      - @ConditionalOnClass found required class 'org.springframework.scheduling.concurrent.ThreadPoolTaskScheduler' (OnClassCondition)

   TaskSchedulingConfigurations.SimpleAsyncTaskSchedulerBuilderConfiguration#simpleAsyncTaskSchedulerBuilder matched:
      - @ConditionalOnMissingBean (types: org.springframework.boot.task.SimpleAsyncTaskSchedulerBuilder; SearchStrategy: all) did not find any beans (OnBeanCondition)
      - @ConditionalOnThreading found PLATFORM (OnThreadingCondition)

   TaskSchedulingConfigurations.ThreadPoolTaskSchedulerBuilderConfiguration#threadPoolTaskSchedulerBuilder matched:
      - @ConditionalOnMissingBean (types: org.springframework.boot.task.ThreadPoolTaskSchedulerBuilder; SearchStrategy: all) did not find any beans (OnBeanCondition)

   ThreadDumpEndpointAutoConfiguration matched:
      - @ConditionalOnAvailableEndpoint marked as exposed by a 'management.endpoints.web.exposure' property (OnAvailableEndpointCondition)

   ThreadDumpEndpointAutoConfiguration#dumpEndpoint matched:
      - @ConditionalOnMissingBean (types: org.springframework.boot.actuate.management.ThreadDumpEndpoint; SearchStrategy: all) did not find any beans (OnBeanCondition)

   TomcatMetricsAutoConfiguration matched:
      - @ConditionalOnClass found required classes 'io.micrometer.core.instrument.binder.tomcat.TomcatMetrics', 'org.apache.catalina.Manager' (OnClassCondition)
      - @ConditionalOnWebApplication (required) found 'session' scope (OnWebApplicationCondition)

   TomcatMetricsAutoConfiguration#tomcatMetricsBinder matched:
      - @ConditionalOnBean (types: io.micrometer.core.instrument.MeterRegistry; SearchStrategy: all) found bean 'simpleMeterRegistry'; @ConditionalOnMissingBean (types: io.micrometer.core.instrument.binder.tomcat.TomcatMetrics,org.springframework.boot.actuate.metrics.web.tomcat.TomcatMetricsBinder; SearchStrategy: all) did not find any beans (OnBeanCondition)

   TransactionAutoConfiguration matched:
      - @ConditionalOnClass found required class 'org.springframework.transaction.PlatformTransactionManager' (OnClassCondition)

   TransactionAutoConfiguration.EnableTransactionManagementConfiguration matched:
      - @ConditionalOnBean (types: org.springframework.transaction.TransactionManager; SearchStrategy: all) found bean 'transactionManager'; @ConditionalOnMissingBean (types: org.springframework.transaction.annotation.AbstractTransactionManagementConfiguration; SearchStrategy: all) did not find any beans (OnBeanCondition)

   TransactionAutoConfiguration.EnableTransactionManagementConfiguration.CglibAutoProxyConfiguration matched:
      - @ConditionalOnBooleanProperty (spring.aop.proxy-target-class=true) matched (OnPropertyCondition)

   TransactionAutoConfiguration.TransactionTemplateConfiguration matched:
      - @ConditionalOnSingleCandidate (types: org.springframework.transaction.PlatformTransactionManager; SearchStrategy: all) found a single bean 'transactionManager' (OnBeanCondition)

   TransactionAutoConfiguration.TransactionTemplateConfiguration#transactionTemplate matched:
      - @ConditionalOnMissingBean (types: org.springframework.transaction.support.TransactionOperations; SearchStrategy: all) did not find any beans (OnBeanCondition)

   TransactionManagerCustomizationAutoConfiguration matched:
      - @ConditionalOnClass found required class 'org.springframework.transaction.PlatformTransactionManager' (OnClassCondition)

   TransactionManagerCustomizationAutoConfiguration#platformTransactionManagerCustomizers matched:
      - @ConditionalOnMissingBean (types: org.springframework.boot.autoconfigure.transaction.TransactionManagerCustomizers; SearchStrategy: all) did not find any beans (OnBeanCondition)

   UtilAutoConfiguration matched:
      - @ConditionalOnProperty (spring.cloud.util.enabled) matched (OnPropertyCondition)

   UtilAutoConfiguration#inetUtils matched:
      - @ConditionalOnMissingBean (types: org.springframework.cloud.commons.util.InetUtils; SearchStrategy: all) did not find any beans (OnBeanCondition)

   ValidationAutoConfiguration matched:
      - @ConditionalOnClass found required class 'jakarta.validation.executable.ExecutableValidator' (OnClassCondition)
      - @ConditionalOnResource found location classpath:META-INF/services/jakarta.validation.spi.ValidationProvider (OnResourceCondition)

   ValidationAutoConfiguration#defaultValidator matched:
      - @ConditionalOnMissingBean (types: jakarta.validation.Validator; SearchStrategy: all) did not find any beans (OnBeanCondition)

   ValidationAutoConfiguration#methodValidationPostProcessor matched:
      - @ConditionalOnMissingBean (types: org.springframework.validation.beanvalidation.MethodValidationPostProcessor; SearchStrategy: current) did not find any beans (OnBeanCondition)

   WebEndpointAutoConfiguration matched:
      - @ConditionalOnWebApplication (required) found 'session' scope (OnWebApplicationCondition)

   WebEndpointAutoConfiguration#controllerEndpointDiscoverer matched:
      - @ConditionalOnMissingBean (types: org.springframework.boot.actuate.endpoint.web.annotation.ControllerEndpointsSupplier; SearchStrategy: all) did not find any beans (OnBeanCondition)

   WebEndpointAutoConfiguration#endpointMediaTypes matched:
      - @ConditionalOnMissingBean (types: org.springframework.boot.actuate.endpoint.web.EndpointMediaTypes; SearchStrategy: all) did not find any beans (OnBeanCondition)

   WebEndpointAutoConfiguration#pathMappedEndpoints matched:
      - @ConditionalOnMissingBean (types: org.springframework.boot.actuate.endpoint.web.PathMappedEndpoints; SearchStrategy: all) did not find any beans (OnBeanCondition)

   WebEndpointAutoConfiguration#webEndpointDiscoverer matched:
      - @ConditionalOnMissingBean (types: org.springframework.boot.actuate.endpoint.web.WebEndpointsSupplier; SearchStrategy: all) did not find any beans (OnBeanCondition)

   WebEndpointAutoConfiguration.WebEndpointServletConfiguration matched:
      - found 'session' scope (OnWebApplicationCondition)

   WebEndpointAutoConfiguration.WebEndpointServletConfiguration#servletEndpointDiscoverer matched:
      - @ConditionalOnMissingBean (types: org.springframework.boot.actuate.endpoint.web.annotation.ServletEndpointsSupplier; SearchStrategy: all) did not find any beans (OnBeanCondition)

   WebMvcAutoConfiguration matched:
      - @ConditionalOnClass found required classes 'jakarta.servlet.Servlet', 'org.springframework.web.servlet.DispatcherServlet', 'org.springframework.web.servlet.config.annotation.WebMvcConfigurer' (OnClassCondition)
      - found 'session' scope (OnWebApplicationCondition)
      - @ConditionalOnMissingBean (types: org.springframework.web.servlet.config.annotation.WebMvcConfigurationSupport; SearchStrategy: all) did not find any beans (OnBeanCondition)

   WebMvcAutoConfiguration#formContentFilter matched:
      - @ConditionalOnBooleanProperty (spring.mvc.formcontent.filter.enabled=true) matched (OnPropertyCondition)
      - @ConditionalOnMissingBean (types: org.springframework.web.filter.FormContentFilter; SearchStrategy: all) did not find any beans (OnBeanCondition)

   WebMvcAutoConfiguration.EnableWebMvcConfiguration#flashMapManager matched:
      - @ConditionalOnMissingBean (names: flashMapManager; SearchStrategy: all) did not find any beans (OnBeanCondition)

   WebMvcAutoConfiguration.EnableWebMvcConfiguration#localeResolver matched:
      - @ConditionalOnMissingBean (names: localeResolver; SearchStrategy: all) did not find any beans (OnBeanCondition)

   WebMvcAutoConfiguration.EnableWebMvcConfiguration#themeResolver matched:
      - @ConditionalOnMissingBean (names: themeResolver; SearchStrategy: all) did not find any beans (OnBeanCondition)

   WebMvcAutoConfiguration.EnableWebMvcConfiguration#viewNameTranslator matched:
      - @ConditionalOnMissingBean (names: viewNameTranslator; SearchStrategy: all) did not find any beans (OnBeanCondition)

   WebMvcAutoConfiguration.ResourceChainCustomizerConfiguration matched:
      - @ConditionalOnEnabledResourceChain found class org.webjars.WebJarVersionLocator (OnEnabledResourceChainCondition)

   WebMvcAutoConfiguration.WebMvcAutoConfigurationAdapter#defaultViewResolver matched:
      - @ConditionalOnMissingBean (types: org.springframework.web.servlet.view.InternalResourceViewResolver; SearchStrategy: all) did not find any beans (OnBeanCondition)

   WebMvcAutoConfiguration.WebMvcAutoConfigurationAdapter#requestContextFilter matched:
      - @ConditionalOnMissingBean (types: org.springframework.web.context.request.RequestContextListener,org.springframework.web.filter.RequestContextFilter; SearchStrategy: all) did not find any beans (OnBeanCondition)

   WebMvcAutoConfiguration.WebMvcAutoConfigurationAdapter#viewResolver matched:
      - @ConditionalOnBean (types: org.springframework.web.servlet.ViewResolver; SearchStrategy: all) found beans 'defaultViewResolver', 'beanNameViewResolver', 'mvcViewResolver'; @ConditionalOnMissingBean (names: viewResolver types: org.springframework.web.servlet.view.ContentNegotiatingViewResolver; SearchStrategy: all) did not find any beans (OnBeanCondition)

   WebMvcEndpointManagementContextConfiguration matched:
      - @ConditionalOnClass found required class 'org.springframework.web.servlet.DispatcherServlet' (OnClassCondition)
      - found 'session' scope (OnWebApplicationCondition)
      - @ConditionalOnBean (types: org.springframework.web.servlet.DispatcherServlet,org.springframework.boot.actuate.endpoint.web.WebEndpointsSupplier; SearchStrategy: all) found beans 'webEndpointDiscoverer', 'dispatcherServlet' (OnBeanCondition)

   WebMvcEndpointManagementContextConfiguration#controllerEndpointHandlerMapping matched:
      - @ConditionalOnMissingBean (types: org.springframework.boot.actuate.endpoint.web.servlet.ControllerEndpointHandlerMapping; SearchStrategy: all) did not find any beans (OnBeanCondition)

   WebMvcEndpointManagementContextConfiguration#endpointObjectMapperWebMvcConfigurer matched:
      - @ConditionalOnBean (types: org.springframework.boot.actuate.endpoint.jackson.EndpointObjectMapper; SearchStrategy: all) found bean 'endpointObjectMapper' (OnBeanCondition)

   WebMvcEndpointManagementContextConfiguration#webEndpointServletHandlerMapping matched:
      - @ConditionalOnMissingBean (types: org.springframework.boot.actuate.endpoint.web.servlet.WebMvcEndpointHandlerMapping; SearchStrategy: all) did not find any beans (OnBeanCondition)

   WebMvcObservationAutoConfiguration matched:
      - @ConditionalOnClass found required classes 'org.springframework.web.servlet.DispatcherServlet', 'io.micrometer.observation.Observation' (OnClassCondition)
      - found 'session' scope (OnWebApplicationCondition)
      - @ConditionalOnBean (types: io.micrometer.observation.ObservationRegistry; SearchStrategy: all) found bean 'observationRegistry' (OnBeanCondition)

   WebMvcObservationAutoConfiguration#webMvcObservationFilter matched:
      - @ConditionalOnMissingBean (types: org.springframework.web.filter.ServerHttpObservationFilter; SearchStrategy: all) did not find any beans (OnBeanCondition)

   WebMvcObservationAutoConfiguration.MeterFilterConfiguration matched:
      - @ConditionalOnClass found required class 'io.micrometer.core.instrument.MeterRegistry' (OnClassCondition)
      - @ConditionalOnBean (types: io.micrometer.core.instrument.MeterRegistry; SearchStrategy: all) found bean 'simpleMeterRegistry' (OnBeanCondition)

   WebSocketServletAutoConfiguration matched:
      - @ConditionalOnClass found required classes 'jakarta.servlet.Servlet', 'jakarta.websocket.server.ServerContainer' (OnClassCondition)
      - found 'session' scope (OnWebApplicationCondition)

   WebSocketServletAutoConfiguration.TomcatWebSocketConfiguration matched:
      - @ConditionalOnClass found required classes 'org.apache.catalina.startup.Tomcat', 'org.apache.tomcat.websocket.server.WsSci' (OnClassCondition)

   WebSocketServletAutoConfiguration.TomcatWebSocketConfiguration#websocketServletWebServerCustomizer matched:
      - @ConditionalOnMissingBean (names: websocketServletWebServerCustomizer; SearchStrategy: all) did not find any beans (OnBeanCondition)


Negative matches:
-----------------

   ActiveMQAutoConfiguration:
      Did not match:
         - @ConditionalOnClass did not find required class 'jakarta.jms.ConnectionFactory' (OnClassCondition)

   AopAutoConfiguration.AspectJAutoProxyingConfiguration.JdkDynamicAutoProxyConfiguration:
      Did not match:
         - @ConditionalOnBooleanProperty (spring.aop.proxy-target-class=false) did not find property 'spring.aop.proxy-target-class' (OnPropertyCondition)

   AopAutoConfiguration.ClassProxyingConfiguration:
      Did not match:
         - @ConditionalOnMissingClass found unwanted class 'org.aspectj.weaver.Advice' (OnClassCondition)

   AppOpticsMetricsExportAutoConfiguration:
      Did not match:
         - @ConditionalOnClass did not find required class 'io.micrometer.appoptics.AppOpticsMeterRegistry' (OnClassCondition)

   ArtemisAutoConfiguration:
      Did not match:
         - @ConditionalOnClass did not find required class 'jakarta.jms.ConnectionFactory' (OnClassCondition)

   AtlasMetricsExportAutoConfiguration:
      Did not match:
         - @ConditionalOnClass did not find required class 'io.micrometer.atlas.AtlasMeterRegistry' (OnClassCondition)

   AuditAutoConfiguration:
      Did not match:
         - @ConditionalOnBean (types: org.springframework.boot.actuate.audit.AuditEventRepository; SearchStrategy: all) did not find any beans of type org.springframework.boot.actuate.audit.AuditEventRepository (OnBeanCondition)
      Matched:
         - @ConditionalOnBooleanProperty (management.auditevents.enabled=true) matched (OnPropertyCondition)

   AuditEventsEndpointAutoConfiguration#auditEventsEndpoint:
      Did not match:
         - @ConditionalOnBean (types: org.springframework.boot.actuate.audit.AuditEventRepository; SearchStrategy: all) did not find any beans of type org.springframework.boot.actuate.audit.AuditEventRepository (OnBeanCondition)

   AvailabilityProbesAutoConfiguration#livenessStateHealthIndicator:
      Did not match:
         - @ConditionalOnMissingBean (names: livenessStateHealthIndicator; SearchStrategy: all) found beans named livenessStateHealthIndicator (OnBeanCondition)

   AvailabilityProbesAutoConfiguration#readinessStateHealthIndicator:
      Did not match:
         - @ConditionalOnMissingBean (names: readinessStateHealthIndicator; SearchStrategy: all) found beans named readinessStateHealthIndicator (OnBeanCondition)

   BatchAutoConfiguration:
      Did not match:
         - @ConditionalOnClass did not find required class 'org.springframework.batch.core.launch.JobLauncher' (OnClassCondition)

   BatchObservationAutoConfiguration:
      Did not match:
         - @ConditionalOnClass did not find required class 'org.springframework.batch.core.configuration.annotation.BatchObservabilityBeanPostProcessor' (OnClassCondition)

   BlockingLoadBalancerClientAutoConfiguration.BlockingLoadBalancerRetryConfig:
      Did not match:
         - @ConditionalOnClass did not find required class 'org.springframework.retry.support.RetryTemplate' (OnClassCondition)

   BraveAutoConfiguration:
      Did not match:
         - @ConditionalOnClass did not find required class 'brave.Tracer' (OnClassCondition)

   Cache2kCacheConfiguration:
      Did not match:
         - @ConditionalOnClass did not find required class 'org.cache2k.Cache2kBuilder' (OnClassCondition)

   CacheAutoConfiguration:
      Did not match:
         - @ConditionalOnBean (types: org.springframework.cache.interceptor.CacheAspectSupport; SearchStrategy: all) did not find any beans of type org.springframework.cache.interceptor.CacheAspectSupport (OnBeanCondition)
      Matched:
         - @ConditionalOnClass found required class 'org.springframework.cache.CacheManager' (OnClassCondition)

   CacheAutoConfiguration.CacheManagerEntityManagerFactoryDependsOnPostProcessor:
      Did not match:
         - Ancestor org.springframework.boot.autoconfigure.cache.CacheAutoConfiguration did not match (ConditionEvaluationReport.AncestorsMatchedCondition)
      Matched:
         - @ConditionalOnClass found required class 'org.springframework.orm.jpa.LocalContainerEntityManagerFactoryBean' (OnClassCondition)

   CacheMeterBinderProvidersConfiguration.Cache2kCacheMeterBinderProviderConfiguration:
      Did not match:
         - @ConditionalOnClass did not find required classes 'org.cache2k.Cache2kBuilder', 'org.cache2k.extra.spring.SpringCache2kCache', 'org.cache2k.extra.micrometer.Cache2kCacheMetrics' (OnClassCondition)

   CacheMeterBinderProvidersConfiguration.CaffeineCacheMeterBinderProviderConfiguration:
      Did not match:
         - @ConditionalOnClass did not find required class 'com.github.benmanes.caffeine.cache.Cache' (OnClassCondition)

   CacheMeterBinderProvidersConfiguration.HazelcastCacheMeterBinderProviderConfiguration:
      Did not match:
         - @ConditionalOnClass did not find required classes 'com.hazelcast.spring.cache.HazelcastCache', 'com.hazelcast.core.Hazelcast' (OnClassCondition)

   CacheMeterBinderProvidersConfiguration.JCacheCacheMeterBinderProviderConfiguration:
      Did not match:
         - @ConditionalOnClass did not find required class 'javax.cache.CacheManager' (OnClassCondition)

   CacheMeterBinderProvidersConfiguration.RedisCacheMeterBinderProviderConfiguration:
      Did not match:
         - @ConditionalOnClass did not find required class 'org.springframework.data.redis.cache.RedisCache' (OnClassCondition)

   CacheMetricsAutoConfiguration:
      Did not match:
         - @ConditionalOnBean (types: org.springframework.cache.CacheManager; SearchStrategy: all) did not find any beans of type org.springframework.cache.CacheManager (OnBeanCondition)

   CaffeineCacheConfiguration:
      Did not match:
         - @ConditionalOnClass did not find required class 'com.github.benmanes.caffeine.cache.Caffeine' (OnClassCondition)

   CassandraAutoConfiguration:
      Did not match:
         - @ConditionalOnClass did not find required class 'com.datastax.oss.driver.api.core.CqlSession' (OnClassCondition)

   CassandraDataAutoConfiguration:
      Did not match:
         - @ConditionalOnClass did not find required class 'com.datastax.oss.driver.api.core.CqlSession' (OnClassCondition)

   CassandraHealthContributorAutoConfiguration:
      Did not match:
         - @ConditionalOnClass did not find required class 'com.datastax.oss.driver.api.core.CqlSession' (OnClassCondition)

   CassandraReactiveDataAutoConfiguration:
      Did not match:
         - @ConditionalOnClass did not find required class 'com.datastax.oss.driver.api.core.CqlSession' (OnClassCondition)

   CassandraReactiveHealthContributorAutoConfiguration:
      Did not match:
         - @ConditionalOnClass did not find required class 'com.datastax.oss.driver.api.core.CqlSession' (OnClassCondition)

   CassandraReactiveRepositoriesAutoConfiguration:
      Did not match:
         - @ConditionalOnClass did not find required class 'org.springframework.data.cassandra.ReactiveSession' (OnClassCondition)

   CassandraRepositoriesAutoConfiguration:
      Did not match:
         - @ConditionalOnClass did not find required class 'com.datastax.oss.driver.api.core.CqlSession' (OnClassCondition)

   org.springframework.boot.autoconfigure.web.reactive.function.client.ClientHttpConnectorAutoConfiguration:
      Did not match:
         - @ConditionalOnClass did not find required class 'org.springframework.web.reactive.function.client.WebClient' (OnClassCondition)

   ClientHttpConnectorAutoConfiguration.ReactorNetty:
      Did not match:
         - @ConditionalOnClass did not find required class 'reactor.netty.http.client.HttpClient' (OnClassCondition)

   CloudFoundryActuatorAutoConfiguration:
      Did not match:
         - @ConditionalOnCloudPlatform did not find CLOUD_FOUNDRY (OnCloudPlatformCondition)
      Matched:
         - @ConditionalOnClass found required class 'org.springframework.web.servlet.DispatcherServlet' (OnClassCondition)
         - found 'session' scope (OnWebApplicationCondition)
         - @ConditionalOnBooleanProperty (management.cloudfoundry.enabled=true) matched (OnPropertyCondition)

   CloudHypermediaAutoConfiguration:
      Did not match:
         - @ConditionalOnClass did not find required class 'org.springframework.hateoas.Link' (OnClassCondition)

   CodecsAutoConfiguration:
      Did not match:
         - @ConditionalOnClass did not find required class 'org.springframework.web.reactive.function.client.WebClient' (OnClassCondition)

   CompositeMeterRegistryConfiguration:
      Did not match:
         - NoneNestedConditions 1 matched 1 did not; NestedCondition on CompositeMeterRegistryConfiguration.MultipleNonPrimaryMeterRegistriesCondition.SingleInjectableMeterRegistry @ConditionalOnSingleCandidate (types: io.micrometer.core.instrument.MeterRegistry; SearchStrategy: all) found a single bean 'simpleMeterRegistry'; NestedCondition on CompositeMeterRegistryConfiguration.MultipleNonPrimaryMeterRegistriesCondition.NoMeterRegistryCondition @ConditionalOnMissingBean (types: io.micrometer.core.instrument.MeterRegistry; SearchStrategy: all) found beans of type 'io.micrometer.core.instrument.MeterRegistry' simpleMeterRegistry (CompositeMeterRegistryConfiguration.MultipleNonPrimaryMeterRegistriesCondition)

   ConfigClientAutoConfiguration#configClientProperties:
      Did not match:
         - @ConditionalOnMissingBean (types: org.springframework.cloud.config.client.ConfigClientProperties; SearchStrategy: all) found beans of type 'org.springframework.cloud.config.client.ConfigClientProperties' configDataConfigClientProperties (OnBeanCondition)

   ConfigClientAutoConfiguration.ConfigClientWatchConfiguration:
      Did not match:
         - @ConditionalOnProperty (spring.cloud.config.watch.enabled) did not find property 'spring.cloud.config.watch.enabled' (OnPropertyCondition)
      Matched:
         - @ConditionalOnClass found required class 'org.springframework.cloud.context.refresh.ContextRefresher' (OnClassCondition)

   ConnectionFactoryHealthContributorAutoConfiguration:
      Did not match:
         - @ConditionalOnClass did not find required class 'io.r2dbc.spi.ConnectionFactory' (OnClassCondition)

   ConnectionPoolMetricsAutoConfiguration:
      Did not match:
         - @ConditionalOnClass did not find required class 'io.r2dbc.pool.ConnectionPool' (OnClassCondition)

   CouchbaseAutoConfiguration:
      Did not match:
         - @ConditionalOnClass did not find required class 'com.couchbase.client.java.Cluster' (OnClassCondition)

   CouchbaseCacheConfiguration:
      Did not match:
         - @ConditionalOnClass did not find required class 'com.couchbase.client.java.Cluster' (OnClassCondition)

   CouchbaseDataAutoConfiguration:
      Did not match:
         - @ConditionalOnClass did not find required class 'com.couchbase.client.java.Bucket' (OnClassCondition)

   CouchbaseHealthContributorAutoConfiguration:
      Did not match:
         - @ConditionalOnClass did not find required class 'com.couchbase.client.java.Cluster' (OnClassCondition)

   CouchbaseReactiveDataAutoConfiguration:
      Did not match:
         - @ConditionalOnClass did not find required class 'com.couchbase.client.java.Cluster' (OnClassCondition)

   CouchbaseReactiveHealthContributorAutoConfiguration:
      Did not match:
         - @ConditionalOnClass did not find required class 'com.couchbase.client.java.Cluster' (OnClassCondition)

   CouchbaseReactiveRepositoriesAutoConfiguration:
      Did not match:
         - @ConditionalOnClass did not find required class 'com.couchbase.client.java.Cluster' (OnClassCondition)

   CouchbaseRepositoriesAutoConfiguration:
      Did not match:
         - @ConditionalOnClass did not find required class 'com.couchbase.client.java.Bucket' (OnClassCondition)

   DataSourceAutoConfiguration.EmbeddedDatabaseConfiguration:
      Did not match:
         - EmbeddedDataSource spring.datasource.url is set (DataSourceAutoConfiguration.EmbeddedDatabaseCondition)

   DataSourceCheckpointRestoreConfiguration:
      Did not match:
         - @ConditionalOnClass did not find required class 'org.crac.Resource' (OnClassCondition)

   DataSourceConfiguration.Dbcp2:
      Did not match:
         - @ConditionalOnClass did not find required class 'org.apache.commons.dbcp2.BasicDataSource' (OnClassCondition)

   DataSourceConfiguration.Generic:
      Did not match:
         - @ConditionalOnProperty (spring.datasource.type) did not find property 'spring.datasource.type' (OnPropertyCondition)

   DataSourceConfiguration.OracleUcp:
      Did not match:
         - @ConditionalOnClass did not find required classes 'oracle.ucp.jdbc.PoolDataSourceImpl', 'oracle.jdbc.OracleConnection' (OnClassCondition)

   DataSourceConfiguration.Tomcat:
      Did not match:
         - @ConditionalOnClass did not find required class 'org.apache.tomcat.jdbc.pool.DataSource' (OnClassCondition)

   DataSourceJmxConfiguration:
      Did not match:
         - @ConditionalOnBooleanProperty (spring.jmx.enabled=true) found different value in property 'spring.jmx.enabled' (OnPropertyCondition)

   DataSourcePoolMetadataProvidersConfiguration.CommonsDbcp2PoolDataSourceMetadataProviderConfiguration:
      Did not match:
         - @ConditionalOnClass did not find required class 'org.apache.commons.dbcp2.BasicDataSource' (OnClassCondition)

   DataSourcePoolMetadataProvidersConfiguration.OracleUcpPoolDataSourceMetadataProviderConfiguration:
      Did not match:
         - @ConditionalOnClass did not find required classes 'oracle.ucp.jdbc.PoolDataSource', 'oracle.jdbc.OracleConnection' (OnClassCondition)

   DataSourcePoolMetadataProvidersConfiguration.TomcatDataSourcePoolMetadataProviderConfiguration:
      Did not match:
         - @ConditionalOnClass did not find required class 'org.apache.tomcat.jdbc.pool.DataSource' (OnClassCondition)

   DataSourceTransactionManagerAutoConfiguration.JdbcTransactionManagerConfiguration#transactionManager:
      Did not match:
         - @ConditionalOnMissingBean (types: org.springframework.transaction.TransactionManager; SearchStrategy: all) found beans of type 'org.springframework.transaction.TransactionManager' transactionManager (OnBeanCondition)

   DatadogMetricsExportAutoConfiguration:
      Did not match:
         - @ConditionalOnClass did not find required class 'io.micrometer.datadog.DatadogMeterRegistry' (OnClassCondition)

   DiscoveryClientOptionalArgsConfiguration.DiscoveryClientOptionalArgsTlsConfiguration:
      Did not match:
         - AllNestedConditions 1 matched 1 did not; NestedCondition on DiscoveryClientOptionalArgsConfiguration.OnJerseyClientPresentAndEnabledCondition.OnJerseyClientEnabled @ConditionalOnProperty (eureka.client.jersey.enabled) matched; NestedCondition on DiscoveryClientOptionalArgsConfiguration.OnJerseyClientPresentAndEnabledCondition.OnJerseyClientPresent @ConditionalOnClass did not find required class 'org.glassfish.jersey.client.JerseyClient' (DiscoveryClientOptionalArgsConfiguration.OnJerseyClientPresentAndEnabledCondition)

   DiscoveryClientOptionalArgsConfiguration.RestClientConfiguration:
      Did not match:
         - AllNestedConditions 3 matched 1 did not; NestedCondition on DiscoveryClientOptionalArgsConfiguration.OnRestClientPresentAndEnabledCondition.OnRestClientEnabled @ConditionalOnProperty (eureka.client.restclient.enabled=true) did not find property 'restclient.enabled'; NestedCondition on DiscoveryClientOptionalArgsConfiguration.OnRestClientPresentAndEnabledCondition.OnWebClientDisabled @ConditionalOnProperty (eureka.client.webclient.enabled=false) matched; NestedCondition on DiscoveryClientOptionalArgsConfiguration.OnRestClientPresentAndEnabledCondition.OnJerseyClientNotPresentOrNotEnabled AnyNestedCondition 1 matched 1 did not; NestedCondition on DiscoveryClientOptionalArgsConfiguration.OnJerseyClientNotPresentOrNotEnabledCondition.OnJerseyClientDisabled @ConditionalOnProperty (eureka.client.jersey.enabled=false) did not find property 'eureka.client.jersey.enabled'; NestedCondition on DiscoveryClientOptionalArgsConfiguration.OnJerseyClientNotPresentOrNotEnabledCondition.OnJerseyClientMissing @ConditionalOnMissingClass did not find unwanted class 'org.glassfish.jersey.client.JerseyClient'; NestedCondition on DiscoveryClientOptionalArgsConfiguration.OnRestClientPresentAndEnabledCondition.OnRestClientPresent @ConditionalOnClass found required class 'org.springframework.web.client.RestClient' (DiscoveryClientOptionalArgsConfiguration.OnRestClientPresentAndEnabledCondition)

   DiscoveryClientOptionalArgsConfiguration.WebClientConfiguration:
      Did not match:
         - @ConditionalOnClass did not find required class 'org.springframework.web.reactive.function.client.WebClient' (OnClassCondition)

   DiscoveryClientOptionalArgsConfiguration.WebClientNotFoundConfiguration:
      Did not match:
         - @ConditionalOnProperty (eureka.client.webclient.enabled=true) did not find property 'webclient.enabled' (OnPropertyCondition)
      Matched:
         - @ConditionalOnMissingClass did not find unwanted class 'org.springframework.web.reactive.function.client.WebClient' (OnClassCondition)

   DispatcherServletAutoConfiguration.DispatcherServletConfiguration#multipartResolver:
      Did not match:
         - @ConditionalOnBean (types: org.springframework.web.multipart.MultipartResolver; SearchStrategy: all) did not find any beans of type org.springframework.web.multipart.MultipartResolver (OnBeanCondition)

   DynatraceMetricsExportAutoConfiguration:
      Did not match:
         - @ConditionalOnClass did not find required class 'io.micrometer.dynatrace.DynatraceMeterRegistry' (OnClassCondition)

   ElasticMetricsExportAutoConfiguration:
      Did not match:
         - @ConditionalOnClass did not find required class 'io.micrometer.elastic.ElasticMeterRegistry' (OnClassCondition)

   ElasticsearchClientAutoConfiguration:
      Did not match:
         - @ConditionalOnClass did not find required class 'co.elastic.clients.elasticsearch.ElasticsearchClient' (OnClassCondition)

   ElasticsearchDataAutoConfiguration:
      Did not match:
         - @ConditionalOnClass did not find required class 'org.springframework.data.elasticsearch.client.elc.ElasticsearchTemplate' (OnClassCondition)

   ElasticsearchReactiveHealthContributorAutoConfiguration:
      Did not match:
         - @ConditionalOnClass did not find required class 'org.springframework.data.elasticsearch.client.elc.ReactiveElasticsearchClient' (OnClassCondition)

   ElasticsearchRepositoriesAutoConfiguration:
      Did not match:
         - @ConditionalOnClass did not find required class 'org.springframework.data.elasticsearch.repository.ElasticsearchRepository' (OnClassCondition)

   ElasticsearchRestClientAutoConfiguration:
      Did not match:
         - @ConditionalOnClass did not find required class 'org.elasticsearch.client.RestClientBuilder' (OnClassCondition)

   ElasticsearchRestHealthContributorAutoConfiguration:
      Did not match:
         - @ConditionalOnClass did not find required class 'org.elasticsearch.client.RestClient' (OnClassCondition)

   EmbeddedLdapAutoConfiguration:
      Did not match:
         - @ConditionalOnClass did not find required class 'com.unboundid.ldap.listener.InMemoryDirectoryServer' (OnClassCondition)

   EmbeddedWebServerFactoryCustomizerAutoConfiguration:
      Did not match:
         - Application is deployed as a WAR file. (OnWarDeploymentCondition)
      Matched:
         - @ConditionalOnWebApplication (required) found 'session' scope (OnWebApplicationCondition)

   ErrorWebFluxAutoConfiguration:
      Did not match:
         - @ConditionalOnClass did not find required class 'org.springframework.web.reactive.config.WebFluxConfigurer' (OnClassCondition)

   EurekaClientAutoConfiguration.EurekaClientConfiguration:
      Did not match:
         - AnyNestedCondition 0 matched 3 did not; NestedCondition on EurekaClientAutoConfiguration.OnMissingRefreshScopeCondition.OnPropertyDisabled @ConditionalOnProperty (eureka.client.refresh.enable=false) did not find property 'eureka.client.refresh.enable'; NestedCondition on EurekaClientAutoConfiguration.OnMissingRefreshScopeCondition.MissingScope @ConditionalOnMissingBean (types: org.springframework.cloud.autoconfigure.RefreshAutoConfiguration; SearchStrategy: all) found beans of type 'org.springframework.cloud.autoconfigure.RefreshAutoConfiguration' org.springframework.cloud.autoconfigure.RefreshAutoConfiguration; NestedCondition on EurekaClientAutoConfiguration.OnMissingRefreshScopeCondition.MissingClass @ConditionalOnMissingClass found unwanted class 'org.springframework.cloud.context.scope.refresh.RefreshScope' (EurekaClientAutoConfiguration.OnMissingRefreshScopeCondition)

   EurekaClientConfigServerAutoConfiguration:
      Did not match:
         - @ConditionalOnClass did not find required class 'org.springframework.cloud.config.server.config.ConfigServerProperties' (OnClassCondition)

   EurekaDiscoveryClientConfiguration.EurekaHealthCheckHandlerConfiguration:
      Did not match:
         - @ConditionalOnProperty (eureka.client.healthcheck.enabled) did not find property 'eureka.client.healthcheck.enabled' (OnPropertyCondition)

   EurekaReactiveDiscoveryClientConfiguration:
      Did not match:
         - @ConditionalOnClass did not find required class 'org.springframework.web.reactive.function.client.WebClient' (OnClassCondition)

   FlywayAutoConfiguration:
      Did not match:
         - @ConditionalOnClass did not find required class 'org.flywaydb.core.Flyway' (OnClassCondition)

   FlywayEndpointAutoConfiguration:
      Did not match:
         - @ConditionalOnClass did not find required class 'org.flywaydb.core.Flyway' (OnClassCondition)

   FreeMarkerAutoConfiguration:
      Did not match:
         - @ConditionalOnClass did not find required class 'freemarker.template.Configuration' (OnClassCondition)

   GangliaMetricsExportAutoConfiguration:
      Did not match:
         - @ConditionalOnClass did not find required class 'io.micrometer.ganglia.GangliaMeterRegistry' (OnClassCondition)

   GraphQlAutoConfiguration:
      Did not match:
         - @ConditionalOnClass did not find required class 'graphql.GraphQL' (OnClassCondition)

   GraphQlObservationAutoConfiguration:
      Did not match:
         - @ConditionalOnClass did not find required class 'graphql.GraphQL' (OnClassCondition)

   GraphQlQueryByExampleAutoConfiguration:
      Did not match:
         - @ConditionalOnClass did not find required class 'graphql.GraphQL' (OnClassCondition)

   GraphQlQuerydslAutoConfiguration:
      Did not match:
         - @ConditionalOnClass did not find required class 'com.querydsl.core.Query' (OnClassCondition)

   GraphQlRSocketAutoConfiguration:
      Did not match:
         - @ConditionalOnClass did not find required class 'graphql.GraphQL' (OnClassCondition)

   GraphQlReactiveQueryByExampleAutoConfiguration:
      Did not match:
         - @ConditionalOnClass did not find required class 'graphql.GraphQL' (OnClassCondition)

   GraphQlReactiveQuerydslAutoConfiguration:
      Did not match:
         - @ConditionalOnClass did not find required class 'com.querydsl.core.Query' (OnClassCondition)

   GraphQlWebFluxAutoConfiguration:
      Did not match:
         - @ConditionalOnClass did not find required class 'graphql.GraphQL' (OnClassCondition)

   GraphQlWebFluxSecurityAutoConfiguration:
      Did not match:
         - @ConditionalOnClass did not find required class 'graphql.GraphQL' (OnClassCondition)

   GraphQlWebMvcAutoConfiguration:
      Did not match:
         - @ConditionalOnClass did not find required class 'graphql.GraphQL' (OnClassCondition)

   GraphQlWebMvcSecurityAutoConfiguration:
      Did not match:
         - @ConditionalOnClass did not find required class 'graphql.GraphQL' (OnClassCondition)

   GraphiteMetricsExportAutoConfiguration:
      Did not match:
         - @ConditionalOnClass did not find required class 'io.micrometer.graphite.GraphiteMeterRegistry' (OnClassCondition)

   GroovyTemplateAutoConfiguration:
      Did not match:
         - @ConditionalOnClass did not find required class 'groovy.text.markup.MarkupTemplateEngine' (OnClassCondition)

   GsonHttpMessageConvertersConfiguration.GsonHttpMessageConverterConfiguration:
      Did not match:
         - AnyNestedCondition 0 matched 2 did not; NestedCondition on GsonHttpMessageConvertersConfiguration.PreferGsonOrJacksonAndJsonbUnavailableCondition.JacksonJsonbUnavailable NoneNestedConditions 1 matched 1 did not; NestedCondition on GsonHttpMessageConvertersConfiguration.JacksonAndJsonbUnavailableCondition.JsonbPreferred @ConditionalOnPreferredJsonMapper JSONB no property was configured and Jackson is the default; NestedCondition on GsonHttpMessageConvertersConfiguration.JacksonAndJsonbUnavailableCondition.JacksonAvailable @ConditionalOnBean (types: org.springframework.http.converter.json.MappingJackson2HttpMessageConverter; SearchStrategy: all) found bean 'mappingJackson2HttpMessageConverter'; NestedCondition on GsonHttpMessageConvertersConfiguration.PreferGsonOrJacksonAndJsonbUnavailableCondition.GsonPreferred @ConditionalOnPreferredJsonMapper GSON no property was configured and Jackson is the default (GsonHttpMessageConvertersConfiguration.PreferGsonOrJacksonAndJsonbUnavailableCondition)

   H2ConsoleAutoConfiguration:
      Did not match:
         - @ConditionalOnClass did not find required class 'org.h2.server.web.JakartaWebServlet' (OnClassCondition)

   HazelcastAutoConfiguration:
      Did not match:
         - @ConditionalOnClass did not find required class 'com.hazelcast.core.HazelcastInstance' (OnClassCondition)

   HazelcastCacheConfiguration:
      Did not match:
         - @ConditionalOnClass did not find required class 'com.hazelcast.core.HazelcastInstance' (OnClassCondition)

   HazelcastHealthContributorAutoConfiguration:
      Did not match:
         - @ConditionalOnClass did not find required class 'com.hazelcast.core.HazelcastInstance' (OnClassCondition)

   HazelcastJpaDependencyAutoConfiguration:
      Did not match:
         - @ConditionalOnClass did not find required class 'com.hazelcast.core.HazelcastInstance' (OnClassCondition)

   HealthEndpointReactiveWebExtensionConfiguration:
      Did not match:
         - did not find reactive web application classes (OnWebApplicationCondition)

   HealthEndpointWebExtensionConfiguration.JerseyAdditionalHealthEndpointPathsConfiguration:
      Did not match:
         - @ConditionalOnClass did not find required class 'org.glassfish.jersey.server.ResourceConfig' (OnClassCondition)

   HeapDumpWebEndpointAutoConfiguration:
      Did not match:
         - @ConditionalOnAvailableEndpoint the configured access for endpoint 'heapdump' is NONE (OnAvailableEndpointCondition)

   HibernateMetricsAutoConfiguration:
      Did not match:
         - @ConditionalOnClass did not find required class 'org.hibernate.stat.HibernateMetrics' (OnClassCondition)

   HttpExchangesAutoConfiguration:
      Did not match:
         - @ConditionalOnBean (types: org.springframework.boot.actuate.web.exchanges.HttpExchangeRepository; SearchStrategy: all) did not find any beans of type org.springframework.boot.actuate.web.exchanges.HttpExchangeRepository (OnBeanCondition)
      Matched:
         - @ConditionalOnWebApplication (required) found 'session' scope (OnWebApplicationCondition)
         - @ConditionalOnBooleanProperty (management.httpexchanges.recording.enabled=true) matched (OnPropertyCondition)

   HttpExchangesAutoConfiguration.ReactiveHttpExchangesConfiguration:
      Did not match:
         - did not find reactive web application classes (OnWebApplicationCondition)
         - Ancestor org.springframework.boot.actuate.autoconfigure.web.exchanges.HttpExchangesAutoConfiguration did not match (ConditionEvaluationReport.AncestorsMatchedCondition)

   HttpExchangesAutoConfiguration.ServletHttpExchangesConfiguration:
      Did not match:
         - Ancestor org.springframework.boot.actuate.autoconfigure.web.exchanges.HttpExchangesAutoConfiguration did not match (ConditionEvaluationReport.AncestorsMatchedCondition)
      Matched:
         - found 'session' scope (OnWebApplicationCondition)

   HttpExchangesEndpointAutoConfiguration#httpExchangesEndpoint:
      Did not match:
         - @ConditionalOnBean (types: org.springframework.boot.actuate.web.exchanges.HttpExchangeRepository; SearchStrategy: all) did not find any beans of type org.springframework.boot.actuate.web.exchanges.HttpExchangeRepository (OnBeanCondition)

   HttpHandlerAutoConfiguration:
      Did not match:
         - @ConditionalOnClass did not find required class 'org.springframework.web.reactive.DispatcherHandler' (OnClassCondition)

   HumioMetricsExportAutoConfiguration:
      Did not match:
         - @ConditionalOnClass did not find required class 'io.micrometer.humio.HumioMeterRegistry' (OnClassCondition)

   HypermediaAutoConfiguration:
      Did not match:
         - @ConditionalOnClass did not find required class 'org.springframework.hateoas.EntityModel' (OnClassCondition)

   InfinispanCacheConfiguration:
      Did not match:
         - @ConditionalOnClass did not find required class 'org.infinispan.spring.embedded.provider.SpringEmbeddedCacheManager' (OnClassCondition)

   InfluxMetricsExportAutoConfiguration:
      Did not match:
         - @ConditionalOnClass did not find required class 'io.micrometer.influx.InfluxMeterRegistry' (OnClassCondition)

   InfoContributorAutoConfiguration#buildInfoContributor:
      Did not match:
         - @ConditionalOnSingleCandidate (types: org.springframework.boot.info.BuildProperties; SearchStrategy: all) did not find any beans (OnBeanCondition)
      Matched:
         - @ConditionalOnEnabledInfoContributor management.info.defaults.enabled is considered true (OnEnabledInfoContributorCondition)

   InfoContributorAutoConfiguration#envInfoContributor:
      Did not match:
         - @ConditionalOnEnabledInfoContributor management.info.env.enabled is not true (OnEnabledInfoContributorCondition)

   InfoContributorAutoConfiguration#gitInfoContributor:
      Did not match:
         - @ConditionalOnSingleCandidate (types: org.springframework.boot.info.GitProperties; SearchStrategy: all) did not find any beans (OnBeanCondition)
      Matched:
         - @ConditionalOnEnabledInfoContributor management.info.defaults.enabled is considered true (OnEnabledInfoContributorCondition)

   InfoContributorAutoConfiguration#javaInfoContributor:
      Did not match:
         - @ConditionalOnEnabledInfoContributor management.info.java.enabled is not true (OnEnabledInfoContributorCondition)

   InfoContributorAutoConfiguration#osInfoContributor:
      Did not match:
         - @ConditionalOnEnabledInfoContributor management.info.os.enabled is not true (OnEnabledInfoContributorCondition)

   InfoContributorAutoConfiguration#processInfoContributor:
      Did not match:
         - @ConditionalOnEnabledInfoContributor management.info.process.enabled is not true (OnEnabledInfoContributorCondition)

   InfoContributorAutoConfiguration#sslInfo:
      Did not match:
         - @ConditionalOnEnabledInfoContributor management.info.ssl.enabled is not true (OnEnabledInfoContributorCondition)
      Matched:
         - @ConditionalOnMissingBean (types: org.springframework.boot.info.SslInfo; SearchStrategy: all) did not find any beans (OnBeanCondition)

   InfoContributorAutoConfiguration#sslInfoContributor:
      Did not match:
         - @ConditionalOnEnabledInfoContributor management.info.ssl.enabled is not true (OnEnabledInfoContributorCondition)

   IntegrationAutoConfiguration:
      Did not match:
         - @ConditionalOnClass did not find required class 'org.springframework.integration.config.EnableIntegration' (OnClassCondition)

   IntegrationGraphEndpointAutoConfiguration:
      Did not match:
         - @ConditionalOnClass did not find required class 'org.springframework.integration.graph.IntegrationGraphServer' (OnClassCondition)

   JCacheCacheConfiguration:
      Did not match:
         - @ConditionalOnClass did not find required class 'javax.cache.Caching' (OnClassCondition)

   JacksonHttpMessageConvertersConfiguration.MappingJackson2XmlHttpMessageConverterConfiguration:
      Did not match:
         - @ConditionalOnClass did not find required class 'com.fasterxml.jackson.dataformat.xml.XmlMapper' (OnClassCondition)

   JdbcRepositoriesAutoConfiguration:
      Did not match:
         - @ConditionalOnClass did not find required class 'org.springframework.data.jdbc.repository.config.AbstractJdbcConfiguration' (OnClassCondition)

   JerseyAutoConfiguration:
      Did not match:
         - @ConditionalOnClass did not find required class 'org.glassfish.jersey.server.spring.SpringComponentProvider' (OnClassCondition)

   JerseySameManagementContextConfiguration:
      Did not match:
         - @ConditionalOnClass did not find required class 'org.glassfish.jersey.server.ResourceConfig' (OnClassCondition)

   JerseyServerMetricsAutoConfiguration:
      Did not match:
         - @ConditionalOnClass did not find required class 'org.glassfish.jersey.micrometer.server.ObservationApplicationEventListener' (OnClassCondition)

   JerseyWebEndpointManagementContextConfiguration:
      Did not match:
         - @ConditionalOnClass did not find required class 'org.glassfish.jersey.server.ResourceConfig' (OnClassCondition)

   JettyMetricsAutoConfiguration:
      Did not match:
         - @ConditionalOnClass did not find required class 'org.eclipse.jetty.server.Server' (OnClassCondition)

   JmsAutoConfiguration:
      Did not match:
         - @ConditionalOnClass did not find required class 'jakarta.jms.Message' (OnClassCondition)

   JmsHealthContributorAutoConfiguration:
      Did not match:
         - @ConditionalOnClass did not find required class 'jakarta.jms.ConnectionFactory' (OnClassCondition)

   JmxAutoConfiguration:
      Did not match:
         - @ConditionalOnBooleanProperty (spring.jmx.enabled=true) found different value in property 'spring.jmx.enabled' (OnPropertyCondition)
      Matched:
         - @ConditionalOnClass found required class 'org.springframework.jmx.export.MBeanExporter' (OnClassCondition)

   JmxEndpointAutoConfiguration:
      Did not match:
         - @ConditionalOnBooleanProperty (spring.jmx.enabled=true) found different value in property 'spring.jmx.enabled' (OnPropertyCondition)

   JmxMetricsExportAutoConfiguration:
      Did not match:
         - @ConditionalOnClass did not find required class 'io.micrometer.jmx.JmxMeterRegistry' (OnClassCondition)

   JndiConnectionFactoryAutoConfiguration:
      Did not match:
         - @ConditionalOnClass did not find required class 'org.springframework.jms.core.JmsTemplate' (OnClassCondition)

   JndiDataSourceAutoConfiguration:
      Did not match:
         - @ConditionalOnProperty (spring.datasource.jndi-name) did not find property 'spring.datasource.jndi-name' (OnPropertyCondition)
      Matched:
         - @ConditionalOnClass found required classes 'javax.sql.DataSource', 'org.springframework.jdbc.datasource.embedded.EmbeddedDatabaseType' (OnClassCondition)

   JndiJtaConfiguration:
      Did not match:
         - @ConditionalOnJndi JNDI environment is not available (OnJndiCondition)
      Matched:
         - @ConditionalOnClass found required class 'org.springframework.transaction.jta.JtaTransactionManager' (OnClassCondition)

   JooqAutoConfiguration:
      Did not match:
         - @ConditionalOnClass did not find required class 'org.jooq.DSLContext' (OnClassCondition)

   JpaRepositoriesAutoConfiguration#entityManagerFactoryBootstrapExecutorCustomizer:
      Did not match:
         - AnyNestedCondition 0 matched 2 did not; NestedCondition on JpaRepositoriesAutoConfiguration.BootstrapExecutorCondition.LazyBootstrapMode @ConditionalOnProperty (spring.data.jpa.repositories.bootstrap-mode=lazy) did not find property 'spring.data.jpa.repositories.bootstrap-mode'; NestedCondition on JpaRepositoriesAutoConfiguration.BootstrapExecutorCondition.DeferredBootstrapMode @ConditionalOnProperty (spring.data.jpa.repositories.bootstrap-mode=deferred) did not find property 'spring.data.jpa.repositories.bootstrap-mode' (JpaRepositoriesAutoConfiguration.BootstrapExecutorCondition)

   JsonbAutoConfiguration:
      Did not match:
         - @ConditionalOnClass did not find required class 'jakarta.json.bind.Jsonb' (OnClassCondition)

   JsonbHttpMessageConvertersConfiguration:
      Did not match:
         - @ConditionalOnClass did not find required class 'jakarta.json.bind.Jsonb' (OnClassCondition)

   JvmMetricsAutoConfiguration#virtualThreadMetrics:
      Did not match:
         - @ConditionalOnClass did not find required class 'io.micrometer.java21.instrument.binder.jdk.VirtualThreadMetrics' (OnClassCondition)

   KafkaAutoConfiguration:
      Did not match:
         - @ConditionalOnClass did not find required class 'org.springframework.kafka.core.KafkaTemplate' (OnClassCondition)

   KafkaMetricsAutoConfiguration:
      Did not match:
         - @ConditionalOnClass did not find required class 'org.springframework.kafka.core.ProducerFactory' (OnClassCondition)

   KairosMetricsExportAutoConfiguration:
      Did not match:
         - @ConditionalOnClass did not find required class 'io.micrometer.kairos.KairosMeterRegistry' (OnClassCondition)

   LdapAutoConfiguration:
      Did not match:
         - @ConditionalOnClass did not find required class 'org.springframework.ldap.core.ContextSource' (OnClassCondition)

   LdapHealthContributorAutoConfiguration:
      Did not match:
         - @ConditionalOnClass did not find required class 'org.springframework.ldap.core.LdapOperations' (OnClassCondition)

   LdapRepositoriesAutoConfiguration:
      Did not match:
         - @ConditionalOnClass did not find required class 'org.springframework.data.ldap.repository.LdapRepository' (OnClassCondition)

   LettuceMetricsAutoConfiguration:
      Did not match:
         - @ConditionalOnClass did not find required class 'io.lettuce.core.metrics.MicrometerCommandLatencyRecorder' (OnClassCondition)

   LiquibaseAutoConfiguration:
      Did not match:
         - @ConditionalOnClass did not find required class 'liquibase.change.DatabaseChange' (OnClassCondition)

   LiquibaseEndpointAutoConfiguration:
      Did not match:
         - @ConditionalOnClass did not find required class 'liquibase.integration.spring.SpringLiquibase' (OnClassCondition)

   LoadBalancerAutoConfiguration.RetryAutoConfiguration:
      Did not match:
         - @ConditionalOnClass did not find required class 'org.springframework.retry.support.RetryTemplate' (OnClassCondition)

   LoadBalancerAutoConfiguration.RetryInterceptorAutoConfiguration:
      Did not match:
         - @ConditionalOnClass did not find required class 'org.springframework.retry.support.RetryTemplate' (OnClassCondition)

   LoadBalancerBeanPostProcessorAutoConfiguration:
      Did not match:
         - @ConditionalOnClass did not find required class 'org.springframework.web.reactive.function.client.WebClient' (OnClassCondition)

   LoadBalancerCacheAutoConfiguration.CaffeineLoadBalancerCacheManagerConfiguration:
      Did not match:
         - @ConditionalOnClass did not find required class 'com.github.benmanes.caffeine.cache.Caffeine' (OnClassCondition)

   LoadBalancerEurekaAutoConfiguration#zoneConfig:
      Did not match:
         - @ConditionalOnMissingBean (types: org.springframework.cloud.loadbalancer.config.LoadBalancerZoneConfig; SearchStrategy: all) found beans of type 'org.springframework.cloud.loadbalancer.config.LoadBalancerZoneConfig' zoneConfig (OnBeanCondition)

   LoadBalancerStatsAutoConfiguration:
      Did not match:
         - @ConditionalOnProperty (spring.cloud.loadbalancer.stats.micrometer.enabled=true) did not find property 'spring.cloud.loadbalancer.stats.micrometer.enabled' (OnPropertyCondition)
      Matched:
         - @ConditionalOnClass found required class 'io.micrometer.core.instrument.MeterRegistry' (OnClassCondition)

   Log4J2MetricsAutoConfiguration:
      Did not match:
         - @ConditionalOnClass did not find required class 'org.apache.logging.log4j.core.LoggerContext' (OnClassCondition)

   LogFileWebEndpointAutoConfiguration#logFileWebEndpoint:
      Did not match:
         - Log File did not find logging file (LogFileWebEndpointAutoConfiguration.LogFileCondition)

   MailHealthContributorAutoConfiguration:
      Did not match:
         - @ConditionalOnBean (types: org.springframework.mail.javamail.JavaMailSenderImpl; SearchStrategy: all) did not find any beans of type org.springframework.mail.javamail.JavaMailSenderImpl (OnBeanCondition)
      Matched:
         - @ConditionalOnClass found required class 'org.springframework.mail.javamail.JavaMailSenderImpl' (OnClassCondition)
         - @ConditionalOnEnabledHealthIndicator management.health.defaults.enabled is considered true (OnEnabledHealthIndicatorCondition)

   MailSenderAutoConfiguration:
      Did not match:
         - @ConditionalOnClass did not find required class 'jakarta.mail.internet.MimeMessage' (OnClassCondition)

   MailSenderValidatorAutoConfiguration:
      Did not match:
         - @ConditionalOnBooleanProperty (spring.mail.test-connection=true) did not find property 'spring.mail.test-connection' (OnPropertyCondition)

   ManagementContextAutoConfiguration.DifferentManagementContextConfiguration:
      Did not match:
         - Management Port actual port type (SAME) did not match required type (DIFFERENT) (OnManagementPortCondition)

   ManagementWebSecurityAutoConfiguration:
      Did not match:
         - AllNestedConditions 1 matched 1 did not; NestedCondition on DefaultWebSecurityCondition.Beans @ConditionalOnMissingBean (types: ?; SearchStrategy: all) did not find any beans; NestedCondition on DefaultWebSecurityCondition.Classes @ConditionalOnClass did not find required classes 'org.springframework.security.web.SecurityFilterChain', 'org.springframework.security.config.annotation.web.builders.HttpSecurity' (DefaultWebSecurityCondition)
      Matched:
         - found 'session' scope (OnWebApplicationCondition)

   MappingsEndpointAutoConfiguration.ReactiveWebConfiguration:
      Did not match:
         - @ConditionalOnClass did not find required class 'org.springframework.web.reactive.DispatcherHandler' (OnClassCondition)

   MessageSourceAutoConfiguration:
      Did not match:
         - ResourceBundle did not find bundle with basename messages (MessageSourceAutoConfiguration.ResourceBundleCondition)

   MetricsAspectsAutoConfiguration:
      Did not match:
         - @ConditionalOnBooleanProperty (management.observations.annotations.enabled=true) did not find property 'management.observations.annotations.enabled' (OnPropertyCondition)
      Matched:
         - @ConditionalOnClass found required classes 'io.micrometer.core.instrument.MeterRegistry', 'org.aspectj.weaver.Advice' (OnClassCondition)

   MicrometerTracingAutoConfiguration:
      Did not match:
         - @ConditionalOnClass did not find required class 'io.micrometer.tracing.Tracer' (OnClassCondition)

   MongoAutoConfiguration:
      Did not match:
         - @ConditionalOnClass did not find required class 'com.mongodb.client.MongoClient' (OnClassCondition)

   MongoDataAutoConfiguration:
      Did not match:
         - @ConditionalOnClass did not find required class 'com.mongodb.client.MongoClient' (OnClassCondition)

   MongoHealthContributorAutoConfiguration:
      Did not match:
         - @ConditionalOnClass did not find required class 'org.springframework.data.mongodb.core.MongoTemplate' (OnClassCondition)

   MongoMetricsAutoConfiguration:
      Did not match:
         - @ConditionalOnClass did not find required class 'com.mongodb.MongoClientSettings' (OnClassCondition)

   MongoReactiveAutoConfiguration:
      Did not match:
         - @ConditionalOnClass did not find required class 'com.mongodb.reactivestreams.client.MongoClient' (OnClassCondition)

   MongoReactiveDataAutoConfiguration:
      Did not match:
         - @ConditionalOnClass did not find required class 'com.mongodb.reactivestreams.client.MongoClient' (OnClassCondition)

   MongoReactiveHealthContributorAutoConfiguration:
      Did not match:
         - @ConditionalOnClass did not find required class 'org.springframework.data.mongodb.core.ReactiveMongoTemplate' (OnClassCondition)

   MongoReactiveRepositoriesAutoConfiguration:
      Did not match:
         - @ConditionalOnClass did not find required class 'com.mongodb.reactivestreams.client.MongoClient' (OnClassCondition)

   MongoRepositoriesAutoConfiguration:
      Did not match:
         - @ConditionalOnClass did not find required class 'com.mongodb.client.MongoClient' (OnClassCondition)

   MultipleOpenApiSupportConfiguration:
      Did not match:
         - AnyNestedCondition 0 matched 2 did not; NestedCondition on MultipleOpenApiSupportCondition.OnActuatorDifferentPort found non-matching nested conditions Management Port actual port type (SAME) did not match required type (DIFFERENT), @ConditionalOnProperty (springdoc.show-actuator) did not find property 'springdoc.show-actuator'; NestedCondition on MultipleOpenApiSupportCondition.OnMultipleOpenApiSupportCondition AnyNestedCondition 0 matched 3 did not; NestedCondition on MultipleOpenApiGroupsCondition.OnListGroupedOpenApiBean @ConditionalOnBean (types: org.springdoc.core.models.GroupedOpenApi; SearchStrategy: all) did not find any beans of type org.springdoc.core.models.GroupedOpenApi; NestedCondition on MultipleOpenApiGroupsCondition.OnGroupConfigProperty @ConditionalOnProperty (springdoc.group-configs[0].group) did not find property 'springdoc.group-configs[0].group'; NestedCondition on MultipleOpenApiGroupsCondition.OnGroupedOpenApiBean @ConditionalOnBean (types: org.springdoc.core.models.GroupedOpenApi; SearchStrategy: all) did not find any beans of type org.springdoc.core.models.GroupedOpenApi (MultipleOpenApiSupportCondition)
      Matched:
         - found 'session' scope (OnWebApplicationCondition)
         - @ConditionalOnProperty (springdoc.api-docs.enabled) matched (OnPropertyCondition)

   MultipleOpenApiSupportConfiguration.SpringDocWebMvcActuatorDifferentConfiguration:
      Did not match:
         - Management Port actual port type (SAME) did not match required type (DIFFERENT) (OnManagementPortCondition)
         - Ancestor org.springdoc.webmvc.core.configuration.MultipleOpenApiSupportConfiguration did not match (ConditionEvaluationReport.AncestorsMatchedCondition)
      Matched:
         - @ConditionalOnClass found required class 'org.springframework.boot.actuate.endpoint.web.servlet.WebMvcEndpointHandlerMapping' (OnClassCondition)

   MustacheAutoConfiguration:
      Did not match:
         - @ConditionalOnClass did not find required class 'com.samskivert.mustache.Mustache' (OnClassCondition)

   Neo4jAutoConfiguration:
      Did not match:
         - @ConditionalOnClass did not find required class 'org.neo4j.driver.Driver' (OnClassCondition)

   Neo4jDataAutoConfiguration:
      Did not match:
         - @ConditionalOnClass did not find required class 'org.neo4j.driver.Driver' (OnClassCondition)

   Neo4jHealthContributorAutoConfiguration:
      Did not match:
         - @ConditionalOnClass did not find required class 'org.neo4j.driver.Driver' (OnClassCondition)

   Neo4jReactiveDataAutoConfiguration:
      Did not match:
         - @ConditionalOnClass did not find required class 'org.neo4j.driver.Driver' (OnClassCondition)

   Neo4jReactiveRepositoriesAutoConfiguration:
      Did not match:
         - @ConditionalOnClass did not find required class 'org.neo4j.driver.Driver' (OnClassCondition)

   Neo4jRepositoriesAutoConfiguration:
      Did not match:
         - @ConditionalOnClass did not find required class 'org.neo4j.driver.Driver' (OnClassCondition)

   NettyAutoConfiguration:
      Did not match:
         - @ConditionalOnClass did not find required class 'io.netty.util.NettyRuntime' (OnClassCondition)

   NewRelicMetricsExportAutoConfiguration:
      Did not match:
         - @ConditionalOnClass did not find required class 'io.micrometer.newrelic.NewRelicMeterRegistry' (OnClassCondition)

   NoOpMeterRegistryConfiguration:
      Did not match:
         - @ConditionalOnMissingBean (types: io.micrometer.core.instrument.MeterRegistry; SearchStrategy: all) found beans of type 'io.micrometer.core.instrument.MeterRegistry' simpleMeterRegistry (OnBeanCondition)

   NoopTracerAutoConfiguration:
      Did not match:
         - @ConditionalOnClass did not find required class 'io.micrometer.tracing.Tracer' (OnClassCondition)

   OAuth2AuthorizationServerAutoConfiguration:
      Did not match:
         - @ConditionalOnClass did not find required class 'org.springframework.security.oauth2.server.authorization.OAuth2Authorization' (OnClassCondition)

   OAuth2AuthorizationServerJwtAutoConfiguration:
      Did not match:
         - @ConditionalOnClass did not find required class 'com.nimbusds.jose.jwk.source.JWKSource' (OnClassCondition)

   OAuth2ClientAutoConfiguration:
      Did not match:
         - @ConditionalOnClass did not find required class 'org.springframework.security.oauth2.client.registration.ClientRegistration' (OnClassCondition)

   OAuth2ClientWebSecurityAutoConfiguration:
      Did not match:
         - @ConditionalOnClass did not find required class 'org.springframework.security.config.annotation.web.configuration.EnableWebSecurity' (OnClassCondition)

   OAuth2LoadBalancerClientAutoConfiguration:
      Did not match:
         - @ConditionalOnProperty (spring.cloud.oauth2.load-balanced.enabled) did not find property 'spring.cloud.oauth2.load-balanced.enabled' (OnPropertyCondition)

   OAuth2ResourceServerAutoConfiguration:
      Did not match:
         - @ConditionalOnClass did not find required class 'org.springframework.security.oauth2.server.resource.authentication.BearerTokenAuthenticationToken' (OnClassCondition)

   ObservationAutoConfiguration.MeterObservationHandlerConfiguration.TracingAndMetricsObservationHandlerConfiguration:
      Did not match:
         - @ConditionalOnBean did not find required type 'io.micrometer.tracing.Tracer' (OnBeanCondition)
         - @ConditionalOnBean (types: ?; SearchStrategy: all) did not find any beans of type ? (OnBeanCondition)

   ObservationAutoConfiguration.MetricsWithTracingConfiguration:
      Did not match:
         - @ConditionalOnClass did not find required class 'io.micrometer.tracing.Tracer' (OnClassCondition)

   ObservationAutoConfiguration.ObservedAspectConfiguration:
      Did not match:
         - @ConditionalOnBooleanProperty (management.observations.annotations.enabled=true) did not find property 'management.observations.annotations.enabled' (OnPropertyCondition)
      Matched:
         - @ConditionalOnClass found required class 'org.aspectj.weaver.Advice' (OnClassCondition)

   ObservationAutoConfiguration.OnlyTracingConfiguration:
      Did not match:
         - @ConditionalOnClass did not find required class 'io.micrometer.tracing.Tracer' (OnClassCondition)

   OpenTelemetryAutoConfiguration:
      Did not match:
         - @ConditionalOnClass did not find required class 'io.opentelemetry.sdk.OpenTelemetrySdk' (OnClassCondition)

   OpenTelemetryLoggingAutoConfiguration:
      Did not match:
         - @ConditionalOnClass did not find required class 'io.opentelemetry.api.OpenTelemetry' (OnClassCondition)

   OpenTelemetryTracingAutoConfiguration:
      Did not match:
         - @ConditionalOnClass did not find required class 'io.micrometer.tracing.otel.bridge.OtelTracer' (OnClassCondition)

   OtlpLoggingAutoConfiguration:
      Did not match:
         - @ConditionalOnClass did not find required class 'io.opentelemetry.api.OpenTelemetry' (OnClassCondition)

   OtlpMetricsExportAutoConfiguration:
      Did not match:
         - @ConditionalOnClass did not find required class 'io.micrometer.registry.otlp.OtlpMeterRegistry' (OnClassCondition)

   OtlpTracingAutoConfiguration:
      Did not match:
         - @ConditionalOnClass did not find required class 'io.micrometer.tracing.otel.bridge.OtelTracer' (OnClassCondition)

   PauseResumeEndpointsConfiguration#pauseEndpoint:
      Did not match:
         - @ConditionalOnBean (types: org.springframework.cloud.context.restart.RestartEndpoint; SearchStrategy: all) did not find any beans of type org.springframework.cloud.context.restart.RestartEndpoint (OnBeanCondition)

   PauseResumeEndpointsConfiguration#resumeEndpoint:
      Did not match:
         - @ConditionalOnBean (types: org.springframework.cloud.context.restart.RestartEndpoint; SearchStrategy: all) did not find any beans of type org.springframework.cloud.context.restart.RestartEndpoint (OnBeanCondition)

   ProjectInfoAutoConfiguration#buildProperties:
      Did not match:
         - @ConditionalOnResource did not find resource '${spring.info.build.location:classpath:META-INF/build-info.properties}' (OnResourceCondition)

   ProjectInfoAutoConfiguration#gitProperties:
      Did not match:
         - GitResource did not find git info at classpath:git.properties (ProjectInfoAutoConfiguration.GitResourceAvailableCondition)

   PrometheusExemplarsAutoConfiguration:
      Did not match:
         - @ConditionalOnClass did not find required class 'io.micrometer.tracing.Tracer' (OnClassCondition)

   PrometheusMetricsExportAutoConfiguration:
      Did not match:
         - @ConditionalOnClass did not find required class 'io.micrometer.prometheusmetrics.PrometheusMeterRegistry' (OnClassCondition)

   PulsarAutoConfiguration:
      Did not match:
         - @ConditionalOnClass did not find required class 'org.apache.pulsar.client.api.PulsarClient' (OnClassCondition)

   PulsarReactiveAutoConfiguration:
      Did not match:
         - @ConditionalOnClass did not find required class 'org.apache.pulsar.client.api.PulsarClient' (OnClassCondition)

   QuartzAutoConfiguration:
      Did not match:
         - @ConditionalOnClass did not find required class 'org.quartz.Scheduler' (OnClassCondition)

   QuartzEndpointAutoConfiguration:
      Did not match:
         - @ConditionalOnClass did not find required class 'org.quartz.Scheduler' (OnClassCondition)

   R2dbcAutoConfiguration:
      Did not match:
         - @ConditionalOnClass did not find required class 'io.r2dbc.spi.ConnectionFactory' (OnClassCondition)

   R2dbcDataAutoConfiguration:
      Did not match:
         - @ConditionalOnClass did not find required class 'org.springframework.data.r2dbc.core.R2dbcEntityTemplate' (OnClassCondition)

   R2dbcInitializationConfiguration:
      Did not match:
         - @ConditionalOnClass did not find required classes 'io.r2dbc.spi.ConnectionFactory', 'org.springframework.r2dbc.connection.init.DatabasePopulator' (OnClassCondition)

   R2dbcObservationAutoConfiguration:
      Did not match:
         - @ConditionalOnClass did not find required class 'io.r2dbc.proxy.ProxyConnectionFactory' (OnClassCondition)

   R2dbcProxyAutoConfiguration:
      Did not match:
         - @ConditionalOnClass did not find required class 'io.r2dbc.proxy.ProxyConnectionFactory' (OnClassCondition)

   R2dbcRepositoriesAutoConfiguration:
      Did not match:
         - @ConditionalOnClass did not find required class 'io.r2dbc.spi.ConnectionFactory' (OnClassCondition)

   R2dbcTransactionManagerAutoConfiguration:
      Did not match:
         - @ConditionalOnClass did not find required class 'org.springframework.r2dbc.connection.R2dbcTransactionManager' (OnClassCondition)

   RSocketGraphQlClientAutoConfiguration:
      Did not match:
         - @ConditionalOnClass did not find required class 'graphql.GraphQL' (OnClassCondition)

   RSocketMessagingAutoConfiguration:
      Did not match:
         - @ConditionalOnClass did not find required class 'io.rsocket.RSocket' (OnClassCondition)

   RSocketRequesterAutoConfiguration:
      Did not match:
         - @ConditionalOnClass did not find required class 'io.rsocket.RSocket' (OnClassCondition)

   RSocketSecurityAutoConfiguration:
      Did not match:
         - @ConditionalOnClass did not find required class 'org.springframework.security.rsocket.core.SecuritySocketAcceptorInterceptor' (OnClassCondition)

   RSocketServerAutoConfiguration:
      Did not match:
         - @ConditionalOnClass did not find required class 'io.rsocket.core.RSocketServer' (OnClassCondition)

   RSocketStrategiesAutoConfiguration:
      Did not match:
         - @ConditionalOnClass did not find required class 'io.netty.buffer.PooledByteBufAllocator' (OnClassCondition)

   RabbitAutoConfiguration:
      Did not match:
         - @ConditionalOnClass did not find required class 'com.rabbitmq.client.Channel' (OnClassCondition)

   RabbitHealthContributorAutoConfiguration:
      Did not match:
         - @ConditionalOnClass did not find required class 'org.springframework.amqp.rabbit.core.RabbitTemplate' (OnClassCondition)

   RabbitMetricsAutoConfiguration:
      Did not match:
         - @ConditionalOnClass did not find required class 'com.rabbitmq.client.ConnectionFactory' (OnClassCondition)

   ReactiveCloudFoundryActuatorAutoConfiguration:
      Did not match:
         - @ConditionalOnWebApplication did not find reactive web application classes (OnWebApplicationCondition)

   ReactiveCommonsClientAutoConfiguration.ReactiveDiscoveryLoadBalancerConfiguration:
      Did not match:
         - @ConditionalOnClass did not find required class 'org.springframework.web.reactive.function.client.WebClient' (OnClassCondition)

   ReactiveCompositeDiscoveryClientAutoConfiguration:
      Did not match:
         - @ConditionalOnClass did not find required class 'org.springframework.web.reactive.function.client.WebClient' (OnClassCondition)

   ReactiveElasticsearchClientAutoConfiguration:
      Did not match:
         - @ConditionalOnClass did not find required class 'co.elastic.clients.transport.ElasticsearchTransport' (OnClassCondition)

   ReactiveElasticsearchRepositoriesAutoConfiguration:
      Did not match:
         - @ConditionalOnClass did not find required class 'org.springframework.data.elasticsearch.client.elc.ReactiveElasticsearchClient' (OnClassCondition)

   ReactiveManagementContextAutoConfiguration:
      Did not match:
         - @ConditionalOnWebApplication did not find reactive web application classes (OnWebApplicationCondition)

   ReactiveManagementWebSecurityAutoConfiguration:
      Did not match:
         - @ConditionalOnClass did not find required class 'org.springframework.security.config.annotation.web.reactive.EnableWebFluxSecurity' (OnClassCondition)

   ReactiveMultipartAutoConfiguration:
      Did not match:
         - @ConditionalOnClass did not find required class 'org.springframework.web.reactive.config.WebFluxConfigurer' (OnClassCondition)

   ReactiveOAuth2ClientAutoConfiguration:
      Did not match:
         - @ConditionalOnClass did not find required class 'org.springframework.security.oauth2.client.registration.ClientRegistration' (OnClassCondition)

   ReactiveOAuth2ClientWebSecurityAutoConfiguration:
      Did not match:
         - @ConditionalOnClass did not find required class 'org.springframework.security.config.annotation.web.reactive.EnableWebFluxSecurity' (OnClassCondition)

   ReactiveOAuth2ResourceServerAutoConfiguration:
      Did not match:
         - @ConditionalOnClass did not find required class 'org.springframework.security.config.annotation.web.reactive.EnableWebFluxSecurity' (OnClassCondition)

   ReactiveSecurityAutoConfiguration:
      Did not match:
         - @ConditionalOnClass did not find required class 'org.springframework.security.config.annotation.web.reactive.EnableWebFluxSecurity' (OnClassCondition)

   ReactiveUserDetailsServiceAutoConfiguration:
      Did not match:
         - @ConditionalOnClass did not find required class 'org.springframework.security.authentication.ReactiveAuthenticationManager' (OnClassCondition)

   ReactiveWebServerFactoryAutoConfiguration:
      Did not match:
         - @ConditionalOnWebApplication did not find reactive web application classes (OnWebApplicationCondition)

   ReactorLoadBalancerClientAutoConfiguration:
      Did not match:
         - @ConditionalOnClass did not find required class 'org.springframework.web.reactive.function.client.WebClient' (OnClassCondition)

   RedisAutoConfiguration:
      Did not match:
         - @ConditionalOnClass did not find required class 'org.springframework.data.redis.core.RedisOperations' (OnClassCondition)

   RedisCacheConfiguration:
      Did not match:
         - @ConditionalOnClass did not find required class 'org.springframework.data.redis.connection.RedisConnectionFactory' (OnClassCondition)

   RedisHealthContributorAutoConfiguration:
      Did not match:
         - @ConditionalOnClass did not find required class 'org.springframework.data.redis.connection.RedisConnectionFactory' (OnClassCondition)

   RedisReactiveAutoConfiguration:
      Did not match:
         - @ConditionalOnClass did not find required class 'org.springframework.data.redis.connection.ReactiveRedisConnectionFactory' (OnClassCondition)

   RedisReactiveHealthContributorAutoConfiguration:
      Did not match:
         - @ConditionalOnClass did not find required class 'org.springframework.data.redis.connection.ReactiveRedisConnectionFactory' (OnClassCondition)

   RedisRepositoriesAutoConfiguration:
      Did not match:
         - @ConditionalOnClass did not find required class 'org.springframework.data.redis.repository.configuration.EnableRedisRepositories' (OnClassCondition)

   RefreshAutoConfiguration#legacyContextRefresher:
      Did not match:
         - AnyNestedCondition 0 matched 3 did not; NestedCondition on ConditionalOnBootstrapEnabled.OnBootstrapEnabledCondition.OnBootstrapEnabled @ConditionalOnProperty (spring.cloud.bootstrap.enabled) did not find property 'spring.cloud.bootstrap.enabled'; NestedCondition on ConditionalOnBootstrapEnabled.OnBootstrapEnabledCondition.OnUseLegacyProcessingEnabled @ConditionalOnProperty (spring.config.use-legacy-processing) did not find property 'spring.config.use-legacy-processing'; NestedCondition on ConditionalOnBootstrapEnabled.OnBootstrapEnabledCondition.OnBootstrapMarkerClassPresent @ConditionalOnClass did not find required class 'org.springframework.cloud.bootstrap.marker.Marker' (ConditionalOnBootstrapEnabled.OnBootstrapEnabledCondition)

   RepositoryRestMvcAutoConfiguration:
      Did not match:
         - @ConditionalOnClass did not find required class 'org.springframework.data.rest.webmvc.config.RepositoryRestMvcConfiguration' (OnClassCondition)

   RestartEndpointWithIntegrationConfiguration:
      Did not match:
         - @ConditionalOnClass did not find required class 'org.springframework.integration.monitor.IntegrationMBeanExporter' (OnClassCondition)

   RestartEndpointWithoutIntegrationConfiguration#restartEndpointWithoutIntegration:
      Did not match:
         - @ConditionalOnAvailableEndpoint the configured access for endpoint 'restart' is NONE (OnAvailableEndpointCondition)

   Saml2RelyingPartyAutoConfiguration:
      Did not match:
         - @ConditionalOnClass did not find required class 'org.springframework.security.saml2.provider.service.registration.RelyingPartyRegistrationRepository' (OnClassCondition)

   SecurityAutoConfiguration:
      Did not match:
         - @ConditionalOnClass did not find required class 'org.springframework.security.authentication.DefaultAuthenticationEventPublisher' (OnClassCondition)

   SecurityFilterAutoConfiguration:
      Did not match:
         - @ConditionalOnClass did not find required class 'org.springframework.security.config.http.SessionCreationPolicy' (OnClassCondition)

   SecurityRequestMatchersManagementContextConfiguration:
      Did not match:
         - @ConditionalOnClass did not find required class 'org.springframework.security.web.util.matcher.RequestMatcher' (OnClassCondition)

   SendGridAutoConfiguration:
      Did not match:
         - @ConditionalOnClass did not find required class 'com.sendgrid.SendGrid' (OnClassCondition)

   ServletEndpointManagementContextConfiguration.JerseyServletEndpointManagementContextConfiguration:
      Did not match:
         - @ConditionalOnClass did not find required class 'org.glassfish.jersey.server.ResourceConfig' (OnClassCondition)

   ServletManagementContextAutoConfiguration.ApplicationContextFilterConfiguration:
      Did not match:
         - @ConditionalOnBooleanProperty (management.server.add-application-context-header=true) did not find property 'management.server.add-application-context-header' (OnPropertyCondition)

   ServletWebServerFactoryAutoConfiguration.ForwardedHeaderFilterConfiguration:
      Did not match:
         - @ConditionalOnProperty (server.forward-headers-strategy=framework) did not find property 'server.forward-headers-strategy' (OnPropertyCondition)

   ServletWebServerFactoryConfiguration.EmbeddedJetty:
      Did not match:
         - @ConditionalOnClass did not find required classes 'org.eclipse.jetty.server.Server', 'org.eclipse.jetty.util.Loader', 'org.eclipse.jetty.ee10.webapp.WebAppContext' (OnClassCondition)

   ServletWebServerFactoryConfiguration.EmbeddedUndertow:
      Did not match:
         - @ConditionalOnClass did not find required classes 'io.undertow.Undertow', 'org.xnio.SslClientAuthMode' (OnClassCondition)

   SessionAutoConfiguration:
      Did not match:
         - @ConditionalOnClass did not find required class 'org.springframework.session.Session' (OnClassCondition)

   SessionsEndpointAutoConfiguration:
      Did not match:
         - @ConditionalOnClass did not find required class 'org.springframework.session.Session' (OnClassCondition)

   ShutdownEndpointAutoConfiguration:
      Did not match:
         - @ConditionalOnAvailableEndpoint the configured access for endpoint 'shutdown' is NONE (OnAvailableEndpointCondition)

   SignalFxMetricsExportAutoConfiguration:
      Did not match:
         - @ConditionalOnClass did not find required class 'io.micrometer.signalfx.SignalFxMeterRegistry' (OnClassCondition)

   SimpleReactiveDiscoveryClientAutoConfiguration:
      Did not match:
         - @ConditionalOnClass did not find required class 'org.springframework.web.reactive.function.client.WebClient' (OnClassCondition)

   SpringApplicationAdminJmxAutoConfiguration:
      Did not match:
         - @ConditionalOnBooleanProperty (spring.application.admin.enabled=true) did not find property 'spring.application.admin.enabled' (OnPropertyCondition)

   SpringBootAdminClientAutoConfiguration.BlockingRegistrationClientConfig#registrationClient:
      Did not match:
         - @ConditionalOnMissingBean (types: de.codecentric.boot.admin.client.registration.RegistrationClient; SearchStrategy: all) found beans of type 'de.codecentric.boot.admin.client.registration.RegistrationClient' registrationClient (OnBeanCondition)

   SpringBootAdminClientAutoConfiguration.ReactiveConfiguration:
      Did not match:
         - did not find reactive web application classes (OnWebApplicationCondition)

   SpringBootAdminClientAutoConfiguration.ReactiveRegistrationClientConfig:
      Did not match:
         - @ConditionalOnBean (types: ?; SearchStrategy: all) did not find any beans of type ? (OnBeanCondition)

   SpringBootAdminClientCloudFoundryAutoConfiguration:
      Did not match:
         - @ConditionalOnCloudPlatform did not find CLOUD_FOUNDRY (OnCloudPlatformCondition)
      Matched:
         - @ConditionalOnWebApplication (required) found 'session' scope (OnWebApplicationCondition)
         - matched (SpringBootAdminClientEnabledCondition)

   SpringDocConfiguration#propertiesResolverForSchema:
      Did not match:
         - @ConditionalOnProperty (springdoc.api-docs.resolve-schema-properties) did not find property 'springdoc.api-docs.resolve-schema-properties' (OnPropertyCondition)

   SpringDocConfiguration#propertyCustomizingConverter:
      Did not match:
         - @ConditionalOnBean (types: org.springdoc.core.customizers.PropertyCustomizer; SearchStrategy: all) did not find any beans of type org.springdoc.core.customizers.PropertyCustomizer (OnBeanCondition)

   SpringDocConfiguration#springdocBeanFactoryPostProcessor:
      Did not match:
         - AnyNestedCondition 0 matched 2 did not; NestedCondition on CacheOrGroupedOpenApiCondition.OnCacheDisabled found non-matching nested conditions @ConditionalOnProperty (springdoc.cache.disabled) did not find property 'springdoc.cache.disabled'; NestedCondition on CacheOrGroupedOpenApiCondition.OnMultipleOpenApiSupportCondition AnyNestedCondition 0 matched 2 did not; NestedCondition on MultipleOpenApiSupportCondition.OnActuatorDifferentPort found non-matching nested conditions Management Port actual port type (SAME) did not match required type (DIFFERENT), @ConditionalOnProperty (springdoc.show-actuator) did not find property 'springdoc.show-actuator'; NestedCondition on MultipleOpenApiSupportCondition.OnMultipleOpenApiSupportCondition AnyNestedCondition 0 matched 3 did not; NestedCondition on MultipleOpenApiGroupsCondition.OnListGroupedOpenApiBean @ConditionalOnBean (types: org.springdoc.core.models.GroupedOpenApi; SearchStrategy: all) did not find any beans of type org.springdoc.core.models.GroupedOpenApi; NestedCondition on MultipleOpenApiGroupsCondition.OnGroupConfigProperty @ConditionalOnProperty (springdoc.group-configs[0].group) did not find property 'springdoc.group-configs[0].group'; NestedCondition on MultipleOpenApiGroupsCondition.OnGroupedOpenApiBean @ConditionalOnBean (types: org.springdoc.core.models.GroupedOpenApi; SearchStrategy: all) did not find any beans of type org.springdoc.core.models.GroupedOpenApi (CacheOrGroupedOpenApiCondition)
      Matched:
         - @ConditionalOnClass found required class 'org.springframework.boot.context.properties.bind.BindResult' (OnClassCondition)

   SpringDocConfiguration#springdocBeanFactoryPostProcessor2:
      Did not match:
         - @ConditionalOnMissingClass found unwanted class 'org.springframework.boot.context.properties.bind.BindResult' (OnClassCondition)

   SpringDocConfiguration.SpringDocActuatorConfiguration:
      Did not match:
         - @ConditionalOnProperty (springdoc.show-actuator) did not find property 'springdoc.show-actuator' (OnPropertyCondition)
      Matched:
         - @ConditionalOnClass found required class 'org.springframework.boot.actuate.autoconfigure.endpoint.web.WebEndpointProperties' (OnClassCondition)

   SpringDocConfiguration.SpringDocRepositoryRestConfiguration:
      Did not match:
         - @ConditionalOnClass did not find required class 'org.springframework.data.rest.core.config.RepositoryRestConfiguration' (OnClassCondition)

   SpringDocDataRestConfiguration:
      Did not match:
         - @ConditionalOnClass did not find required class 'org.springframework.data.rest.core.config.RepositoryRestConfiguration' (OnClassCondition)

   SpringDocFunctionCatalogConfiguration:
      Did not match:
         - @ConditionalOnClass did not find required class 'org.springframework.cloud.function.web.function.FunctionEndpointInitializer' (OnClassCondition)

   SpringDocGroovyConfiguration:
      Did not match:
         - @ConditionalOnClass did not find required class 'groovy.lang.MetaClass' (OnClassCondition)

   SpringDocHateoasConfiguration:
      Did not match:
         - @ConditionalOnClass did not find required class 'org.springframework.hateoas.server.LinkRelationProvider' (OnClassCondition)

   SpringDocJacksonKotlinModuleConfiguration:
      Did not match:
         - @ConditionalOnClass did not find required class 'com.fasterxml.jackson.module.kotlin.KotlinModule' (OnClassCondition)

   SpringDocJavadocConfiguration:
      Did not match:
         - @ConditionalOnClass did not find required class 'com.github.therapi.runtimejavadoc.CommentFormatter' (OnClassCondition)

   SpringDocKotlinConfiguration:
      Did not match:
         - @ConditionalOnClass did not find required class 'kotlin.coroutines.Continuation' (OnClassCondition)

   SpringDocKotlinxConfiguration:
      Did not match:
         - @ConditionalOnClass did not find required class 'kotlinx.coroutines.flow.Flow' (OnClassCondition)

   SpringDocSecurityConfiguration:
      Did not match:
         - @ConditionalOnClass did not find required class 'org.springframework.security.web.SecurityFilterChain' (OnClassCondition)

   SpringDocSortConfiguration#dataRestDelegatingMethodParameterCustomizer:
      Did not match:
         - @ConditionalOnMissingBean (types: org.springdoc.core.customizers.DataRestDelegatingMethodParameterCustomizer; SearchStrategy: all) found beans of type 'org.springdoc.core.customizers.DataRestDelegatingMethodParameterCustomizer' dataRestDelegatingMethodParameterCustomizer (OnBeanCondition)

   SpringDocWebMvcConfiguration.SpringDocWebMvcActuatorConfiguration#actuatorProvider:
      Did not match:
         - @ConditionalOnExpression (#{${springdoc.show-actuator:false} or ${springdoc.use-management-port:false}}) resulted in false (OnExpressionCondition)

   SpringDocWebMvcConfiguration.SpringDocWebMvcActuatorConfiguration#openApiActuatorResource:
      Did not match:
         - @ConditionalOnExpression (#{${springdoc.use-management-port:false} and ${springdoc.enable-default-api-docs:true}}) resulted in false (OnExpressionCondition)

   SslObservabilityAutoConfiguration#sslInfoProvider:
      Did not match:
         - @ConditionalOnMissingBean (types: org.springframework.boot.info.SslInfo; SearchStrategy: all) found beans of type 'org.springframework.boot.info.SslInfo' sslInfo (OnBeanCondition)

   StackdriverMetricsExportAutoConfiguration:
      Did not match:
         - @ConditionalOnClass did not find required class 'io.micrometer.stackdriver.StackdriverMeterRegistry' (OnClassCondition)

   StartupEndpointAutoConfiguration:
      Did not match:
         - ApplicationStartup configured applicationStartup is of type class org.springframework.core.metrics.DefaultApplicationStartup, expected BufferingApplicationStartup. (StartupEndpointAutoConfiguration.ApplicationStartupCondition)

   StatsdMetricsExportAutoConfiguration:
      Did not match:
         - @ConditionalOnClass did not find required class 'io.micrometer.statsd.StatsdMeterRegistry' (OnClassCondition)

   SwaggerConfig#springWebProvider:
      Did not match:
         - @ConditionalOnMissingBean (types: org.springdoc.core.providers.SpringWebProvider; SearchStrategy: all) found beans of type 'org.springdoc.core.providers.SpringWebProvider' springWebProvider (OnBeanCondition)

   SwaggerConfig#swaggerUiHome:
      Did not match:
         - @ConditionalOnProperty (springdoc.swagger-ui.use-root-path=true) did not find property 'springdoc.swagger-ui.use-root-path' (OnPropertyCondition)

   SwaggerConfig.SwaggerActuatorWelcomeConfiguration:
      Did not match:
         - @ConditionalOnProperty (springdoc.use-management-port) did not find property 'springdoc.use-management-port' (OnPropertyCondition)
      Matched:
         - @ConditionalOnClass found required class 'org.springframework.boot.actuate.endpoint.web.servlet.WebMvcEndpointHandlerMapping' (OnClassCondition)

   TaskExecutorConfigurations.SimpleAsyncTaskExecutorBuilderConfiguration#simpleAsyncTaskExecutorBuilderVirtualThreads:
      Did not match:
         - @ConditionalOnMissingBean (types: org.springframework.boot.task.SimpleAsyncTaskExecutorBuilder; SearchStrategy: all) found beans of type 'org.springframework.boot.task.SimpleAsyncTaskExecutorBuilder' simpleAsyncTaskExecutorBuilder (OnBeanCondition)

   TaskExecutorConfigurations.TaskExecutorConfiguration#applicationTaskExecutorVirtualThreads:
      Did not match:
         - @ConditionalOnThreading did not find VIRTUAL (OnThreadingCondition)

   TaskSchedulingAutoConfiguration#scheduledBeanLazyInitializationExcludeFilter:
      Did not match:
         - @ConditionalOnBean (names: org.springframework.context.annotation.internalScheduledAnnotationProcessor; SearchStrategy: all) did not find any beans named org.springframework.context.annotation.internalScheduledAnnotationProcessor (OnBeanCondition)

   TaskSchedulingConfigurations.SimpleAsyncTaskSchedulerBuilderConfiguration#simpleAsyncTaskSchedulerBuilderVirtualThreads:
      Did not match:
         - @ConditionalOnMissingBean (types: org.springframework.boot.task.SimpleAsyncTaskSchedulerBuilder; SearchStrategy: all) found beans of type 'org.springframework.boot.task.SimpleAsyncTaskSchedulerBuilder' simpleAsyncTaskSchedulerBuilder (OnBeanCondition)

   TaskSchedulingConfigurations.TaskSchedulerConfiguration:
      Did not match:
         - @ConditionalOnBean (names: org.springframework.context.annotation.internalScheduledAnnotationProcessor; SearchStrategy: all) did not find any beans named org.springframework.context.annotation.internalScheduledAnnotationProcessor (OnBeanCondition)

   ThymeleafAutoConfiguration:
      Did not match:
         - @ConditionalOnClass did not find required class 'org.thymeleaf.spring6.SpringTemplateEngine' (OnClassCondition)

   TransactionAutoConfiguration#transactionalOperator:
      Did not match:
         - @ConditionalOnSingleCandidate (types: org.springframework.transaction.ReactiveTransactionManager; SearchStrategy: all) did not find any beans (OnBeanCondition)

   TransactionAutoConfiguration.AspectJTransactionManagementConfiguration:
      Did not match:
         - @ConditionalOnBean (types: org.springframework.transaction.aspectj.AbstractTransactionAspect; SearchStrategy: all) did not find any beans of type org.springframework.transaction.aspectj.AbstractTransactionAspect (OnBeanCondition)

   TransactionAutoConfiguration.EnableTransactionManagementConfiguration.JdkDynamicAutoProxyConfiguration:
      Did not match:
         - @ConditionalOnBooleanProperty (spring.aop.proxy-target-class=false) did not find property 'spring.aop.proxy-target-class' (OnPropertyCondition)

   UserDetailsServiceAutoConfiguration:
      Did not match:
         - @ConditionalOnClass did not find required class 'org.springframework.security.authentication.AuthenticationManager' (OnClassCondition)

   WavefrontAutoConfiguration:
      Did not match:
         - @ConditionalOnClass did not find required class 'com.wavefront.sdk.common.application.ApplicationTags' (OnClassCondition)

   WavefrontMetricsExportAutoConfiguration:
      Did not match:
         - @ConditionalOnClass did not find required class 'com.wavefront.sdk.common.WavefrontSender' (OnClassCondition)

   WavefrontTracingAutoConfiguration:
      Did not match:
         - @ConditionalOnClass did not find required class 'com.wavefront.sdk.common.WavefrontSender' (OnClassCondition)

   WebClientAutoConfiguration:
      Did not match:
         - @ConditionalOnClass did not find required class 'org.springframework.web.reactive.function.client.WebClient' (OnClassCondition)

   WebClientObservationConfiguration:
      Did not match:
         - @ConditionalOnClass did not find required class 'org.springframework.web.reactive.function.client.WebClient' (OnClassCondition)

   WebFluxAutoConfiguration:
      Did not match:
         - @ConditionalOnClass did not find required class 'org.springframework.web.reactive.config.WebFluxConfigurer' (OnClassCondition)

   WebFluxEndpointManagementContextConfiguration:
      Did not match:
         - @ConditionalOnClass did not find required class 'org.springframework.web.reactive.DispatcherHandler' (OnClassCondition)

   WebFluxObservationAutoConfiguration:
      Did not match:
         - @ConditionalOnWebApplication did not find reactive web application classes (OnWebApplicationCondition)

   WebMvcAutoConfiguration#hiddenHttpMethodFilter:
      Did not match:
         - @ConditionalOnBooleanProperty (spring.mvc.hiddenmethod.filter.enabled=true) did not find property 'spring.mvc.hiddenmethod.filter.enabled' (OnPropertyCondition)

   WebMvcAutoConfiguration.ProblemDetailsErrorHandlingConfiguration:
      Did not match:
         - @ConditionalOnBooleanProperty (spring.mvc.problemdetails.enabled=true) did not find property 'spring.mvc.problemdetails.enabled' (OnPropertyCondition)

   WebMvcAutoConfiguration.WebMvcAutoConfigurationAdapter#beanNameViewResolver:
      Did not match:
         - @ConditionalOnMissingBean (types: org.springframework.web.servlet.view.BeanNameViewResolver; SearchStrategy: all) found beans of type 'org.springframework.web.servlet.view.BeanNameViewResolver' beanNameViewResolver (OnBeanCondition)

   WebMvcEndpointManagementContextConfiguration#managementHealthEndpointWebMvcHandlerMapping:
      Did not match:
         - Management Port actual port type (SAME) did not match required type (DIFFERENT) (OnManagementPortCondition)

   WebServiceTemplateAutoConfiguration:
      Did not match:
         - @ConditionalOnClass did not find required class 'org.springframework.oxm.Marshaller' (OnClassCondition)

   WebServicesAutoConfiguration:
      Did not match:
         - @ConditionalOnClass did not find required class 'org.springframework.ws.transport.http.MessageDispatcherServlet' (OnClassCondition)

   WebSessionIdResolverAutoConfiguration:
      Did not match:
         - @ConditionalOnWebApplication did not find reactive web application classes (OnWebApplicationCondition)

   WebSocketMessagingAutoConfiguration:
      Did not match:
         - @ConditionalOnClass did not find required class 'org.springframework.web.socket.config.annotation.WebSocketMessageBrokerConfigurer' (OnClassCondition)

   WebSocketReactiveAutoConfiguration:
      Did not match:
         - @ConditionalOnWebApplication did not find reactive web application classes (OnWebApplicationCondition)

   WebSocketServletAutoConfiguration.JettyWebSocketConfiguration:
      Did not match:
         - @ConditionalOnClass did not find required class 'org.eclipse.jetty.ee10.websocket.jakarta.server.config.JakartaWebSocketServletContainerInitializer' (OnClassCondition)

   WebSocketServletAutoConfiguration.UndertowWebSocketConfiguration:
      Did not match:
         - @ConditionalOnClass did not find required class 'io.undertow.websockets.jsr.Bootstrap' (OnClassCondition)

   WritableEnvironmentEndpointAutoConfiguration:
      Did not match:
         - @ConditionalOnProperty (management.endpoint.env.post.enabled) did not find property 'management.endpoint.env.post.enabled' (OnPropertyCondition)
      Matched:
         - @ConditionalOnClass found required classes 'org.springframework.boot.actuate.env.EnvironmentEndpoint', 'org.springframework.boot.actuate.autoconfigure.env.EnvironmentEndpointProperties' (OnClassCondition)

   XADataSourceAutoConfiguration:
      Did not match:
         - @ConditionalOnBean (types: org.springframework.boot.jdbc.XADataSourceWrapper; SearchStrategy: all) did not find any beans of type org.springframework.boot.jdbc.XADataSourceWrapper (OnBeanCondition)
      Matched:
         - @ConditionalOnClass found required classes 'javax.sql.DataSource', 'jakarta.transaction.TransactionManager', 'org.springframework.jdbc.datasource.embedded.EmbeddedDatabaseType' (OnClassCondition)

   ZipkinAutoConfiguration:
      Did not match:
         - @ConditionalOnClass did not find required class 'zipkin2.reporter.Encoding' (OnClassCondition)


Exclusions:
-----------

    None


Unconditional classes:
----------------------

    org.springframework.boot.autoconfigure.context.ConfigurationPropertiesAutoConfiguration

    org.springframework.cloud.client.ReactiveCommonsClientAutoConfiguration

    org.springframework.boot.actuate.autoconfigure.availability.AvailabilityHealthContributorAutoConfiguration

    org.springframework.boot.autoconfigure.ssl.SslAutoConfiguration

    org.springframework.boot.actuate.autoconfigure.info.InfoContributorAutoConfiguration

    org.springframework.cloud.client.discovery.simple.SimpleDiscoveryClientAutoConfiguration

    org.springframework.boot.autoconfigure.context.PropertyPlaceholderAutoConfiguration

    org.springframework.boot.autoconfigure.context.LifecycleAutoConfiguration

    org.springframework.cloud.client.CommonsClientAutoConfiguration

    org.springframework.boot.actuate.autoconfigure.metrics.integration.IntegrationMetricsAutoConfiguration

    org.springframework.boot.actuate.autoconfigure.endpoint.EndpointAutoConfiguration

    org.springframework.cloud.commons.config.CommonsConfigAutoConfiguration

    org.springframework.cloud.netflix.eureka.config.DiscoveryClientOptionalArgsConfiguration

    org.springframework.boot.actuate.autoconfigure.web.server.ManagementContextAutoConfiguration

    org.springframework.cloud.client.loadbalancer.LoadBalancerDefaultMappingsProviderAutoConfiguration

    org.springframework.cloud.config.client.ConfigClientAutoConfiguration

    org.springframework.cloud.client.discovery.composite.CompositeDiscoveryClientAutoConfiguration

    org.springframework.boot.actuate.autoconfigure.health.HealthContributorAutoConfiguration

    org.springframework.cloud.client.serviceregistry.ServiceRegistryAutoConfiguration

    org.springframework.cloud.autoconfigure.LifecycleMvcEndpointAutoConfiguration

    org.springframework.boot.actuate.autoconfigure.endpoint.jackson.JacksonEndpointAutoConfiguration

    org.springdoc.core.configuration.SpringDocSpecPropertiesConfiguration

    org.springframework.boot.autoconfigure.availability.ApplicationAvailabilityAutoConfiguration

    org.springframework.boot.autoconfigure.info.ProjectInfoAutoConfiguration



2025-10-23T17:05:52.902-05:00 DEBUG 31772 --- [ms-negocio-gestion-alquileres] [foReplicator-%d] o.s.web.client.RestTemplate              : Writing [InstanceInfo [instanceId = ms-negocio-gestion-alquileres:8083, appName = MS-NEGOCIO-GESTION-ALQUILERES, hostName = localhost, status = UP, ipAddr = 172.30.16.1, port = 8083, securePort = 443, dataCenterInfo = com.netflix.appinfo.MyDataCenterInfo@268bb09d] as "application/json"
2025-10-23T17:05:52.903-05:00  INFO 31772 --- [ms-negocio-gestion-alquileres] [    Test worker] MsNegocioGestionAlquilerApplicationTests : Started MsNegocioGestionMsNegocioGestionAlquilerApplicationTests in 7.885 seconds (process running for 9.338)
2025-10-23T17:05:52.926-05:00 DEBUG 31772 --- [ms-negocio-gestion-alquileres] [foReplicator-%d] o.a.h.c.h.i.classic.InternalHttpClient   : ex-0000000002 preparing request execution
2025-10-23T17:05:52.926-05:00 DEBUG 31772 --- [ms-negocio-gestion-alquileres] [foReplicator-%d] o.a.h.c.http.impl.classic.ProtocolExec   : ex-0000000002 target auth state: UNCHALLENGED
2025-10-23T17:05:52.926-05:00 DEBUG 31772 --- [ms-negocio-gestion-alquileres] [foReplicator-%d] o.a.h.c.http.impl.classic.ProtocolExec   : ex-0000000002 proxy auth state: UNCHALLENGED
2025-10-23T17:05:52.926-05:00 DEBUG 31772 --- [ms-negocio-gestion-alquileres] [foReplicator-%d] o.a.h.c.http.impl.classic.ConnectExec    : ex-0000000002 acquiring connection with route {}->[http://localhost:8889]
2025-10-23T17:05:52.926-05:00 DEBUG 31772 --- [ms-negocio-gestion-alquileres] [foReplicator-%d] o.a.h.c.h.i.classic.InternalHttpClient   : ex-0000000002 acquiring endpoint (180000 MILLISECONDS)
2025-10-23T17:05:52.926-05:00 DEBUG 31772 --- [ms-negocio-gestion-alquileres] [foReplicator-%d] h.i.i.PoolingHttpClientConnectionManager : ex-0000000002 endpoint lease request (180000 MILLISECONDS) [route: {}->[http://localhost:8889]][total available: 0; route allocated: 0 of 5; total allocated: 0 of 25]
2025-10-23T17:05:52.926-05:00 DEBUG 31772 --- [ms-negocio-gestion-alquileres] [foReplicator-%d] h.i.i.PoolingHttpClientConnectionManager : ex-0000000002 endpoint leased [route: {}->[http://localhost:8889]][total available: 0; route allocated: 1 of 5; total allocated: 1 of 25]
2025-10-23T17:05:52.926-05:00 DEBUG 31772 --- [ms-negocio-gestion-alquileres] [foReplicator-%d] h.i.i.PoolingHttpClientConnectionManager : ex-0000000002 acquired ep-0000000002
2025-10-23T17:05:52.926-05:00 DEBUG 31772 --- [ms-negocio-gestion-alquileres] [foReplicator-%d] o.a.h.c.h.i.classic.InternalHttpClient   : ex-0000000002 acquired endpoint ep-0000000002
2025-10-23T17:05:52.926-05:00 DEBUG 31772 --- [ms-negocio-gestion-alquileres] [foReplicator-%d] o.a.h.c.http.impl.classic.ConnectExec    : ex-0000000002 opening connection {}->[http://localhost:8889]
2025-10-23T17:05:52.926-05:00 DEBUG 31772 --- [ms-negocio-gestion-alquileres] [foReplicator-%d] o.a.h.c.h.i.classic.InternalHttpClient   : ep-0000000002 connecting endpoint (null)
2025-10-23T17:05:52.926-05:00 DEBUG 31772 --- [ms-negocio-gestion-alquileres] [foReplicator-%d] h.i.i.PoolingHttpClientConnectionManager : ep-0000000002 connecting endpoint to http://localhost:8889 (180000 MILLISECONDS)
2025-10-23T17:05:52.926-05:00 DEBUG 31772 --- [ms-negocio-gestion-alquileres] [foReplicator-%d] .i.i.DefaultHttpClientConnectionOperator : http://localhost:8889 connecting null->localhost/127.0.0.1:8889 (180000 MILLISECONDS)
2025-10-23T17:05:52.926-05:00 DEBUG 31772 --- [ms-negocio-gestion-alquileres] [foReplicator-%d] .i.i.DefaultHttpClientConnectionOperator : http-outgoing-1 http://localhost:8889 connected /127.0.0.1:54714->localhost/127.0.0.1:8889
2025-10-23T17:05:52.926-05:00 DEBUG 31772 --- [ms-negocio-gestion-alquileres] [foReplicator-%d] h.i.i.DefaultManagedHttpClientConnection : http-outgoing-1 set socket timeout to 180000 MILLISECONDS
2025-10-23T17:05:52.926-05:00 DEBUG 31772 --- [ms-negocio-gestion-alquileres] [foReplicator-%d] h.i.i.PoolingHttpClientConnectionManager : ep-0000000002 connected http-outgoing-1
2025-10-23T17:05:52.926-05:00 DEBUG 31772 --- [ms-negocio-gestion-alquileres] [foReplicator-%d] o.a.h.c.h.i.classic.InternalHttpClient   : ep-0000000002 endpoint connected
2025-10-23T17:05:52.926-05:00 DEBUG 31772 --- [ms-negocio-gestion-alquileres] [foReplicator-%d] o.a.h.c.h.impl.classic.MainClientExec    : ex-0000000002 executing POST /eureka/apps/MS-NEGOCIO-GESTION-ALQUILERES
2025-10-23T17:05:52.926-05:00 DEBUG 31772 --- [ms-negocio-gestion-alquileres] [foReplicator-%d] o.a.h.c.http.protocol.RequestAddCookies  : ex-0000000002 Cookie spec selected: strict
2025-10-23T17:05:52.926-05:00 DEBUG 31772 --- [ms-negocio-gestion-alquileres] [foReplicator-%d] o.a.h.c.h.i.classic.InternalHttpClient   : ep-0000000002 start execution ex-0000000002
2025-10-23T17:05:52.926-05:00 DEBUG 31772 --- [ms-negocio-gestion-alquileres] [foReplicator-%d] h.i.i.PoolingHttpClientConnectionManager : ep-0000000002 executing exchange ex-0000000002 over http-outgoing-1
2025-10-23T17:05:52.926-05:00 DEBUG 31772 --- [ms-negocio-gestion-alquileres] [foReplicator-%d] org.apache.hc.client5.http.headers       : http-outgoing-1 >> POST /eureka/apps/MS-NEGOCIO-GESTION-ALQUILERES HTTP/1.1
2025-10-23T17:05:52.926-05:00 DEBUG 31772 --- [ms-negocio-gestion-alquileres] [foReplicator-%d] org.apache.hc.client5.http.headers       : http-outgoing-1 >> Accept: application/json, application/yaml, application/*+json
2025-10-23T17:05:52.926-05:00 DEBUG 31772 --- [ms-negocio-gestion-alquileres] [foReplicator-%d] org.apache.hc.client5.http.headers       : http-outgoing-1 >> Accept-Encoding: gzip
2025-10-23T17:05:52.926-05:00 DEBUG 31772 --- [ms-negocio-gestion-alquileres] [foReplicator-%d] org.apache.hc.client5.http.headers       : http-outgoing-1 >> Content-Type: application/json
2025-10-23T17:05:52.926-05:00 DEBUG 31772 --- [ms-negocio-gestion-alquileres] [foReplicator-%d] org.apache.hc.client5.http.headers       : http-outgoing-1 >> Host: localhost:8889
2025-10-23T17:05:52.926-05:00 DEBUG 31772 --- [ms-negocio-gestion-alquileres] [foReplicator-%d] org.apache.hc.client5.http.headers       : http-outgoing-1 >> Content-Length: 1026
2025-10-23T17:05:52.926-05:00 DEBUG 31772 --- [ms-negocio-gestion-alquileres] [foReplicator-%d] org.apache.hc.client5.http.headers       : http-outgoing-1 >> Connection: keep-alive
2025-10-23T17:05:52.926-05:00 DEBUG 31772 --- [ms-negocio-gestion-alquileres] [foReplicator-%d] org.apache.hc.client5.http.headers       : http-outgoing-1 >> User-Agent: Apache-HttpClient/5.5 (Java/21.0.4)
2025-10-23T17:05:52.926-05:00 DEBUG 31772 --- [ms-negocio-gestion-alquileres] [foReplicator-%d] org.apache.hc.client5.http.wire          : http-outgoing-1 >> "POST /eureka/apps/MS-NEGOCIO-GESTION-ALQUILERES HTTP/1.1[\r][\n]"
2025-10-23T17:05:52.926-05:00 DEBUG 31772 --- [ms-negocio-gestion-alquileres] [foReplicator-%d] org.apache.hc.client5.http.wire          : http-outgoing-1 >> "Accept: application/json, application/yaml, application/*+json[\r][\n]"
2025-10-23T17:05:52.926-05:00 DEBUG 31772 --- [ms-negocio-gestion-alquileres] [foReplicator-%d] org.apache.hc.client5.http.wire          : http-outgoing-1 >> "Accept-Encoding: gzip[\r][\n]"
2025-10-23T17:05:52.926-05:00 DEBUG 31772 --- [ms-negocio-gestion-alquileres] [foReplicator-%d] org.apache.hc.client5.http.wire          : http-outgoing-1 >> "Content-Type: application/json[\r][\n]"
2025-10-23T17:05:52.926-05:00 DEBUG 31772 --- [ms-negocio-gestion-alquileres] [foReplicator-%d] org.apache.hc.client5.http.wire          : http-outgoing-1 >> "Host: localhost:8889[\r][\n]"
2025-10-23T17:05:52.926-05:00 DEBUG 31772 --- [ms-negocio-gestion-alquileres] [foReplicator-%d] org.apache.hc.client5.http.wire          : http-outgoing-1 >> "Content-Length: 1026[\r][\n]"
2025-10-23T17:05:52.926-05:00 DEBUG 31772 --- [ms-negocio-gestion-alquileres] [foReplicator-%d] org.apache.hc.client5.http.wire          : http-outgoing-1 >> "Connection: keep-alive[\r][\n]"
2025-10-23T17:05:52.926-05:00 DEBUG 31772 --- [ms-negocio-gestion-alquileres] [foReplicator-%d] org.apache.hc.client5.http.wire          : http-outgoing-1 >> "User-Agent: Apache-HttpClient/5.5 (Java/21.0.4)[\r][\n]"
2025-10-23T17:05:52.926-05:00 DEBUG 31772 --- [ms-negocio-gestion-alquileres] [foReplicator-%d] org.apache.hc.client5.http.wire          : http-outgoing-1 >> "[\r][\n]"
2025-10-23T17:05:52.926-05:00 DEBUG 31772 --- [ms-negocio-gestion-alquileres] [foReplicator-%d] org.apache.hc.client5.http.wire          : http-outgoing-1 >> "{"instance":{"instanceId":"ms-negocio-gestion-alquileres:8083","app":"MS-NEGOCIO-GESTION-ALQUILERES","appGroupName":null,"ipAddr":"172.30.16.1","sid":"na","homePageUrl":"http://localhost:8083/","statusPageUrl":"http://localhost:8083/actuator/info","healthCheckUrl":"http://localhost:8083/actuator/health","secureHealthCheckUrl":null,"vipAddress":"ms-negocio-gestion-alquileres","secureVipAddress":"ms-negocio-gestion-alquileres","countryId":1,"dataCenterInfo":{"@class":"com.netflix.appinfo.InstanceInfo$DefaultDataCenterInfo","name":"MyOwn"},"hostName":"localhost","status":"UP","overriddenStatus":"UNKNOWN","leaseInfo":{"renewalIntervalInSecs":30,"durationInSecs":90,"registrationTimestamp":0,"lastRenewalTimestamp":0,"evictionTimestamp":0,"serviceUpTimestamp":0},"isCoordinatingDiscoveryServer":false,"lastUpdatedTimestamp":1761257152619,"lastDirtyTimestamp":1761257152864,"actionType":null,"asgName":null,"port":{"$":8083,"@enabled":"true"},"securePort":{"$":443,"@enabled":"false"},"metadata":{"management.port":"8083"}}}"
2025-10-23T17:05:52.938-05:00 DEBUG 31772 --- [ms-negocio-gestion-alquileres] [foReplicator-%d] org.apache.hc.client5.http.wire          : http-outgoing-1 << "HTTP/1.1 204 [\r][\n]"
2025-10-23T17:05:52.938-05:00 DEBUG 31772 --- [ms-negocio-gestion-alquileres] [foReplicator-%d] org.apache.hc.client5.http.wire          : http-outgoing-1 << "Date: Thu, 23 Oct 2025 22:05:52 GMT[\r][\n]"
2025-10-23T17:05:52.938-05:00 DEBUG 31772 --- [ms-negocio-gestion-alquileres] [foReplicator-%d] org.apache.hc.client5.http.wire          : http-outgoing-1 << "Keep-Alive: timeout=60[\r][\n]"
2025-10-23T17:05:52.938-05:00 DEBUG 31772 --- [ms-negocio-gestion-alquileres] [foReplicator-%d] org.apache.hc.client5.http.wire          : http-outgoing-1 << "Connection: keep-alive[\r][\n]"
2025-10-23T17:05:52.938-05:00 DEBUG 31772 --- [ms-negocio-gestion-alquileres] [foReplicator-%d] org.apache.hc.client5.http.wire          : http-outgoing-1 << "[\r][\n]"
2025-10-23T17:05:52.938-05:00 DEBUG 31772 --- [ms-negocio-gestion-alquileres] [foReplicator-%d] org.apache.hc.client5.http.headers       : http-outgoing-1 << HTTP/1.1 204 
2025-10-23T17:05:52.938-05:00 DEBUG 31772 --- [ms-negocio-gestion-alquileres] [foReplicator-%d] org.apache.hc.client5.http.headers       : http-outgoing-1 << Date: Thu, 23 Oct 2025 22:05:52 GMT
2025-10-23T17:05:52.938-05:00 DEBUG 31772 --- [ms-negocio-gestion-alquileres] [foReplicator-%d] org.apache.hc.client5.http.headers       : http-outgoing-1 << Keep-Alive: timeout=60
2025-10-23T17:05:52.938-05:00 DEBUG 31772 --- [ms-negocio-gestion-alquileres] [foReplicator-%d] org.apache.hc.client5.http.headers       : http-outgoing-1 << Connection: keep-alive
2025-10-23T17:05:52.938-05:00 DEBUG 31772 --- [ms-negocio-gestion-alquileres] [foReplicator-%d] o.a.h.c.h.impl.classic.MainClientExec    : ex-0000000002 connection can be kept alive for 60 SECONDS
2025-10-23T17:05:52.938-05:00 DEBUG 31772 --- [ms-negocio-gestion-alquileres] [foReplicator-%d] o.a.h.c.h.i.classic.InternalHttpClient   : ep-0000000002 releasing valid endpoint
2025-10-23T17:05:52.938-05:00 DEBUG 31772 --- [ms-negocio-gestion-alquileres] [foReplicator-%d] h.i.i.PoolingHttpClientConnectionManager : ep-0000000002 releasing endpoint
2025-10-23T17:05:52.938-05:00 DEBUG 31772 --- [ms-negocio-gestion-alquileres] [foReplicator-%d] h.i.i.PoolingHttpClientConnectionManager : ep-0000000002 connection http-outgoing-1 can be kept alive for 60 SECONDS
2025-10-23T17:05:52.938-05:00 DEBUG 31772 --- [ms-negocio-gestion-alquileres] [foReplicator-%d] h.i.i.PoolingHttpClientConnectionManager : ep-0000000002 connection released [route: {}->[http://localhost:8889]][total available: 1; route allocated: 1 of 5; total allocated: 1 of 25]
2025-10-23T17:05:52.938-05:00 DEBUG 31772 --- [ms-negocio-gestion-alquileres] [foReplicator-%d] o.s.web.client.RestTemplate              : Response 204 NO_CONTENT
2025-10-23T17:05:52.938-05:00 DEBUG 31772 --- [ms-negocio-gestion-alquileres] [foReplicator-%d] c.n.d.s.t.d.RedirectingEurekaHttpClient  : Pinning to endpoint null
2025-10-23T17:05:52.938-05:00  INFO 31772 --- [ms-negocio-gestion-alquileres] [foReplicator-%d] com.netflix.discovery.DiscoveryClient    : DiscoveryClient_MS-NEGOCIO-GESTION-ALQUILERES/ms-negocio-gestion-alquileres:8083 - registration status: 204
2025-10-23T17:05:53.008-05:00 DEBUG 31772 --- [ms-negocio-gestion-alquileres] [    Test worker] o.s.b.a.ApplicationAvailabilityBean      : Application availability state LivenessState changed to CORRECT
2025-10-23T17:05:53.020-05:00 DEBUG 31772 --- [ms-negocio-gestion-alquileres] [    Test worker] .b.a.c.r.RegistrationApplicationListener : Scheduled registration task for every 10000ms
2025-10-23T17:05:53.020-05:00 DEBUG 31772 --- [ms-negocio-gestion-alquileres] [    Test worker] o.s.b.a.ApplicationAvailabilityBean      : Application availability state ReadinessState changed to ACCEPTING_TRAFFIC
2025-10-23T17:05:53.027-05:00 DEBUG 31772 --- [ms-negocio-gestion-alquileres] [    Test worker] org.springframework.test.context.cache   : Spring test ApplicationContext cache statistics: [DefaultContextCache@108d88b size = 1, maxSize = 32, parentContextCount = 0, hitCount = 0, missCount = 1, failureCount = 0]
2025-10-23T17:05:53.027-05:00 DEBUG 31772 --- [ms-negocio-gestion-alquileres] [    Test worker] o.s.t.c.w.ServletTestExecutionListener   : Setting up MockHttpServletRequest, MockHttpServletResponse, ServletWebRequest, and RequestContextHolder for test class pe.edu.galaxy.training.ms.negocio.gestion.alquiler.MsNegocioGestionMsNegocioGestionAlquilerApplicationTests
2025-10-23T17:05:53.026-05:00 ERROR 31772 --- [ms-negocio-gestion-alquileres] [gistrationTask1] o.s.s.s.TaskUtils$LoggingErrorHandler    : Unexpected error occurred in scheduled task

java.lang.IllegalStateException: couldn't determine local port. Please set spring.boot.admin.client.instance.service-base-url.
	at de.codecentric.boot.admin.client.registration.DefaultApplicationFactory.getLocalServerPort(DefaultApplicationFactory.java:205) ~[spring-boot-admin-client-3.5.5.jar:3.5.5]
	at de.codecentric.boot.admin.client.registration.DefaultApplicationFactory.getServiceBaseUrl(DefaultApplicationFactory.java:109) ~[spring-boot-admin-client-3.5.5.jar:3.5.5]
	at de.codecentric.boot.admin.client.registration.ServletApplicationFactory.getServiceUrl(ServletApplicationFactory.java:62) ~[spring-boot-admin-client-3.5.5.jar:3.5.5]
	at de.codecentric.boot.admin.client.registration.DefaultApplicationFactory.createApplication(DefaultApplicationFactory.java:82) ~[spring-boot-admin-client-3.5.5.jar:3.5.5]
	at de.codecentric.boot.admin.client.registration.DefaultApplicationRegistrator.register(DefaultApplicationRegistrator.java:56) ~[spring-boot-admin-client-3.5.5.jar:3.5.5]
	at org.springframework.scheduling.support.DelegatingErrorHandlingRunnable.run(DelegatingErrorHandlingRunnable.java:54) ~[spring-context-6.2.11.jar:6.2.11]
	at java.base/java.util.concurrent.Executors$RunnableAdapter.call(Executors.java:572) ~[na:na]
	at java.base/java.util.concurrent.FutureTask.runAndReset(FutureTask.java:358) ~[na:na]
	at java.base/java.util.concurrent.ScheduledThreadPoolExecutor$ScheduledFutureTask.run(ScheduledThreadPoolExecutor.java:305) ~[na:na]
	at java.base/java.util.concurrent.ThreadPoolExecutor.runWorker(ThreadPoolExecutor.java:1144) ~[na:na]
	at java.base/java.util.concurrent.ThreadPoolExecutor$Worker.run(ThreadPoolExecutor.java:642) ~[na:na]
	at java.base/java.lang.Thread.run(Thread.java:1583) ~[na:na]

2025-10-23T17:05:53.042-05:00 DEBUG 31772 --- [ms-negocio-gestion-alquileres] [    Test worker] DependencyInjectionTestExecutionListener : Performing dependency injection for test class pe.edu.galaxy.training.ms.negocio.gestion.alquiler.MsNegocioGestionMsNegocioGestionAlquilerApplicationTests
2025-10-23T17:05:53.042-05:00 DEBUG 31772 --- [ms-negocio-gestion-alquileres] [    Test worker] org.springframework.test.context.cache   : Spring test ApplicationContext cache statistics: [DefaultContextCache@108d88b size = 1, maxSize = 32, parentContextCount = 0, hitCount = 1, missCount = 1, failureCount = 0]
2025-10-23T17:05:53.042-05:00 DEBUG 31772 --- [ms-negocio-gestion-alquileres] [    Test worker] org.springframework.test.context.cache   : Spring test ApplicationContext cache statistics: [DefaultContextCache@108d88b size = 1, maxSize = 32, parentContextCount = 0, hitCount = 2, missCount = 1, failureCount = 0]
2025-10-23T17:05:53.049-05:00 DEBUG 31772 --- [ms-negocio-gestion-alquileres] [    Test worker] sContextBeforeModesTestExecutionListener : Before test method: class [MsNegocioGestionMsNegocioGestionAlquilerApplicationTests], method [contextLoads], class annotated with @DirtiesContext [false] with mode [null], method annotated with @DirtiesContext [false] with mode [null]
2025-10-23T17:05:53.049-05:00 DEBUG 31772 --- [ms-negocio-gestion-alquileres] [    Test worker] org.springframework.test.context.cache   : Spring test ApplicationContext cache statistics: [DefaultContextCache@108d88b size = 1, maxSize = 32, parentContextCount = 0, hitCount = 3, missCount = 1, failureCount = 0]
2025-10-23T17:05:53.049-05:00 DEBUG 31772 --- [ms-negocio-gestion-alquileres] [    Test worker] org.springframework.test.context.cache   : Spring test ApplicationContext cache statistics: [DefaultContextCache@108d88b size = 1, maxSize = 32, parentContextCount = 0, hitCount = 4, missCount = 1, failureCount = 0]
2025-10-23T17:05:53.090-05:00 DEBUG 31772 --- [ms-negocio-gestion-alquileres] [    Test worker] java.lang.ProcessBuilder                 : ProcessBuilder.start(): pid: 38640, dir: null, cmd: "C:\Program Files\Java\jdk-21\bin\java.exe"

java.lang.RuntimeException: ProcessBuilder.start() debug
	at java.base/java.lang.ProcessBuilder.start(ProcessBuilder.java:1147) ~[na:na]
	at java.base/java.lang.ProcessBuilder.start(ProcessBuilder.java:1089) ~[na:na]
	at net.bytebuddy.agent.ByteBuddyAgent.installExternal(ByteBuddyAgent.java:671) ~[byte-buddy-agent-1.17.7.jar:na]
	at net.bytebuddy.agent.ByteBuddyAgent.install(ByteBuddyAgent.java:599) ~[byte-buddy-agent-1.17.7.jar:na]
	at net.bytebuddy.agent.ByteBuddyAgent.install(ByteBuddyAgent.java:579) ~[byte-buddy-agent-1.17.7.jar:na]
	at net.bytebuddy.agent.ByteBuddyAgent.install(ByteBuddyAgent.java:531) ~[byte-buddy-agent-1.17.7.jar:na]
	at net.bytebuddy.agent.ByteBuddyAgent.install(ByteBuddyAgent.java:508) ~[byte-buddy-agent-1.17.7.jar:na]
	at org.mockito.internal.PremainAttachAccess.getInstrumentation(PremainAttachAccess.java:80) ~[mockito-core-5.17.0.jar:na]
	at org.mockito.internal.creation.bytebuddy.InlineDelegateByteBuddyMockMaker.<clinit>(InlineDelegateByteBuddyMockMaker.java:138) ~[mockito-core-5.17.0.jar:na]
	at org.mockito.internal.creation.bytebuddy.InlineByteBuddyMockMaker.<init>(InlineByteBuddyMockMaker.java:23) ~[mockito-core-5.17.0.jar:na]
	at java.base/jdk.internal.reflect.DirectConstructorHandleAccessor.newInstance(DirectConstructorHandleAccessor.java:62) ~[na:na]
	at java.base/java.lang.reflect.Constructor.newInstanceWithCaller(Constructor.java:502) ~[na:na]
	at java.base/java.lang.reflect.Constructor.newInstance(Constructor.java:486) ~[na:na]
	at org.mockito.internal.configuration.plugins.DefaultMockitoPlugins.create(DefaultMockitoPlugins.java:103) ~[mockito-core-5.17.0.jar:na]
	at org.mockito.internal.configuration.plugins.DefaultMockitoPlugins.getDefaultPlugin(DefaultMockitoPlugins.java:79) ~[mockito-core-5.17.0.jar:na]
	at org.mockito.internal.configuration.plugins.PluginLoader.loadPlugin(PluginLoader.java:75) ~[mockito-core-5.17.0.jar:na]
	at org.mockito.internal.configuration.plugins.PluginLoader.loadPlugin(PluginLoader.java:49) ~[mockito-core-5.17.0.jar:na]
	at org.mockito.internal.configuration.plugins.PluginRegistry.<init>(PluginRegistry.java:29) ~[mockito-core-5.17.0.jar:na]
	at org.mockito.internal.configuration.plugins.Plugins.<clinit>(Plugins.java:26) ~[mockito-core-5.17.0.jar:na]
	at org.mockito.internal.MockitoCore.<clinit>(MockitoCore.java:71) ~[mockito-core-5.17.0.jar:na]
	at org.mockito.Mockito.<clinit>(Mockito.java:1777) ~[mockito-core-5.17.0.jar:na]
	at org.springframework.boot.test.mock.mockito.MockReset.get(MockReset.java:108) ~[spring-boot-test-3.5.6.jar:3.5.6]
	at org.springframework.boot.test.mock.mockito.ResetMocksTestExecutionListener.resetMocks(ResetMocksTestExecutionListener.java:89) ~[spring-boot-test-3.5.6.jar:3.5.6]
	at org.springframework.boot.test.mock.mockito.ResetMocksTestExecutionListener.resetMocks(ResetMocksTestExecutionListener.java:77) ~[spring-boot-test-3.5.6.jar:3.5.6]
	at org.springframework.boot.test.mock.mockito.ResetMocksTestExecutionListener.beforeTestMethod(ResetMocksTestExecutionListener.java:64) ~[spring-boot-test-3.5.6.jar:3.5.6]
	at org.springframework.test.context.TestContextManager.beforeTestMethod(TestContextManager.java:320) ~[spring-test-6.2.11.jar:6.2.11]
	at org.springframework.test.context.junit.jupiter.SpringExtension.beforeEach(SpringExtension.java:236) ~[spring-test-6.2.11.jar:6.2.11]
	at org.junit.jupiter.engine.descriptor.TestMethodTestDescriptor.lambda$invokeBeforeEachCallbacks$2(TestMethodTestDescriptor.java:165) ~[junit-jupiter-engine-5.12.2.jar:5.12.2]
	at org.junit.jupiter.engine.descriptor.TestMethodTestDescriptor.lambda$invokeBeforeMethodsOrCallbacksUntilExceptionOccurs$6(TestMethodTestDescriptor.java:201) ~[junit-jupiter-engine-5.12.2.jar:5.12.2]
	at org.junit.platform.engine.support.hierarchical.ThrowableCollector.execute(ThrowableCollector.java:73) ~[junit-platform-engine-1.12.2.jar:1.12.2]
	at org.junit.jupiter.engine.descriptor.TestMethodTestDescriptor.invokeBeforeMethodsOrCallbacksUntilExceptionOccurs(TestMethodTestDescriptor.java:201) ~[junit-jupiter-engine-5.12.2.jar:5.12.2]
	at org.junit.jupiter.engine.descriptor.TestMethodTestDescriptor.invokeBeforeEachCallbacks(TestMethodTestDescriptor.java:164) ~[junit-jupiter-engine-5.12.2.jar:5.12.2]
	at org.junit.jupiter.engine.descriptor.TestMethodTestDescriptor.execute(TestMethodTestDescriptor.java:131) ~[junit-jupiter-engine-5.12.2.jar:5.12.2]
	at org.junit.jupiter.engine.descriptor.TestMethodTestDescriptor.execute(TestMethodTestDescriptor.java:69) ~[junit-jupiter-engine-5.12.2.jar:5.12.2]
	at org.junit.platform.engine.support.hierarchical.NodeTestTask.lambda$executeRecursively$6(NodeTestTask.java:156) ~[junit-platform-engine-1.12.2.jar:1.12.2]
	at org.junit.platform.engine.support.hierarchical.ThrowableCollector.execute(ThrowableCollector.java:73) ~[junit-platform-engine-1.12.2.jar:1.12.2]
	at org.junit.platform.engine.support.hierarchical.NodeTestTask.lambda$executeRecursively$8(NodeTestTask.java:146) ~[junit-platform-engine-1.12.2.jar:1.12.2]
	at org.junit.platform.engine.support.hierarchical.Node.around(Node.java:137) ~[junit-platform-engine-1.12.2.jar:1.12.2]
	at org.junit.platform.engine.support.hierarchical.NodeTestTask.lambda$executeRecursively$9(NodeTestTask.java:144) ~[junit-platform-engine-1.12.2.jar:1.12.2]
	at org.junit.platform.engine.support.hierarchical.ThrowableCollector.execute(ThrowableCollector.java:73) ~[junit-platform-engine-1.12.2.jar:1.12.2]
	at org.junit.platform.engine.support.hierarchical.NodeTestTask.executeRecursively(NodeTestTask.java:143) ~[junit-platform-engine-1.12.2.jar:1.12.2]
	at org.junit.platform.engine.support.hierarchical.NodeTestTask.execute(NodeTestTask.java:100) ~[junit-platform-engine-1.12.2.jar:1.12.2]
	at java.base/java.util.ArrayList.forEach(ArrayList.java:1596) ~[na:na]
	at org.junit.platform.engine.support.hierarchical.SameThreadHierarchicalTestExecutorService.invokeAll(SameThreadHierarchicalTestExecutorService.java:41) ~[junit-platform-engine-1.12.2.jar:1.12.2]
	at org.junit.platform.engine.support.hierarchical.NodeTestTask.lambda$executeRecursively$6(NodeTestTask.java:160) ~[junit-platform-engine-1.12.2.jar:1.12.2]
	at org.junit.platform.engine.support.hierarchical.ThrowableCollector.execute(ThrowableCollector.java:73) ~[junit-platform-engine-1.12.2.jar:1.12.2]
	at org.junit.platform.engine.support.hierarchical.NodeTestTask.lambda$executeRecursively$8(NodeTestTask.java:146) ~[junit-platform-engine-1.12.2.jar:1.12.2]
	at org.junit.platform.engine.support.hierarchical.Node.around(Node.java:137) ~[junit-platform-engine-1.12.2.jar:1.12.2]
	at org.junit.platform.engine.support.hierarchical.NodeTestTask.lambda$executeRecursively$9(NodeTestTask.java:144) ~[junit-platform-engine-1.12.2.jar:1.12.2]
	at org.junit.platform.engine.support.hierarchical.ThrowableCollector.execute(ThrowableCollector.java:73) ~[junit-platform-engine-1.12.2.jar:1.12.2]
	at org.junit.platform.engine.support.hierarchical.NodeTestTask.executeRecursively(NodeTestTask.java:143) ~[junit-platform-engine-1.12.2.jar:1.12.2]
	at org.junit.platform.engine.support.hierarchical.NodeTestTask.execute(NodeTestTask.java:100) ~[junit-platform-engine-1.12.2.jar:1.12.2]
	at java.base/java.util.ArrayList.forEach(ArrayList.java:1596) ~[na:na]
	at org.junit.platform.engine.support.hierarchical.SameThreadHierarchicalTestExecutorService.invokeAll(SameThreadHierarchicalTestExecutorService.java:41) ~[junit-platform-engine-1.12.2.jar:1.12.2]
	at org.junit.platform.engine.support.hierarchical.NodeTestTask.lambda$executeRecursively$6(NodeTestTask.java:160) ~[junit-platform-engine-1.12.2.jar:1.12.2]
	at org.junit.platform.engine.support.hierarchical.ThrowableCollector.execute(ThrowableCollector.java:73) ~[junit-platform-engine-1.12.2.jar:1.12.2]
	at org.junit.platform.engine.support.hierarchical.NodeTestTask.lambda$executeRecursively$8(NodeTestTask.java:146) ~[junit-platform-engine-1.12.2.jar:1.12.2]
	at org.junit.platform.engine.support.hierarchical.Node.around(Node.java:137) ~[junit-platform-engine-1.12.2.jar:1.12.2]
	at org.junit.platform.engine.support.hierarchical.NodeTestTask.lambda$executeRecursively$9(NodeTestTask.java:144) ~[junit-platform-engine-1.12.2.jar:1.12.2]
	at org.junit.platform.engine.support.hierarchical.ThrowableCollector.execute(ThrowableCollector.java:73) ~[junit-platform-engine-1.12.2.jar:1.12.2]
	at org.junit.platform.engine.support.hierarchical.NodeTestTask.executeRecursively(NodeTestTask.java:143) ~[junit-platform-engine-1.12.2.jar:1.12.2]
	at org.junit.platform.engine.support.hierarchical.NodeTestTask.execute(NodeTestTask.java:100) ~[junit-platform-engine-1.12.2.jar:1.12.2]
	at org.junit.platform.engine.support.hierarchical.SameThreadHierarchicalTestExecutorService.submit(SameThreadHierarchicalTestExecutorService.java:35) ~[junit-platform-engine-1.12.2.jar:1.12.2]
	at org.junit.platform.engine.support.hierarchical.HierarchicalTestExecutor.execute(HierarchicalTestExecutor.java:57) ~[junit-platform-engine-1.12.2.jar:1.12.2]
	at org.junit.platform.engine.support.hierarchical.HierarchicalTestEngine.execute(HierarchicalTestEngine.java:54) ~[junit-platform-engine-1.12.2.jar:1.12.2]
	at org.junit.platform.launcher.core.EngineExecutionOrchestrator.execute(EngineExecutionOrchestrator.java:201) ~[junit-platform-launcher-1.12.2.jar:1.12.2]
	at org.junit.platform.launcher.core.EngineExecutionOrchestrator.execute(EngineExecutionOrchestrator.java:170) ~[junit-platform-launcher-1.12.2.jar:1.12.2]
	at org.junit.platform.launcher.core.EngineExecutionOrchestrator.execute(EngineExecutionOrchestrator.java:94) ~[junit-platform-launcher-1.12.2.jar:1.12.2]
	at org.junit.platform.launcher.core.EngineExecutionOrchestrator.lambda$execute$0(EngineExecutionOrchestrator.java:59) ~[junit-platform-launcher-1.12.2.jar:1.12.2]
	at org.junit.platform.launcher.core.EngineExecutionOrchestrator.withInterceptedStreams(EngineExecutionOrchestrator.java:142) ~[junit-platform-launcher-1.12.2.jar:1.12.2]
	at org.junit.platform.launcher.core.EngineExecutionOrchestrator.execute(EngineExecutionOrchestrator.java:58) ~[junit-platform-launcher-1.12.2.jar:1.12.2]
	at org.junit.platform.launcher.core.DefaultLauncher.execute(DefaultLauncher.java:103) ~[junit-platform-launcher-1.12.2.jar:1.12.2]
	at org.junit.platform.launcher.core.DefaultLauncher.execute(DefaultLauncher.java:85) ~[junit-platform-launcher-1.12.2.jar:1.12.2]
	at org.junit.platform.launcher.core.DelegatingLauncher.execute(DelegatingLauncher.java:47) ~[junit-platform-launcher-1.12.2.jar:1.12.2]
	at org.junit.platform.launcher.core.InterceptingLauncher.lambda$execute$1(InterceptingLauncher.java:39) ~[junit-platform-launcher-1.12.2.jar:1.12.2]
	at org.junit.platform.launcher.core.ClasspathAlignmentCheckingLauncherInterceptor.intercept(ClasspathAlignmentCheckingLauncherInterceptor.java:25) ~[junit-platform-launcher-1.12.2.jar:1.12.2]
	at org.junit.platform.launcher.core.InterceptingLauncher.execute(InterceptingLauncher.java:38) ~[junit-platform-launcher-1.12.2.jar:1.12.2]
	at org.junit.platform.launcher.core.DelegatingLauncher.execute(DelegatingLauncher.java:47) ~[junit-platform-launcher-1.12.2.jar:1.12.2]
	at org.gradle.api.internal.tasks.testing.junitplatform.JUnitPlatformTestClassProcessor$CollectAllTestClassesExecutor.processAllTestClasses(JUnitPlatformTestClassProcessor.java:124) ~[na:na]
	at org.gradle.api.internal.tasks.testing.junitplatform.JUnitPlatformTestClassProcessor$CollectAllTestClassesExecutor.access$000(JUnitPlatformTestClassProcessor.java:99) ~[na:na]
	at org.gradle.api.internal.tasks.testing.junitplatform.JUnitPlatformTestClassProcessor.stop(JUnitPlatformTestClassProcessor.java:94) ~[na:na]
	at org.gradle.api.internal.tasks.testing.SuiteTestClassProcessor.stop(SuiteTestClassProcessor.java:63) ~[na:na]
	at java.base/jdk.internal.reflect.DirectMethodHandleAccessor.invoke(DirectMethodHandleAccessor.java:103) ~[na:na]
	at java.base/java.lang.reflect.Method.invoke(Method.java:580) ~[na:na]
	at org.gradle.internal.dispatch.ReflectionDispatch.dispatch(ReflectionDispatch.java:36) ~[na:na]
	at org.gradle.internal.dispatch.ReflectionDispatch.dispatch(ReflectionDispatch.java:24) ~[na:na]
	at org.gradle.internal.dispatch.ContextClassLoaderDispatch.dispatch(ContextClassLoaderDispatch.java:33) ~[na:na]
	at org.gradle.internal.dispatch.ProxyDispatchAdapter$DispatchingInvocationHandler.invoke(ProxyDispatchAdapter.java:92) ~[na:na]
	at jdk.proxy1/jdk.proxy1.$Proxy4.stop(Unknown Source) ~[na:na]
	at org.gradle.api.internal.tasks.testing.worker.TestWorker$3.run(TestWorker.java:200) ~[na:na]
	at org.gradle.api.internal.tasks.testing.worker.TestWorker.executeAndMaintainThreadName(TestWorker.java:132) ~[na:na]
	at org.gradle.api.internal.tasks.testing.worker.TestWorker.execute(TestWorker.java:103) ~[na:na]
	at org.gradle.api.internal.tasks.testing.worker.TestWorker.execute(TestWorker.java:63) ~[na:na]
	at org.gradle.process.internal.worker.child.ActionExecutionWorker.execute(ActionExecutionWorker.java:56) ~[na:na]
	at org.gradle.process.internal.worker.child.SystemApplicationClassLoaderWorker.call(SystemApplicationClassLoaderWorker.java:122) ~[na:na]
	at org.gradle.process.internal.worker.child.SystemApplicationClassLoaderWorker.call(SystemApplicationClassLoaderWorker.java:72) ~[na:na]
	at worker.org.gradle.process.internal.worker.GradleWorkerMain.run(GradleWorkerMain.java:69) ~[gradle-worker.jar:na]
	at worker.org.gradle.process.internal.worker.GradleWorkerMain.main(GradleWorkerMain.java:74) ~[gradle-worker.jar:na]

2025-10-23T17:05:53.357-05:00 DEBUG 31772 --- [ms-negocio-gestion-alquileres] [    Test worker] org.springframework.test.context.cache   : Spring test ApplicationContext cache statistics: [DefaultContextCache@108d88b size = 1, maxSize = 32, parentContextCount = 0, hitCount = 5, missCount = 1, failureCount = 0]
2025-10-23T17:05:53.369-05:00 DEBUG 31772 --- [ms-negocio-gestion-alquileres] [    Test worker] org.springframework.test.context.cache   : Spring test ApplicationContext cache statistics: [DefaultContextCache@108d88b size = 1, maxSize = 32, parentContextCount = 0, hitCount = 6, missCount = 1, failureCount = 0]
2025-10-23T17:05:53.369-05:00 DEBUG 31772 --- [ms-negocio-gestion-alquileres] [    Test worker] org.springframework.test.context.cache   : Spring test ApplicationContext cache statistics: [DefaultContextCache@108d88b size = 1, maxSize = 32, parentContextCount = 0, hitCount = 7, missCount = 1, failureCount = 0]
2025-10-23T17:05:53.369-05:00 DEBUG 31772 --- [ms-negocio-gestion-alquileres] [    Test worker] org.springframework.test.context.cache   : Spring test ApplicationContext cache statistics: [DefaultContextCache@108d88b size = 1, maxSize = 32, parentContextCount = 0, hitCount = 8, missCount = 1, failureCount = 0]
2025-10-23T17:05:53.369-05:00 DEBUG 31772 --- [ms-negocio-gestion-alquileres] [    Test worker] org.springframework.test.context.cache   : Spring test ApplicationContext cache statistics: [DefaultContextCache@108d88b size = 1, maxSize = 32, parentContextCount = 0, hitCount = 9, missCount = 1, failureCount = 0]
2025-10-23T17:05:53.378-05:00 DEBUG 31772 --- [ms-negocio-gestion-alquileres] [    Test worker] org.springframework.test.context.cache   : Spring test ApplicationContext cache statistics: [DefaultContextCache@108d88b size = 1, maxSize = 32, parentContextCount = 0, hitCount = 10, missCount = 1, failureCount = 0]
2025-10-23T17:05:53.378-05:00 DEBUG 31772 --- [ms-negocio-gestion-alquileres] [    Test worker] org.springframework.test.context.cache   : Spring test ApplicationContext cache statistics: [DefaultContextCache@108d88b size = 1, maxSize = 32, parentContextCount = 0, hitCount = 11, missCount = 1, failureCount = 0]
2025-10-23T17:05:53.378-05:00 DEBUG 31772 --- [ms-negocio-gestion-alquileres] [    Test worker] org.springframework.test.context.cache   : Spring test ApplicationContext cache statistics: [DefaultContextCache@108d88b size = 1, maxSize = 32, parentContextCount = 0, hitCount = 12, missCount = 1, failureCount = 0]
2025-10-23T17:05:53.378-05:00 DEBUG 31772 --- [ms-negocio-gestion-alquileres] [    Test worker] org.springframework.test.context.cache   : Spring test ApplicationContext cache statistics: [DefaultContextCache@108d88b size = 1, maxSize = 32, parentContextCount = 0, hitCount = 13, missCount = 1, failureCount = 0]
2025-10-23T17:05:53.378-05:00 DEBUG 31772 --- [ms-negocio-gestion-alquileres] [    Test worker] .c.s.DirtiesContextTestExecutionListener : After test method: class [MsNegocioGestionMsNegocioGestionAlquilerApplicationTests], method [contextLoads], class annotated with @DirtiesContext [false] with mode [null], method annotated with @DirtiesContext [false] with mode [null]
2025-10-23T17:05:53.378-05:00 DEBUG 31772 --- [ms-negocio-gestion-alquileres] [    Test worker] o.s.t.c.w.ServletTestExecutionListener   : Resetting RequestContextHolder for test class pe.edu.galaxy.training.ms.negocio.gestion.alquiler.MsNegocioGestionMsNegocioGestionAlquilerApplicationTests
2025-10-23T17:05:53.388-05:00 DEBUG 31772 --- [ms-negocio-gestion-alquileres] [    Test worker] org.springframework.test.context.cache   : Spring test ApplicationContext cache statistics: [DefaultContextCache@108d88b size = 1, maxSize = 32, parentContextCount = 0, hitCount = 14, missCount = 1, failureCount = 0]
2025-10-23T17:05:53.388-05:00 DEBUG 31772 --- [ms-negocio-gestion-alquileres] [    Test worker] org.springframework.test.context.cache   : Spring test ApplicationContext cache statistics: [DefaultContextCache@108d88b size = 1, maxSize = 32, parentContextCount = 0, hitCount = 15, missCount = 1, failureCount = 0]
2025-10-23T17:05:53.388-05:00 DEBUG 31772 --- [ms-negocio-gestion-alquileres] [    Test worker] .c.s.DirtiesContextTestExecutionListener : After test class: class [MsNegocioGestionMsNegocioGestionAlquilerApplicationTests], class annotated with @DirtiesContext [false] with mode [null]
]]></system-out>
  <system-err><![CDATA[Mockito is currently self-attaching to enable the inline-mock-maker. This will no longer work in future releases of the JDK. Please add Mockito as an agent to your build as described in Mockito's documentation: https://javadoc.io/doc/org.mockito/mockito-core/latest/org.mockito/org/mockito/Mockito.html#0.3
WARNING: A Java agent has been loaded dynamically (C:\Users\Ale\.gradle\caches\modules-2\files-2.1\net.bytebuddy\byte-buddy-agent\1.17.7\fbf3d6d649ed37fc9e9c59480a05be0a26e3c2da\byte-buddy-agent-1.17.7.jar)
WARNING: If a serviceability tool is in use, please run with -XX:+EnableDynamicAgentLoading to hide this warning
WARNING: If a serviceability tool is not in use, please run with -Djdk.instrument.traceUsage for more information
WARNING: Dynamic loading of agents will be disallowed by default in a future release
]]></system-err>
</testsuite>
